[1.199s] Invoking command in '/home/hrs2025/git_website/HRS--Gomoku-Game-with-AiNex/build/ainex_motion': DEBUGINFOD_URLS=https://debuginfod.ubuntu.com PYTHONPATH=/home/hrs2025/git_website/HRS--Gomoku-Game-with-AiNex/build/ainex_motion/prefix_override:/usr/lib/python3/dist-packages/colcon_core/task/python/colcon_distutils_commands:/home/hrs2025/git_website/HRS--Gomoku-Game-with-AiNex/install/ainex_motion/lib/python3.12/site-packages:/home/hrs2025/git_website/HRS--Gomoku-Game-with-AiNex/install/servo_service/lib/python3.12/site-packages:/home/hrs2025/git_website/HRS--Gomoku-Game-with-AiNex/build/ainex_controller:/home/hrs2025/git_website/HRS--Gomoku-Game-with-AiNex/install/ainex_controller/lib/python3.12/site-packages:/home/hrs2025/git_website/HRS--Gomoku-Game-with-AiNex/build/ainex_social_robot:/home/hrs2025/git_website/HRS--Gomoku-Game-with-AiNex/install/ainex_social_robot/lib/python3.12/site-packages:/home/hrs2025/git_website/HRS--Gomoku-Game-with-AiNex/build/ainex_motion:/home/hrs2025/git_website/HRS--Gomoku-Game-with-AiNex/install/ainex_motion/lib/python3.12/site-packages:/home/hrs2025/git_website/HRS--Gomoku-Game-with-AiNex/build/ainex_vision:/home/hrs2025/git_website/HRS--Gomoku-Game-with-AiNex/install/ainex_vision/lib/python3.12/site-packages:/home/hrs2025/Workspace/src/ainex_controller/build/ainex_controller:/home/hrs2025/Workspace/src/ainex_controller/install/ainex_controller/lib/python3.12/site-packages:/opt/openrobots/lib/python3.12/site-packages:/opt/ros/jazzy/lib/python3.12/site-packages:/home/hrs2025/my_venv/lib/python3.12/site-packages /usr/bin/python3 -W ignore:setup.py install is deprecated -W ignore:easy_install command is deprecated setup.py develop --editable --build-directory /home/hrs2025/git_website/HRS--Gomoku-Game-with-AiNex/build/ainex_motion/build --no-deps symlink_data
[1.705s] running develop
[2.005s] running egg_info
[2.031s] writing ainex_motion.egg-info/PKG-INFO
[2.032s] writing dependency_links to ainex_motion.egg-info/dependency_links.txt
[2.032s] writing entry points to ainex_motion.egg-info/entry_points.txt
[2.032s] writing requirements to ainex_motion.egg-info/requires.txt
[2.032s] writing top-level names to ainex_motion.egg-info/top_level.txt
[2.091s] reading manifest file 'ainex_motion.egg-info/SOURCES.txt'
[2.092s] writing manifest file 'ainex_motion.egg-info/SOURCES.txt'
[2.120s] running build_ext
[2.120s] Creating /home/hrs2025/git_website/HRS--Gomoku-Game-with-AiNex/install/ainex_motion/lib/python3.12/site-packages/ainex-motion.egg-link (link to .)
[2.121s] Installing aruco_follower_node script to /home/hrs2025/git_website/HRS--Gomoku-Game-with-AiNex/install/ainex_motion/lib/ainex_motion
[2.121s] Installing joint_controller script to /home/hrs2025/git_website/HRS--Gomoku-Game-with-AiNex/install/ainex_motion/lib/ainex_motion
[2.121s] Installing joint_visualization_node script to /home/hrs2025/git_website/HRS--Gomoku-Game-with-AiNex/install/ainex_motion/lib/ainex_motion
[2.121s] Installing walking_keyboard_node script to /home/hrs2025/git_website/HRS--Gomoku-Game-with-AiNex/install/ainex_motion/lib/ainex_motion
[2.122s] 
[2.122s] Installed /home/hrs2025/git_website/HRS--Gomoku-Game-with-AiNex/build/ainex_motion
[2.122s] running symlink_data
[2.157s] Invoked command in '/home/hrs2025/git_website/HRS--Gomoku-Game-with-AiNex/build/ainex_motion' returned '0': DEBUGINFOD_URLS=https://debuginfod.ubuntu.com PYTHONPATH=/home/hrs2025/git_website/HRS--Gomoku-Game-with-AiNex/build/ainex_motion/prefix_override:/usr/lib/python3/dist-packages/colcon_core/task/python/colcon_distutils_commands:/home/hrs2025/git_website/HRS--Gomoku-Game-with-AiNex/install/ainex_motion/lib/python3.12/site-packages:/home/hrs2025/git_website/HRS--Gomoku-Game-with-AiNex/install/servo_service/lib/python3.12/site-packages:/home/hrs2025/git_website/HRS--Gomoku-Game-with-AiNex/build/ainex_controller:/home/hrs2025/git_website/HRS--Gomoku-Game-with-AiNex/install/ainex_controller/lib/python3.12/site-packages:/home/hrs2025/git_website/HRS--Gomoku-Game-with-AiNex/build/ainex_social_robot:/home/hrs2025/git_website/HRS--Gomoku-Game-with-AiNex/install/ainex_social_robot/lib/python3.12/site-packages:/home/hrs2025/git_website/HRS--Gomoku-Game-with-AiNex/build/ainex_motion:/home/hrs2025/git_website/HRS--Gomoku-Game-with-AiNex/install/ainex_motion/lib/python3.12/site-packages:/home/hrs2025/git_website/HRS--Gomoku-Game-with-AiNex/build/ainex_vision:/home/hrs2025/git_website/HRS--Gomoku-Game-with-AiNex/install/ainex_vision/lib/python3.12/site-packages:/home/hrs2025/Workspace/src/ainex_controller/build/ainex_controller:/home/hrs2025/Workspace/src/ainex_controller/install/ainex_controller/lib/python3.12/site-packages:/opt/openrobots/lib/python3.12/site-packages:/opt/ros/jazzy/lib/python3.12/site-packages:/home/hrs2025/my_venv/lib/python3.12/site-packages /usr/bin/python3 -W ignore:setup.py install is deprecated -W ignore:easy_install command is deprecated setup.py develop --editable --build-directory /home/hrs2025/git_website/HRS--Gomoku-Game-with-AiNex/build/ainex_motion/build --no-deps symlink_data
