running develop
running egg_info
creating ainex_vision.egg-info
writing ainex_vision.egg-info/PKG-INFO
writing dependency_links to ainex_vision.egg-info/dependency_links.txt
writing entry points to ainex_vision.egg-info/entry_points.txt
writing requirements to ainex_vision.egg-info/requires.txt
writing top-level names to ainex_vision.egg-info/top_level.txt
writing manifest file 'ainex_vision.egg-info/SOURCES.txt'
reading manifest file 'ainex_vision.egg-info/SOURCES.txt'
writing manifest file 'ainex_vision.egg-info/SOURCES.txt'
running build_ext
Creating /home/hrs2025/20260121/install/ainex_vision/lib/python3.12/site-packages/ainex-vision.egg-link (link to .)
Installing arrayoutput script to /home/hrs2025/20260121/install/ainex_vision/lib/ainex_vision
Installing aruco_board_location script to /home/hrs2025/20260121/install/ainex_vision/lib/ainex_vision
Installing aruco_detector script to /home/hrs2025/20260121/install/ainex_vision/lib/ainex_vision
Installing calibrate_camera script to /home/hrs2025/20260121/install/ainex_vision/lib/ainex_vision
Installing calibration script to /home/hrs2025/20260121/install/ainex_vision/lib/ainex_vision
Installing camera_sub script to /home/hrs2025/20260121/install/ainex_vision/lib/ainex_vision
Installing face_detection_node script to /home/hrs2025/20260121/install/ainex_vision/lib/ainex_vision
Installing pieces_detection script to /home/hrs2025/20260121/install/ainex_vision/lib/ainex_vision
Installing tutorial_2 script to /home/hrs2025/20260121/install/ainex_vision/lib/ainex_vision
Installing tutorial_3 script to /home/hrs2025/20260121/install/ainex_vision/lib/ainex_vision
Installing tutorial_4 script to /home/hrs2025/20260121/install/ainex_vision/lib/ainex_vision
Installing undistort_node script to /home/hrs2025/20260121/install/ainex_vision/lib/ainex_vision

Installed /home/hrs2025/20260121/build/ainex_vision
running symlink_data
creating /home/hrs2025/20260121/install/ainex_vision/share/ament_index
creating /home/hrs2025/20260121/install/ainex_vision/share/ament_index/resource_index
creating /home/hrs2025/20260121/install/ainex_vision/share/ament_index/resource_index/packages
symbolically linking /home/hrs2025/20260121/build/ainex_vision/resource/ainex_vision -> /home/hrs2025/20260121/install/ainex_vision/share/ament_index/resource_index/packages
symbolically linking /home/hrs2025/20260121/build/ainex_vision/package.xml -> /home/hrs2025/20260121/install/ainex_vision/share/ainex_vision
creating /home/hrs2025/20260121/install/ainex_vision/share/ainex_vision/config
symbolically linking /home/hrs2025/20260121/build/ainex_vision/ainex_vision/camera.yaml -> /home/hrs2025/20260121/install/ainex_vision/share/ainex_vision/config
