[0.886s] Invoking command in '/home/hrs2025/Workspace/src/build/ainex_motion': DEBUGINFOD_URLS=https://debuginfod.ubuntu.com PYTHONPATH=/home/hrs2025/Workspace/src/build/ainex_motion/prefix_override:/usr/lib/python3/dist-packages/colcon_core/task/python/colcon_distutils_commands:/home/hrs2025/Workspace/src/install/ainex_motion/lib/python3.12/site-packages:/home/hrs2025/Workspace/src/install/servo_service/lib/python3.12/site-packages:/home/hrs2025/Workspace/src/build/ainex_controller:/home/hrs2025/Workspace/src/install/ainex_controller/lib/python3.12/site-packages:/home/hrs2025/Workspace/src/build/ainex_social_robot:/home/hrs2025/Workspace/src/install/ainex_social_robot/lib/python3.12/site-packages:/home/hrs2025/Workspace/src/build/ainex_motion:/home/hrs2025/Workspace/src/install/ainex_motion/lib/python3.12/site-packages:/home/hrs2025/Workspace/src/build/ainex_vision:/home/hrs2025/Workspace/src/install/ainex_vision/lib/python3.12/site-packages:/opt/openrobots/lib/python3.12/site-packages:/opt/ros/jazzy/lib/python3.12/site-packages:/home/hrs2025/my_venv/lib/python3.12/site-packages /usr/bin/python3 -W ignore:setup.py install is deprecated -W ignore:easy_install command is deprecated setup.py develop --editable --build-directory /home/hrs2025/Workspace/src/build/ainex_motion/build --no-deps symlink_data
[1.243s] running develop
[1.504s] running egg_info
[1.504s] creating ainex_motion.egg-info
[1.528s] writing ainex_motion.egg-info/PKG-INFO
[1.529s] writing dependency_links to ainex_motion.egg-info/dependency_links.txt
[1.529s] writing entry points to ainex_motion.egg-info/entry_points.txt
[1.529s] writing requirements to ainex_motion.egg-info/requires.txt
[1.529s] writing top-level names to ainex_motion.egg-info/top_level.txt
[1.529s] writing manifest file 'ainex_motion.egg-info/SOURCES.txt'
[1.580s] reading manifest file 'ainex_motion.egg-info/SOURCES.txt'
[1.581s] writing manifest file 'ainex_motion.egg-info/SOURCES.txt'
[1.607s] running build_ext
[1.607s] Creating /home/hrs2025/Workspace/src/install/ainex_motion/lib/python3.12/site-packages/ainex-motion.egg-link (link to .)
[1.607s] Installing joint_controller script to /home/hrs2025/Workspace/src/install/ainex_motion/lib/ainex_motion
[1.608s] Installing joint_visualization_node script to /home/hrs2025/Workspace/src/install/ainex_motion/lib/ainex_motion
[1.608s] Installing walking_keyboard_node script to /home/hrs2025/Workspace/src/install/ainex_motion/lib/ainex_motion
[1.608s] 
[1.608s] Installed /home/hrs2025/Workspace/src/build/ainex_motion
[1.608s] running symlink_data
[1.608s] creating /home/hrs2025/Workspace/src/install/ainex_motion/share/ament_index
[1.608s] creating /home/hrs2025/Workspace/src/install/ainex_motion/share/ament_index/resource_index
[1.609s] creating /home/hrs2025/Workspace/src/install/ainex_motion/share/ament_index/resource_index/packages
[1.609s] symbolically linking /home/hrs2025/Workspace/src/build/ainex_motion/resource/ainex_motion -> /home/hrs2025/Workspace/src/install/ainex_motion/share/ament_index/resource_index/packages
[1.609s] symbolically linking /home/hrs2025/Workspace/src/build/ainex_motion/package.xml -> /home/hrs2025/Workspace/src/install/ainex_motion/share/ainex_motion
[1.644s] Invoked command in '/home/hrs2025/Workspace/src/build/ainex_motion' returned '0': DEBUGINFOD_URLS=https://debuginfod.ubuntu.com PYTHONPATH=/home/hrs2025/Workspace/src/build/ainex_motion/prefix_override:/usr/lib/python3/dist-packages/colcon_core/task/python/colcon_distutils_commands:/home/hrs2025/Workspace/src/install/ainex_motion/lib/python3.12/site-packages:/home/hrs2025/Workspace/src/install/servo_service/lib/python3.12/site-packages:/home/hrs2025/Workspace/src/build/ainex_controller:/home/hrs2025/Workspace/src/install/ainex_controller/lib/python3.12/site-packages:/home/hrs2025/Workspace/src/build/ainex_social_robot:/home/hrs2025/Workspace/src/install/ainex_social_robot/lib/python3.12/site-packages:/home/hrs2025/Workspace/src/build/ainex_motion:/home/hrs2025/Workspace/src/install/ainex_motion/lib/python3.12/site-packages:/home/hrs2025/Workspace/src/build/ainex_vision:/home/hrs2025/Workspace/src/install/ainex_vision/lib/python3.12/site-packages:/opt/openrobots/lib/python3.12/site-packages:/opt/ros/jazzy/lib/python3.12/site-packages:/home/hrs2025/my_venv/lib/python3.12/site-packages /usr/bin/python3 -W ignore:setup.py install is deprecated -W ignore:easy_install command is deprecated setup.py develop --editable --build-directory /home/hrs2025/Workspace/src/build/ainex_motion/build --no-deps symlink_data
