[0.109s] DEBUG:colcon:Command line arguments: ['/usr/bin/colcon', 'build', '--symlink-install']
[0.109s] DEBUG:colcon:Parsed command line arguments: Namespace(log_base=None, log_level=None, verb_name='build', build_base='build', install_base='install', merge_install=False, symlink_install=True, test_result_base=None, continue_on_error=False, executor='parallel', parallel_workers=8, event_handlers=None, ignore_user_meta=False, metas=['./colcon.meta'], base_paths=['.'], packages_ignore=None, packages_ignore_regex=None, paths=None, packages_up_to=None, packages_up_to_regex=None, packages_above=None, packages_above_and_dependencies=None, packages_above_depth=None, packages_select_by_dep=None, packages_skip_by_dep=None, packages_skip_up_to=None, packages_select_build_failed=False, packages_skip_build_finished=False, packages_select_test_failures=False, packages_skip_test_passed=False, packages_select=None, packages_skip=None, packages_select_regex=None, packages_skip_regex=None, packages_start=None, packages_end=None, allow_overriding=[], cmake_args=None, cmake_target=None, cmake_target_skip_unavailable=False, cmake_clean_cache=False, cmake_clean_first=False, cmake_force_configure=False, ament_cmake_args=None, catkin_cmake_args=None, catkin_skip_building_tests=False, mixin_files=None, mixin=None, verb_parser=<colcon_mixin.mixin.mixin_argument.MixinArgumentDecorator object at 0x7aaa30786a20>, verb_extension=<colcon_core.verb.build.BuildVerb object at 0x7aaa30786660>, main=<bound method BuildVerb.main of <colcon_core.verb.build.BuildVerb object at 0x7aaa30786660>>, mixin_verb=('build',))
[0.148s] Level 1:colcon.colcon_core.package_discovery:discover_packages(colcon_meta) check parameters
[0.148s] Level 1:colcon.colcon_core.package_discovery:discover_packages(recursive) check parameters
[0.148s] Level 1:colcon.colcon_core.package_discovery:discover_packages(ignore) check parameters
[0.148s] Level 1:colcon.colcon_core.package_discovery:discover_packages(path) check parameters
[0.148s] Level 1:colcon.colcon_core.package_discovery:discover_packages(colcon_meta) discover
[0.148s] Level 1:colcon.colcon_core.package_discovery:discover_packages(recursive) discover
[0.148s] INFO:colcon.colcon_core.package_discovery:Crawling recursively for packages in '/home/hrs2025/git_website/HRS--Gomoku-Game-with-AiNex'
[0.148s] Level 1:colcon.colcon_core.package_identification:_identify(.) by extensions ['ignore', 'ignore_ament_install']
[0.148s] Level 1:colcon.colcon_core.package_identification:_identify(.) by extension 'ignore'
[0.148s] Level 1:colcon.colcon_core.package_identification:_identify(.) by extension 'ignore_ament_install'
[0.148s] Level 1:colcon.colcon_core.package_identification:_identify(.) by extensions ['colcon_pkg']
[0.148s] Level 1:colcon.colcon_core.package_identification:_identify(.) by extension 'colcon_pkg'
[0.149s] Level 1:colcon.colcon_core.package_identification:_identify(.) by extensions ['colcon_meta']
[0.149s] Level 1:colcon.colcon_core.package_identification:_identify(.) by extension 'colcon_meta'
[0.149s] Level 1:colcon.colcon_core.package_identification:_identify(.) by extensions ['ros']
[0.149s] Level 1:colcon.colcon_core.package_identification:_identify(.) by extension 'ros'
[0.172s] Level 1:colcon.colcon_core.package_identification:_identify(.) by extensions ['cmake', 'python']
[0.172s] Level 1:colcon.colcon_core.package_identification:_identify(.) by extension 'cmake'
[0.173s] Level 1:colcon.colcon_core.package_identification:_identify(.) by extension 'python'
[0.173s] Level 1:colcon.colcon_core.package_identification:_identify(.) by extensions ['python_setup_py']
[0.173s] Level 1:colcon.colcon_core.package_identification:_identify(.) by extension 'python_setup_py'
[0.173s] Level 1:colcon.colcon_core.package_identification:_identify(ainex_controller) by extensions ['ignore', 'ignore_ament_install']
[0.173s] Level 1:colcon.colcon_core.package_identification:_identify(ainex_controller) by extension 'ignore'
[0.173s] Level 1:colcon.colcon_core.package_identification:_identify(ainex_controller) by extension 'ignore_ament_install'
[0.173s] Level 1:colcon.colcon_core.package_identification:_identify(ainex_controller) by extensions ['colcon_pkg']
[0.173s] Level 1:colcon.colcon_core.package_identification:_identify(ainex_controller) by extension 'colcon_pkg'
[0.173s] Level 1:colcon.colcon_core.package_identification:_identify(ainex_controller) by extensions ['colcon_meta']
[0.173s] Level 1:colcon.colcon_core.package_identification:_identify(ainex_controller) by extension 'colcon_meta'
[0.173s] Level 1:colcon.colcon_core.package_identification:_identify(ainex_controller) by extensions ['ros']
[0.173s] Level 1:colcon.colcon_core.package_identification:_identify(ainex_controller) by extension 'ros'
[0.175s] DEBUG:colcon.colcon_core.package_identification:Package 'ainex_controller' with type 'ros.ament_python' and name 'ainex_controller'
[0.175s] Level 1:colcon.colcon_core.package_identification:_identify(ainex_description) by extensions ['ignore', 'ignore_ament_install']
[0.175s] Level 1:colcon.colcon_core.package_identification:_identify(ainex_description) by extension 'ignore'
[0.175s] Level 1:colcon.colcon_core.package_identification:_identify(ainex_description) by extension 'ignore_ament_install'
[0.176s] Level 1:colcon.colcon_core.package_identification:_identify(ainex_description) by extensions ['colcon_pkg']
[0.176s] Level 1:colcon.colcon_core.package_identification:_identify(ainex_description) by extension 'colcon_pkg'
[0.176s] Level 1:colcon.colcon_core.package_identification:_identify(ainex_description) by extensions ['colcon_meta']
[0.176s] Level 1:colcon.colcon_core.package_identification:_identify(ainex_description) by extension 'colcon_meta'
[0.176s] Level 1:colcon.colcon_core.package_identification:_identify(ainex_description) by extensions ['ros']
[0.176s] Level 1:colcon.colcon_core.package_identification:_identify(ainex_description) by extension 'ros'
[0.176s] DEBUG:colcon.colcon_core.package_identification:Package 'ainex_description' with type 'ros.ament_cmake' and name 'ainex_description'
[0.176s] Level 1:colcon.colcon_core.package_identification:_identify(ainex_motion) by extensions ['ignore', 'ignore_ament_install']
[0.176s] Level 1:colcon.colcon_core.package_identification:_identify(ainex_motion) by extension 'ignore'
[0.176s] Level 1:colcon.colcon_core.package_identification:_identify(ainex_motion) by extension 'ignore_ament_install'
[0.177s] Level 1:colcon.colcon_core.package_identification:_identify(ainex_motion) by extensions ['colcon_pkg']
[0.177s] Level 1:colcon.colcon_core.package_identification:_identify(ainex_motion) by extension 'colcon_pkg'
[0.177s] Level 1:colcon.colcon_core.package_identification:_identify(ainex_motion) by extensions ['colcon_meta']
[0.177s] Level 1:colcon.colcon_core.package_identification:_identify(ainex_motion) by extension 'colcon_meta'
[0.177s] Level 1:colcon.colcon_core.package_identification:_identify(ainex_motion) by extensions ['ros']
[0.177s] Level 1:colcon.colcon_core.package_identification:_identify(ainex_motion) by extension 'ros'
[0.177s] DEBUG:colcon.colcon_core.package_identification:Package 'ainex_motion' with type 'ros.ament_python' and name 'ainex_motion'
[0.177s] Level 1:colcon.colcon_core.package_identification:_identify(ainex_social_robot) by extensions ['ignore', 'ignore_ament_install']
[0.177s] Level 1:colcon.colcon_core.package_identification:_identify(ainex_social_robot) by extension 'ignore'
[0.177s] Level 1:colcon.colcon_core.package_identification:_identify(ainex_social_robot) by extension 'ignore_ament_install'
[0.177s] Level 1:colcon.colcon_core.package_identification:_identify(ainex_social_robot) by extensions ['colcon_pkg']
[0.178s] Level 1:colcon.colcon_core.package_identification:_identify(ainex_social_robot) by extension 'colcon_pkg'
[0.178s] Level 1:colcon.colcon_core.package_identification:_identify(ainex_social_robot) by extensions ['colcon_meta']
[0.178s] Level 1:colcon.colcon_core.package_identification:_identify(ainex_social_robot) by extension 'colcon_meta'
[0.178s] Level 1:colcon.colcon_core.package_identification:_identify(ainex_social_robot) by extensions ['ros']
[0.178s] Level 1:colcon.colcon_core.package_identification:_identify(ainex_social_robot) by extension 'ros'
[0.178s] DEBUG:colcon.colcon_core.package_identification:Package 'ainex_social_robot' with type 'ros.ament_python' and name 'ainex_social_robot'
[0.178s] Level 1:colcon.colcon_core.package_identification:_identify(ainex_vision) by extensions ['ignore', 'ignore_ament_install']
[0.178s] Level 1:colcon.colcon_core.package_identification:_identify(ainex_vision) by extension 'ignore'
[0.179s] Level 1:colcon.colcon_core.package_identification:_identify(ainex_vision) by extension 'ignore_ament_install'
[0.179s] Level 1:colcon.colcon_core.package_identification:_identify(ainex_vision) by extensions ['colcon_pkg']
[0.179s] Level 1:colcon.colcon_core.package_identification:_identify(ainex_vision) by extension 'colcon_pkg'
[0.179s] Level 1:colcon.colcon_core.package_identification:_identify(ainex_vision) by extensions ['colcon_meta']
[0.179s] Level 1:colcon.colcon_core.package_identification:_identify(ainex_vision) by extension 'colcon_meta'
[0.179s] Level 1:colcon.colcon_core.package_identification:_identify(ainex_vision) by extensions ['ros']
[0.179s] Level 1:colcon.colcon_core.package_identification:_identify(ainex_vision) by extension 'ros'
[0.179s] DEBUG:colcon.colcon_core.package_identification:Package 'ainex_vision' with type 'ros.ament_python' and name 'ainex_vision'
[0.179s] Level 1:colcon.colcon_core.package_identification:_identify(build) by extensions ['ignore', 'ignore_ament_install']
[0.179s] Level 1:colcon.colcon_core.package_identification:_identify(build) by extension 'ignore'
[0.179s] Level 1:colcon.colcon_core.package_identification:_identify(build) ignored
[0.179s] Level 1:colcon.colcon_core.package_identification:_identify(install) by extensions ['ignore', 'ignore_ament_install']
[0.180s] Level 1:colcon.colcon_core.package_identification:_identify(install) by extension 'ignore'
[0.180s] Level 1:colcon.colcon_core.package_identification:_identify(install) ignored
[0.180s] Level 1:colcon.colcon_core.package_identification:_identify(log) by extensions ['ignore', 'ignore_ament_install']
[0.180s] Level 1:colcon.colcon_core.package_identification:_identify(log) by extension 'ignore'
[0.180s] Level 1:colcon.colcon_core.package_identification:_identify(log) ignored
[0.180s] Level 1:colcon.colcon_core.package_identification:_identify(servo_service) by extensions ['ignore', 'ignore_ament_install']
[0.180s] Level 1:colcon.colcon_core.package_identification:_identify(servo_service) by extension 'ignore'
[0.180s] Level 1:colcon.colcon_core.package_identification:_identify(servo_service) by extension 'ignore_ament_install'
[0.180s] Level 1:colcon.colcon_core.package_identification:_identify(servo_service) by extensions ['colcon_pkg']
[0.180s] Level 1:colcon.colcon_core.package_identification:_identify(servo_service) by extension 'colcon_pkg'
[0.180s] Level 1:colcon.colcon_core.package_identification:_identify(servo_service) by extensions ['colcon_meta']
[0.180s] Level 1:colcon.colcon_core.package_identification:_identify(servo_service) by extension 'colcon_meta'
[0.180s] Level 1:colcon.colcon_core.package_identification:_identify(servo_service) by extensions ['ros']
[0.180s] Level 1:colcon.colcon_core.package_identification:_identify(servo_service) by extension 'ros'
[0.181s] DEBUG:colcon.colcon_core.package_identification:Package 'servo_service' with type 'ros.ament_cmake' and name 'servo_service'
[0.181s] Level 1:colcon.colcon_core.package_discovery:discover_packages(recursive) using defaults
[0.181s] Level 1:colcon.colcon_core.package_discovery:discover_packages(ignore) discover
[0.181s] Level 1:colcon.colcon_core.package_discovery:discover_packages(ignore) using defaults
[0.181s] Level 1:colcon.colcon_core.package_discovery:discover_packages(path) discover
[0.181s] Level 1:colcon.colcon_core.package_discovery:discover_packages(path) using defaults
[0.199s] Level 1:colcon.colcon_core.package_discovery:discover_packages(prefix_path) check parameters
[0.199s] Level 1:colcon.colcon_core.package_discovery:discover_packages(prefix_path) discover
[0.200s] WARNING:colcon.colcon_ros.prefix_path.ament:The path '/home/hrs2025/git_website/HRS--Gomoku-Game-with-AiNex/install/ainex_controller' in the environment variable AMENT_PREFIX_PATH doesn't exist
[0.200s] WARNING:colcon.colcon_ros.prefix_path.ament:The path '/home/hrs2025/git_website/HRS--Gomoku-Game-with-AiNex/install/ainex_social_robot' in the environment variable AMENT_PREFIX_PATH doesn't exist
[0.200s] WARNING:colcon.colcon_ros.prefix_path.ament:The path '/home/hrs2025/git_website/HRS--Gomoku-Game-with-AiNex/install/ainex_motion' in the environment variable AMENT_PREFIX_PATH doesn't exist
[0.200s] WARNING:colcon.colcon_ros.prefix_path.ament:The path '/home/hrs2025/git_website/HRS--Gomoku-Game-with-AiNex/install/servo_service' in the environment variable AMENT_PREFIX_PATH doesn't exist
[0.200s] WARNING:colcon.colcon_ros.prefix_path.ament:The path '/home/hrs2025/git_website/HRS--Gomoku-Game-with-AiNex/install/ainex_vision' in the environment variable AMENT_PREFIX_PATH doesn't exist
[0.200s] WARNING:colcon.colcon_ros.prefix_path.ament:The path '/home/hrs2025/git_website/HRS--Gomoku-Game-with-AiNex/install/ainex_description' in the environment variable AMENT_PREFIX_PATH doesn't exist
[0.200s] WARNING:colcon.colcon_ros.prefix_path.catkin:The path '/home/hrs2025/git_website/HRS--Gomoku-Game-with-AiNex/install/servo_service' in the environment variable CMAKE_PREFIX_PATH doesn't exist
[0.200s] WARNING:colcon.colcon_ros.prefix_path.catkin:The path '/home/hrs2025/git_website/HRS--Gomoku-Game-with-AiNex/install/ainex_description' in the environment variable CMAKE_PREFIX_PATH doesn't exist
[0.201s] DEBUG:colcon.colcon_installed_package_information.package_discovery:Found 0 installed packages in /home/hrs2025/git_website/HRS--Gomoku-Game-with-AiNex/install
[0.201s] DEBUG:colcon.colcon_installed_package_information.package_discovery:Found 1 installed packages in /home/hrs2025/Workspace/src/ainex_controller/install
[0.204s] DEBUG:colcon.colcon_installed_package_information.package_discovery:Found 303 installed packages in /opt/ros/jazzy
[0.205s] Level 1:colcon.colcon_core.package_discovery:discover_packages(prefix_path) using defaults
[0.251s] Level 5:colcon.colcon_core.verb:set package 'ainex_description' build argument 'cmake_args' from command line to 'None'
[0.251s] Level 5:colcon.colcon_core.verb:set package 'ainex_description' build argument 'cmake_target' from command line to 'None'
[0.251s] Level 5:colcon.colcon_core.verb:set package 'ainex_description' build argument 'cmake_target_skip_unavailable' from command line to 'False'
[0.251s] Level 5:colcon.colcon_core.verb:set package 'ainex_description' build argument 'cmake_clean_cache' from command line to 'False'
[0.251s] Level 5:colcon.colcon_core.verb:set package 'ainex_description' build argument 'cmake_clean_first' from command line to 'False'
[0.251s] Level 5:colcon.colcon_core.verb:set package 'ainex_description' build argument 'cmake_force_configure' from command line to 'False'
[0.251s] Level 5:colcon.colcon_core.verb:set package 'ainex_description' build argument 'ament_cmake_args' from command line to 'None'
[0.251s] Level 5:colcon.colcon_core.verb:set package 'ainex_description' build argument 'catkin_cmake_args' from command line to 'None'
[0.251s] Level 5:colcon.colcon_core.verb:set package 'ainex_description' build argument 'catkin_skip_building_tests' from command line to 'False'
[0.251s] DEBUG:colcon.colcon_core.verb:Building package 'ainex_description' with the following arguments: {'ament_cmake_args': None, 'build_base': '/home/hrs2025/git_website/HRS--Gomoku-Game-with-AiNex/build/ainex_description', 'catkin_cmake_args': None, 'catkin_skip_building_tests': False, 'cmake_args': None, 'cmake_clean_cache': False, 'cmake_clean_first': False, 'cmake_force_configure': False, 'cmake_target': None, 'cmake_target_skip_unavailable': False, 'install_base': '/home/hrs2025/git_website/HRS--Gomoku-Game-with-AiNex/install/ainex_description', 'merge_install': False, 'path': '/home/hrs2025/git_website/HRS--Gomoku-Game-with-AiNex/ainex_description', 'symlink_install': True, 'test_result_base': None}
[0.252s] Level 5:colcon.colcon_core.verb:set package 'ainex_vision' build argument 'cmake_args' from command line to 'None'
[0.252s] Level 5:colcon.colcon_core.verb:set package 'ainex_vision' build argument 'cmake_target' from command line to 'None'
[0.252s] Level 5:colcon.colcon_core.verb:set package 'ainex_vision' build argument 'cmake_target_skip_unavailable' from command line to 'False'
[0.252s] Level 5:colcon.colcon_core.verb:set package 'ainex_vision' build argument 'cmake_clean_cache' from command line to 'False'
[0.252s] Level 5:colcon.colcon_core.verb:set package 'ainex_vision' build argument 'cmake_clean_first' from command line to 'False'
[0.252s] Level 5:colcon.colcon_core.verb:set package 'ainex_vision' build argument 'cmake_force_configure' from command line to 'False'
[0.252s] Level 5:colcon.colcon_core.verb:set package 'ainex_vision' build argument 'ament_cmake_args' from command line to 'None'
[0.252s] Level 5:colcon.colcon_core.verb:set package 'ainex_vision' build argument 'catkin_cmake_args' from command line to 'None'
[0.252s] Level 5:colcon.colcon_core.verb:set package 'ainex_vision' build argument 'catkin_skip_building_tests' from command line to 'False'
[0.252s] DEBUG:colcon.colcon_core.verb:Building package 'ainex_vision' with the following arguments: {'ament_cmake_args': None, 'build_base': '/home/hrs2025/git_website/HRS--Gomoku-Game-with-AiNex/build/ainex_vision', 'catkin_cmake_args': None, 'catkin_skip_building_tests': False, 'cmake_args': None, 'cmake_clean_cache': False, 'cmake_clean_first': False, 'cmake_force_configure': False, 'cmake_target': None, 'cmake_target_skip_unavailable': False, 'install_base': '/home/hrs2025/git_website/HRS--Gomoku-Game-with-AiNex/install/ainex_vision', 'merge_install': False, 'path': '/home/hrs2025/git_website/HRS--Gomoku-Game-with-AiNex/ainex_vision', 'symlink_install': True, 'test_result_base': None}
[0.252s] Level 5:colcon.colcon_core.verb:set package 'servo_service' build argument 'cmake_args' from command line to 'None'
[0.252s] Level 5:colcon.colcon_core.verb:set package 'servo_service' build argument 'cmake_target' from command line to 'None'
[0.252s] Level 5:colcon.colcon_core.verb:set package 'servo_service' build argument 'cmake_target_skip_unavailable' from command line to 'False'
[0.252s] Level 5:colcon.colcon_core.verb:set package 'servo_service' build argument 'cmake_clean_cache' from command line to 'False'
[0.252s] Level 5:colcon.colcon_core.verb:set package 'servo_service' build argument 'cmake_clean_first' from command line to 'False'
[0.252s] Level 5:colcon.colcon_core.verb:set package 'servo_service' build argument 'cmake_force_configure' from command line to 'False'
[0.252s] Level 5:colcon.colcon_core.verb:set package 'servo_service' build argument 'ament_cmake_args' from command line to 'None'
[0.252s] Level 5:colcon.colcon_core.verb:set package 'servo_service' build argument 'catkin_cmake_args' from command line to 'None'
[0.252s] Level 5:colcon.colcon_core.verb:set package 'servo_service' build argument 'catkin_skip_building_tests' from command line to 'False'
[0.252s] DEBUG:colcon.colcon_core.verb:Building package 'servo_service' with the following arguments: {'ament_cmake_args': None, 'build_base': '/home/hrs2025/git_website/HRS--Gomoku-Game-with-AiNex/build/servo_service', 'catkin_cmake_args': None, 'catkin_skip_building_tests': False, 'cmake_args': None, 'cmake_clean_cache': False, 'cmake_clean_first': False, 'cmake_force_configure': False, 'cmake_target': None, 'cmake_target_skip_unavailable': False, 'install_base': '/home/hrs2025/git_website/HRS--Gomoku-Game-with-AiNex/install/servo_service', 'merge_install': False, 'path': '/home/hrs2025/git_website/HRS--Gomoku-Game-with-AiNex/servo_service', 'symlink_install': True, 'test_result_base': None}
[0.252s] Level 5:colcon.colcon_core.verb:set package 'ainex_motion' build argument 'cmake_args' from command line to 'None'
[0.253s] Level 5:colcon.colcon_core.verb:set package 'ainex_motion' build argument 'cmake_target' from command line to 'None'
[0.253s] Level 5:colcon.colcon_core.verb:set package 'ainex_motion' build argument 'cmake_target_skip_unavailable' from command line to 'False'
[0.253s] Level 5:colcon.colcon_core.verb:set package 'ainex_motion' build argument 'cmake_clean_cache' from command line to 'False'
[0.253s] Level 5:colcon.colcon_core.verb:set package 'ainex_motion' build argument 'cmake_clean_first' from command line to 'False'
[0.253s] Level 5:colcon.colcon_core.verb:set package 'ainex_motion' build argument 'cmake_force_configure' from command line to 'False'
[0.253s] Level 5:colcon.colcon_core.verb:set package 'ainex_motion' build argument 'ament_cmake_args' from command line to 'None'
[0.253s] Level 5:colcon.colcon_core.verb:set package 'ainex_motion' build argument 'catkin_cmake_args' from command line to 'None'
[0.253s] Level 5:colcon.colcon_core.verb:set package 'ainex_motion' build argument 'catkin_skip_building_tests' from command line to 'False'
[0.253s] DEBUG:colcon.colcon_core.verb:Building package 'ainex_motion' with the following arguments: {'ament_cmake_args': None, 'build_base': '/home/hrs2025/git_website/HRS--Gomoku-Game-with-AiNex/build/ainex_motion', 'catkin_cmake_args': None, 'catkin_skip_building_tests': False, 'cmake_args': None, 'cmake_clean_cache': False, 'cmake_clean_first': False, 'cmake_force_configure': False, 'cmake_target': None, 'cmake_target_skip_unavailable': False, 'install_base': '/home/hrs2025/git_website/HRS--Gomoku-Game-with-AiNex/install/ainex_motion', 'merge_install': False, 'path': '/home/hrs2025/git_website/HRS--Gomoku-Game-with-AiNex/ainex_motion', 'symlink_install': True, 'test_result_base': None}
[0.253s] Level 5:colcon.colcon_core.verb:set package 'ainex_social_robot' build argument 'cmake_args' from command line to 'None'
[0.253s] Level 5:colcon.colcon_core.verb:set package 'ainex_social_robot' build argument 'cmake_target' from command line to 'None'
[0.253s] Level 5:colcon.colcon_core.verb:set package 'ainex_social_robot' build argument 'cmake_target_skip_unavailable' from command line to 'False'
[0.253s] Level 5:colcon.colcon_core.verb:set package 'ainex_social_robot' build argument 'cmake_clean_cache' from command line to 'False'
[0.253s] Level 5:colcon.colcon_core.verb:set package 'ainex_social_robot' build argument 'cmake_clean_first' from command line to 'False'
[0.253s] Level 5:colcon.colcon_core.verb:set package 'ainex_social_robot' build argument 'cmake_force_configure' from command line to 'False'
[0.253s] Level 5:colcon.colcon_core.verb:set package 'ainex_social_robot' build argument 'ament_cmake_args' from command line to 'None'
[0.253s] Level 5:colcon.colcon_core.verb:set package 'ainex_social_robot' build argument 'catkin_cmake_args' from command line to 'None'
[0.253s] Level 5:colcon.colcon_core.verb:set package 'ainex_social_robot' build argument 'catkin_skip_building_tests' from command line to 'False'
[0.253s] DEBUG:colcon.colcon_core.verb:Building package 'ainex_social_robot' with the following arguments: {'ament_cmake_args': None, 'build_base': '/home/hrs2025/git_website/HRS--Gomoku-Game-with-AiNex/build/ainex_social_robot', 'catkin_cmake_args': None, 'catkin_skip_building_tests': False, 'cmake_args': None, 'cmake_clean_cache': False, 'cmake_clean_first': False, 'cmake_force_configure': False, 'cmake_target': None, 'cmake_target_skip_unavailable': False, 'install_base': '/home/hrs2025/git_website/HRS--Gomoku-Game-with-AiNex/install/ainex_social_robot', 'merge_install': False, 'path': '/home/hrs2025/git_website/HRS--Gomoku-Game-with-AiNex/ainex_social_robot', 'symlink_install': True, 'test_result_base': None}
[0.253s] Level 5:colcon.colcon_core.verb:set package 'ainex_controller' build argument 'cmake_args' from command line to 'None'
[0.253s] Level 5:colcon.colcon_core.verb:set package 'ainex_controller' build argument 'cmake_target' from command line to 'None'
[0.253s] Level 5:colcon.colcon_core.verb:set package 'ainex_controller' build argument 'cmake_target_skip_unavailable' from command line to 'False'
[0.253s] Level 5:colcon.colcon_core.verb:set package 'ainex_controller' build argument 'cmake_clean_cache' from command line to 'False'
[0.253s] Level 5:colcon.colcon_core.verb:set package 'ainex_controller' build argument 'cmake_clean_first' from command line to 'False'
[0.253s] Level 5:colcon.colcon_core.verb:set package 'ainex_controller' build argument 'cmake_force_configure' from command line to 'False'
[0.253s] Level 5:colcon.colcon_core.verb:set package 'ainex_controller' build argument 'ament_cmake_args' from command line to 'None'
[0.253s] Level 5:colcon.colcon_core.verb:set package 'ainex_controller' build argument 'catkin_cmake_args' from command line to 'None'
[0.253s] Level 5:colcon.colcon_core.verb:set package 'ainex_controller' build argument 'catkin_skip_building_tests' from command line to 'False'
[0.254s] DEBUG:colcon.colcon_core.verb:Building package 'ainex_controller' with the following arguments: {'ament_cmake_args': None, 'build_base': '/home/hrs2025/git_website/HRS--Gomoku-Game-with-AiNex/build/ainex_controller', 'catkin_cmake_args': None, 'catkin_skip_building_tests': False, 'cmake_args': None, 'cmake_clean_cache': False, 'cmake_clean_first': False, 'cmake_force_configure': False, 'cmake_target': None, 'cmake_target_skip_unavailable': False, 'install_base': '/home/hrs2025/git_website/HRS--Gomoku-Game-with-AiNex/install/ainex_controller', 'merge_install': False, 'path': '/home/hrs2025/git_website/HRS--Gomoku-Game-with-AiNex/ainex_controller', 'symlink_install': True, 'test_result_base': None}
[0.254s] INFO:colcon.colcon_core.executor:Executing jobs using 'parallel' executor
[0.255s] DEBUG:colcon.colcon_parallel_executor.executor.parallel:run_until_complete
[0.255s] INFO:colcon.colcon_ros.task.ament_cmake.build:Building ROS package in '/home/hrs2025/git_website/HRS--Gomoku-Game-with-AiNex/servo_service' with build type 'ament_cmake'
[0.255s] INFO:colcon.colcon_cmake.task.cmake.build:Building CMake package in '/home/hrs2025/git_website/HRS--Gomoku-Game-with-AiNex/servo_service'
[0.257s] INFO:colcon.colcon_core.plugin_system:Skipping extension 'colcon_core.shell.bat': Not used on non-Windows systems
[0.257s] INFO:colcon.colcon_core.shell:Skip shell extension 'powershell' for command environment: Not usable outside of PowerShell
[0.257s] DEBUG:colcon.colcon_core.shell:Skip shell extension 'dsv' for command environment
[0.261s] INFO:colcon.colcon_ros.task.ament_python.build:Building ROS package in '/home/hrs2025/git_website/HRS--Gomoku-Game-with-AiNex/ainex_vision' with build type 'ament_python'
[0.261s] Level 1:colcon.colcon_core.shell:create_environment_hook('ainex_vision', 'ament_prefix_path')
[0.262s] INFO:colcon.colcon_core.shell:Creating environment hook '/home/hrs2025/git_website/HRS--Gomoku-Game-with-AiNex/install/ainex_vision/share/ainex_vision/hook/ament_prefix_path.ps1'
[0.262s] INFO:colcon.colcon_core.shell:Creating environment descriptor '/home/hrs2025/git_website/HRS--Gomoku-Game-with-AiNex/install/ainex_vision/share/ainex_vision/hook/ament_prefix_path.dsv'
[0.263s] INFO:colcon.colcon_core.shell:Creating environment hook '/home/hrs2025/git_website/HRS--Gomoku-Game-with-AiNex/install/ainex_vision/share/ainex_vision/hook/ament_prefix_path.sh'
[0.263s] INFO:colcon.colcon_core.shell:Skip shell extension 'powershell' for command environment: Not usable outside of PowerShell
[0.263s] DEBUG:colcon.colcon_core.shell:Skip shell extension 'dsv' for command environment
[0.267s] INFO:colcon.colcon_ros.task.ament_cmake.build:Building ROS package in '/home/hrs2025/git_website/HRS--Gomoku-Game-with-AiNex/ainex_description' with build type 'ament_cmake'
[0.267s] INFO:colcon.colcon_cmake.task.cmake.build:Building CMake package in '/home/hrs2025/git_website/HRS--Gomoku-Game-with-AiNex/ainex_description'
[0.267s] INFO:colcon.colcon_core.shell:Skip shell extension 'powershell' for command environment: Not usable outside of PowerShell
[0.267s] DEBUG:colcon.colcon_core.shell:Skip shell extension 'dsv' for command environment
[0.273s] DEBUG:colcon.colcon_core.event_handler.log_command:Invoking command in '/home/hrs2025/git_website/HRS--Gomoku-Game-with-AiNex/build/servo_service': CMAKE_PREFIX_PATH=${CMAKE_PREFIX_PATH}:/home/hrs2025/git_website/HRS--Gomoku-Game-with-AiNex/install/ainex_controller:/home/hrs2025/git_website/HRS--Gomoku-Game-with-AiNex/install/ainex_social_robot:/home/hrs2025/git_website/HRS--Gomoku-Game-with-AiNex/install/ainex_motion:/home/hrs2025/git_website/HRS--Gomoku-Game-with-AiNex/install/ainex_vision:/home/hrs2025/Workspace/src/ainex_controller/install/ainex_controller:/opt/ros/jazzy DEBUGINFOD_URLS=https://debuginfod.ubuntu.com /usr/bin/cmake /home/hrs2025/git_website/HRS--Gomoku-Game-with-AiNex/servo_service -DAMENT_CMAKE_SYMLINK_INSTALL=1 -DCMAKE_INSTALL_PREFIX=/home/hrs2025/git_website/HRS--Gomoku-Game-with-AiNex/install/servo_service
[0.513s] INFO:colcon.colcon_core.task.python.build:Building Python package in '/home/hrs2025/git_website/HRS--Gomoku-Game-with-AiNex/ainex_vision'
[0.513s] INFO:colcon.colcon_core.shell:Skip shell extension 'powershell' for command environment: Not usable outside of PowerShell
[0.513s] DEBUG:colcon.colcon_core.shell:Skip shell extension 'dsv' for command environment
[0.521s] DEBUG:colcon.colcon_core.event_handler.log_command:Invoking command in '/home/hrs2025/git_website/HRS--Gomoku-Game-with-AiNex/build/ainex_description': CMAKE_PREFIX_PATH=${CMAKE_PREFIX_PATH}:/home/hrs2025/git_website/HRS--Gomoku-Game-with-AiNex/install/ainex_controller:/home/hrs2025/git_website/HRS--Gomoku-Game-with-AiNex/install/ainex_social_robot:/home/hrs2025/git_website/HRS--Gomoku-Game-with-AiNex/install/ainex_motion:/home/hrs2025/git_website/HRS--Gomoku-Game-with-AiNex/install/ainex_vision:/home/hrs2025/Workspace/src/ainex_controller/install/ainex_controller:/opt/ros/jazzy DEBUGINFOD_URLS=https://debuginfod.ubuntu.com /usr/bin/cmake /home/hrs2025/git_website/HRS--Gomoku-Game-with-AiNex/ainex_description -DAMENT_CMAKE_SYMLINK_INSTALL=1 -DCMAKE_INSTALL_PREFIX=/home/hrs2025/git_website/HRS--Gomoku-Game-with-AiNex/install/ainex_description
[1.275s] DEBUG:colcon.colcon_core.event_handler.log_command:Invoking command in '/home/hrs2025/git_website/HRS--Gomoku-Game-with-AiNex/build/ainex_vision': DEBUGINFOD_URLS=https://debuginfod.ubuntu.com PYTHONPATH=/home/hrs2025/git_website/HRS--Gomoku-Game-with-AiNex/build/ainex_vision/prefix_override:/usr/lib/python3/dist-packages/colcon_core/task/python/colcon_distutils_commands:/home/hrs2025/git_website/HRS--Gomoku-Game-with-AiNex/install/ainex_vision/lib/python3.12/site-packages:${PYTHONPATH} /usr/bin/python3 -W ignore:setup.py install is deprecated -W ignore:easy_install command is deprecated setup.py develop --editable --build-directory /home/hrs2025/git_website/HRS--Gomoku-Game-with-AiNex/build/ainex_vision/build --no-deps symlink_data
[1.365s] DEBUG:colcon.colcon_core.event_handler.log_command:Invoked command in '/home/hrs2025/git_website/HRS--Gomoku-Game-with-AiNex/build/ainex_description' returned '0': CMAKE_PREFIX_PATH=${CMAKE_PREFIX_PATH}:/home/hrs2025/git_website/HRS--Gomoku-Game-with-AiNex/install/ainex_controller:/home/hrs2025/git_website/HRS--Gomoku-Game-with-AiNex/install/ainex_social_robot:/home/hrs2025/git_website/HRS--Gomoku-Game-with-AiNex/install/ainex_motion:/home/hrs2025/git_website/HRS--Gomoku-Game-with-AiNex/install/ainex_vision:/home/hrs2025/Workspace/src/ainex_controller/install/ainex_controller:/opt/ros/jazzy DEBUGINFOD_URLS=https://debuginfod.ubuntu.com /usr/bin/cmake /home/hrs2025/git_website/HRS--Gomoku-Game-with-AiNex/ainex_description -DAMENT_CMAKE_SYMLINK_INSTALL=1 -DCMAKE_INSTALL_PREFIX=/home/hrs2025/git_website/HRS--Gomoku-Game-with-AiNex/install/ainex_description
[1.366s] DEBUG:colcon.colcon_core.event_handler.log_command:Invoking command in '/home/hrs2025/git_website/HRS--Gomoku-Game-with-AiNex/build/ainex_description': CMAKE_PREFIX_PATH=${CMAKE_PREFIX_PATH}:/home/hrs2025/git_website/HRS--Gomoku-Game-with-AiNex/install/ainex_controller:/home/hrs2025/git_website/HRS--Gomoku-Game-with-AiNex/install/ainex_social_robot:/home/hrs2025/git_website/HRS--Gomoku-Game-with-AiNex/install/ainex_motion:/home/hrs2025/git_website/HRS--Gomoku-Game-with-AiNex/install/ainex_vision:/home/hrs2025/Workspace/src/ainex_controller/install/ainex_controller:/opt/ros/jazzy DEBUGINFOD_URLS=https://debuginfod.ubuntu.com /usr/bin/cmake --build /home/hrs2025/git_website/HRS--Gomoku-Game-with-AiNex/build/ainex_description -- -j8 -l8
[1.407s] DEBUG:colcon.colcon_core.event_handler.log_command:Invoked command in '/home/hrs2025/git_website/HRS--Gomoku-Game-with-AiNex/build/ainex_description' returned '0': CMAKE_PREFIX_PATH=${CMAKE_PREFIX_PATH}:/home/hrs2025/git_website/HRS--Gomoku-Game-with-AiNex/install/ainex_controller:/home/hrs2025/git_website/HRS--Gomoku-Game-with-AiNex/install/ainex_social_robot:/home/hrs2025/git_website/HRS--Gomoku-Game-with-AiNex/install/ainex_motion:/home/hrs2025/git_website/HRS--Gomoku-Game-with-AiNex/install/ainex_vision:/home/hrs2025/Workspace/src/ainex_controller/install/ainex_controller:/opt/ros/jazzy DEBUGINFOD_URLS=https://debuginfod.ubuntu.com /usr/bin/cmake --build /home/hrs2025/git_website/HRS--Gomoku-Game-with-AiNex/build/ainex_description -- -j8 -l8
[1.417s] DEBUG:colcon.colcon_core.event_handler.log_command:Invoking command in '/home/hrs2025/git_website/HRS--Gomoku-Game-with-AiNex/build/ainex_description': CMAKE_PREFIX_PATH=${CMAKE_PREFIX_PATH}:/home/hrs2025/git_website/HRS--Gomoku-Game-with-AiNex/install/ainex_controller:/home/hrs2025/git_website/HRS--Gomoku-Game-with-AiNex/install/ainex_social_robot:/home/hrs2025/git_website/HRS--Gomoku-Game-with-AiNex/install/ainex_motion:/home/hrs2025/git_website/HRS--Gomoku-Game-with-AiNex/install/ainex_vision:/home/hrs2025/Workspace/src/ainex_controller/install/ainex_controller:/opt/ros/jazzy DEBUGINFOD_URLS=https://debuginfod.ubuntu.com /usr/bin/cmake --install /home/hrs2025/git_website/HRS--Gomoku-Game-with-AiNex/build/ainex_description
[1.949s] Level 1:colcon.colcon_core.environment:create_environment_scripts_only(ainex_description)
[1.950s] DEBUG:colcon.colcon_core.event_handler.log_command:Invoked command in '/home/hrs2025/git_website/HRS--Gomoku-Game-with-AiNex/build/ainex_description' returned '0': CMAKE_PREFIX_PATH=${CMAKE_PREFIX_PATH}:/home/hrs2025/git_website/HRS--Gomoku-Game-with-AiNex/install/ainex_controller:/home/hrs2025/git_website/HRS--Gomoku-Game-with-AiNex/install/ainex_social_robot:/home/hrs2025/git_website/HRS--Gomoku-Game-with-AiNex/install/ainex_motion:/home/hrs2025/git_website/HRS--Gomoku-Game-with-AiNex/install/ainex_vision:/home/hrs2025/Workspace/src/ainex_controller/install/ainex_controller:/opt/ros/jazzy DEBUGINFOD_URLS=https://debuginfod.ubuntu.com /usr/bin/cmake --install /home/hrs2025/git_website/HRS--Gomoku-Game-with-AiNex/build/ainex_description
[1.953s] Level 1:colcon.colcon_core.environment:checking '/home/hrs2025/git_website/HRS--Gomoku-Game-with-AiNex/install/ainex_description' for CMake module files
[1.953s] Level 1:colcon.colcon_core.environment:checking '/home/hrs2025/git_website/HRS--Gomoku-Game-with-AiNex/install/ainex_description' for CMake config files
[1.953s] Level 1:colcon.colcon_core.shell:create_environment_hook('ainex_description', 'cmake_prefix_path')
[1.954s] INFO:colcon.colcon_core.shell:Creating environment hook '/home/hrs2025/git_website/HRS--Gomoku-Game-with-AiNex/install/ainex_description/share/ainex_description/hook/cmake_prefix_path.ps1'
[1.954s] INFO:colcon.colcon_core.shell:Creating environment descriptor '/home/hrs2025/git_website/HRS--Gomoku-Game-with-AiNex/install/ainex_description/share/ainex_description/hook/cmake_prefix_path.dsv'
[1.954s] INFO:colcon.colcon_core.shell:Creating environment hook '/home/hrs2025/git_website/HRS--Gomoku-Game-with-AiNex/install/ainex_description/share/ainex_description/hook/cmake_prefix_path.sh'
[1.955s] Level 1:colcon.colcon_core.environment:checking '/home/hrs2025/git_website/HRS--Gomoku-Game-with-AiNex/install/ainex_description/bin'
[1.955s] Level 1:colcon.colcon_core.environment:checking '/home/hrs2025/git_website/HRS--Gomoku-Game-with-AiNex/install/ainex_description/lib/pkgconfig/ainex_description.pc'
[1.955s] Level 1:colcon.colcon_core.environment:checking '/home/hrs2025/git_website/HRS--Gomoku-Game-with-AiNex/install/ainex_description/lib/python3.12/site-packages'
[1.955s] Level 1:colcon.colcon_core.environment:checking '/home/hrs2025/git_website/HRS--Gomoku-Game-with-AiNex/install/ainex_description/bin'
[1.956s] INFO:colcon.colcon_core.shell:Creating package script '/home/hrs2025/git_website/HRS--Gomoku-Game-with-AiNex/install/ainex_description/share/ainex_description/package.ps1'
[1.957s] INFO:colcon.colcon_core.shell:Creating package descriptor '/home/hrs2025/git_website/HRS--Gomoku-Game-with-AiNex/install/ainex_description/share/ainex_description/package.dsv'
[1.958s] INFO:colcon.colcon_core.shell:Creating package script '/home/hrs2025/git_website/HRS--Gomoku-Game-with-AiNex/install/ainex_description/share/ainex_description/package.sh'
[1.959s] INFO:colcon.colcon_core.shell:Creating package script '/home/hrs2025/git_website/HRS--Gomoku-Game-with-AiNex/install/ainex_description/share/ainex_description/package.bash'
[1.960s] INFO:colcon.colcon_core.shell:Creating package script '/home/hrs2025/git_website/HRS--Gomoku-Game-with-AiNex/install/ainex_description/share/ainex_description/package.zsh'
[1.961s] Level 1:colcon.colcon_core.environment:create_file_with_runtime_dependencies(/home/hrs2025/git_website/HRS--Gomoku-Game-with-AiNex/install/ainex_description/share/colcon-core/packages/ainex_description)
[1.961s] Level 1:colcon.colcon_core.environment:create_environment_scripts_only(ainex_description)
[1.962s] Level 1:colcon.colcon_core.environment:checking '/home/hrs2025/git_website/HRS--Gomoku-Game-with-AiNex/install/ainex_description' for CMake module files
[1.963s] Level 1:colcon.colcon_core.environment:checking '/home/hrs2025/git_website/HRS--Gomoku-Game-with-AiNex/install/ainex_description' for CMake config files
[1.963s] Level 1:colcon.colcon_core.shell:create_environment_hook('ainex_description', 'cmake_prefix_path')
[1.963s] INFO:colcon.colcon_core.shell:Creating environment hook '/home/hrs2025/git_website/HRS--Gomoku-Game-with-AiNex/install/ainex_description/share/ainex_description/hook/cmake_prefix_path.ps1'
[1.964s] INFO:colcon.colcon_core.shell:Creating environment descriptor '/home/hrs2025/git_website/HRS--Gomoku-Game-with-AiNex/install/ainex_description/share/ainex_description/hook/cmake_prefix_path.dsv'
[1.964s] INFO:colcon.colcon_core.shell:Creating environment hook '/home/hrs2025/git_website/HRS--Gomoku-Game-with-AiNex/install/ainex_description/share/ainex_description/hook/cmake_prefix_path.sh'
[1.964s] Level 1:colcon.colcon_core.environment:checking '/home/hrs2025/git_website/HRS--Gomoku-Game-with-AiNex/install/ainex_description/bin'
[1.965s] Level 1:colcon.colcon_core.environment:checking '/home/hrs2025/git_website/HRS--Gomoku-Game-with-AiNex/install/ainex_description/lib/pkgconfig/ainex_description.pc'
[1.965s] Level 1:colcon.colcon_core.environment:checking '/home/hrs2025/git_website/HRS--Gomoku-Game-with-AiNex/install/ainex_description/lib/python3.12/site-packages'
[1.965s] Level 1:colcon.colcon_core.environment:checking '/home/hrs2025/git_website/HRS--Gomoku-Game-with-AiNex/install/ainex_description/bin'
[1.965s] INFO:colcon.colcon_core.shell:Creating package script '/home/hrs2025/git_website/HRS--Gomoku-Game-with-AiNex/install/ainex_description/share/ainex_description/package.ps1'
[1.966s] INFO:colcon.colcon_core.shell:Creating package descriptor '/home/hrs2025/git_website/HRS--Gomoku-Game-with-AiNex/install/ainex_description/share/ainex_description/package.dsv'
[1.966s] INFO:colcon.colcon_core.shell:Creating package script '/home/hrs2025/git_website/HRS--Gomoku-Game-with-AiNex/install/ainex_description/share/ainex_description/package.sh'
[1.967s] INFO:colcon.colcon_core.shell:Creating package script '/home/hrs2025/git_website/HRS--Gomoku-Game-with-AiNex/install/ainex_description/share/ainex_description/package.bash'
[1.967s] INFO:colcon.colcon_core.shell:Creating package script '/home/hrs2025/git_website/HRS--Gomoku-Game-with-AiNex/install/ainex_description/share/ainex_description/package.zsh'
[1.967s] Level 1:colcon.colcon_core.environment:create_file_with_runtime_dependencies(/home/hrs2025/git_website/HRS--Gomoku-Game-with-AiNex/install/ainex_description/share/colcon-core/packages/ainex_description)
[2.166s] Level 1:colcon.colcon_core.shell:create_environment_hook('ainex_vision', 'pythonpath_develop')
[2.166s] INFO:colcon.colcon_core.shell:Creating environment hook '/home/hrs2025/git_website/HRS--Gomoku-Game-with-AiNex/build/ainex_vision/share/ainex_vision/hook/pythonpath_develop.ps1'
[2.166s] DEBUG:colcon.colcon_core.event_handler.log_command:Invoked command in '/home/hrs2025/git_website/HRS--Gomoku-Game-with-AiNex/build/ainex_vision' returned '0': DEBUGINFOD_URLS=https://debuginfod.ubuntu.com PYTHONPATH=/home/hrs2025/git_website/HRS--Gomoku-Game-with-AiNex/build/ainex_vision/prefix_override:/usr/lib/python3/dist-packages/colcon_core/task/python/colcon_distutils_commands:/home/hrs2025/git_website/HRS--Gomoku-Game-with-AiNex/install/ainex_vision/lib/python3.12/site-packages:${PYTHONPATH} /usr/bin/python3 -W ignore:setup.py install is deprecated -W ignore:easy_install command is deprecated setup.py develop --editable --build-directory /home/hrs2025/git_website/HRS--Gomoku-Game-with-AiNex/build/ainex_vision/build --no-deps symlink_data
[2.167s] INFO:colcon.colcon_core.shell:Creating environment descriptor '/home/hrs2025/git_website/HRS--Gomoku-Game-with-AiNex/build/ainex_vision/share/ainex_vision/hook/pythonpath_develop.dsv'
[2.167s] INFO:colcon.colcon_core.shell:Creating environment hook '/home/hrs2025/git_website/HRS--Gomoku-Game-with-AiNex/build/ainex_vision/share/ainex_vision/hook/pythonpath_develop.sh'
[2.168s] Level 1:colcon.colcon_core.environment:checking '/home/hrs2025/git_website/HRS--Gomoku-Game-with-AiNex/install/ainex_vision' for CMake module files
[2.169s] Level 1:colcon.colcon_core.environment:checking '/home/hrs2025/git_website/HRS--Gomoku-Game-with-AiNex/install/ainex_vision' for CMake config files
[2.169s] Level 1:colcon.colcon_core.environment:checking '/home/hrs2025/git_website/HRS--Gomoku-Game-with-AiNex/install/ainex_vision/lib'
[2.170s] Level 1:colcon.colcon_core.environment:checking '/home/hrs2025/git_website/HRS--Gomoku-Game-with-AiNex/install/ainex_vision/bin'
[2.170s] Level 1:colcon.colcon_core.environment:checking '/home/hrs2025/git_website/HRS--Gomoku-Game-with-AiNex/install/ainex_vision/lib/pkgconfig/ainex_vision.pc'
[2.170s] Level 1:colcon.colcon_core.environment:checking '/home/hrs2025/git_website/HRS--Gomoku-Game-with-AiNex/install/ainex_vision/lib/python3.12/site-packages'
[2.170s] Level 1:colcon.colcon_core.shell:create_environment_hook('ainex_vision', 'pythonpath')
[2.170s] INFO:colcon.colcon_core.shell:Creating environment hook '/home/hrs2025/git_website/HRS--Gomoku-Game-with-AiNex/install/ainex_vision/share/ainex_vision/hook/pythonpath.ps1'
[2.170s] INFO:colcon.colcon_core.shell:Creating environment descriptor '/home/hrs2025/git_website/HRS--Gomoku-Game-with-AiNex/install/ainex_vision/share/ainex_vision/hook/pythonpath.dsv'
[2.171s] INFO:colcon.colcon_core.shell:Creating environment hook '/home/hrs2025/git_website/HRS--Gomoku-Game-with-AiNex/install/ainex_vision/share/ainex_vision/hook/pythonpath.sh'
[2.171s] Level 1:colcon.colcon_core.environment:checking '/home/hrs2025/git_website/HRS--Gomoku-Game-with-AiNex/install/ainex_vision/bin'
[2.171s] Level 1:colcon.colcon_core.environment:create_environment_scripts_only(ainex_vision)
[2.172s] INFO:colcon.colcon_core.shell:Creating package script '/home/hrs2025/git_website/HRS--Gomoku-Game-with-AiNex/install/ainex_vision/share/ainex_vision/package.ps1'
[2.172s] INFO:colcon.colcon_core.shell:Creating package descriptor '/home/hrs2025/git_website/HRS--Gomoku-Game-with-AiNex/install/ainex_vision/share/ainex_vision/package.dsv'
[2.173s] INFO:colcon.colcon_core.shell:Creating package script '/home/hrs2025/git_website/HRS--Gomoku-Game-with-AiNex/install/ainex_vision/share/ainex_vision/package.sh'
[2.173s] INFO:colcon.colcon_core.shell:Creating package script '/home/hrs2025/git_website/HRS--Gomoku-Game-with-AiNex/install/ainex_vision/share/ainex_vision/package.bash'
[2.173s] INFO:colcon.colcon_core.shell:Creating package script '/home/hrs2025/git_website/HRS--Gomoku-Game-with-AiNex/install/ainex_vision/share/ainex_vision/package.zsh'
[2.174s] Level 1:colcon.colcon_core.environment:create_file_with_runtime_dependencies(/home/hrs2025/git_website/HRS--Gomoku-Game-with-AiNex/install/ainex_vision/share/colcon-core/packages/ainex_vision)
[4.676s] DEBUG:colcon.colcon_core.event_handler.log_command:Invoked command in '/home/hrs2025/git_website/HRS--Gomoku-Game-with-AiNex/build/servo_service' returned '0': CMAKE_PREFIX_PATH=${CMAKE_PREFIX_PATH}:/home/hrs2025/git_website/HRS--Gomoku-Game-with-AiNex/install/ainex_controller:/home/hrs2025/git_website/HRS--Gomoku-Game-with-AiNex/install/ainex_social_robot:/home/hrs2025/git_website/HRS--Gomoku-Game-with-AiNex/install/ainex_motion:/home/hrs2025/git_website/HRS--Gomoku-Game-with-AiNex/install/ainex_vision:/home/hrs2025/Workspace/src/ainex_controller/install/ainex_controller:/opt/ros/jazzy DEBUGINFOD_URLS=https://debuginfod.ubuntu.com /usr/bin/cmake /home/hrs2025/git_website/HRS--Gomoku-Game-with-AiNex/servo_service -DAMENT_CMAKE_SYMLINK_INSTALL=1 -DCMAKE_INSTALL_PREFIX=/home/hrs2025/git_website/HRS--Gomoku-Game-with-AiNex/install/servo_service
[4.677s] DEBUG:colcon.colcon_core.event_handler.log_command:Invoking command in '/home/hrs2025/git_website/HRS--Gomoku-Game-with-AiNex/build/servo_service': CMAKE_PREFIX_PATH=${CMAKE_PREFIX_PATH}:/home/hrs2025/git_website/HRS--Gomoku-Game-with-AiNex/install/ainex_controller:/home/hrs2025/git_website/HRS--Gomoku-Game-with-AiNex/install/ainex_social_robot:/home/hrs2025/git_website/HRS--Gomoku-Game-with-AiNex/install/ainex_motion:/home/hrs2025/git_website/HRS--Gomoku-Game-with-AiNex/install/ainex_vision:/home/hrs2025/Workspace/src/ainex_controller/install/ainex_controller:/opt/ros/jazzy DEBUGINFOD_URLS=https://debuginfod.ubuntu.com /usr/bin/cmake --build /home/hrs2025/git_website/HRS--Gomoku-Game-with-AiNex/build/servo_service -- -j8 -l8
[16.599s] DEBUG:colcon.colcon_core.event_handler.log_command:Invoked command in '/home/hrs2025/git_website/HRS--Gomoku-Game-with-AiNex/build/servo_service' returned '0': CMAKE_PREFIX_PATH=${CMAKE_PREFIX_PATH}:/home/hrs2025/git_website/HRS--Gomoku-Game-with-AiNex/install/ainex_controller:/home/hrs2025/git_website/HRS--Gomoku-Game-with-AiNex/install/ainex_social_robot:/home/hrs2025/git_website/HRS--Gomoku-Game-with-AiNex/install/ainex_motion:/home/hrs2025/git_website/HRS--Gomoku-Game-with-AiNex/install/ainex_vision:/home/hrs2025/Workspace/src/ainex_controller/install/ainex_controller:/opt/ros/jazzy DEBUGINFOD_URLS=https://debuginfod.ubuntu.com /usr/bin/cmake --build /home/hrs2025/git_website/HRS--Gomoku-Game-with-AiNex/build/servo_service -- -j8 -l8
[16.600s] DEBUG:colcon.colcon_core.event_handler.log_command:Invoking command in '/home/hrs2025/git_website/HRS--Gomoku-Game-with-AiNex/build/servo_service': CMAKE_PREFIX_PATH=${CMAKE_PREFIX_PATH}:/home/hrs2025/git_website/HRS--Gomoku-Game-with-AiNex/install/ainex_controller:/home/hrs2025/git_website/HRS--Gomoku-Game-with-AiNex/install/ainex_social_robot:/home/hrs2025/git_website/HRS--Gomoku-Game-with-AiNex/install/ainex_motion:/home/hrs2025/git_website/HRS--Gomoku-Game-with-AiNex/install/ainex_vision:/home/hrs2025/Workspace/src/ainex_controller/install/ainex_controller:/opt/ros/jazzy DEBUGINFOD_URLS=https://debuginfod.ubuntu.com /usr/bin/cmake --install /home/hrs2025/git_website/HRS--Gomoku-Game-with-AiNex/build/servo_service
[19.263s] Level 1:colcon.colcon_core.environment:create_environment_scripts_only(servo_service)
[19.263s] Level 1:colcon.colcon_core.environment:checking '/home/hrs2025/git_website/HRS--Gomoku-Game-with-AiNex/install/servo_service' for CMake module files
[19.264s] DEBUG:colcon.colcon_core.event_handler.log_command:Invoked command in '/home/hrs2025/git_website/HRS--Gomoku-Game-with-AiNex/build/servo_service' returned '0': CMAKE_PREFIX_PATH=${CMAKE_PREFIX_PATH}:/home/hrs2025/git_website/HRS--Gomoku-Game-with-AiNex/install/ainex_controller:/home/hrs2025/git_website/HRS--Gomoku-Game-with-AiNex/install/ainex_social_robot:/home/hrs2025/git_website/HRS--Gomoku-Game-with-AiNex/install/ainex_motion:/home/hrs2025/git_website/HRS--Gomoku-Game-with-AiNex/install/ainex_vision:/home/hrs2025/Workspace/src/ainex_controller/install/ainex_controller:/opt/ros/jazzy DEBUGINFOD_URLS=https://debuginfod.ubuntu.com /usr/bin/cmake --install /home/hrs2025/git_website/HRS--Gomoku-Game-with-AiNex/build/servo_service
[19.265s] Level 1:colcon.colcon_core.environment:checking '/home/hrs2025/git_website/HRS--Gomoku-Game-with-AiNex/install/servo_service' for CMake config files
[19.265s] Level 1:colcon.colcon_core.shell:create_environment_hook('servo_service', 'cmake_prefix_path')
[19.266s] INFO:colcon.colcon_core.shell:Creating environment hook '/home/hrs2025/git_website/HRS--Gomoku-Game-with-AiNex/install/servo_service/share/servo_service/hook/cmake_prefix_path.ps1'
[19.266s] INFO:colcon.colcon_core.shell:Creating environment descriptor '/home/hrs2025/git_website/HRS--Gomoku-Game-with-AiNex/install/servo_service/share/servo_service/hook/cmake_prefix_path.dsv'
[19.266s] INFO:colcon.colcon_core.shell:Creating environment hook '/home/hrs2025/git_website/HRS--Gomoku-Game-with-AiNex/install/servo_service/share/servo_service/hook/cmake_prefix_path.sh'
[19.267s] Level 1:colcon.colcon_core.environment:checking '/home/hrs2025/git_website/HRS--Gomoku-Game-with-AiNex/install/servo_service/lib'
[19.267s] Level 1:colcon.colcon_core.shell:create_environment_hook('servo_service', 'ld_library_path_lib')
[19.267s] INFO:colcon.colcon_core.shell:Creating environment hook '/home/hrs2025/git_website/HRS--Gomoku-Game-with-AiNex/install/servo_service/share/servo_service/hook/ld_library_path_lib.ps1'
[19.267s] INFO:colcon.colcon_core.shell:Creating environment descriptor '/home/hrs2025/git_website/HRS--Gomoku-Game-with-AiNex/install/servo_service/share/servo_service/hook/ld_library_path_lib.dsv'
[19.268s] INFO:colcon.colcon_core.shell:Creating environment hook '/home/hrs2025/git_website/HRS--Gomoku-Game-with-AiNex/install/servo_service/share/servo_service/hook/ld_library_path_lib.sh'
[19.268s] Level 1:colcon.colcon_core.environment:checking '/home/hrs2025/git_website/HRS--Gomoku-Game-with-AiNex/install/servo_service/bin'
[19.268s] Level 1:colcon.colcon_core.environment:checking '/home/hrs2025/git_website/HRS--Gomoku-Game-with-AiNex/install/servo_service/lib/pkgconfig/servo_service.pc'
[19.268s] Level 1:colcon.colcon_core.environment:checking '/home/hrs2025/git_website/HRS--Gomoku-Game-with-AiNex/install/servo_service/lib/python3.12/site-packages'
[19.268s] Level 1:colcon.colcon_core.shell:create_environment_hook('servo_service', 'pythonpath')
[19.269s] INFO:colcon.colcon_core.shell:Creating environment hook '/home/hrs2025/git_website/HRS--Gomoku-Game-with-AiNex/install/servo_service/share/servo_service/hook/pythonpath.ps1'
[19.269s] INFO:colcon.colcon_core.shell:Creating environment descriptor '/home/hrs2025/git_website/HRS--Gomoku-Game-with-AiNex/install/servo_service/share/servo_service/hook/pythonpath.dsv'
[19.269s] INFO:colcon.colcon_core.shell:Creating environment hook '/home/hrs2025/git_website/HRS--Gomoku-Game-with-AiNex/install/servo_service/share/servo_service/hook/pythonpath.sh'
[19.270s] Level 1:colcon.colcon_core.environment:checking '/home/hrs2025/git_website/HRS--Gomoku-Game-with-AiNex/install/servo_service/bin'
[19.270s] INFO:colcon.colcon_core.shell:Creating package script '/home/hrs2025/git_website/HRS--Gomoku-Game-with-AiNex/install/servo_service/share/servo_service/package.ps1'
[19.270s] INFO:colcon.colcon_core.shell:Creating package descriptor '/home/hrs2025/git_website/HRS--Gomoku-Game-with-AiNex/install/servo_service/share/servo_service/package.dsv'
[19.271s] INFO:colcon.colcon_core.shell:Creating package script '/home/hrs2025/git_website/HRS--Gomoku-Game-with-AiNex/install/servo_service/share/servo_service/package.sh'
[19.271s] INFO:colcon.colcon_core.shell:Creating package script '/home/hrs2025/git_website/HRS--Gomoku-Game-with-AiNex/install/servo_service/share/servo_service/package.bash'
[19.271s] INFO:colcon.colcon_core.shell:Creating package script '/home/hrs2025/git_website/HRS--Gomoku-Game-with-AiNex/install/servo_service/share/servo_service/package.zsh'
[19.272s] Level 1:colcon.colcon_core.environment:create_file_with_runtime_dependencies(/home/hrs2025/git_website/HRS--Gomoku-Game-with-AiNex/install/servo_service/share/colcon-core/packages/servo_service)
[19.272s] Level 1:colcon.colcon_core.environment:create_environment_scripts_only(servo_service)
[19.272s] Level 1:colcon.colcon_core.environment:checking '/home/hrs2025/git_website/HRS--Gomoku-Game-with-AiNex/install/servo_service' for CMake module files
[19.273s] Level 1:colcon.colcon_core.environment:checking '/home/hrs2025/git_website/HRS--Gomoku-Game-with-AiNex/install/servo_service' for CMake config files
[19.274s] Level 1:colcon.colcon_core.shell:create_environment_hook('servo_service', 'cmake_prefix_path')
[19.274s] INFO:colcon.colcon_core.shell:Creating environment hook '/home/hrs2025/git_website/HRS--Gomoku-Game-with-AiNex/install/servo_service/share/servo_service/hook/cmake_prefix_path.ps1'
[19.274s] INFO:colcon.colcon_core.shell:Creating environment descriptor '/home/hrs2025/git_website/HRS--Gomoku-Game-with-AiNex/install/servo_service/share/servo_service/hook/cmake_prefix_path.dsv'
[19.275s] INFO:colcon.colcon_core.shell:Creating environment hook '/home/hrs2025/git_website/HRS--Gomoku-Game-with-AiNex/install/servo_service/share/servo_service/hook/cmake_prefix_path.sh'
[19.275s] Level 1:colcon.colcon_core.environment:checking '/home/hrs2025/git_website/HRS--Gomoku-Game-with-AiNex/install/servo_service/lib'
[19.275s] Level 1:colcon.colcon_core.shell:create_environment_hook('servo_service', 'ld_library_path_lib')
[19.275s] INFO:colcon.colcon_core.shell:Creating environment hook '/home/hrs2025/git_website/HRS--Gomoku-Game-with-AiNex/install/servo_service/share/servo_service/hook/ld_library_path_lib.ps1'
[19.276s] INFO:colcon.colcon_core.shell:Creating environment descriptor '/home/hrs2025/git_website/HRS--Gomoku-Game-with-AiNex/install/servo_service/share/servo_service/hook/ld_library_path_lib.dsv'
[19.276s] INFO:colcon.colcon_core.shell:Creating environment hook '/home/hrs2025/git_website/HRS--Gomoku-Game-with-AiNex/install/servo_service/share/servo_service/hook/ld_library_path_lib.sh'
[19.276s] Level 1:colcon.colcon_core.environment:checking '/home/hrs2025/git_website/HRS--Gomoku-Game-with-AiNex/install/servo_service/bin'
[19.276s] Level 1:colcon.colcon_core.environment:checking '/home/hrs2025/git_website/HRS--Gomoku-Game-with-AiNex/install/servo_service/lib/pkgconfig/servo_service.pc'
[19.277s] Level 1:colcon.colcon_core.environment:checking '/home/hrs2025/git_website/HRS--Gomoku-Game-with-AiNex/install/servo_service/lib/python3.12/site-packages'
[19.277s] Level 1:colcon.colcon_core.shell:create_environment_hook('servo_service', 'pythonpath')
[19.277s] INFO:colcon.colcon_core.shell:Creating environment hook '/home/hrs2025/git_website/HRS--Gomoku-Game-with-AiNex/install/servo_service/share/servo_service/hook/pythonpath.ps1'
[19.277s] INFO:colcon.colcon_core.shell:Creating environment descriptor '/home/hrs2025/git_website/HRS--Gomoku-Game-with-AiNex/install/servo_service/share/servo_service/hook/pythonpath.dsv'
[19.277s] INFO:colcon.colcon_core.shell:Creating environment hook '/home/hrs2025/git_website/HRS--Gomoku-Game-with-AiNex/install/servo_service/share/servo_service/hook/pythonpath.sh'
[19.278s] Level 1:colcon.colcon_core.environment:checking '/home/hrs2025/git_website/HRS--Gomoku-Game-with-AiNex/install/servo_service/bin'
[19.278s] INFO:colcon.colcon_core.shell:Creating package script '/home/hrs2025/git_website/HRS--Gomoku-Game-with-AiNex/install/servo_service/share/servo_service/package.ps1'
[19.279s] INFO:colcon.colcon_core.shell:Creating package descriptor '/home/hrs2025/git_website/HRS--Gomoku-Game-with-AiNex/install/servo_service/share/servo_service/package.dsv'
[19.279s] INFO:colcon.colcon_core.shell:Creating package script '/home/hrs2025/git_website/HRS--Gomoku-Game-with-AiNex/install/servo_service/share/servo_service/package.sh'
[19.280s] INFO:colcon.colcon_core.shell:Creating package script '/home/hrs2025/git_website/HRS--Gomoku-Game-with-AiNex/install/servo_service/share/servo_service/package.bash'
[19.280s] INFO:colcon.colcon_core.shell:Creating package script '/home/hrs2025/git_website/HRS--Gomoku-Game-with-AiNex/install/servo_service/share/servo_service/package.zsh'
[19.280s] Level 1:colcon.colcon_core.environment:create_file_with_runtime_dependencies(/home/hrs2025/git_website/HRS--Gomoku-Game-with-AiNex/install/servo_service/share/colcon-core/packages/servo_service)
[19.281s] INFO:colcon.colcon_ros.task.ament_python.build:Building ROS package in '/home/hrs2025/git_website/HRS--Gomoku-Game-with-AiNex/ainex_motion' with build type 'ament_python'
[19.281s] Level 1:colcon.colcon_core.shell:create_environment_hook('ainex_motion', 'ament_prefix_path')
[19.281s] INFO:colcon.colcon_core.shell:Creating environment hook '/home/hrs2025/git_website/HRS--Gomoku-Game-with-AiNex/install/ainex_motion/share/ainex_motion/hook/ament_prefix_path.ps1'
[19.282s] INFO:colcon.colcon_core.shell:Creating environment descriptor '/home/hrs2025/git_website/HRS--Gomoku-Game-with-AiNex/install/ainex_motion/share/ainex_motion/hook/ament_prefix_path.dsv'
[19.282s] INFO:colcon.colcon_core.shell:Creating environment hook '/home/hrs2025/git_website/HRS--Gomoku-Game-with-AiNex/install/ainex_motion/share/ainex_motion/hook/ament_prefix_path.sh'
[19.283s] INFO:colcon.colcon_core.shell:Skip shell extension 'powershell' for command environment: Not usable outside of PowerShell
[19.283s] DEBUG:colcon.colcon_core.shell:Skip shell extension 'dsv' for command environment
[19.524s] INFO:colcon.colcon_core.task.python.build:Building Python package in '/home/hrs2025/git_website/HRS--Gomoku-Game-with-AiNex/ainex_motion'
[19.524s] INFO:colcon.colcon_core.shell:Skip shell extension 'powershell' for command environment: Not usable outside of PowerShell
[19.524s] DEBUG:colcon.colcon_core.shell:Skip shell extension 'dsv' for command environment
[20.198s] DEBUG:colcon.colcon_core.event_handler.log_command:Invoking command in '/home/hrs2025/git_website/HRS--Gomoku-Game-with-AiNex/build/ainex_motion': DEBUGINFOD_URLS=https://debuginfod.ubuntu.com PYTHONPATH=/home/hrs2025/git_website/HRS--Gomoku-Game-with-AiNex/build/ainex_motion/prefix_override:/usr/lib/python3/dist-packages/colcon_core/task/python/colcon_distutils_commands:/home/hrs2025/git_website/HRS--Gomoku-Game-with-AiNex/install/ainex_motion/lib/python3.12/site-packages:/home/hrs2025/git_website/HRS--Gomoku-Game-with-AiNex/install/servo_service/lib/python3.12/site-packages:/home/hrs2025/git_website/HRS--Gomoku-Game-with-AiNex/build/ainex_controller:/home/hrs2025/git_website/HRS--Gomoku-Game-with-AiNex/install/ainex_controller/lib/python3.12/site-packages:/home/hrs2025/git_website/HRS--Gomoku-Game-with-AiNex/build/ainex_social_robot:/home/hrs2025/git_website/HRS--Gomoku-Game-with-AiNex/install/ainex_social_robot/lib/python3.12/site-packages:/home/hrs2025/git_website/HRS--Gomoku-Game-with-AiNex/build/ainex_motion:/home/hrs2025/git_website/HRS--Gomoku-Game-with-AiNex/install/ainex_motion/lib/python3.12/site-packages:/home/hrs2025/git_website/HRS--Gomoku-Game-with-AiNex/build/ainex_vision:/home/hrs2025/git_website/HRS--Gomoku-Game-with-AiNex/install/ainex_vision/lib/python3.12/site-packages:/home/hrs2025/Workspace/src/ainex_controller/build/ainex_controller:/home/hrs2025/Workspace/src/ainex_controller/install/ainex_controller/lib/python3.12/site-packages:/opt/openrobots/lib/python3.12/site-packages:/opt/ros/jazzy/lib/python3.12/site-packages:/home/hrs2025/my_venv/lib/python3.12/site-packages /usr/bin/python3 -W ignore:setup.py install is deprecated -W ignore:easy_install command is deprecated setup.py develop --editable --build-directory /home/hrs2025/git_website/HRS--Gomoku-Game-with-AiNex/build/ainex_motion/build --no-deps symlink_data
[21.032s] Level 1:colcon.colcon_core.shell:create_environment_hook('ainex_motion', 'pythonpath_develop')
[21.032s] DEBUG:colcon.colcon_core.event_handler.log_command:Invoked command in '/home/hrs2025/git_website/HRS--Gomoku-Game-with-AiNex/build/ainex_motion' returned '0': DEBUGINFOD_URLS=https://debuginfod.ubuntu.com PYTHONPATH=/home/hrs2025/git_website/HRS--Gomoku-Game-with-AiNex/build/ainex_motion/prefix_override:/usr/lib/python3/dist-packages/colcon_core/task/python/colcon_distutils_commands:/home/hrs2025/git_website/HRS--Gomoku-Game-with-AiNex/install/ainex_motion/lib/python3.12/site-packages:/home/hrs2025/git_website/HRS--Gomoku-Game-with-AiNex/install/servo_service/lib/python3.12/site-packages:/home/hrs2025/git_website/HRS--Gomoku-Game-with-AiNex/build/ainex_controller:/home/hrs2025/git_website/HRS--Gomoku-Game-with-AiNex/install/ainex_controller/lib/python3.12/site-packages:/home/hrs2025/git_website/HRS--Gomoku-Game-with-AiNex/build/ainex_social_robot:/home/hrs2025/git_website/HRS--Gomoku-Game-with-AiNex/install/ainex_social_robot/lib/python3.12/site-packages:/home/hrs2025/git_website/HRS--Gomoku-Game-with-AiNex/build/ainex_motion:/home/hrs2025/git_website/HRS--Gomoku-Game-with-AiNex/install/ainex_motion/lib/python3.12/site-packages:/home/hrs2025/git_website/HRS--Gomoku-Game-with-AiNex/build/ainex_vision:/home/hrs2025/git_website/HRS--Gomoku-Game-with-AiNex/install/ainex_vision/lib/python3.12/site-packages:/home/hrs2025/Workspace/src/ainex_controller/build/ainex_controller:/home/hrs2025/Workspace/src/ainex_controller/install/ainex_controller/lib/python3.12/site-packages:/opt/openrobots/lib/python3.12/site-packages:/opt/ros/jazzy/lib/python3.12/site-packages:/home/hrs2025/my_venv/lib/python3.12/site-packages /usr/bin/python3 -W ignore:setup.py install is deprecated -W ignore:easy_install command is deprecated setup.py develop --editable --build-directory /home/hrs2025/git_website/HRS--Gomoku-Game-with-AiNex/build/ainex_motion/build --no-deps symlink_data
[21.032s] INFO:colcon.colcon_core.shell:Creating environment hook '/home/hrs2025/git_website/HRS--Gomoku-Game-with-AiNex/build/ainex_motion/share/ainex_motion/hook/pythonpath_develop.ps1'
[21.033s] INFO:colcon.colcon_core.shell:Creating environment descriptor '/home/hrs2025/git_website/HRS--Gomoku-Game-with-AiNex/build/ainex_motion/share/ainex_motion/hook/pythonpath_develop.dsv'
[21.033s] INFO:colcon.colcon_core.shell:Creating environment hook '/home/hrs2025/git_website/HRS--Gomoku-Game-with-AiNex/build/ainex_motion/share/ainex_motion/hook/pythonpath_develop.sh'
[21.034s] Level 1:colcon.colcon_core.environment:checking '/home/hrs2025/git_website/HRS--Gomoku-Game-with-AiNex/install/ainex_motion' for CMake module files
[21.034s] Level 1:colcon.colcon_core.environment:checking '/home/hrs2025/git_website/HRS--Gomoku-Game-with-AiNex/install/ainex_motion' for CMake config files
[21.035s] Level 1:colcon.colcon_core.environment:checking '/home/hrs2025/git_website/HRS--Gomoku-Game-with-AiNex/install/ainex_motion/lib'
[21.035s] Level 1:colcon.colcon_core.environment:checking '/home/hrs2025/git_website/HRS--Gomoku-Game-with-AiNex/install/ainex_motion/bin'
[21.035s] Level 1:colcon.colcon_core.environment:checking '/home/hrs2025/git_website/HRS--Gomoku-Game-with-AiNex/install/ainex_motion/lib/pkgconfig/ainex_motion.pc'
[21.035s] Level 1:colcon.colcon_core.environment:checking '/home/hrs2025/git_website/HRS--Gomoku-Game-with-AiNex/install/ainex_motion/lib/python3.12/site-packages'
[21.035s] Level 1:colcon.colcon_core.shell:create_environment_hook('ainex_motion', 'pythonpath')
[21.035s] INFO:colcon.colcon_core.shell:Creating environment hook '/home/hrs2025/git_website/HRS--Gomoku-Game-with-AiNex/install/ainex_motion/share/ainex_motion/hook/pythonpath.ps1'
[21.035s] INFO:colcon.colcon_core.shell:Creating environment descriptor '/home/hrs2025/git_website/HRS--Gomoku-Game-with-AiNex/install/ainex_motion/share/ainex_motion/hook/pythonpath.dsv'
[21.036s] INFO:colcon.colcon_core.shell:Creating environment hook '/home/hrs2025/git_website/HRS--Gomoku-Game-with-AiNex/install/ainex_motion/share/ainex_motion/hook/pythonpath.sh'
[21.036s] Level 1:colcon.colcon_core.environment:checking '/home/hrs2025/git_website/HRS--Gomoku-Game-with-AiNex/install/ainex_motion/bin'
[21.036s] Level 1:colcon.colcon_core.environment:create_environment_scripts_only(ainex_motion)
[21.037s] INFO:colcon.colcon_core.shell:Creating package script '/home/hrs2025/git_website/HRS--Gomoku-Game-with-AiNex/install/ainex_motion/share/ainex_motion/package.ps1'
[21.037s] INFO:colcon.colcon_core.shell:Creating package descriptor '/home/hrs2025/git_website/HRS--Gomoku-Game-with-AiNex/install/ainex_motion/share/ainex_motion/package.dsv'
[21.038s] INFO:colcon.colcon_core.shell:Creating package script '/home/hrs2025/git_website/HRS--Gomoku-Game-with-AiNex/install/ainex_motion/share/ainex_motion/package.sh'
[21.038s] INFO:colcon.colcon_core.shell:Creating package script '/home/hrs2025/git_website/HRS--Gomoku-Game-with-AiNex/install/ainex_motion/share/ainex_motion/package.bash'
[21.039s] INFO:colcon.colcon_core.shell:Creating package script '/home/hrs2025/git_website/HRS--Gomoku-Game-with-AiNex/install/ainex_motion/share/ainex_motion/package.zsh'
[21.039s] Level 1:colcon.colcon_core.environment:create_file_with_runtime_dependencies(/home/hrs2025/git_website/HRS--Gomoku-Game-with-AiNex/install/ainex_motion/share/colcon-core/packages/ainex_motion)
[21.039s] INFO:colcon.colcon_ros.task.ament_python.build:Building ROS package in '/home/hrs2025/git_website/HRS--Gomoku-Game-with-AiNex/ainex_social_robot' with build type 'ament_python'
[21.039s] Level 1:colcon.colcon_core.shell:create_environment_hook('ainex_social_robot', 'ament_prefix_path')
[21.040s] INFO:colcon.colcon_core.shell:Creating environment hook '/home/hrs2025/git_website/HRS--Gomoku-Game-with-AiNex/install/ainex_social_robot/share/ainex_social_robot/hook/ament_prefix_path.ps1'
[21.041s] INFO:colcon.colcon_core.shell:Creating environment descriptor '/home/hrs2025/git_website/HRS--Gomoku-Game-with-AiNex/install/ainex_social_robot/share/ainex_social_robot/hook/ament_prefix_path.dsv'
[21.041s] INFO:colcon.colcon_core.shell:Creating environment hook '/home/hrs2025/git_website/HRS--Gomoku-Game-with-AiNex/install/ainex_social_robot/share/ainex_social_robot/hook/ament_prefix_path.sh'
[21.042s] INFO:colcon.colcon_core.shell:Skip shell extension 'powershell' for command environment: Not usable outside of PowerShell
[21.042s] DEBUG:colcon.colcon_core.shell:Skip shell extension 'dsv' for command environment
[21.303s] INFO:colcon.colcon_core.task.python.build:Building Python package in '/home/hrs2025/git_website/HRS--Gomoku-Game-with-AiNex/ainex_social_robot'
[21.303s] INFO:colcon.colcon_core.shell:Skip shell extension 'powershell' for command environment: Not usable outside of PowerShell
[21.303s] DEBUG:colcon.colcon_core.shell:Skip shell extension 'dsv' for command environment
[22.046s] DEBUG:colcon.colcon_core.event_handler.log_command:Invoking command in '/home/hrs2025/git_website/HRS--Gomoku-Game-with-AiNex/build/ainex_social_robot': AMENT_PREFIX_PATH=/home/hrs2025/git_website/HRS--Gomoku-Game-with-AiNex/install/ainex_motion:/home/hrs2025/git_website/HRS--Gomoku-Game-with-AiNex/install/ainex_vision:/home/hrs2025/git_website/HRS--Gomoku-Game-with-AiNex/install/ainex_controller:/home/hrs2025/git_website/HRS--Gomoku-Game-with-AiNex/install/ainex_social_robot:/home/hrs2025/git_website/HRS--Gomoku-Game-with-AiNex/install/servo_service:/home/hrs2025/git_website/HRS--Gomoku-Game-with-AiNex/install/ainex_description:/home/hrs2025/Workspace/src/ainex_controller/install/ainex_controller:/opt/ros/jazzy DEBUGINFOD_URLS=https://debuginfod.ubuntu.com PYTHONPATH=/home/hrs2025/git_website/HRS--Gomoku-Game-with-AiNex/build/ainex_social_robot/prefix_override:/usr/lib/python3/dist-packages/colcon_core/task/python/colcon_distutils_commands:/home/hrs2025/git_website/HRS--Gomoku-Game-with-AiNex/install/ainex_social_robot/lib/python3.12/site-packages:/home/hrs2025/git_website/HRS--Gomoku-Game-with-AiNex/build/ainex_motion:/home/hrs2025/git_website/HRS--Gomoku-Game-with-AiNex/install/ainex_motion/lib/python3.12/site-packages:/home/hrs2025/git_website/HRS--Gomoku-Game-with-AiNex/install/servo_service/lib/python3.12/site-packages:/home/hrs2025/git_website/HRS--Gomoku-Game-with-AiNex/build/ainex_vision:/home/hrs2025/git_website/HRS--Gomoku-Game-with-AiNex/install/ainex_vision/lib/python3.12/site-packages:/home/hrs2025/git_website/HRS--Gomoku-Game-with-AiNex/build/ainex_controller:/home/hrs2025/git_website/HRS--Gomoku-Game-with-AiNex/install/ainex_controller/lib/python3.12/site-packages:/home/hrs2025/git_website/HRS--Gomoku-Game-with-AiNex/build/ainex_social_robot:/home/hrs2025/git_website/HRS--Gomoku-Game-with-AiNex/install/ainex_social_robot/lib/python3.12/site-packages:/home/hrs2025/Workspace/src/ainex_controller/build/ainex_controller:/home/hrs2025/Workspace/src/ainex_controller/install/ainex_controller/lib/python3.12/site-packages:/opt/openrobots/lib/python3.12/site-packages:/opt/ros/jazzy/lib/python3.12/site-packages:/home/hrs2025/my_venv/lib/python3.12/site-packages /usr/bin/python3 -W ignore:setup.py install is deprecated -W ignore:easy_install command is deprecated setup.py develop --editable --build-directory /home/hrs2025/git_website/HRS--Gomoku-Game-with-AiNex/build/ainex_social_robot/build --no-deps symlink_data
[22.862s] Level 1:colcon.colcon_core.shell:create_environment_hook('ainex_social_robot', 'pythonpath_develop')
[22.863s] INFO:colcon.colcon_core.shell:Creating environment hook '/home/hrs2025/git_website/HRS--Gomoku-Game-with-AiNex/build/ainex_social_robot/share/ainex_social_robot/hook/pythonpath_develop.ps1'
[22.863s] DEBUG:colcon.colcon_core.event_handler.log_command:Invoked command in '/home/hrs2025/git_website/HRS--Gomoku-Game-with-AiNex/build/ainex_social_robot' returned '0': AMENT_PREFIX_PATH=/home/hrs2025/git_website/HRS--Gomoku-Game-with-AiNex/install/ainex_motion:/home/hrs2025/git_website/HRS--Gomoku-Game-with-AiNex/install/ainex_vision:/home/hrs2025/git_website/HRS--Gomoku-Game-with-AiNex/install/ainex_controller:/home/hrs2025/git_website/HRS--Gomoku-Game-with-AiNex/install/ainex_social_robot:/home/hrs2025/git_website/HRS--Gomoku-Game-with-AiNex/install/servo_service:/home/hrs2025/git_website/HRS--Gomoku-Game-with-AiNex/install/ainex_description:/home/hrs2025/Workspace/src/ainex_controller/install/ainex_controller:/opt/ros/jazzy DEBUGINFOD_URLS=https://debuginfod.ubuntu.com PYTHONPATH=/home/hrs2025/git_website/HRS--Gomoku-Game-with-AiNex/build/ainex_social_robot/prefix_override:/usr/lib/python3/dist-packages/colcon_core/task/python/colcon_distutils_commands:/home/hrs2025/git_website/HRS--Gomoku-Game-with-AiNex/install/ainex_social_robot/lib/python3.12/site-packages:/home/hrs2025/git_website/HRS--Gomoku-Game-with-AiNex/build/ainex_motion:/home/hrs2025/git_website/HRS--Gomoku-Game-with-AiNex/install/ainex_motion/lib/python3.12/site-packages:/home/hrs2025/git_website/HRS--Gomoku-Game-with-AiNex/install/servo_service/lib/python3.12/site-packages:/home/hrs2025/git_website/HRS--Gomoku-Game-with-AiNex/build/ainex_vision:/home/hrs2025/git_website/HRS--Gomoku-Game-with-AiNex/install/ainex_vision/lib/python3.12/site-packages:/home/hrs2025/git_website/HRS--Gomoku-Game-with-AiNex/build/ainex_controller:/home/hrs2025/git_website/HRS--Gomoku-Game-with-AiNex/install/ainex_controller/lib/python3.12/site-packages:/home/hrs2025/git_website/HRS--Gomoku-Game-with-AiNex/build/ainex_social_robot:/home/hrs2025/git_website/HRS--Gomoku-Game-with-AiNex/install/ainex_social_robot/lib/python3.12/site-packages:/home/hrs2025/Workspace/src/ainex_controller/build/ainex_controller:/home/hrs2025/Workspace/src/ainex_controller/install/ainex_controller/lib/python3.12/site-packages:/opt/openrobots/lib/python3.12/site-packages:/opt/ros/jazzy/lib/python3.12/site-packages:/home/hrs2025/my_venv/lib/python3.12/site-packages /usr/bin/python3 -W ignore:setup.py install is deprecated -W ignore:easy_install command is deprecated setup.py develop --editable --build-directory /home/hrs2025/git_website/HRS--Gomoku-Game-with-AiNex/build/ainex_social_robot/build --no-deps symlink_data
[22.863s] INFO:colcon.colcon_core.shell:Creating environment descriptor '/home/hrs2025/git_website/HRS--Gomoku-Game-with-AiNex/build/ainex_social_robot/share/ainex_social_robot/hook/pythonpath_develop.dsv'
[22.864s] INFO:colcon.colcon_core.shell:Creating environment hook '/home/hrs2025/git_website/HRS--Gomoku-Game-with-AiNex/build/ainex_social_robot/share/ainex_social_robot/hook/pythonpath_develop.sh'
[22.864s] Level 1:colcon.colcon_core.environment:checking '/home/hrs2025/git_website/HRS--Gomoku-Game-with-AiNex/install/ainex_social_robot' for CMake module files
[22.864s] Level 1:colcon.colcon_core.environment:checking '/home/hrs2025/git_website/HRS--Gomoku-Game-with-AiNex/install/ainex_social_robot' for CMake config files
[22.865s] Level 1:colcon.colcon_core.environment:checking '/home/hrs2025/git_website/HRS--Gomoku-Game-with-AiNex/install/ainex_social_robot/lib'
[22.865s] Level 1:colcon.colcon_core.environment:checking '/home/hrs2025/git_website/HRS--Gomoku-Game-with-AiNex/install/ainex_social_robot/bin'
[22.865s] Level 1:colcon.colcon_core.environment:checking '/home/hrs2025/git_website/HRS--Gomoku-Game-with-AiNex/install/ainex_social_robot/lib/pkgconfig/ainex_social_robot.pc'
[22.865s] Level 1:colcon.colcon_core.environment:checking '/home/hrs2025/git_website/HRS--Gomoku-Game-with-AiNex/install/ainex_social_robot/lib/python3.12/site-packages'
[22.865s] Level 1:colcon.colcon_core.shell:create_environment_hook('ainex_social_robot', 'pythonpath')
[22.866s] INFO:colcon.colcon_core.shell:Creating environment hook '/home/hrs2025/git_website/HRS--Gomoku-Game-with-AiNex/install/ainex_social_robot/share/ainex_social_robot/hook/pythonpath.ps1'
[22.866s] INFO:colcon.colcon_core.shell:Creating environment descriptor '/home/hrs2025/git_website/HRS--Gomoku-Game-with-AiNex/install/ainex_social_robot/share/ainex_social_robot/hook/pythonpath.dsv'
[22.866s] INFO:colcon.colcon_core.shell:Creating environment hook '/home/hrs2025/git_website/HRS--Gomoku-Game-with-AiNex/install/ainex_social_robot/share/ainex_social_robot/hook/pythonpath.sh'
[22.867s] Level 1:colcon.colcon_core.environment:checking '/home/hrs2025/git_website/HRS--Gomoku-Game-with-AiNex/install/ainex_social_robot/bin'
[22.867s] Level 1:colcon.colcon_core.environment:create_environment_scripts_only(ainex_social_robot)
[22.867s] INFO:colcon.colcon_core.shell:Creating package script '/home/hrs2025/git_website/HRS--Gomoku-Game-with-AiNex/install/ainex_social_robot/share/ainex_social_robot/package.ps1'
[22.867s] INFO:colcon.colcon_core.shell:Creating package descriptor '/home/hrs2025/git_website/HRS--Gomoku-Game-with-AiNex/install/ainex_social_robot/share/ainex_social_robot/package.dsv'
[22.868s] INFO:colcon.colcon_core.shell:Creating package script '/home/hrs2025/git_website/HRS--Gomoku-Game-with-AiNex/install/ainex_social_robot/share/ainex_social_robot/package.sh'
[22.868s] INFO:colcon.colcon_core.shell:Creating package script '/home/hrs2025/git_website/HRS--Gomoku-Game-with-AiNex/install/ainex_social_robot/share/ainex_social_robot/package.bash'
[22.869s] INFO:colcon.colcon_core.shell:Creating package script '/home/hrs2025/git_website/HRS--Gomoku-Game-with-AiNex/install/ainex_social_robot/share/ainex_social_robot/package.zsh'
[22.869s] Level 1:colcon.colcon_core.environment:create_file_with_runtime_dependencies(/home/hrs2025/git_website/HRS--Gomoku-Game-with-AiNex/install/ainex_social_robot/share/colcon-core/packages/ainex_social_robot)
[22.870s] INFO:colcon.colcon_ros.task.ament_python.build:Building ROS package in '/home/hrs2025/git_website/HRS--Gomoku-Game-with-AiNex/ainex_controller' with build type 'ament_python'
[22.870s] Level 1:colcon.colcon_core.shell:create_environment_hook('ainex_controller', 'ament_prefix_path')
[22.870s] INFO:colcon.colcon_core.shell:Creating environment hook '/home/hrs2025/git_website/HRS--Gomoku-Game-with-AiNex/install/ainex_controller/share/ainex_controller/hook/ament_prefix_path.ps1'
[22.871s] INFO:colcon.colcon_core.shell:Creating environment descriptor '/home/hrs2025/git_website/HRS--Gomoku-Game-with-AiNex/install/ainex_controller/share/ainex_controller/hook/ament_prefix_path.dsv'
[22.871s] INFO:colcon.colcon_core.shell:Creating environment hook '/home/hrs2025/git_website/HRS--Gomoku-Game-with-AiNex/install/ainex_controller/share/ainex_controller/hook/ament_prefix_path.sh'
[22.872s] INFO:colcon.colcon_core.shell:Skip shell extension 'powershell' for command environment: Not usable outside of PowerShell
[22.872s] DEBUG:colcon.colcon_core.shell:Skip shell extension 'dsv' for command environment
[23.157s] INFO:colcon.colcon_core.task.python.build:Building Python package in '/home/hrs2025/git_website/HRS--Gomoku-Game-with-AiNex/ainex_controller'
[23.157s] INFO:colcon.colcon_core.shell:Skip shell extension 'powershell' for command environment: Not usable outside of PowerShell
[23.157s] DEBUG:colcon.colcon_core.shell:Skip shell extension 'dsv' for command environment
[23.915s] DEBUG:colcon.colcon_core.event_handler.log_command:Invoking command in '/home/hrs2025/git_website/HRS--Gomoku-Game-with-AiNex/build/ainex_controller': AMENT_PREFIX_PATH=/home/hrs2025/git_website/HRS--Gomoku-Game-with-AiNex/install/ainex_social_robot:/home/hrs2025/git_website/HRS--Gomoku-Game-with-AiNex/install/ainex_motion:/home/hrs2025/git_website/HRS--Gomoku-Game-with-AiNex/install/ainex_vision:/home/hrs2025/git_website/HRS--Gomoku-Game-with-AiNex/install/ainex_controller:/home/hrs2025/git_website/HRS--Gomoku-Game-with-AiNex/install/servo_service:/home/hrs2025/git_website/HRS--Gomoku-Game-with-AiNex/install/ainex_description:/home/hrs2025/Workspace/src/ainex_controller/install/ainex_controller:/opt/ros/jazzy DEBUGINFOD_URLS=https://debuginfod.ubuntu.com PYTHONPATH=/home/hrs2025/git_website/HRS--Gomoku-Game-with-AiNex/build/ainex_controller/prefix_override:/usr/lib/python3/dist-packages/colcon_core/task/python/colcon_distutils_commands:/home/hrs2025/git_website/HRS--Gomoku-Game-with-AiNex/install/ainex_controller/lib/python3.12/site-packages:/home/hrs2025/git_website/HRS--Gomoku-Game-with-AiNex/build/ainex_social_robot:/home/hrs2025/git_website/HRS--Gomoku-Game-with-AiNex/install/ainex_social_robot/lib/python3.12/site-packages:/home/hrs2025/git_website/HRS--Gomoku-Game-with-AiNex/build/ainex_motion:/home/hrs2025/git_website/HRS--Gomoku-Game-with-AiNex/install/ainex_motion/lib/python3.12/site-packages:/home/hrs2025/git_website/HRS--Gomoku-Game-with-AiNex/install/servo_service/lib/python3.12/site-packages:/home/hrs2025/git_website/HRS--Gomoku-Game-with-AiNex/build/ainex_vision:/home/hrs2025/git_website/HRS--Gomoku-Game-with-AiNex/install/ainex_vision/lib/python3.12/site-packages:/home/hrs2025/git_website/HRS--Gomoku-Game-with-AiNex/build/ainex_controller:/home/hrs2025/git_website/HRS--Gomoku-Game-with-AiNex/install/ainex_controller/lib/python3.12/site-packages:/home/hrs2025/Workspace/src/ainex_controller/build/ainex_controller:/home/hrs2025/Workspace/src/ainex_controller/install/ainex_controller/lib/python3.12/site-packages:/opt/openrobots/lib/python3.12/site-packages:/opt/ros/jazzy/lib/python3.12/site-packages:/home/hrs2025/my_venv/lib/python3.12/site-packages /usr/bin/python3 -W ignore:setup.py install is deprecated -W ignore:easy_install command is deprecated setup.py develop --editable --build-directory /home/hrs2025/git_website/HRS--Gomoku-Game-with-AiNex/build/ainex_controller/build --no-deps symlink_data
[24.819s] Level 1:colcon.colcon_core.shell:create_environment_hook('ainex_controller', 'pythonpath_develop')
[24.820s] INFO:colcon.colcon_core.shell:Creating environment hook '/home/hrs2025/git_website/HRS--Gomoku-Game-with-AiNex/build/ainex_controller/share/ainex_controller/hook/pythonpath_develop.ps1'
[24.821s] DEBUG:colcon.colcon_core.event_handler.log_command:Invoked command in '/home/hrs2025/git_website/HRS--Gomoku-Game-with-AiNex/build/ainex_controller' returned '0': AMENT_PREFIX_PATH=/home/hrs2025/git_website/HRS--Gomoku-Game-with-AiNex/install/ainex_social_robot:/home/hrs2025/git_website/HRS--Gomoku-Game-with-AiNex/install/ainex_motion:/home/hrs2025/git_website/HRS--Gomoku-Game-with-AiNex/install/ainex_vision:/home/hrs2025/git_website/HRS--Gomoku-Game-with-AiNex/install/ainex_controller:/home/hrs2025/git_website/HRS--Gomoku-Game-with-AiNex/install/servo_service:/home/hrs2025/git_website/HRS--Gomoku-Game-with-AiNex/install/ainex_description:/home/hrs2025/Workspace/src/ainex_controller/install/ainex_controller:/opt/ros/jazzy DEBUGINFOD_URLS=https://debuginfod.ubuntu.com PYTHONPATH=/home/hrs2025/git_website/HRS--Gomoku-Game-with-AiNex/build/ainex_controller/prefix_override:/usr/lib/python3/dist-packages/colcon_core/task/python/colcon_distutils_commands:/home/hrs2025/git_website/HRS--Gomoku-Game-with-AiNex/install/ainex_controller/lib/python3.12/site-packages:/home/hrs2025/git_website/HRS--Gomoku-Game-with-AiNex/build/ainex_social_robot:/home/hrs2025/git_website/HRS--Gomoku-Game-with-AiNex/install/ainex_social_robot/lib/python3.12/site-packages:/home/hrs2025/git_website/HRS--Gomoku-Game-with-AiNex/build/ainex_motion:/home/hrs2025/git_website/HRS--Gomoku-Game-with-AiNex/install/ainex_motion/lib/python3.12/site-packages:/home/hrs2025/git_website/HRS--Gomoku-Game-with-AiNex/install/servo_service/lib/python3.12/site-packages:/home/hrs2025/git_website/HRS--Gomoku-Game-with-AiNex/build/ainex_vision:/home/hrs2025/git_website/HRS--Gomoku-Game-with-AiNex/install/ainex_vision/lib/python3.12/site-packages:/home/hrs2025/git_website/HRS--Gomoku-Game-with-AiNex/build/ainex_controller:/home/hrs2025/git_website/HRS--Gomoku-Game-with-AiNex/install/ainex_controller/lib/python3.12/site-packages:/home/hrs2025/Workspace/src/ainex_controller/build/ainex_controller:/home/hrs2025/Workspace/src/ainex_controller/install/ainex_controller/lib/python3.12/site-packages:/opt/openrobots/lib/python3.12/site-packages:/opt/ros/jazzy/lib/python3.12/site-packages:/home/hrs2025/my_venv/lib/python3.12/site-packages /usr/bin/python3 -W ignore:setup.py install is deprecated -W ignore:easy_install command is deprecated setup.py develop --editable --build-directory /home/hrs2025/git_website/HRS--Gomoku-Game-with-AiNex/build/ainex_controller/build --no-deps symlink_data
[24.821s] INFO:colcon.colcon_core.shell:Creating environment descriptor '/home/hrs2025/git_website/HRS--Gomoku-Game-with-AiNex/build/ainex_controller/share/ainex_controller/hook/pythonpath_develop.dsv'
[24.821s] INFO:colcon.colcon_core.shell:Creating environment hook '/home/hrs2025/git_website/HRS--Gomoku-Game-with-AiNex/build/ainex_controller/share/ainex_controller/hook/pythonpath_develop.sh'
[24.822s] Level 1:colcon.colcon_core.environment:checking '/home/hrs2025/git_website/HRS--Gomoku-Game-with-AiNex/install/ainex_controller' for CMake module files
[24.822s] Level 1:colcon.colcon_core.environment:checking '/home/hrs2025/git_website/HRS--Gomoku-Game-with-AiNex/install/ainex_controller' for CMake config files
[24.823s] Level 1:colcon.colcon_core.environment:checking '/home/hrs2025/git_website/HRS--Gomoku-Game-with-AiNex/install/ainex_controller/lib'
[24.823s] Level 1:colcon.colcon_core.environment:checking '/home/hrs2025/git_website/HRS--Gomoku-Game-with-AiNex/install/ainex_controller/bin'
[24.823s] Level 1:colcon.colcon_core.environment:checking '/home/hrs2025/git_website/HRS--Gomoku-Game-with-AiNex/install/ainex_controller/lib/pkgconfig/ainex_controller.pc'
[24.823s] Level 1:colcon.colcon_core.environment:checking '/home/hrs2025/git_website/HRS--Gomoku-Game-with-AiNex/install/ainex_controller/lib/python3.12/site-packages'
[24.823s] Level 1:colcon.colcon_core.shell:create_environment_hook('ainex_controller', 'pythonpath')
[24.823s] INFO:colcon.colcon_core.shell:Creating environment hook '/home/hrs2025/git_website/HRS--Gomoku-Game-with-AiNex/install/ainex_controller/share/ainex_controller/hook/pythonpath.ps1'
[24.824s] INFO:colcon.colcon_core.shell:Creating environment descriptor '/home/hrs2025/git_website/HRS--Gomoku-Game-with-AiNex/install/ainex_controller/share/ainex_controller/hook/pythonpath.dsv'
[24.824s] INFO:colcon.colcon_core.shell:Creating environment hook '/home/hrs2025/git_website/HRS--Gomoku-Game-with-AiNex/install/ainex_controller/share/ainex_controller/hook/pythonpath.sh'
[24.825s] Level 1:colcon.colcon_core.environment:checking '/home/hrs2025/git_website/HRS--Gomoku-Game-with-AiNex/install/ainex_controller/bin'
[24.825s] Level 1:colcon.colcon_core.environment:create_environment_scripts_only(ainex_controller)
[24.825s] INFO:colcon.colcon_core.shell:Creating package script '/home/hrs2025/git_website/HRS--Gomoku-Game-with-AiNex/install/ainex_controller/share/ainex_controller/package.ps1'
[24.826s] INFO:colcon.colcon_core.shell:Creating package descriptor '/home/hrs2025/git_website/HRS--Gomoku-Game-with-AiNex/install/ainex_controller/share/ainex_controller/package.dsv'
[24.826s] INFO:colcon.colcon_core.shell:Creating package script '/home/hrs2025/git_website/HRS--Gomoku-Game-with-AiNex/install/ainex_controller/share/ainex_controller/package.sh'
[24.827s] INFO:colcon.colcon_core.shell:Creating package script '/home/hrs2025/git_website/HRS--Gomoku-Game-with-AiNex/install/ainex_controller/share/ainex_controller/package.bash'
[24.827s] INFO:colcon.colcon_core.shell:Creating package script '/home/hrs2025/git_website/HRS--Gomoku-Game-with-AiNex/install/ainex_controller/share/ainex_controller/package.zsh'
[24.827s] Level 1:colcon.colcon_core.environment:create_file_with_runtime_dependencies(/home/hrs2025/git_website/HRS--Gomoku-Game-with-AiNex/install/ainex_controller/share/colcon-core/packages/ainex_controller)
[24.828s] DEBUG:colcon.colcon_parallel_executor.executor.parallel:closing loop
[24.828s] DEBUG:colcon.colcon_parallel_executor.executor.parallel:loop closed
[24.828s] DEBUG:colcon.colcon_parallel_executor.executor.parallel:run_until_complete finished with '0'
[24.828s] DEBUG:colcon.colcon_core.event_reactor:joining thread
[24.835s] INFO:colcon.colcon_core.plugin_system:Skipping extension 'colcon_notification.desktop_notification.terminal_notifier': Not used on non-Darwin systems
[24.835s] INFO:colcon.colcon_core.plugin_system:Skipping extension 'colcon_notification.desktop_notification.win32': Not used on non-Windows systems
[24.835s] INFO:colcon.colcon_notification.desktop_notification:Sending desktop notification using 'notify2'
[24.859s] DEBUG:colcon.colcon_core.event_reactor:joined thread
[24.860s] INFO:colcon.colcon_core.shell:Creating prefix script '/home/hrs2025/git_website/HRS--Gomoku-Game-with-AiNex/install/local_setup.ps1'
[24.861s] INFO:colcon.colcon_core.shell:Creating prefix util module '/home/hrs2025/git_website/HRS--Gomoku-Game-with-AiNex/install/_local_setup_util_ps1.py'
[24.862s] INFO:colcon.colcon_core.shell:Creating prefix chain script '/home/hrs2025/git_website/HRS--Gomoku-Game-with-AiNex/install/setup.ps1'
[24.863s] INFO:colcon.colcon_core.shell:Creating prefix script '/home/hrs2025/git_website/HRS--Gomoku-Game-with-AiNex/install/local_setup.sh'
[24.864s] INFO:colcon.colcon_core.shell:Creating prefix util module '/home/hrs2025/git_website/HRS--Gomoku-Game-with-AiNex/install/_local_setup_util_sh.py'
[24.864s] INFO:colcon.colcon_core.shell:Creating prefix chain script '/home/hrs2025/git_website/HRS--Gomoku-Game-with-AiNex/install/setup.sh'
[24.866s] INFO:colcon.colcon_core.shell:Creating prefix script '/home/hrs2025/git_website/HRS--Gomoku-Game-with-AiNex/install/local_setup.bash'
[24.866s] INFO:colcon.colcon_core.shell:Creating prefix chain script '/home/hrs2025/git_website/HRS--Gomoku-Game-with-AiNex/install/setup.bash'
[24.867s] INFO:colcon.colcon_core.shell:Creating prefix script '/home/hrs2025/git_website/HRS--Gomoku-Game-with-AiNex/install/local_setup.zsh'
[24.868s] INFO:colcon.colcon_core.shell:Creating prefix chain script '/home/hrs2025/git_website/HRS--Gomoku-Game-with-AiNex/install/setup.zsh'
