[0.999s] Invoking command in '/home/hrs2025/20260121/build/ainex_vision': DEBUGINFOD_URLS=https://debuginfod.ubuntu.com PYTHONPATH=/home/hrs2025/20260121/build/ainex_vision/prefix_override:/usr/lib/python3/dist-packages/colcon_core/task/python/colcon_distutils_commands:/home/hrs2025/20260121/install/ainex_vision/lib/python3.12/site-packages:${PYTHONPATH} /usr/bin/python3 -W ignore:setup.py install is deprecated -W ignore:easy_install command is deprecated setup.py develop --editable --build-directory /home/hrs2025/20260121/build/ainex_vision/build --no-deps symlink_data
[1.404s] running develop
[1.654s] running egg_info
[1.677s] writing ainex_vision.egg-info/PKG-INFO
[1.677s] writing dependency_links to ainex_vision.egg-info/dependency_links.txt
[1.677s] writing entry points to ainex_vision.egg-info/entry_points.txt
[1.678s] writing requirements to ainex_vision.egg-info/requires.txt
[1.678s] writing top-level names to ainex_vision.egg-info/top_level.txt
[1.725s] reading manifest file 'ainex_vision.egg-info/SOURCES.txt'
[1.725s] writing manifest file 'ainex_vision.egg-info/SOURCES.txt'
[1.750s] running build_ext
[1.750s] Creating /home/hrs2025/20260121/install/ainex_vision/lib/python3.12/site-packages/ainex-vision.egg-link (link to .)
[1.751s] Installing arrayoutput script to /home/hrs2025/20260121/install/ainex_vision/lib/ainex_vision
[1.751s] Installing aruco_board_location script to /home/hrs2025/20260121/install/ainex_vision/lib/ainex_vision
[1.751s] Installing aruco_detector script to /home/hrs2025/20260121/install/ainex_vision/lib/ainex_vision
[1.752s] Installing calibrate_camera script to /home/hrs2025/20260121/install/ainex_vision/lib/ainex_vision
[1.752s] Installing calibration script to /home/hrs2025/20260121/install/ainex_vision/lib/ainex_vision
[1.752s] Installing camera_sub script to /home/hrs2025/20260121/install/ainex_vision/lib/ainex_vision
[1.752s] Installing face_detection_node script to /home/hrs2025/20260121/install/ainex_vision/lib/ainex_vision
[1.752s] Installing pieces_detection script to /home/hrs2025/20260121/install/ainex_vision/lib/ainex_vision
[1.752s] Installing tutorial_2 script to /home/hrs2025/20260121/install/ainex_vision/lib/ainex_vision
[1.753s] Installing tutorial_3 script to /home/hrs2025/20260121/install/ainex_vision/lib/ainex_vision
[1.753s] Installing tutorial_4 script to /home/hrs2025/20260121/install/ainex_vision/lib/ainex_vision
[1.753s] Installing undistort_node script to /home/hrs2025/20260121/install/ainex_vision/lib/ainex_vision
[1.753s] 
[1.753s] Installed /home/hrs2025/20260121/build/ainex_vision
[1.753s] running symlink_data
[1.786s] Invoked command in '/home/hrs2025/20260121/build/ainex_vision' returned '0': DEBUGINFOD_URLS=https://debuginfod.ubuntu.com PYTHONPATH=/home/hrs2025/20260121/build/ainex_vision/prefix_override:/usr/lib/python3/dist-packages/colcon_core/task/python/colcon_distutils_commands:/home/hrs2025/20260121/install/ainex_vision/lib/python3.12/site-packages:${PYTHONPATH} /usr/bin/python3 -W ignore:setup.py install is deprecated -W ignore:easy_install command is deprecated setup.py develop --editable --build-directory /home/hrs2025/20260121/build/ainex_vision/build --no-deps symlink_data
