[1.313s] Invoking command in '/home/hrs2025/git_website/HRS--Gomoku-Game-with-AiNex/build/ainex_vision': DEBUGINFOD_URLS=https://debuginfod.ubuntu.com PYTHONPATH=/home/hrs2025/git_website/HRS--Gomoku-Game-with-AiNex/build/ainex_vision/prefix_override:/usr/lib/python3/dist-packages/colcon_core/task/python/colcon_distutils_commands:/home/hrs2025/git_website/HRS--Gomoku-Game-with-AiNex/install/ainex_vision/lib/python3.12/site-packages:${PYTHONPATH} /usr/bin/python3 -W ignore:setup.py install is deprecated -W ignore:easy_install command is deprecated setup.py develop --editable --build-directory /home/hrs2025/git_website/HRS--Gomoku-Game-with-AiNex/build/ainex_vision/build --no-deps symlink_data
[1.711s] running develop
[1.983s] running egg_info
[2.011s] writing ainex_vision.egg-info/PKG-INFO
[2.011s] writing dependency_links to ainex_vision.egg-info/dependency_links.txt
[2.012s] writing entry points to ainex_vision.egg-info/entry_points.txt
[2.012s] writing requirements to ainex_vision.egg-info/requires.txt
[2.012s] writing top-level names to ainex_vision.egg-info/top_level.txt
[2.064s] reading manifest file 'ainex_vision.egg-info/SOURCES.txt'
[2.065s] writing manifest file 'ainex_vision.egg-info/SOURCES.txt'
[2.089s] running build_ext
[2.089s] Creating /home/hrs2025/git_website/HRS--Gomoku-Game-with-AiNex/install/ainex_vision/lib/python3.12/site-packages/ainex-vision.egg-link (link to .)
[2.090s] Installing arrayoutput script to /home/hrs2025/git_website/HRS--Gomoku-Game-with-AiNex/install/ainex_vision/lib/ainex_vision
[2.090s] Installing aruco_board_location script to /home/hrs2025/git_website/HRS--Gomoku-Game-with-AiNex/install/ainex_vision/lib/ainex_vision
[2.091s] Installing aruco_detector script to /home/hrs2025/git_website/HRS--Gomoku-Game-with-AiNex/install/ainex_vision/lib/ainex_vision
[2.091s] Installing board_to_base script to /home/hrs2025/git_website/HRS--Gomoku-Game-with-AiNex/install/ainex_vision/lib/ainex_vision
[2.091s] Installing calibrate_camera script to /home/hrs2025/git_website/HRS--Gomoku-Game-with-AiNex/install/ainex_vision/lib/ainex_vision
[2.091s] Installing calibration script to /home/hrs2025/git_website/HRS--Gomoku-Game-with-AiNex/install/ainex_vision/lib/ainex_vision
[2.091s] Installing camera_sub script to /home/hrs2025/git_website/HRS--Gomoku-Game-with-AiNex/install/ainex_vision/lib/ainex_vision
[2.091s] Installing face_detection_node script to /home/hrs2025/git_website/HRS--Gomoku-Game-with-AiNex/install/ainex_vision/lib/ainex_vision
[2.091s] Installing pieces_detection script to /home/hrs2025/git_website/HRS--Gomoku-Game-with-AiNex/install/ainex_vision/lib/ainex_vision
[2.091s] Installing sym_point script to /home/hrs2025/git_website/HRS--Gomoku-Game-with-AiNex/install/ainex_vision/lib/ainex_vision
[2.091s] Installing tutorial_2 script to /home/hrs2025/git_website/HRS--Gomoku-Game-with-AiNex/install/ainex_vision/lib/ainex_vision
[2.092s] Installing tutorial_3 script to /home/hrs2025/git_website/HRS--Gomoku-Game-with-AiNex/install/ainex_vision/lib/ainex_vision
[2.092s] Installing tutorial_4 script to /home/hrs2025/git_website/HRS--Gomoku-Game-with-AiNex/install/ainex_vision/lib/ainex_vision
[2.092s] Installing undistort_node script to /home/hrs2025/git_website/HRS--Gomoku-Game-with-AiNex/install/ainex_vision/lib/ainex_vision
[2.092s] 
[2.092s] Installed /home/hrs2025/git_website/HRS--Gomoku-Game-with-AiNex/build/ainex_vision
[2.092s] running symlink_data
[2.128s] Invoked command in '/home/hrs2025/git_website/HRS--Gomoku-Game-with-AiNex/build/ainex_vision' returned '0': DEBUGINFOD_URLS=https://debuginfod.ubuntu.com PYTHONPATH=/home/hrs2025/git_website/HRS--Gomoku-Game-with-AiNex/build/ainex_vision/prefix_override:/usr/lib/python3/dist-packages/colcon_core/task/python/colcon_distutils_commands:/home/hrs2025/git_website/HRS--Gomoku-Game-with-AiNex/install/ainex_vision/lib/python3.12/site-packages:${PYTHONPATH} /usr/bin/python3 -W ignore:setup.py install is deprecated -W ignore:easy_install command is deprecated setup.py develop --editable --build-directory /home/hrs2025/git_website/HRS--Gomoku-Game-with-AiNex/build/ainex_vision/build --no-deps symlink_data
