running develop
running egg_info
writing ainex_vision.egg-info/PKG-INFO
writing dependency_links to ainex_vision.egg-info/dependency_links.txt
writing entry points to ainex_vision.egg-info/entry_points.txt
writing requirements to ainex_vision.egg-info/requires.txt
writing top-level names to ainex_vision.egg-info/top_level.txt
reading manifest file 'ainex_vision.egg-info/SOURCES.txt'
writing manifest file 'ainex_vision.egg-info/SOURCES.txt'
running build_ext
Creating /home/hrs2025/Workspace/src/ainex_vision/install/ainex_vision/lib/python3.12/site-packages/ainex-vision.egg-link (link to .)
Installing aruco_detector script to /home/hrs2025/Workspace/src/ainex_vision/install/ainex_vision/lib/ainex_vision
Installing calibrate_camera script to /home/hrs2025/Workspace/src/ainex_vision/install/ainex_vision/lib/ainex_vision
Installing calibration script to /home/hrs2025/Workspace/src/ainex_vision/install/ainex_vision/lib/ainex_vision
Installing camera_sub script to /home/hrs2025/Workspace/src/ainex_vision/install/ainex_vision/lib/ainex_vision
Installing face_detection_node script to /home/hrs2025/Workspace/src/ainex_vision/install/ainex_vision/lib/ainex_vision
Installing tutorial_2 script to /home/hrs2025/Workspace/src/ainex_vision/install/ainex_vision/lib/ainex_vision
Installing tutorial_3 script to /home/hrs2025/Workspace/src/ainex_vision/install/ainex_vision/lib/ainex_vision
Installing tutorial_4 script to /home/hrs2025/Workspace/src/ainex_vision/install/ainex_vision/lib/ainex_vision
Installing undistort_node script to /home/hrs2025/Workspace/src/ainex_vision/install/ainex_vision/lib/ainex_vision

Installed /home/hrs2025/Workspace/src/ainex_vision/build/ainex_vision
running symlink_data
