[0.107s] DEBUG:colcon:Command line arguments: ['/usr/bin/colcon', 'build', '--symlink-install']
[0.107s] DEBUG:colcon:Parsed command line arguments: Namespace(log_base=None, log_level=None, verb_name='build', build_base='build', install_base='install', merge_install=False, symlink_install=True, test_result_base=None, continue_on_error=False, executor='parallel', parallel_workers=8, event_handlers=None, ignore_user_meta=False, metas=['./colcon.meta'], base_paths=['.'], packages_ignore=None, packages_ignore_regex=None, paths=None, packages_up_to=None, packages_up_to_regex=None, packages_above=None, packages_above_and_dependencies=None, packages_above_depth=None, packages_select_by_dep=None, packages_skip_by_dep=None, packages_skip_up_to=None, packages_select_build_failed=False, packages_skip_build_finished=False, packages_select_test_failures=False, packages_skip_test_passed=False, packages_select=None, packages_skip=None, packages_select_regex=None, packages_skip_regex=None, packages_start=None, packages_end=None, allow_overriding=[], cmake_args=None, cmake_target=None, cmake_target_skip_unavailable=False, cmake_clean_cache=False, cmake_clean_first=False, cmake_force_configure=False, ament_cmake_args=None, catkin_cmake_args=None, catkin_skip_building_tests=False, mixin_files=None, mixin=None, verb_parser=<colcon_mixin.mixin.mixin_argument.MixinArgumentDecorator object at 0x70b8e528ac30>, verb_extension=<colcon_core.verb.build.BuildVerb object at 0x70b8e528a810>, main=<bound method BuildVerb.main of <colcon_core.verb.build.BuildVerb object at 0x70b8e528a810>>, mixin_verb=('build',))
[0.145s] Level 1:colcon.colcon_core.package_discovery:discover_packages(colcon_meta) check parameters
[0.145s] Level 1:colcon.colcon_core.package_discovery:discover_packages(recursive) check parameters
[0.145s] Level 1:colcon.colcon_core.package_discovery:discover_packages(ignore) check parameters
[0.145s] Level 1:colcon.colcon_core.package_discovery:discover_packages(path) check parameters
[0.145s] Level 1:colcon.colcon_core.package_discovery:discover_packages(colcon_meta) discover
[0.145s] Level 1:colcon.colcon_core.package_discovery:discover_packages(recursive) discover
[0.145s] INFO:colcon.colcon_core.package_discovery:Crawling recursively for packages in '/home/hrs2025/20260121'
[0.145s] Level 1:colcon.colcon_core.package_identification:_identify(.) by extensions ['ignore', 'ignore_ament_install']
[0.145s] Level 1:colcon.colcon_core.package_identification:_identify(.) by extension 'ignore'
[0.145s] Level 1:colcon.colcon_core.package_identification:_identify(.) by extension 'ignore_ament_install'
[0.145s] Level 1:colcon.colcon_core.package_identification:_identify(.) by extensions ['colcon_pkg']
[0.145s] Level 1:colcon.colcon_core.package_identification:_identify(.) by extension 'colcon_pkg'
[0.145s] Level 1:colcon.colcon_core.package_identification:_identify(.) by extensions ['colcon_meta']
[0.145s] Level 1:colcon.colcon_core.package_identification:_identify(.) by extension 'colcon_meta'
[0.145s] Level 1:colcon.colcon_core.package_identification:_identify(.) by extensions ['ros']
[0.145s] Level 1:colcon.colcon_core.package_identification:_identify(.) by extension 'ros'
[0.169s] Level 1:colcon.colcon_core.package_identification:_identify(.) by extensions ['cmake', 'python']
[0.169s] Level 1:colcon.colcon_core.package_identification:_identify(.) by extension 'cmake'
[0.169s] Level 1:colcon.colcon_core.package_identification:_identify(.) by extension 'python'
[0.169s] Level 1:colcon.colcon_core.package_identification:_identify(.) by extensions ['python_setup_py']
[0.169s] Level 1:colcon.colcon_core.package_identification:_identify(.) by extension 'python_setup_py'
[0.169s] Level 1:colcon.colcon_core.package_identification:_identify(build) by extensions ['ignore', 'ignore_ament_install']
[0.169s] Level 1:colcon.colcon_core.package_identification:_identify(build) by extension 'ignore'
[0.169s] Level 1:colcon.colcon_core.package_identification:_identify(build) ignored
[0.170s] Level 1:colcon.colcon_core.package_identification:_identify(install) by extensions ['ignore', 'ignore_ament_install']
[0.170s] Level 1:colcon.colcon_core.package_identification:_identify(install) by extension 'ignore'
[0.170s] Level 1:colcon.colcon_core.package_identification:_identify(install) ignored
[0.170s] Level 1:colcon.colcon_core.package_identification:_identify(log) by extensions ['ignore', 'ignore_ament_install']
[0.170s] Level 1:colcon.colcon_core.package_identification:_identify(log) by extension 'ignore'
[0.170s] Level 1:colcon.colcon_core.package_identification:_identify(log) ignored
[0.170s] Level 1:colcon.colcon_core.package_identification:_identify(src) by extensions ['ignore', 'ignore_ament_install']
[0.170s] Level 1:colcon.colcon_core.package_identification:_identify(src) by extension 'ignore'
[0.170s] Level 1:colcon.colcon_core.package_identification:_identify(src) by extension 'ignore_ament_install'
[0.170s] Level 1:colcon.colcon_core.package_identification:_identify(src) by extensions ['colcon_pkg']
[0.170s] Level 1:colcon.colcon_core.package_identification:_identify(src) by extension 'colcon_pkg'
[0.170s] Level 1:colcon.colcon_core.package_identification:_identify(src) by extensions ['colcon_meta']
[0.170s] Level 1:colcon.colcon_core.package_identification:_identify(src) by extension 'colcon_meta'
[0.170s] Level 1:colcon.colcon_core.package_identification:_identify(src) by extensions ['ros']
[0.170s] Level 1:colcon.colcon_core.package_identification:_identify(src) by extension 'ros'
[0.170s] Level 1:colcon.colcon_core.package_identification:_identify(src) by extensions ['cmake', 'python']
[0.170s] Level 1:colcon.colcon_core.package_identification:_identify(src) by extension 'cmake'
[0.170s] Level 1:colcon.colcon_core.package_identification:_identify(src) by extension 'python'
[0.170s] Level 1:colcon.colcon_core.package_identification:_identify(src) by extensions ['python_setup_py']
[0.170s] Level 1:colcon.colcon_core.package_identification:_identify(src) by extension 'python_setup_py'
[0.171s] Level 1:colcon.colcon_core.package_identification:_identify(src/ainex_controller) by extensions ['ignore', 'ignore_ament_install']
[0.171s] Level 1:colcon.colcon_core.package_identification:_identify(src/ainex_controller) by extension 'ignore'
[0.171s] Level 1:colcon.colcon_core.package_identification:_identify(src/ainex_controller) by extension 'ignore_ament_install'
[0.171s] Level 1:colcon.colcon_core.package_identification:_identify(src/ainex_controller) by extensions ['colcon_pkg']
[0.171s] Level 1:colcon.colcon_core.package_identification:_identify(src/ainex_controller) by extension 'colcon_pkg'
[0.171s] Level 1:colcon.colcon_core.package_identification:_identify(src/ainex_controller) by extensions ['colcon_meta']
[0.171s] Level 1:colcon.colcon_core.package_identification:_identify(src/ainex_controller) by extension 'colcon_meta'
[0.171s] Level 1:colcon.colcon_core.package_identification:_identify(src/ainex_controller) by extensions ['ros']
[0.171s] Level 1:colcon.colcon_core.package_identification:_identify(src/ainex_controller) by extension 'ros'
[0.173s] DEBUG:colcon.colcon_core.package_identification:Package 'src/ainex_controller' with type 'ros.ament_python' and name 'ainex_controller'
[0.173s] Level 1:colcon.colcon_core.package_identification:_identify(src/ainex_description) by extensions ['ignore', 'ignore_ament_install']
[0.173s] Level 1:colcon.colcon_core.package_identification:_identify(src/ainex_description) by extension 'ignore'
[0.173s] Level 1:colcon.colcon_core.package_identification:_identify(src/ainex_description) by extension 'ignore_ament_install'
[0.173s] Level 1:colcon.colcon_core.package_identification:_identify(src/ainex_description) by extensions ['colcon_pkg']
[0.173s] Level 1:colcon.colcon_core.package_identification:_identify(src/ainex_description) by extension 'colcon_pkg'
[0.173s] Level 1:colcon.colcon_core.package_identification:_identify(src/ainex_description) by extensions ['colcon_meta']
[0.174s] Level 1:colcon.colcon_core.package_identification:_identify(src/ainex_description) by extension 'colcon_meta'
[0.174s] Level 1:colcon.colcon_core.package_identification:_identify(src/ainex_description) by extensions ['ros']
[0.174s] Level 1:colcon.colcon_core.package_identification:_identify(src/ainex_description) by extension 'ros'
[0.174s] DEBUG:colcon.colcon_core.package_identification:Package 'src/ainex_description' with type 'ros.ament_cmake' and name 'ainex_description'
[0.174s] Level 1:colcon.colcon_core.package_identification:_identify(src/ainex_motion) by extensions ['ignore', 'ignore_ament_install']
[0.174s] Level 1:colcon.colcon_core.package_identification:_identify(src/ainex_motion) by extension 'ignore'
[0.174s] Level 1:colcon.colcon_core.package_identification:_identify(src/ainex_motion) by extension 'ignore_ament_install'
[0.174s] Level 1:colcon.colcon_core.package_identification:_identify(src/ainex_motion) by extensions ['colcon_pkg']
[0.174s] Level 1:colcon.colcon_core.package_identification:_identify(src/ainex_motion) by extension 'colcon_pkg'
[0.174s] Level 1:colcon.colcon_core.package_identification:_identify(src/ainex_motion) by extensions ['colcon_meta']
[0.174s] Level 1:colcon.colcon_core.package_identification:_identify(src/ainex_motion) by extension 'colcon_meta'
[0.174s] Level 1:colcon.colcon_core.package_identification:_identify(src/ainex_motion) by extensions ['ros']
[0.175s] Level 1:colcon.colcon_core.package_identification:_identify(src/ainex_motion) by extension 'ros'
[0.175s] DEBUG:colcon.colcon_core.package_identification:Package 'src/ainex_motion' with type 'ros.ament_python' and name 'ainex_motion'
[0.175s] Level 1:colcon.colcon_core.package_identification:_identify(src/ainex_social_robot) by extensions ['ignore', 'ignore_ament_install']
[0.175s] Level 1:colcon.colcon_core.package_identification:_identify(src/ainex_social_robot) by extension 'ignore'
[0.175s] Level 1:colcon.colcon_core.package_identification:_identify(src/ainex_social_robot) by extension 'ignore_ament_install'
[0.175s] Level 1:colcon.colcon_core.package_identification:_identify(src/ainex_social_robot) by extensions ['colcon_pkg']
[0.175s] Level 1:colcon.colcon_core.package_identification:_identify(src/ainex_social_robot) by extension 'colcon_pkg'
[0.175s] Level 1:colcon.colcon_core.package_identification:_identify(src/ainex_social_robot) by extensions ['colcon_meta']
[0.175s] Level 1:colcon.colcon_core.package_identification:_identify(src/ainex_social_robot) by extension 'colcon_meta'
[0.175s] Level 1:colcon.colcon_core.package_identification:_identify(src/ainex_social_robot) by extensions ['ros']
[0.175s] Level 1:colcon.colcon_core.package_identification:_identify(src/ainex_social_robot) by extension 'ros'
[0.176s] DEBUG:colcon.colcon_core.package_identification:Package 'src/ainex_social_robot' with type 'ros.ament_python' and name 'ainex_social_robot'
[0.176s] Level 1:colcon.colcon_core.package_identification:_identify(src/ainex_vision) by extensions ['ignore', 'ignore_ament_install']
[0.176s] Level 1:colcon.colcon_core.package_identification:_identify(src/ainex_vision) by extension 'ignore'
[0.176s] Level 1:colcon.colcon_core.package_identification:_identify(src/ainex_vision) by extension 'ignore_ament_install'
[0.176s] Level 1:colcon.colcon_core.package_identification:_identify(src/ainex_vision) by extensions ['colcon_pkg']
[0.176s] Level 1:colcon.colcon_core.package_identification:_identify(src/ainex_vision) by extension 'colcon_pkg'
[0.176s] Level 1:colcon.colcon_core.package_identification:_identify(src/ainex_vision) by extensions ['colcon_meta']
[0.176s] Level 1:colcon.colcon_core.package_identification:_identify(src/ainex_vision) by extension 'colcon_meta'
[0.177s] Level 1:colcon.colcon_core.package_identification:_identify(src/ainex_vision) by extensions ['ros']
[0.177s] Level 1:colcon.colcon_core.package_identification:_identify(src/ainex_vision) by extension 'ros'
[0.177s] DEBUG:colcon.colcon_core.package_identification:Package 'src/ainex_vision' with type 'ros.ament_python' and name 'ainex_vision'
[0.177s] Level 1:colcon.colcon_core.package_identification:_identify(src/build) by extensions ['ignore', 'ignore_ament_install']
[0.177s] Level 1:colcon.colcon_core.package_identification:_identify(src/build) by extension 'ignore'
[0.177s] Level 1:colcon.colcon_core.package_identification:_identify(src/build) ignored
[0.177s] Level 1:colcon.colcon_core.package_identification:_identify(src/install) by extensions ['ignore', 'ignore_ament_install']
[0.177s] Level 1:colcon.colcon_core.package_identification:_identify(src/install) by extension 'ignore'
[0.177s] Level 1:colcon.colcon_core.package_identification:_identify(src/install) ignored
[0.177s] Level 1:colcon.colcon_core.package_identification:_identify(src/log) by extensions ['ignore', 'ignore_ament_install']
[0.178s] Level 1:colcon.colcon_core.package_identification:_identify(src/log) by extension 'ignore'
[0.178s] Level 1:colcon.colcon_core.package_identification:_identify(src/log) ignored
[0.178s] Level 1:colcon.colcon_core.package_identification:_identify(src/servo_service) by extensions ['ignore', 'ignore_ament_install']
[0.178s] Level 1:colcon.colcon_core.package_identification:_identify(src/servo_service) by extension 'ignore'
[0.178s] Level 1:colcon.colcon_core.package_identification:_identify(src/servo_service) by extension 'ignore_ament_install'
[0.178s] Level 1:colcon.colcon_core.package_identification:_identify(src/servo_service) by extensions ['colcon_pkg']
[0.178s] Level 1:colcon.colcon_core.package_identification:_identify(src/servo_service) by extension 'colcon_pkg'
[0.178s] Level 1:colcon.colcon_core.package_identification:_identify(src/servo_service) by extensions ['colcon_meta']
[0.178s] Level 1:colcon.colcon_core.package_identification:_identify(src/servo_service) by extension 'colcon_meta'
[0.178s] Level 1:colcon.colcon_core.package_identification:_identify(src/servo_service) by extensions ['ros']
[0.178s] Level 1:colcon.colcon_core.package_identification:_identify(src/servo_service) by extension 'ros'
[0.178s] DEBUG:colcon.colcon_core.package_identification:Package 'src/servo_service' with type 'ros.ament_cmake' and name 'servo_service'
[0.178s] Level 1:colcon.colcon_core.package_discovery:discover_packages(recursive) using defaults
[0.179s] Level 1:colcon.colcon_core.package_discovery:discover_packages(ignore) discover
[0.179s] Level 1:colcon.colcon_core.package_discovery:discover_packages(ignore) using defaults
[0.179s] Level 1:colcon.colcon_core.package_discovery:discover_packages(path) discover
[0.179s] Level 1:colcon.colcon_core.package_discovery:discover_packages(path) using defaults
[0.196s] Level 1:colcon.colcon_core.package_discovery:discover_packages(prefix_path) check parameters
[0.196s] Level 1:colcon.colcon_core.package_discovery:discover_packages(prefix_path) discover
[0.197s] WARNING:colcon.colcon_core.prefix_path.colcon:The path '/home/hrs2025/backup/20260121/install' in the environment variable COLCON_PREFIX_PATH doesn't exist
[0.197s] WARNING:colcon.colcon_ros.prefix_path.ament:The path '/home/hrs2025/backup/20260121/install/ainex_controller' in the environment variable AMENT_PREFIX_PATH doesn't exist
[0.197s] WARNING:colcon.colcon_ros.prefix_path.ament:The path '/home/hrs2025/backup/20260121/install/ainex_social_robot' in the environment variable AMENT_PREFIX_PATH doesn't exist
[0.197s] WARNING:colcon.colcon_ros.prefix_path.ament:The path '/home/hrs2025/backup/20260121/install/ainex_motion' in the environment variable AMENT_PREFIX_PATH doesn't exist
[0.197s] WARNING:colcon.colcon_ros.prefix_path.ament:The path '/home/hrs2025/backup/20260121/install/servo_service' in the environment variable AMENT_PREFIX_PATH doesn't exist
[0.197s] WARNING:colcon.colcon_ros.prefix_path.ament:The path '/home/hrs2025/backup/20260121/install/ainex_vision' in the environment variable AMENT_PREFIX_PATH doesn't exist
[0.197s] WARNING:colcon.colcon_ros.prefix_path.ament:The path '/home/hrs2025/backup/20260121/install/ainex_description' in the environment variable AMENT_PREFIX_PATH doesn't exist
[0.197s] WARNING:colcon.colcon_ros.prefix_path.catkin:The path '/home/hrs2025/backup/20260121/install/servo_service' in the environment variable CMAKE_PREFIX_PATH doesn't exist
[0.197s] WARNING:colcon.colcon_ros.prefix_path.catkin:The path '/home/hrs2025/backup/20260121/install/ainex_description' in the environment variable CMAKE_PREFIX_PATH doesn't exist
[0.198s] DEBUG:colcon.colcon_installed_package_information.package_discovery:Found 6 installed packages in /home/hrs2025/Workspace/install
[0.201s] DEBUG:colcon.colcon_installed_package_information.package_discovery:Found 303 installed packages in /opt/ros/jazzy
[0.201s] Level 1:colcon.colcon_core.package_discovery:discover_packages(prefix_path) using defaults
[0.249s] Level 5:colcon.colcon_core.verb:set package 'ainex_description' build argument 'cmake_args' from command line to 'None'
[0.249s] Level 5:colcon.colcon_core.verb:set package 'ainex_description' build argument 'cmake_target' from command line to 'None'
[0.249s] Level 5:colcon.colcon_core.verb:set package 'ainex_description' build argument 'cmake_target_skip_unavailable' from command line to 'False'
[0.249s] Level 5:colcon.colcon_core.verb:set package 'ainex_description' build argument 'cmake_clean_cache' from command line to 'False'
[0.249s] Level 5:colcon.colcon_core.verb:set package 'ainex_description' build argument 'cmake_clean_first' from command line to 'False'
[0.249s] Level 5:colcon.colcon_core.verb:set package 'ainex_description' build argument 'cmake_force_configure' from command line to 'False'
[0.249s] Level 5:colcon.colcon_core.verb:set package 'ainex_description' build argument 'ament_cmake_args' from command line to 'None'
[0.249s] Level 5:colcon.colcon_core.verb:set package 'ainex_description' build argument 'catkin_cmake_args' from command line to 'None'
[0.249s] Level 5:colcon.colcon_core.verb:set package 'ainex_description' build argument 'catkin_skip_building_tests' from command line to 'False'
[0.249s] DEBUG:colcon.colcon_core.verb:Building package 'ainex_description' with the following arguments: {'ament_cmake_args': None, 'build_base': '/home/hrs2025/20260121/build/ainex_description', 'catkin_cmake_args': None, 'catkin_skip_building_tests': False, 'cmake_args': None, 'cmake_clean_cache': False, 'cmake_clean_first': False, 'cmake_force_configure': False, 'cmake_target': None, 'cmake_target_skip_unavailable': False, 'install_base': '/home/hrs2025/20260121/install/ainex_description', 'merge_install': False, 'path': '/home/hrs2025/20260121/src/ainex_description', 'symlink_install': True, 'test_result_base': None}
[0.250s] Level 5:colcon.colcon_core.verb:set package 'ainex_vision' build argument 'cmake_args' from command line to 'None'
[0.250s] Level 5:colcon.colcon_core.verb:set package 'ainex_vision' build argument 'cmake_target' from command line to 'None'
[0.250s] Level 5:colcon.colcon_core.verb:set package 'ainex_vision' build argument 'cmake_target_skip_unavailable' from command line to 'False'
[0.250s] Level 5:colcon.colcon_core.verb:set package 'ainex_vision' build argument 'cmake_clean_cache' from command line to 'False'
[0.250s] Level 5:colcon.colcon_core.verb:set package 'ainex_vision' build argument 'cmake_clean_first' from command line to 'False'
[0.250s] Level 5:colcon.colcon_core.verb:set package 'ainex_vision' build argument 'cmake_force_configure' from command line to 'False'
[0.250s] Level 5:colcon.colcon_core.verb:set package 'ainex_vision' build argument 'ament_cmake_args' from command line to 'None'
[0.250s] Level 5:colcon.colcon_core.verb:set package 'ainex_vision' build argument 'catkin_cmake_args' from command line to 'None'
[0.250s] Level 5:colcon.colcon_core.verb:set package 'ainex_vision' build argument 'catkin_skip_building_tests' from command line to 'False'
[0.250s] DEBUG:colcon.colcon_core.verb:Building package 'ainex_vision' with the following arguments: {'ament_cmake_args': None, 'build_base': '/home/hrs2025/20260121/build/ainex_vision', 'catkin_cmake_args': None, 'catkin_skip_building_tests': False, 'cmake_args': None, 'cmake_clean_cache': False, 'cmake_clean_first': False, 'cmake_force_configure': False, 'cmake_target': None, 'cmake_target_skip_unavailable': False, 'install_base': '/home/hrs2025/20260121/install/ainex_vision', 'merge_install': False, 'path': '/home/hrs2025/20260121/src/ainex_vision', 'symlink_install': True, 'test_result_base': None}
[0.250s] Level 5:colcon.colcon_core.verb:set package 'servo_service' build argument 'cmake_args' from command line to 'None'
[0.250s] Level 5:colcon.colcon_core.verb:set package 'servo_service' build argument 'cmake_target' from command line to 'None'
[0.250s] Level 5:colcon.colcon_core.verb:set package 'servo_service' build argument 'cmake_target_skip_unavailable' from command line to 'False'
[0.250s] Level 5:colcon.colcon_core.verb:set package 'servo_service' build argument 'cmake_clean_cache' from command line to 'False'
[0.250s] Level 5:colcon.colcon_core.verb:set package 'servo_service' build argument 'cmake_clean_first' from command line to 'False'
[0.250s] Level 5:colcon.colcon_core.verb:set package 'servo_service' build argument 'cmake_force_configure' from command line to 'False'
[0.250s] Level 5:colcon.colcon_core.verb:set package 'servo_service' build argument 'ament_cmake_args' from command line to 'None'
[0.250s] Level 5:colcon.colcon_core.verb:set package 'servo_service' build argument 'catkin_cmake_args' from command line to 'None'
[0.250s] Level 5:colcon.colcon_core.verb:set package 'servo_service' build argument 'catkin_skip_building_tests' from command line to 'False'
[0.250s] DEBUG:colcon.colcon_core.verb:Building package 'servo_service' with the following arguments: {'ament_cmake_args': None, 'build_base': '/home/hrs2025/20260121/build/servo_service', 'catkin_cmake_args': None, 'catkin_skip_building_tests': False, 'cmake_args': None, 'cmake_clean_cache': False, 'cmake_clean_first': False, 'cmake_force_configure': False, 'cmake_target': None, 'cmake_target_skip_unavailable': False, 'install_base': '/home/hrs2025/20260121/install/servo_service', 'merge_install': False, 'path': '/home/hrs2025/20260121/src/servo_service', 'symlink_install': True, 'test_result_base': None}
[0.251s] Level 5:colcon.colcon_core.verb:set package 'ainex_motion' build argument 'cmake_args' from command line to 'None'
[0.251s] Level 5:colcon.colcon_core.verb:set package 'ainex_motion' build argument 'cmake_target' from command line to 'None'
[0.251s] Level 5:colcon.colcon_core.verb:set package 'ainex_motion' build argument 'cmake_target_skip_unavailable' from command line to 'False'
[0.251s] Level 5:colcon.colcon_core.verb:set package 'ainex_motion' build argument 'cmake_clean_cache' from command line to 'False'
[0.251s] Level 5:colcon.colcon_core.verb:set package 'ainex_motion' build argument 'cmake_clean_first' from command line to 'False'
[0.251s] Level 5:colcon.colcon_core.verb:set package 'ainex_motion' build argument 'cmake_force_configure' from command line to 'False'
[0.251s] Level 5:colcon.colcon_core.verb:set package 'ainex_motion' build argument 'ament_cmake_args' from command line to 'None'
[0.251s] Level 5:colcon.colcon_core.verb:set package 'ainex_motion' build argument 'catkin_cmake_args' from command line to 'None'
[0.251s] Level 5:colcon.colcon_core.verb:set package 'ainex_motion' build argument 'catkin_skip_building_tests' from command line to 'False'
[0.251s] DEBUG:colcon.colcon_core.verb:Building package 'ainex_motion' with the following arguments: {'ament_cmake_args': None, 'build_base': '/home/hrs2025/20260121/build/ainex_motion', 'catkin_cmake_args': None, 'catkin_skip_building_tests': False, 'cmake_args': None, 'cmake_clean_cache': False, 'cmake_clean_first': False, 'cmake_force_configure': False, 'cmake_target': None, 'cmake_target_skip_unavailable': False, 'install_base': '/home/hrs2025/20260121/install/ainex_motion', 'merge_install': False, 'path': '/home/hrs2025/20260121/src/ainex_motion', 'symlink_install': True, 'test_result_base': None}
[0.251s] Level 5:colcon.colcon_core.verb:set package 'ainex_social_robot' build argument 'cmake_args' from command line to 'None'
[0.251s] Level 5:colcon.colcon_core.verb:set package 'ainex_social_robot' build argument 'cmake_target' from command line to 'None'
[0.251s] Level 5:colcon.colcon_core.verb:set package 'ainex_social_robot' build argument 'cmake_target_skip_unavailable' from command line to 'False'
[0.251s] Level 5:colcon.colcon_core.verb:set package 'ainex_social_robot' build argument 'cmake_clean_cache' from command line to 'False'
[0.251s] Level 5:colcon.colcon_core.verb:set package 'ainex_social_robot' build argument 'cmake_clean_first' from command line to 'False'
[0.251s] Level 5:colcon.colcon_core.verb:set package 'ainex_social_robot' build argument 'cmake_force_configure' from command line to 'False'
[0.251s] Level 5:colcon.colcon_core.verb:set package 'ainex_social_robot' build argument 'ament_cmake_args' from command line to 'None'
[0.251s] Level 5:colcon.colcon_core.verb:set package 'ainex_social_robot' build argument 'catkin_cmake_args' from command line to 'None'
[0.251s] Level 5:colcon.colcon_core.verb:set package 'ainex_social_robot' build argument 'catkin_skip_building_tests' from command line to 'False'
[0.251s] DEBUG:colcon.colcon_core.verb:Building package 'ainex_social_robot' with the following arguments: {'ament_cmake_args': None, 'build_base': '/home/hrs2025/20260121/build/ainex_social_robot', 'catkin_cmake_args': None, 'catkin_skip_building_tests': False, 'cmake_args': None, 'cmake_clean_cache': False, 'cmake_clean_first': False, 'cmake_force_configure': False, 'cmake_target': None, 'cmake_target_skip_unavailable': False, 'install_base': '/home/hrs2025/20260121/install/ainex_social_robot', 'merge_install': False, 'path': '/home/hrs2025/20260121/src/ainex_social_robot', 'symlink_install': True, 'test_result_base': None}
[0.251s] Level 5:colcon.colcon_core.verb:set package 'ainex_controller' build argument 'cmake_args' from command line to 'None'
[0.251s] Level 5:colcon.colcon_core.verb:set package 'ainex_controller' build argument 'cmake_target' from command line to 'None'
[0.251s] Level 5:colcon.colcon_core.verb:set package 'ainex_controller' build argument 'cmake_target_skip_unavailable' from command line to 'False'
[0.251s] Level 5:colcon.colcon_core.verb:set package 'ainex_controller' build argument 'cmake_clean_cache' from command line to 'False'
[0.251s] Level 5:colcon.colcon_core.verb:set package 'ainex_controller' build argument 'cmake_clean_first' from command line to 'False'
[0.251s] Level 5:colcon.colcon_core.verb:set package 'ainex_controller' build argument 'cmake_force_configure' from command line to 'False'
[0.251s] Level 5:colcon.colcon_core.verb:set package 'ainex_controller' build argument 'ament_cmake_args' from command line to 'None'
[0.251s] Level 5:colcon.colcon_core.verb:set package 'ainex_controller' build argument 'catkin_cmake_args' from command line to 'None'
[0.252s] Level 5:colcon.colcon_core.verb:set package 'ainex_controller' build argument 'catkin_skip_building_tests' from command line to 'False'
[0.252s] DEBUG:colcon.colcon_core.verb:Building package 'ainex_controller' with the following arguments: {'ament_cmake_args': None, 'build_base': '/home/hrs2025/20260121/build/ainex_controller', 'catkin_cmake_args': None, 'catkin_skip_building_tests': False, 'cmake_args': None, 'cmake_clean_cache': False, 'cmake_clean_first': False, 'cmake_force_configure': False, 'cmake_target': None, 'cmake_target_skip_unavailable': False, 'install_base': '/home/hrs2025/20260121/install/ainex_controller', 'merge_install': False, 'path': '/home/hrs2025/20260121/src/ainex_controller', 'symlink_install': True, 'test_result_base': None}
[0.252s] INFO:colcon.colcon_core.executor:Executing jobs using 'parallel' executor
[0.253s] DEBUG:colcon.colcon_parallel_executor.executor.parallel:run_until_complete
[0.253s] INFO:colcon.colcon_ros.task.ament_cmake.build:Building ROS package in '/home/hrs2025/20260121/src/servo_service' with build type 'ament_cmake'
[0.253s] INFO:colcon.colcon_cmake.task.cmake.build:Building CMake package in '/home/hrs2025/20260121/src/servo_service'
[0.255s] INFO:colcon.colcon_core.plugin_system:Skipping extension 'colcon_core.shell.bat': Not used on non-Windows systems
[0.255s] INFO:colcon.colcon_core.shell:Skip shell extension 'powershell' for command environment: Not usable outside of PowerShell
[0.256s] DEBUG:colcon.colcon_core.shell:Skip shell extension 'dsv' for command environment
[0.259s] INFO:colcon.colcon_ros.task.ament_python.build:Building ROS package in '/home/hrs2025/20260121/src/ainex_vision' with build type 'ament_python'
[0.259s] Level 1:colcon.colcon_core.shell:create_environment_hook('ainex_vision', 'ament_prefix_path')
[0.260s] INFO:colcon.colcon_core.shell:Creating environment hook '/home/hrs2025/20260121/install/ainex_vision/share/ainex_vision/hook/ament_prefix_path.ps1'
[0.260s] INFO:colcon.colcon_core.shell:Creating environment descriptor '/home/hrs2025/20260121/install/ainex_vision/share/ainex_vision/hook/ament_prefix_path.dsv'
[0.261s] INFO:colcon.colcon_core.shell:Creating environment hook '/home/hrs2025/20260121/install/ainex_vision/share/ainex_vision/hook/ament_prefix_path.sh'
[0.261s] INFO:colcon.colcon_core.shell:Skip shell extension 'powershell' for command environment: Not usable outside of PowerShell
[0.261s] DEBUG:colcon.colcon_core.shell:Skip shell extension 'dsv' for command environment
[0.264s] INFO:colcon.colcon_ros.task.ament_cmake.build:Building ROS package in '/home/hrs2025/20260121/src/ainex_description' with build type 'ament_cmake'
[0.264s] INFO:colcon.colcon_cmake.task.cmake.build:Building CMake package in '/home/hrs2025/20260121/src/ainex_description'
[0.265s] INFO:colcon.colcon_core.shell:Skip shell extension 'powershell' for command environment: Not usable outside of PowerShell
[0.265s] DEBUG:colcon.colcon_core.shell:Skip shell extension 'dsv' for command environment
[0.271s] DEBUG:colcon.colcon_core.event_handler.log_command:Invoking command in '/home/hrs2025/20260121/build/servo_service': CMAKE_PREFIX_PATH=${CMAKE_PREFIX_PATH}:/home/hrs2025/backup/20260121/install/ainex_controller:/home/hrs2025/backup/20260121/install/ainex_social_robot:/home/hrs2025/backup/20260121/install/ainex_motion:/home/hrs2025/backup/20260121/install/ainex_vision:/home/hrs2025/Workspace/install/ainex_controller:/home/hrs2025/Workspace/install/ainex_social_robot:/home/hrs2025/Workspace/install/ainex_motion:/home/hrs2025/Workspace/install/ainex_vision:/opt/ros/jazzy DEBUGINFOD_URLS=https://debuginfod.ubuntu.com /usr/bin/cmake /home/hrs2025/20260121/src/servo_service -DAMENT_CMAKE_SYMLINK_INSTALL=1 -DCMAKE_INSTALL_PREFIX=/home/hrs2025/20260121/install/servo_service
[0.516s] INFO:colcon.colcon_core.task.python.build:Building Python package in '/home/hrs2025/20260121/src/ainex_vision'
[0.516s] INFO:colcon.colcon_core.shell:Skip shell extension 'powershell' for command environment: Not usable outside of PowerShell
[0.516s] DEBUG:colcon.colcon_core.shell:Skip shell extension 'dsv' for command environment
[0.525s] DEBUG:colcon.colcon_core.event_handler.log_command:Invoking command in '/home/hrs2025/20260121/build/ainex_description': CMAKE_PREFIX_PATH=${CMAKE_PREFIX_PATH}:/home/hrs2025/backup/20260121/install/ainex_controller:/home/hrs2025/backup/20260121/install/ainex_social_robot:/home/hrs2025/backup/20260121/install/ainex_motion:/home/hrs2025/backup/20260121/install/ainex_vision:/home/hrs2025/Workspace/install/ainex_controller:/home/hrs2025/Workspace/install/ainex_social_robot:/home/hrs2025/Workspace/install/ainex_motion:/home/hrs2025/Workspace/install/ainex_vision:/opt/ros/jazzy DEBUGINFOD_URLS=https://debuginfod.ubuntu.com /usr/bin/cmake /home/hrs2025/20260121/src/ainex_description -DAMENT_CMAKE_SYMLINK_INSTALL=1 -DCMAKE_INSTALL_PREFIX=/home/hrs2025/20260121/install/ainex_description
[1.366s] DEBUG:colcon.colcon_core.event_handler.log_command:Invoked command in '/home/hrs2025/20260121/build/ainex_description' returned '0': CMAKE_PREFIX_PATH=${CMAKE_PREFIX_PATH}:/home/hrs2025/backup/20260121/install/ainex_controller:/home/hrs2025/backup/20260121/install/ainex_social_robot:/home/hrs2025/backup/20260121/install/ainex_motion:/home/hrs2025/backup/20260121/install/ainex_vision:/home/hrs2025/Workspace/install/ainex_controller:/home/hrs2025/Workspace/install/ainex_social_robot:/home/hrs2025/Workspace/install/ainex_motion:/home/hrs2025/Workspace/install/ainex_vision:/opt/ros/jazzy DEBUGINFOD_URLS=https://debuginfod.ubuntu.com /usr/bin/cmake /home/hrs2025/20260121/src/ainex_description -DAMENT_CMAKE_SYMLINK_INSTALL=1 -DCMAKE_INSTALL_PREFIX=/home/hrs2025/20260121/install/ainex_description
[1.368s] DEBUG:colcon.colcon_core.event_handler.log_command:Invoking command in '/home/hrs2025/20260121/build/ainex_description': CMAKE_PREFIX_PATH=${CMAKE_PREFIX_PATH}:/home/hrs2025/backup/20260121/install/ainex_controller:/home/hrs2025/backup/20260121/install/ainex_social_robot:/home/hrs2025/backup/20260121/install/ainex_motion:/home/hrs2025/backup/20260121/install/ainex_vision:/home/hrs2025/Workspace/install/ainex_controller:/home/hrs2025/Workspace/install/ainex_social_robot:/home/hrs2025/Workspace/install/ainex_motion:/home/hrs2025/Workspace/install/ainex_vision:/opt/ros/jazzy DEBUGINFOD_URLS=https://debuginfod.ubuntu.com /usr/bin/cmake --build /home/hrs2025/20260121/build/ainex_description -- -j8 -l8
[1.409s] DEBUG:colcon.colcon_core.event_handler.log_command:Invoked command in '/home/hrs2025/20260121/build/ainex_description' returned '0': CMAKE_PREFIX_PATH=${CMAKE_PREFIX_PATH}:/home/hrs2025/backup/20260121/install/ainex_controller:/home/hrs2025/backup/20260121/install/ainex_social_robot:/home/hrs2025/backup/20260121/install/ainex_motion:/home/hrs2025/backup/20260121/install/ainex_vision:/home/hrs2025/Workspace/install/ainex_controller:/home/hrs2025/Workspace/install/ainex_social_robot:/home/hrs2025/Workspace/install/ainex_motion:/home/hrs2025/Workspace/install/ainex_vision:/opt/ros/jazzy DEBUGINFOD_URLS=https://debuginfod.ubuntu.com /usr/bin/cmake --build /home/hrs2025/20260121/build/ainex_description -- -j8 -l8
[1.420s] DEBUG:colcon.colcon_core.event_handler.log_command:Invoking command in '/home/hrs2025/20260121/build/ainex_description': CMAKE_PREFIX_PATH=${CMAKE_PREFIX_PATH}:/home/hrs2025/backup/20260121/install/ainex_controller:/home/hrs2025/backup/20260121/install/ainex_social_robot:/home/hrs2025/backup/20260121/install/ainex_motion:/home/hrs2025/backup/20260121/install/ainex_vision:/home/hrs2025/Workspace/install/ainex_controller:/home/hrs2025/Workspace/install/ainex_social_robot:/home/hrs2025/Workspace/install/ainex_motion:/home/hrs2025/Workspace/install/ainex_vision:/opt/ros/jazzy DEBUGINFOD_URLS=https://debuginfod.ubuntu.com /usr/bin/cmake --install /home/hrs2025/20260121/build/ainex_description
[1.455s] DEBUG:colcon.colcon_core.event_handler.log_command:Invoking command in '/home/hrs2025/20260121/build/ainex_vision': DEBUGINFOD_URLS=https://debuginfod.ubuntu.com PYTHONPATH=/home/hrs2025/20260121/build/ainex_vision/prefix_override:/usr/lib/python3/dist-packages/colcon_core/task/python/colcon_distutils_commands:/home/hrs2025/20260121/install/ainex_vision/lib/python3.12/site-packages:${PYTHONPATH} /usr/bin/python3 -W ignore:setup.py install is deprecated -W ignore:easy_install command is deprecated setup.py develop --editable --build-directory /home/hrs2025/20260121/build/ainex_vision/build --no-deps symlink_data
[1.897s] Level 1:colcon.colcon_core.environment:create_environment_scripts_only(ainex_description)
[1.898s] DEBUG:colcon.colcon_core.event_handler.log_command:Invoked command in '/home/hrs2025/20260121/build/ainex_description' returned '0': CMAKE_PREFIX_PATH=${CMAKE_PREFIX_PATH}:/home/hrs2025/backup/20260121/install/ainex_controller:/home/hrs2025/backup/20260121/install/ainex_social_robot:/home/hrs2025/backup/20260121/install/ainex_motion:/home/hrs2025/backup/20260121/install/ainex_vision:/home/hrs2025/Workspace/install/ainex_controller:/home/hrs2025/Workspace/install/ainex_social_robot:/home/hrs2025/Workspace/install/ainex_motion:/home/hrs2025/Workspace/install/ainex_vision:/opt/ros/jazzy DEBUGINFOD_URLS=https://debuginfod.ubuntu.com /usr/bin/cmake --install /home/hrs2025/20260121/build/ainex_description
[1.900s] Level 1:colcon.colcon_core.environment:checking '/home/hrs2025/20260121/install/ainex_description' for CMake module files
[1.900s] Level 1:colcon.colcon_core.environment:checking '/home/hrs2025/20260121/install/ainex_description' for CMake config files
[1.901s] Level 1:colcon.colcon_core.shell:create_environment_hook('ainex_description', 'cmake_prefix_path')
[1.901s] INFO:colcon.colcon_core.shell:Creating environment hook '/home/hrs2025/20260121/install/ainex_description/share/ainex_description/hook/cmake_prefix_path.ps1'
[1.901s] INFO:colcon.colcon_core.shell:Creating environment descriptor '/home/hrs2025/20260121/install/ainex_description/share/ainex_description/hook/cmake_prefix_path.dsv'
[1.902s] INFO:colcon.colcon_core.shell:Creating environment hook '/home/hrs2025/20260121/install/ainex_description/share/ainex_description/hook/cmake_prefix_path.sh'
[1.902s] Level 1:colcon.colcon_core.environment:checking '/home/hrs2025/20260121/install/ainex_description/bin'
[1.902s] Level 1:colcon.colcon_core.environment:checking '/home/hrs2025/20260121/install/ainex_description/lib/pkgconfig/ainex_description.pc'
[1.902s] Level 1:colcon.colcon_core.environment:checking '/home/hrs2025/20260121/install/ainex_description/lib/python3.12/site-packages'
[1.903s] Level 1:colcon.colcon_core.environment:checking '/home/hrs2025/20260121/install/ainex_description/bin'
[1.903s] INFO:colcon.colcon_core.shell:Creating package script '/home/hrs2025/20260121/install/ainex_description/share/ainex_description/package.ps1'
[1.903s] INFO:colcon.colcon_core.shell:Creating package descriptor '/home/hrs2025/20260121/install/ainex_description/share/ainex_description/package.dsv'
[1.904s] INFO:colcon.colcon_core.shell:Creating package script '/home/hrs2025/20260121/install/ainex_description/share/ainex_description/package.sh'
[1.904s] INFO:colcon.colcon_core.shell:Creating package script '/home/hrs2025/20260121/install/ainex_description/share/ainex_description/package.bash'
[1.905s] INFO:colcon.colcon_core.shell:Creating package script '/home/hrs2025/20260121/install/ainex_description/share/ainex_description/package.zsh'
[1.905s] Level 1:colcon.colcon_core.environment:create_file_with_runtime_dependencies(/home/hrs2025/20260121/install/ainex_description/share/colcon-core/packages/ainex_description)
[1.906s] Level 1:colcon.colcon_core.environment:create_environment_scripts_only(ainex_description)
[1.906s] Level 1:colcon.colcon_core.environment:checking '/home/hrs2025/20260121/install/ainex_description' for CMake module files
[1.907s] Level 1:colcon.colcon_core.environment:checking '/home/hrs2025/20260121/install/ainex_description' for CMake config files
[1.907s] Level 1:colcon.colcon_core.shell:create_environment_hook('ainex_description', 'cmake_prefix_path')
[1.907s] INFO:colcon.colcon_core.shell:Creating environment hook '/home/hrs2025/20260121/install/ainex_description/share/ainex_description/hook/cmake_prefix_path.ps1'
[1.907s] INFO:colcon.colcon_core.shell:Creating environment descriptor '/home/hrs2025/20260121/install/ainex_description/share/ainex_description/hook/cmake_prefix_path.dsv'
[1.908s] INFO:colcon.colcon_core.shell:Creating environment hook '/home/hrs2025/20260121/install/ainex_description/share/ainex_description/hook/cmake_prefix_path.sh'
[1.908s] Level 1:colcon.colcon_core.environment:checking '/home/hrs2025/20260121/install/ainex_description/bin'
[1.908s] Level 1:colcon.colcon_core.environment:checking '/home/hrs2025/20260121/install/ainex_description/lib/pkgconfig/ainex_description.pc'
[1.908s] Level 1:colcon.colcon_core.environment:checking '/home/hrs2025/20260121/install/ainex_description/lib/python3.12/site-packages'
[1.909s] Level 1:colcon.colcon_core.environment:checking '/home/hrs2025/20260121/install/ainex_description/bin'
[1.909s] INFO:colcon.colcon_core.shell:Creating package script '/home/hrs2025/20260121/install/ainex_description/share/ainex_description/package.ps1'
[1.909s] INFO:colcon.colcon_core.shell:Creating package descriptor '/home/hrs2025/20260121/install/ainex_description/share/ainex_description/package.dsv'
[1.910s] INFO:colcon.colcon_core.shell:Creating package script '/home/hrs2025/20260121/install/ainex_description/share/ainex_description/package.sh'
[1.910s] INFO:colcon.colcon_core.shell:Creating package script '/home/hrs2025/20260121/install/ainex_description/share/ainex_description/package.bash'
[1.910s] INFO:colcon.colcon_core.shell:Creating package script '/home/hrs2025/20260121/install/ainex_description/share/ainex_description/package.zsh'
[1.911s] Level 1:colcon.colcon_core.environment:create_file_with_runtime_dependencies(/home/hrs2025/20260121/install/ainex_description/share/colcon-core/packages/ainex_description)
[2.239s] Level 1:colcon.colcon_core.shell:create_environment_hook('ainex_vision', 'pythonpath_develop')
[2.239s] DEBUG:colcon.colcon_core.event_handler.log_command:Invoked command in '/home/hrs2025/20260121/build/ainex_vision' returned '0': DEBUGINFOD_URLS=https://debuginfod.ubuntu.com PYTHONPATH=/home/hrs2025/20260121/build/ainex_vision/prefix_override:/usr/lib/python3/dist-packages/colcon_core/task/python/colcon_distutils_commands:/home/hrs2025/20260121/install/ainex_vision/lib/python3.12/site-packages:${PYTHONPATH} /usr/bin/python3 -W ignore:setup.py install is deprecated -W ignore:easy_install command is deprecated setup.py develop --editable --build-directory /home/hrs2025/20260121/build/ainex_vision/build --no-deps symlink_data
[2.239s] INFO:colcon.colcon_core.shell:Creating environment hook '/home/hrs2025/20260121/build/ainex_vision/share/ainex_vision/hook/pythonpath_develop.ps1'
[2.240s] INFO:colcon.colcon_core.shell:Creating environment descriptor '/home/hrs2025/20260121/build/ainex_vision/share/ainex_vision/hook/pythonpath_develop.dsv'
[2.240s] INFO:colcon.colcon_core.shell:Creating environment hook '/home/hrs2025/20260121/build/ainex_vision/share/ainex_vision/hook/pythonpath_develop.sh'
[2.241s] Level 1:colcon.colcon_core.environment:checking '/home/hrs2025/20260121/install/ainex_vision' for CMake module files
[2.241s] Level 1:colcon.colcon_core.environment:checking '/home/hrs2025/20260121/install/ainex_vision' for CMake config files
[2.242s] Level 1:colcon.colcon_core.environment:checking '/home/hrs2025/20260121/install/ainex_vision/lib'
[2.242s] Level 1:colcon.colcon_core.environment:checking '/home/hrs2025/20260121/install/ainex_vision/bin'
[2.242s] Level 1:colcon.colcon_core.environment:checking '/home/hrs2025/20260121/install/ainex_vision/lib/pkgconfig/ainex_vision.pc'
[2.242s] Level 1:colcon.colcon_core.environment:checking '/home/hrs2025/20260121/install/ainex_vision/lib/python3.12/site-packages'
[2.242s] Level 1:colcon.colcon_core.shell:create_environment_hook('ainex_vision', 'pythonpath')
[2.242s] INFO:colcon.colcon_core.shell:Creating environment hook '/home/hrs2025/20260121/install/ainex_vision/share/ainex_vision/hook/pythonpath.ps1'
[2.243s] INFO:colcon.colcon_core.shell:Creating environment descriptor '/home/hrs2025/20260121/install/ainex_vision/share/ainex_vision/hook/pythonpath.dsv'
[2.243s] INFO:colcon.colcon_core.shell:Creating environment hook '/home/hrs2025/20260121/install/ainex_vision/share/ainex_vision/hook/pythonpath.sh'
[2.243s] Level 1:colcon.colcon_core.environment:checking '/home/hrs2025/20260121/install/ainex_vision/bin'
[2.243s] Level 1:colcon.colcon_core.environment:create_environment_scripts_only(ainex_vision)
[2.244s] INFO:colcon.colcon_core.shell:Creating package script '/home/hrs2025/20260121/install/ainex_vision/share/ainex_vision/package.ps1'
[2.244s] INFO:colcon.colcon_core.shell:Creating package descriptor '/home/hrs2025/20260121/install/ainex_vision/share/ainex_vision/package.dsv'
[2.244s] INFO:colcon.colcon_core.shell:Creating package script '/home/hrs2025/20260121/install/ainex_vision/share/ainex_vision/package.sh'
[2.245s] INFO:colcon.colcon_core.shell:Creating package script '/home/hrs2025/20260121/install/ainex_vision/share/ainex_vision/package.bash'
[2.245s] INFO:colcon.colcon_core.shell:Creating package script '/home/hrs2025/20260121/install/ainex_vision/share/ainex_vision/package.zsh'
[2.245s] Level 1:colcon.colcon_core.environment:create_file_with_runtime_dependencies(/home/hrs2025/20260121/install/ainex_vision/share/colcon-core/packages/ainex_vision)
[4.453s] DEBUG:colcon.colcon_core.event_handler.log_command:Invoked command in '/home/hrs2025/20260121/build/servo_service' returned '0': CMAKE_PREFIX_PATH=${CMAKE_PREFIX_PATH}:/home/hrs2025/backup/20260121/install/ainex_controller:/home/hrs2025/backup/20260121/install/ainex_social_robot:/home/hrs2025/backup/20260121/install/ainex_motion:/home/hrs2025/backup/20260121/install/ainex_vision:/home/hrs2025/Workspace/install/ainex_controller:/home/hrs2025/Workspace/install/ainex_social_robot:/home/hrs2025/Workspace/install/ainex_motion:/home/hrs2025/Workspace/install/ainex_vision:/opt/ros/jazzy DEBUGINFOD_URLS=https://debuginfod.ubuntu.com /usr/bin/cmake /home/hrs2025/20260121/src/servo_service -DAMENT_CMAKE_SYMLINK_INSTALL=1 -DCMAKE_INSTALL_PREFIX=/home/hrs2025/20260121/install/servo_service
[4.454s] DEBUG:colcon.colcon_core.event_handler.log_command:Invoking command in '/home/hrs2025/20260121/build/servo_service': CMAKE_PREFIX_PATH=${CMAKE_PREFIX_PATH}:/home/hrs2025/backup/20260121/install/ainex_controller:/home/hrs2025/backup/20260121/install/ainex_social_robot:/home/hrs2025/backup/20260121/install/ainex_motion:/home/hrs2025/backup/20260121/install/ainex_vision:/home/hrs2025/Workspace/install/ainex_controller:/home/hrs2025/Workspace/install/ainex_social_robot:/home/hrs2025/Workspace/install/ainex_motion:/home/hrs2025/Workspace/install/ainex_vision:/opt/ros/jazzy DEBUGINFOD_URLS=https://debuginfod.ubuntu.com /usr/bin/cmake --build /home/hrs2025/20260121/build/servo_service -- -j8 -l8
[16.167s] DEBUG:colcon.colcon_core.event_handler.log_command:Invoked command in '/home/hrs2025/20260121/build/servo_service' returned '0': CMAKE_PREFIX_PATH=${CMAKE_PREFIX_PATH}:/home/hrs2025/backup/20260121/install/ainex_controller:/home/hrs2025/backup/20260121/install/ainex_social_robot:/home/hrs2025/backup/20260121/install/ainex_motion:/home/hrs2025/backup/20260121/install/ainex_vision:/home/hrs2025/Workspace/install/ainex_controller:/home/hrs2025/Workspace/install/ainex_social_robot:/home/hrs2025/Workspace/install/ainex_motion:/home/hrs2025/Workspace/install/ainex_vision:/opt/ros/jazzy DEBUGINFOD_URLS=https://debuginfod.ubuntu.com /usr/bin/cmake --build /home/hrs2025/20260121/build/servo_service -- -j8 -l8
[16.168s] DEBUG:colcon.colcon_core.event_handler.log_command:Invoking command in '/home/hrs2025/20260121/build/servo_service': CMAKE_PREFIX_PATH=${CMAKE_PREFIX_PATH}:/home/hrs2025/backup/20260121/install/ainex_controller:/home/hrs2025/backup/20260121/install/ainex_social_robot:/home/hrs2025/backup/20260121/install/ainex_motion:/home/hrs2025/backup/20260121/install/ainex_vision:/home/hrs2025/Workspace/install/ainex_controller:/home/hrs2025/Workspace/install/ainex_social_robot:/home/hrs2025/Workspace/install/ainex_motion:/home/hrs2025/Workspace/install/ainex_vision:/opt/ros/jazzy DEBUGINFOD_URLS=https://debuginfod.ubuntu.com /usr/bin/cmake --install /home/hrs2025/20260121/build/servo_service
[18.771s] Level 1:colcon.colcon_core.environment:create_environment_scripts_only(servo_service)
[18.771s] Level 1:colcon.colcon_core.environment:checking '/home/hrs2025/20260121/install/servo_service' for CMake module files
[18.772s] DEBUG:colcon.colcon_core.event_handler.log_command:Invoked command in '/home/hrs2025/20260121/build/servo_service' returned '0': CMAKE_PREFIX_PATH=${CMAKE_PREFIX_PATH}:/home/hrs2025/backup/20260121/install/ainex_controller:/home/hrs2025/backup/20260121/install/ainex_social_robot:/home/hrs2025/backup/20260121/install/ainex_motion:/home/hrs2025/backup/20260121/install/ainex_vision:/home/hrs2025/Workspace/install/ainex_controller:/home/hrs2025/Workspace/install/ainex_social_robot:/home/hrs2025/Workspace/install/ainex_motion:/home/hrs2025/Workspace/install/ainex_vision:/opt/ros/jazzy DEBUGINFOD_URLS=https://debuginfod.ubuntu.com /usr/bin/cmake --install /home/hrs2025/20260121/build/servo_service
[18.773s] Level 1:colcon.colcon_core.environment:checking '/home/hrs2025/20260121/install/servo_service' for CMake config files
[18.773s] Level 1:colcon.colcon_core.shell:create_environment_hook('servo_service', 'cmake_prefix_path')
[18.774s] INFO:colcon.colcon_core.shell:Creating environment hook '/home/hrs2025/20260121/install/servo_service/share/servo_service/hook/cmake_prefix_path.ps1'
[18.774s] INFO:colcon.colcon_core.shell:Creating environment descriptor '/home/hrs2025/20260121/install/servo_service/share/servo_service/hook/cmake_prefix_path.dsv'
[18.774s] INFO:colcon.colcon_core.shell:Creating environment hook '/home/hrs2025/20260121/install/servo_service/share/servo_service/hook/cmake_prefix_path.sh'
[18.775s] Level 1:colcon.colcon_core.environment:checking '/home/hrs2025/20260121/install/servo_service/lib'
[18.775s] Level 1:colcon.colcon_core.shell:create_environment_hook('servo_service', 'ld_library_path_lib')
[18.775s] INFO:colcon.colcon_core.shell:Creating environment hook '/home/hrs2025/20260121/install/servo_service/share/servo_service/hook/ld_library_path_lib.ps1'
[18.775s] INFO:colcon.colcon_core.shell:Creating environment descriptor '/home/hrs2025/20260121/install/servo_service/share/servo_service/hook/ld_library_path_lib.dsv'
[18.775s] INFO:colcon.colcon_core.shell:Creating environment hook '/home/hrs2025/20260121/install/servo_service/share/servo_service/hook/ld_library_path_lib.sh'
[18.776s] Level 1:colcon.colcon_core.environment:checking '/home/hrs2025/20260121/install/servo_service/bin'
[18.776s] Level 1:colcon.colcon_core.environment:checking '/home/hrs2025/20260121/install/servo_service/lib/pkgconfig/servo_service.pc'
[18.776s] Level 1:colcon.colcon_core.environment:checking '/home/hrs2025/20260121/install/servo_service/lib/python3.12/site-packages'
[18.776s] Level 1:colcon.colcon_core.shell:create_environment_hook('servo_service', 'pythonpath')
[18.776s] INFO:colcon.colcon_core.shell:Creating environment hook '/home/hrs2025/20260121/install/servo_service/share/servo_service/hook/pythonpath.ps1'
[18.777s] INFO:colcon.colcon_core.shell:Creating environment descriptor '/home/hrs2025/20260121/install/servo_service/share/servo_service/hook/pythonpath.dsv'
[18.777s] INFO:colcon.colcon_core.shell:Creating environment hook '/home/hrs2025/20260121/install/servo_service/share/servo_service/hook/pythonpath.sh'
[18.777s] Level 1:colcon.colcon_core.environment:checking '/home/hrs2025/20260121/install/servo_service/bin'
[18.778s] INFO:colcon.colcon_core.shell:Creating package script '/home/hrs2025/20260121/install/servo_service/share/servo_service/package.ps1'
[18.778s] INFO:colcon.colcon_core.shell:Creating package descriptor '/home/hrs2025/20260121/install/servo_service/share/servo_service/package.dsv'
[18.778s] INFO:colcon.colcon_core.shell:Creating package script '/home/hrs2025/20260121/install/servo_service/share/servo_service/package.sh'
[18.779s] INFO:colcon.colcon_core.shell:Creating package script '/home/hrs2025/20260121/install/servo_service/share/servo_service/package.bash'
[18.779s] INFO:colcon.colcon_core.shell:Creating package script '/home/hrs2025/20260121/install/servo_service/share/servo_service/package.zsh'
[18.779s] Level 1:colcon.colcon_core.environment:create_file_with_runtime_dependencies(/home/hrs2025/20260121/install/servo_service/share/colcon-core/packages/servo_service)
[18.780s] Level 1:colcon.colcon_core.environment:create_environment_scripts_only(servo_service)
[18.780s] Level 1:colcon.colcon_core.environment:checking '/home/hrs2025/20260121/install/servo_service' for CMake module files
[18.781s] Level 1:colcon.colcon_core.environment:checking '/home/hrs2025/20260121/install/servo_service' for CMake config files
[18.781s] Level 1:colcon.colcon_core.shell:create_environment_hook('servo_service', 'cmake_prefix_path')
[18.782s] INFO:colcon.colcon_core.shell:Creating environment hook '/home/hrs2025/20260121/install/servo_service/share/servo_service/hook/cmake_prefix_path.ps1'
[18.782s] INFO:colcon.colcon_core.shell:Creating environment descriptor '/home/hrs2025/20260121/install/servo_service/share/servo_service/hook/cmake_prefix_path.dsv'
[18.782s] INFO:colcon.colcon_core.shell:Creating environment hook '/home/hrs2025/20260121/install/servo_service/share/servo_service/hook/cmake_prefix_path.sh'
[18.783s] Level 1:colcon.colcon_core.environment:checking '/home/hrs2025/20260121/install/servo_service/lib'
[18.783s] Level 1:colcon.colcon_core.shell:create_environment_hook('servo_service', 'ld_library_path_lib')
[18.783s] INFO:colcon.colcon_core.shell:Creating environment hook '/home/hrs2025/20260121/install/servo_service/share/servo_service/hook/ld_library_path_lib.ps1'
[18.783s] INFO:colcon.colcon_core.shell:Creating environment descriptor '/home/hrs2025/20260121/install/servo_service/share/servo_service/hook/ld_library_path_lib.dsv'
[18.784s] INFO:colcon.colcon_core.shell:Creating environment hook '/home/hrs2025/20260121/install/servo_service/share/servo_service/hook/ld_library_path_lib.sh'
[18.784s] Level 1:colcon.colcon_core.environment:checking '/home/hrs2025/20260121/install/servo_service/bin'
[18.784s] Level 1:colcon.colcon_core.environment:checking '/home/hrs2025/20260121/install/servo_service/lib/pkgconfig/servo_service.pc'
[18.784s] Level 1:colcon.colcon_core.environment:checking '/home/hrs2025/20260121/install/servo_service/lib/python3.12/site-packages'
[18.784s] Level 1:colcon.colcon_core.shell:create_environment_hook('servo_service', 'pythonpath')
[18.784s] INFO:colcon.colcon_core.shell:Creating environment hook '/home/hrs2025/20260121/install/servo_service/share/servo_service/hook/pythonpath.ps1'
[18.785s] INFO:colcon.colcon_core.shell:Creating environment descriptor '/home/hrs2025/20260121/install/servo_service/share/servo_service/hook/pythonpath.dsv'
[18.785s] INFO:colcon.colcon_core.shell:Creating environment hook '/home/hrs2025/20260121/install/servo_service/share/servo_service/hook/pythonpath.sh'
[18.786s] Level 1:colcon.colcon_core.environment:checking '/home/hrs2025/20260121/install/servo_service/bin'
[18.786s] INFO:colcon.colcon_core.shell:Creating package script '/home/hrs2025/20260121/install/servo_service/share/servo_service/package.ps1'
[18.786s] INFO:colcon.colcon_core.shell:Creating package descriptor '/home/hrs2025/20260121/install/servo_service/share/servo_service/package.dsv'
[18.787s] INFO:colcon.colcon_core.shell:Creating package script '/home/hrs2025/20260121/install/servo_service/share/servo_service/package.sh'
[18.787s] INFO:colcon.colcon_core.shell:Creating package script '/home/hrs2025/20260121/install/servo_service/share/servo_service/package.bash'
[18.787s] INFO:colcon.colcon_core.shell:Creating package script '/home/hrs2025/20260121/install/servo_service/share/servo_service/package.zsh'
[18.788s] Level 1:colcon.colcon_core.environment:create_file_with_runtime_dependencies(/home/hrs2025/20260121/install/servo_service/share/colcon-core/packages/servo_service)
[18.788s] INFO:colcon.colcon_ros.task.ament_python.build:Building ROS package in '/home/hrs2025/20260121/src/ainex_motion' with build type 'ament_python'
[18.789s] Level 1:colcon.colcon_core.shell:create_environment_hook('ainex_motion', 'ament_prefix_path')
[18.789s] INFO:colcon.colcon_core.shell:Creating environment hook '/home/hrs2025/20260121/install/ainex_motion/share/ainex_motion/hook/ament_prefix_path.ps1'
[18.790s] INFO:colcon.colcon_core.shell:Creating environment descriptor '/home/hrs2025/20260121/install/ainex_motion/share/ainex_motion/hook/ament_prefix_path.dsv'
[18.790s] INFO:colcon.colcon_core.shell:Creating environment hook '/home/hrs2025/20260121/install/ainex_motion/share/ainex_motion/hook/ament_prefix_path.sh'
[18.791s] INFO:colcon.colcon_core.shell:Skip shell extension 'powershell' for command environment: Not usable outside of PowerShell
[18.791s] DEBUG:colcon.colcon_core.shell:Skip shell extension 'dsv' for command environment
[19.024s] INFO:colcon.colcon_core.task.python.build:Building Python package in '/home/hrs2025/20260121/src/ainex_motion'
[19.024s] INFO:colcon.colcon_core.shell:Skip shell extension 'powershell' for command environment: Not usable outside of PowerShell
[19.024s] DEBUG:colcon.colcon_core.shell:Skip shell extension 'dsv' for command environment
[19.654s] DEBUG:colcon.colcon_core.event_handler.log_command:Invoking command in '/home/hrs2025/20260121/build/ainex_motion': AMENT_PREFIX_PATH=/home/hrs2025/20260121/install/servo_service:${AMENT_PREFIX_PATH} CMAKE_PREFIX_PATH=/home/hrs2025/20260121/install/servo_service:${CMAKE_PREFIX_PATH} DEBUGINFOD_URLS=https://debuginfod.ubuntu.com LD_LIBRARY_PATH=/home/hrs2025/20260121/install/servo_service/lib:${LD_LIBRARY_PATH} PYTHONPATH=/home/hrs2025/20260121/build/ainex_motion/prefix_override:/usr/lib/python3/dist-packages/colcon_core/task/python/colcon_distutils_commands:/home/hrs2025/20260121/install/ainex_motion/lib/python3.12/site-packages:/home/hrs2025/20260121/install/servo_service/lib/python3.12/site-packages:${PYTHONPATH} /usr/bin/python3 -W ignore:setup.py install is deprecated -W ignore:easy_install command is deprecated setup.py develop --editable --build-directory /home/hrs2025/20260121/build/ainex_motion/build --no-deps symlink_data
[20.364s] Level 1:colcon.colcon_core.shell:create_environment_hook('ainex_motion', 'pythonpath_develop')
[20.364s] DEBUG:colcon.colcon_core.event_handler.log_command:Invoked command in '/home/hrs2025/20260121/build/ainex_motion' returned '0': AMENT_PREFIX_PATH=/home/hrs2025/20260121/install/servo_service:${AMENT_PREFIX_PATH} CMAKE_PREFIX_PATH=/home/hrs2025/20260121/install/servo_service:${CMAKE_PREFIX_PATH} DEBUGINFOD_URLS=https://debuginfod.ubuntu.com LD_LIBRARY_PATH=/home/hrs2025/20260121/install/servo_service/lib:${LD_LIBRARY_PATH} PYTHONPATH=/home/hrs2025/20260121/build/ainex_motion/prefix_override:/usr/lib/python3/dist-packages/colcon_core/task/python/colcon_distutils_commands:/home/hrs2025/20260121/install/ainex_motion/lib/python3.12/site-packages:/home/hrs2025/20260121/install/servo_service/lib/python3.12/site-packages:${PYTHONPATH} /usr/bin/python3 -W ignore:setup.py install is deprecated -W ignore:easy_install command is deprecated setup.py develop --editable --build-directory /home/hrs2025/20260121/build/ainex_motion/build --no-deps symlink_data
[20.364s] INFO:colcon.colcon_core.shell:Creating environment hook '/home/hrs2025/20260121/build/ainex_motion/share/ainex_motion/hook/pythonpath_develop.ps1'
[20.365s] INFO:colcon.colcon_core.shell:Creating environment descriptor '/home/hrs2025/20260121/build/ainex_motion/share/ainex_motion/hook/pythonpath_develop.dsv'
[20.365s] INFO:colcon.colcon_core.shell:Creating environment hook '/home/hrs2025/20260121/build/ainex_motion/share/ainex_motion/hook/pythonpath_develop.sh'
[20.366s] Level 1:colcon.colcon_core.environment:checking '/home/hrs2025/20260121/install/ainex_motion' for CMake module files
[20.366s] Level 1:colcon.colcon_core.environment:checking '/home/hrs2025/20260121/install/ainex_motion' for CMake config files
[20.366s] Level 1:colcon.colcon_core.environment:checking '/home/hrs2025/20260121/install/ainex_motion/lib'
[20.366s] Level 1:colcon.colcon_core.environment:checking '/home/hrs2025/20260121/install/ainex_motion/bin'
[20.367s] Level 1:colcon.colcon_core.environment:checking '/home/hrs2025/20260121/install/ainex_motion/lib/pkgconfig/ainex_motion.pc'
[20.367s] Level 1:colcon.colcon_core.environment:checking '/home/hrs2025/20260121/install/ainex_motion/lib/python3.12/site-packages'
[20.367s] Level 1:colcon.colcon_core.shell:create_environment_hook('ainex_motion', 'pythonpath')
[20.367s] INFO:colcon.colcon_core.shell:Creating environment hook '/home/hrs2025/20260121/install/ainex_motion/share/ainex_motion/hook/pythonpath.ps1'
[20.367s] INFO:colcon.colcon_core.shell:Creating environment descriptor '/home/hrs2025/20260121/install/ainex_motion/share/ainex_motion/hook/pythonpath.dsv'
[20.368s] INFO:colcon.colcon_core.shell:Creating environment hook '/home/hrs2025/20260121/install/ainex_motion/share/ainex_motion/hook/pythonpath.sh'
[20.368s] Level 1:colcon.colcon_core.environment:checking '/home/hrs2025/20260121/install/ainex_motion/bin'
[20.368s] Level 1:colcon.colcon_core.environment:create_environment_scripts_only(ainex_motion)
[20.368s] INFO:colcon.colcon_core.shell:Creating package script '/home/hrs2025/20260121/install/ainex_motion/share/ainex_motion/package.ps1'
[20.369s] INFO:colcon.colcon_core.shell:Creating package descriptor '/home/hrs2025/20260121/install/ainex_motion/share/ainex_motion/package.dsv'
[20.369s] INFO:colcon.colcon_core.shell:Creating package script '/home/hrs2025/20260121/install/ainex_motion/share/ainex_motion/package.sh'
[20.369s] INFO:colcon.colcon_core.shell:Creating package script '/home/hrs2025/20260121/install/ainex_motion/share/ainex_motion/package.bash'
[20.370s] INFO:colcon.colcon_core.shell:Creating package script '/home/hrs2025/20260121/install/ainex_motion/share/ainex_motion/package.zsh'
[20.370s] Level 1:colcon.colcon_core.environment:create_file_with_runtime_dependencies(/home/hrs2025/20260121/install/ainex_motion/share/colcon-core/packages/ainex_motion)
[20.371s] INFO:colcon.colcon_ros.task.ament_python.build:Building ROS package in '/home/hrs2025/20260121/src/ainex_social_robot' with build type 'ament_python'
[20.371s] Level 1:colcon.colcon_core.shell:create_environment_hook('ainex_social_robot', 'ament_prefix_path')
[20.371s] INFO:colcon.colcon_core.shell:Creating environment hook '/home/hrs2025/20260121/install/ainex_social_robot/share/ainex_social_robot/hook/ament_prefix_path.ps1'
[20.372s] INFO:colcon.colcon_core.shell:Creating environment descriptor '/home/hrs2025/20260121/install/ainex_social_robot/share/ainex_social_robot/hook/ament_prefix_path.dsv'
[20.372s] INFO:colcon.colcon_core.shell:Creating environment hook '/home/hrs2025/20260121/install/ainex_social_robot/share/ainex_social_robot/hook/ament_prefix_path.sh'
[20.373s] INFO:colcon.colcon_core.shell:Skip shell extension 'powershell' for command environment: Not usable outside of PowerShell
[20.373s] DEBUG:colcon.colcon_core.shell:Skip shell extension 'dsv' for command environment
[20.644s] INFO:colcon.colcon_core.task.python.build:Building Python package in '/home/hrs2025/20260121/src/ainex_social_robot'
[20.644s] INFO:colcon.colcon_core.shell:Skip shell extension 'powershell' for command environment: Not usable outside of PowerShell
[20.644s] DEBUG:colcon.colcon_core.shell:Skip shell extension 'dsv' for command environment
[21.284s] DEBUG:colcon.colcon_core.event_handler.log_command:Invoking command in '/home/hrs2025/20260121/build/ainex_social_robot': AMENT_PREFIX_PATH=/home/hrs2025/20260121/install/ainex_motion:/home/hrs2025/20260121/install/servo_service:/home/hrs2025/20260121/install/ainex_vision:${AMENT_PREFIX_PATH} CMAKE_PREFIX_PATH=/home/hrs2025/20260121/install/servo_service:${CMAKE_PREFIX_PATH} DEBUGINFOD_URLS=https://debuginfod.ubuntu.com LD_LIBRARY_PATH=/home/hrs2025/20260121/install/servo_service/lib:${LD_LIBRARY_PATH} PYTHONPATH=/home/hrs2025/20260121/build/ainex_social_robot/prefix_override:/usr/lib/python3/dist-packages/colcon_core/task/python/colcon_distutils_commands:/home/hrs2025/20260121/install/ainex_social_robot/lib/python3.12/site-packages:/home/hrs2025/20260121/build/ainex_motion:/home/hrs2025/20260121/install/ainex_motion/lib/python3.12/site-packages:/home/hrs2025/20260121/install/servo_service/lib/python3.12/site-packages:/home/hrs2025/20260121/build/ainex_vision:/home/hrs2025/20260121/install/ainex_vision/lib/python3.12/site-packages:${PYTHONPATH} /usr/bin/python3 -W ignore:setup.py install is deprecated -W ignore:easy_install command is deprecated setup.py develop --editable --build-directory /home/hrs2025/20260121/build/ainex_social_robot/build --no-deps symlink_data
[22.005s] Level 1:colcon.colcon_core.shell:create_environment_hook('ainex_social_robot', 'pythonpath_develop')
[22.005s] INFO:colcon.colcon_core.shell:Creating environment hook '/home/hrs2025/20260121/build/ainex_social_robot/share/ainex_social_robot/hook/pythonpath_develop.ps1'
[22.006s] DEBUG:colcon.colcon_core.event_handler.log_command:Invoked command in '/home/hrs2025/20260121/build/ainex_social_robot' returned '0': AMENT_PREFIX_PATH=/home/hrs2025/20260121/install/ainex_motion:/home/hrs2025/20260121/install/servo_service:/home/hrs2025/20260121/install/ainex_vision:${AMENT_PREFIX_PATH} CMAKE_PREFIX_PATH=/home/hrs2025/20260121/install/servo_service:${CMAKE_PREFIX_PATH} DEBUGINFOD_URLS=https://debuginfod.ubuntu.com LD_LIBRARY_PATH=/home/hrs2025/20260121/install/servo_service/lib:${LD_LIBRARY_PATH} PYTHONPATH=/home/hrs2025/20260121/build/ainex_social_robot/prefix_override:/usr/lib/python3/dist-packages/colcon_core/task/python/colcon_distutils_commands:/home/hrs2025/20260121/install/ainex_social_robot/lib/python3.12/site-packages:/home/hrs2025/20260121/build/ainex_motion:/home/hrs2025/20260121/install/ainex_motion/lib/python3.12/site-packages:/home/hrs2025/20260121/install/servo_service/lib/python3.12/site-packages:/home/hrs2025/20260121/build/ainex_vision:/home/hrs2025/20260121/install/ainex_vision/lib/python3.12/site-packages:${PYTHONPATH} /usr/bin/python3 -W ignore:setup.py install is deprecated -W ignore:easy_install command is deprecated setup.py develop --editable --build-directory /home/hrs2025/20260121/build/ainex_social_robot/build --no-deps symlink_data
[22.006s] INFO:colcon.colcon_core.shell:Creating environment descriptor '/home/hrs2025/20260121/build/ainex_social_robot/share/ainex_social_robot/hook/pythonpath_develop.dsv'
[22.006s] INFO:colcon.colcon_core.shell:Creating environment hook '/home/hrs2025/20260121/build/ainex_social_robot/share/ainex_social_robot/hook/pythonpath_develop.sh'
[22.006s] Level 1:colcon.colcon_core.environment:checking '/home/hrs2025/20260121/install/ainex_social_robot' for CMake module files
[22.007s] Level 1:colcon.colcon_core.environment:checking '/home/hrs2025/20260121/install/ainex_social_robot' for CMake config files
[22.007s] Level 1:colcon.colcon_core.environment:checking '/home/hrs2025/20260121/install/ainex_social_robot/lib'
[22.008s] Level 1:colcon.colcon_core.environment:checking '/home/hrs2025/20260121/install/ainex_social_robot/bin'
[22.008s] Level 1:colcon.colcon_core.environment:checking '/home/hrs2025/20260121/install/ainex_social_robot/lib/pkgconfig/ainex_social_robot.pc'
[22.008s] Level 1:colcon.colcon_core.environment:checking '/home/hrs2025/20260121/install/ainex_social_robot/lib/python3.12/site-packages'
[22.008s] Level 1:colcon.colcon_core.shell:create_environment_hook('ainex_social_robot', 'pythonpath')
[22.008s] INFO:colcon.colcon_core.shell:Creating environment hook '/home/hrs2025/20260121/install/ainex_social_robot/share/ainex_social_robot/hook/pythonpath.ps1'
[22.008s] INFO:colcon.colcon_core.shell:Creating environment descriptor '/home/hrs2025/20260121/install/ainex_social_robot/share/ainex_social_robot/hook/pythonpath.dsv'
[22.009s] INFO:colcon.colcon_core.shell:Creating environment hook '/home/hrs2025/20260121/install/ainex_social_robot/share/ainex_social_robot/hook/pythonpath.sh'
[22.009s] Level 1:colcon.colcon_core.environment:checking '/home/hrs2025/20260121/install/ainex_social_robot/bin'
[22.009s] Level 1:colcon.colcon_core.environment:create_environment_scripts_only(ainex_social_robot)
[22.009s] INFO:colcon.colcon_core.shell:Creating package script '/home/hrs2025/20260121/install/ainex_social_robot/share/ainex_social_robot/package.ps1'
[22.010s] INFO:colcon.colcon_core.shell:Creating package descriptor '/home/hrs2025/20260121/install/ainex_social_robot/share/ainex_social_robot/package.dsv'
[22.010s] INFO:colcon.colcon_core.shell:Creating package script '/home/hrs2025/20260121/install/ainex_social_robot/share/ainex_social_robot/package.sh'
[22.011s] INFO:colcon.colcon_core.shell:Creating package script '/home/hrs2025/20260121/install/ainex_social_robot/share/ainex_social_robot/package.bash'
[22.011s] INFO:colcon.colcon_core.shell:Creating package script '/home/hrs2025/20260121/install/ainex_social_robot/share/ainex_social_robot/package.zsh'
[22.011s] Level 1:colcon.colcon_core.environment:create_file_with_runtime_dependencies(/home/hrs2025/20260121/install/ainex_social_robot/share/colcon-core/packages/ainex_social_robot)
[22.011s] INFO:colcon.colcon_ros.task.ament_python.build:Building ROS package in '/home/hrs2025/20260121/src/ainex_controller' with build type 'ament_python'
[22.012s] Level 1:colcon.colcon_core.shell:create_environment_hook('ainex_controller', 'ament_prefix_path')
[22.012s] INFO:colcon.colcon_core.shell:Creating environment hook '/home/hrs2025/20260121/install/ainex_controller/share/ainex_controller/hook/ament_prefix_path.ps1'
[22.013s] INFO:colcon.colcon_core.shell:Creating environment descriptor '/home/hrs2025/20260121/install/ainex_controller/share/ainex_controller/hook/ament_prefix_path.dsv'
[22.013s] INFO:colcon.colcon_core.shell:Creating environment hook '/home/hrs2025/20260121/install/ainex_controller/share/ainex_controller/hook/ament_prefix_path.sh'
[22.013s] INFO:colcon.colcon_core.shell:Skip shell extension 'powershell' for command environment: Not usable outside of PowerShell
[22.014s] DEBUG:colcon.colcon_core.shell:Skip shell extension 'dsv' for command environment
[22.254s] INFO:colcon.colcon_core.task.python.build:Building Python package in '/home/hrs2025/20260121/src/ainex_controller'
[22.254s] INFO:colcon.colcon_core.shell:Skip shell extension 'powershell' for command environment: Not usable outside of PowerShell
[22.254s] DEBUG:colcon.colcon_core.shell:Skip shell extension 'dsv' for command environment
[22.903s] DEBUG:colcon.colcon_core.event_handler.log_command:Invoking command in '/home/hrs2025/20260121/build/ainex_controller': AMENT_PREFIX_PATH=/home/hrs2025/20260121/install/ainex_social_robot:/home/hrs2025/20260121/install/ainex_motion:/home/hrs2025/20260121/install/servo_service:/home/hrs2025/20260121/install/ainex_vision:${AMENT_PREFIX_PATH} CMAKE_PREFIX_PATH=/home/hrs2025/20260121/install/servo_service:${CMAKE_PREFIX_PATH} DEBUGINFOD_URLS=https://debuginfod.ubuntu.com LD_LIBRARY_PATH=/home/hrs2025/20260121/install/servo_service/lib:${LD_LIBRARY_PATH} PYTHONPATH=/home/hrs2025/20260121/build/ainex_controller/prefix_override:/usr/lib/python3/dist-packages/colcon_core/task/python/colcon_distutils_commands:/home/hrs2025/20260121/install/ainex_controller/lib/python3.12/site-packages:/home/hrs2025/20260121/build/ainex_social_robot:/home/hrs2025/20260121/install/ainex_social_robot/lib/python3.12/site-packages:/home/hrs2025/20260121/build/ainex_motion:/home/hrs2025/20260121/install/ainex_motion/lib/python3.12/site-packages:/home/hrs2025/20260121/install/servo_service/lib/python3.12/site-packages:/home/hrs2025/20260121/build/ainex_vision:/home/hrs2025/20260121/install/ainex_vision/lib/python3.12/site-packages:${PYTHONPATH} /usr/bin/python3 -W ignore:setup.py install is deprecated -W ignore:easy_install command is deprecated setup.py develop --editable --build-directory /home/hrs2025/20260121/build/ainex_controller/build --no-deps symlink_data
[23.625s] Level 1:colcon.colcon_core.shell:create_environment_hook('ainex_controller', 'pythonpath_develop')
[23.625s] DEBUG:colcon.colcon_core.event_handler.log_command:Invoked command in '/home/hrs2025/20260121/build/ainex_controller' returned '0': AMENT_PREFIX_PATH=/home/hrs2025/20260121/install/ainex_social_robot:/home/hrs2025/20260121/install/ainex_motion:/home/hrs2025/20260121/install/servo_service:/home/hrs2025/20260121/install/ainex_vision:${AMENT_PREFIX_PATH} CMAKE_PREFIX_PATH=/home/hrs2025/20260121/install/servo_service:${CMAKE_PREFIX_PATH} DEBUGINFOD_URLS=https://debuginfod.ubuntu.com LD_LIBRARY_PATH=/home/hrs2025/20260121/install/servo_service/lib:${LD_LIBRARY_PATH} PYTHONPATH=/home/hrs2025/20260121/build/ainex_controller/prefix_override:/usr/lib/python3/dist-packages/colcon_core/task/python/colcon_distutils_commands:/home/hrs2025/20260121/install/ainex_controller/lib/python3.12/site-packages:/home/hrs2025/20260121/build/ainex_social_robot:/home/hrs2025/20260121/install/ainex_social_robot/lib/python3.12/site-packages:/home/hrs2025/20260121/build/ainex_motion:/home/hrs2025/20260121/install/ainex_motion/lib/python3.12/site-packages:/home/hrs2025/20260121/install/servo_service/lib/python3.12/site-packages:/home/hrs2025/20260121/build/ainex_vision:/home/hrs2025/20260121/install/ainex_vision/lib/python3.12/site-packages:${PYTHONPATH} /usr/bin/python3 -W ignore:setup.py install is deprecated -W ignore:easy_install command is deprecated setup.py develop --editable --build-directory /home/hrs2025/20260121/build/ainex_controller/build --no-deps symlink_data
[23.625s] INFO:colcon.colcon_core.shell:Creating environment hook '/home/hrs2025/20260121/build/ainex_controller/share/ainex_controller/hook/pythonpath_develop.ps1'
[23.626s] INFO:colcon.colcon_core.shell:Creating environment descriptor '/home/hrs2025/20260121/build/ainex_controller/share/ainex_controller/hook/pythonpath_develop.dsv'
[23.626s] INFO:colcon.colcon_core.shell:Creating environment hook '/home/hrs2025/20260121/build/ainex_controller/share/ainex_controller/hook/pythonpath_develop.sh'
[23.627s] Level 1:colcon.colcon_core.environment:checking '/home/hrs2025/20260121/install/ainex_controller' for CMake module files
[23.627s] Level 1:colcon.colcon_core.environment:checking '/home/hrs2025/20260121/install/ainex_controller' for CMake config files
[23.628s] Level 1:colcon.colcon_core.environment:checking '/home/hrs2025/20260121/install/ainex_controller/lib'
[23.628s] Level 1:colcon.colcon_core.environment:checking '/home/hrs2025/20260121/install/ainex_controller/bin'
[23.628s] Level 1:colcon.colcon_core.environment:checking '/home/hrs2025/20260121/install/ainex_controller/lib/pkgconfig/ainex_controller.pc'
[23.628s] Level 1:colcon.colcon_core.environment:checking '/home/hrs2025/20260121/install/ainex_controller/lib/python3.12/site-packages'
[23.628s] Level 1:colcon.colcon_core.shell:create_environment_hook('ainex_controller', 'pythonpath')
[23.628s] INFO:colcon.colcon_core.shell:Creating environment hook '/home/hrs2025/20260121/install/ainex_controller/share/ainex_controller/hook/pythonpath.ps1'
[23.628s] INFO:colcon.colcon_core.shell:Creating environment descriptor '/home/hrs2025/20260121/install/ainex_controller/share/ainex_controller/hook/pythonpath.dsv'
[23.629s] INFO:colcon.colcon_core.shell:Creating environment hook '/home/hrs2025/20260121/install/ainex_controller/share/ainex_controller/hook/pythonpath.sh'
[23.629s] Level 1:colcon.colcon_core.environment:checking '/home/hrs2025/20260121/install/ainex_controller/bin'
[23.629s] Level 1:colcon.colcon_core.environment:create_environment_scripts_only(ainex_controller)
[23.629s] INFO:colcon.colcon_core.shell:Creating package script '/home/hrs2025/20260121/install/ainex_controller/share/ainex_controller/package.ps1'
[23.630s] INFO:colcon.colcon_core.shell:Creating package descriptor '/home/hrs2025/20260121/install/ainex_controller/share/ainex_controller/package.dsv'
[23.630s] INFO:colcon.colcon_core.shell:Creating package script '/home/hrs2025/20260121/install/ainex_controller/share/ainex_controller/package.sh'
[23.631s] INFO:colcon.colcon_core.shell:Creating package script '/home/hrs2025/20260121/install/ainex_controller/share/ainex_controller/package.bash'
[23.631s] INFO:colcon.colcon_core.shell:Creating package script '/home/hrs2025/20260121/install/ainex_controller/share/ainex_controller/package.zsh'
[23.631s] Level 1:colcon.colcon_core.environment:create_file_with_runtime_dependencies(/home/hrs2025/20260121/install/ainex_controller/share/colcon-core/packages/ainex_controller)
[23.632s] DEBUG:colcon.colcon_parallel_executor.executor.parallel:closing loop
[23.632s] DEBUG:colcon.colcon_parallel_executor.executor.parallel:loop closed
[23.632s] DEBUG:colcon.colcon_parallel_executor.executor.parallel:run_until_complete finished with '0'
[23.632s] DEBUG:colcon.colcon_core.event_reactor:joining thread
[23.638s] INFO:colcon.colcon_core.plugin_system:Skipping extension 'colcon_notification.desktop_notification.terminal_notifier': Not used on non-Darwin systems
[23.638s] INFO:colcon.colcon_core.plugin_system:Skipping extension 'colcon_notification.desktop_notification.win32': Not used on non-Windows systems
[23.638s] INFO:colcon.colcon_notification.desktop_notification:Sending desktop notification using 'notify2'
[23.652s] DEBUG:colcon.colcon_core.event_reactor:joined thread
[23.652s] INFO:colcon.colcon_core.shell:Creating prefix script '/home/hrs2025/20260121/install/local_setup.ps1'
[23.653s] INFO:colcon.colcon_core.shell:Creating prefix util module '/home/hrs2025/20260121/install/_local_setup_util_ps1.py'
[23.654s] INFO:colcon.colcon_core.shell:Creating prefix chain script '/home/hrs2025/20260121/install/setup.ps1'
[23.655s] INFO:colcon.colcon_core.shell:Creating prefix script '/home/hrs2025/20260121/install/local_setup.sh'
[23.655s] INFO:colcon.colcon_core.shell:Creating prefix util module '/home/hrs2025/20260121/install/_local_setup_util_sh.py'
[23.656s] INFO:colcon.colcon_core.shell:Creating prefix chain script '/home/hrs2025/20260121/install/setup.sh'
[23.657s] INFO:colcon.colcon_core.shell:Creating prefix script '/home/hrs2025/20260121/install/local_setup.bash'
[23.657s] INFO:colcon.colcon_core.shell:Creating prefix chain script '/home/hrs2025/20260121/install/setup.bash'
[23.658s] INFO:colcon.colcon_core.shell:Creating prefix script '/home/hrs2025/20260121/install/local_setup.zsh'
[23.658s] INFO:colcon.colcon_core.shell:Creating prefix chain script '/home/hrs2025/20260121/install/setup.zsh'
