[0.110s] DEBUG:colcon:Command line arguments: ['/usr/bin/colcon', 'build', '--symlink-install']
[0.110s] DEBUG:colcon:Parsed command line arguments: Namespace(log_base=None, log_level=None, verb_name='build', build_base='build', install_base='install', merge_install=False, symlink_install=True, test_result_base=None, continue_on_error=False, executor='parallel', parallel_workers=8, event_handlers=None, ignore_user_meta=False, metas=['./colcon.meta'], base_paths=['.'], packages_ignore=None, packages_ignore_regex=None, paths=None, packages_up_to=None, packages_up_to_regex=None, packages_above=None, packages_above_and_dependencies=None, packages_above_depth=None, packages_select_by_dep=None, packages_skip_by_dep=None, packages_skip_up_to=None, packages_select_build_failed=False, packages_skip_build_finished=False, packages_select_test_failures=False, packages_skip_test_passed=False, packages_select=None, packages_skip=None, packages_select_regex=None, packages_skip_regex=None, packages_start=None, packages_end=None, allow_overriding=[], cmake_args=None, cmake_target=None, cmake_target_skip_unavailable=False, cmake_clean_cache=False, cmake_clean_first=False, cmake_force_configure=False, ament_cmake_args=None, catkin_cmake_args=None, catkin_skip_building_tests=False, mixin_files=None, mixin=None, verb_parser=<colcon_mixin.mixin.mixin_argument.MixinArgumentDecorator object at 0x717e4b26dee0>, verb_extension=<colcon_core.verb.build.BuildVerb object at 0x717e4b1ab5c0>, main=<bound method BuildVerb.main of <colcon_core.verb.build.BuildVerb object at 0x717e4b1ab5c0>>, mixin_verb=('build',))
[0.147s] Level 1:colcon.colcon_core.package_discovery:discover_packages(colcon_meta) check parameters
[0.147s] Level 1:colcon.colcon_core.package_discovery:discover_packages(recursive) check parameters
[0.147s] Level 1:colcon.colcon_core.package_discovery:discover_packages(ignore) check parameters
[0.147s] Level 1:colcon.colcon_core.package_discovery:discover_packages(path) check parameters
[0.147s] Level 1:colcon.colcon_core.package_discovery:discover_packages(colcon_meta) discover
[0.147s] Level 1:colcon.colcon_core.package_discovery:discover_packages(recursive) discover
[0.147s] INFO:colcon.colcon_core.package_discovery:Crawling recursively for packages in '/home/hrs2025/20260121'
[0.148s] Level 1:colcon.colcon_core.package_identification:_identify(.) by extensions ['ignore', 'ignore_ament_install']
[0.148s] Level 1:colcon.colcon_core.package_identification:_identify(.) by extension 'ignore'
[0.148s] Level 1:colcon.colcon_core.package_identification:_identify(.) by extension 'ignore_ament_install'
[0.148s] Level 1:colcon.colcon_core.package_identification:_identify(.) by extensions ['colcon_pkg']
[0.148s] Level 1:colcon.colcon_core.package_identification:_identify(.) by extension 'colcon_pkg'
[0.148s] Level 1:colcon.colcon_core.package_identification:_identify(.) by extensions ['colcon_meta']
[0.148s] Level 1:colcon.colcon_core.package_identification:_identify(.) by extension 'colcon_meta'
[0.148s] Level 1:colcon.colcon_core.package_identification:_identify(.) by extensions ['ros']
[0.148s] Level 1:colcon.colcon_core.package_identification:_identify(.) by extension 'ros'
[0.172s] Level 1:colcon.colcon_core.package_identification:_identify(.) by extensions ['cmake', 'python']
[0.172s] Level 1:colcon.colcon_core.package_identification:_identify(.) by extension 'cmake'
[0.172s] Level 1:colcon.colcon_core.package_identification:_identify(.) by extension 'python'
[0.172s] Level 1:colcon.colcon_core.package_identification:_identify(.) by extensions ['python_setup_py']
[0.173s] Level 1:colcon.colcon_core.package_identification:_identify(.) by extension 'python_setup_py'
[0.173s] Level 1:colcon.colcon_core.package_identification:_identify(build) by extensions ['ignore', 'ignore_ament_install']
[0.173s] Level 1:colcon.colcon_core.package_identification:_identify(build) by extension 'ignore'
[0.173s] Level 1:colcon.colcon_core.package_identification:_identify(build) ignored
[0.173s] Level 1:colcon.colcon_core.package_identification:_identify(install) by extensions ['ignore', 'ignore_ament_install']
[0.173s] Level 1:colcon.colcon_core.package_identification:_identify(install) by extension 'ignore'
[0.173s] Level 1:colcon.colcon_core.package_identification:_identify(install) ignored
[0.173s] Level 1:colcon.colcon_core.package_identification:_identify(log) by extensions ['ignore', 'ignore_ament_install']
[0.173s] Level 1:colcon.colcon_core.package_identification:_identify(log) by extension 'ignore'
[0.173s] Level 1:colcon.colcon_core.package_identification:_identify(log) ignored
[0.173s] Level 1:colcon.colcon_core.package_identification:_identify(src) by extensions ['ignore', 'ignore_ament_install']
[0.173s] Level 1:colcon.colcon_core.package_identification:_identify(src) by extension 'ignore'
[0.173s] Level 1:colcon.colcon_core.package_identification:_identify(src) by extension 'ignore_ament_install'
[0.173s] Level 1:colcon.colcon_core.package_identification:_identify(src) by extensions ['colcon_pkg']
[0.173s] Level 1:colcon.colcon_core.package_identification:_identify(src) by extension 'colcon_pkg'
[0.173s] Level 1:colcon.colcon_core.package_identification:_identify(src) by extensions ['colcon_meta']
[0.174s] Level 1:colcon.colcon_core.package_identification:_identify(src) by extension 'colcon_meta'
[0.174s] Level 1:colcon.colcon_core.package_identification:_identify(src) by extensions ['ros']
[0.174s] Level 1:colcon.colcon_core.package_identification:_identify(src) by extension 'ros'
[0.174s] Level 1:colcon.colcon_core.package_identification:_identify(src) by extensions ['cmake', 'python']
[0.174s] Level 1:colcon.colcon_core.package_identification:_identify(src) by extension 'cmake'
[0.174s] Level 1:colcon.colcon_core.package_identification:_identify(src) by extension 'python'
[0.174s] Level 1:colcon.colcon_core.package_identification:_identify(src) by extensions ['python_setup_py']
[0.174s] Level 1:colcon.colcon_core.package_identification:_identify(src) by extension 'python_setup_py'
[0.174s] Level 1:colcon.colcon_core.package_identification:_identify(src/ainex_controller) by extensions ['ignore', 'ignore_ament_install']
[0.174s] Level 1:colcon.colcon_core.package_identification:_identify(src/ainex_controller) by extension 'ignore'
[0.174s] Level 1:colcon.colcon_core.package_identification:_identify(src/ainex_controller) by extension 'ignore_ament_install'
[0.174s] Level 1:colcon.colcon_core.package_identification:_identify(src/ainex_controller) by extensions ['colcon_pkg']
[0.174s] Level 1:colcon.colcon_core.package_identification:_identify(src/ainex_controller) by extension 'colcon_pkg'
[0.174s] Level 1:colcon.colcon_core.package_identification:_identify(src/ainex_controller) by extensions ['colcon_meta']
[0.174s] Level 1:colcon.colcon_core.package_identification:_identify(src/ainex_controller) by extension 'colcon_meta'
[0.174s] Level 1:colcon.colcon_core.package_identification:_identify(src/ainex_controller) by extensions ['ros']
[0.174s] Level 1:colcon.colcon_core.package_identification:_identify(src/ainex_controller) by extension 'ros'
[0.176s] DEBUG:colcon.colcon_core.package_identification:Package 'src/ainex_controller' with type 'ros.ament_python' and name 'ainex_controller'
[0.176s] Level 1:colcon.colcon_core.package_identification:_identify(src/ainex_description) by extensions ['ignore', 'ignore_ament_install']
[0.177s] Level 1:colcon.colcon_core.package_identification:_identify(src/ainex_description) by extension 'ignore'
[0.177s] Level 1:colcon.colcon_core.package_identification:_identify(src/ainex_description) by extension 'ignore_ament_install'
[0.177s] Level 1:colcon.colcon_core.package_identification:_identify(src/ainex_description) by extensions ['colcon_pkg']
[0.177s] Level 1:colcon.colcon_core.package_identification:_identify(src/ainex_description) by extension 'colcon_pkg'
[0.177s] Level 1:colcon.colcon_core.package_identification:_identify(src/ainex_description) by extensions ['colcon_meta']
[0.177s] Level 1:colcon.colcon_core.package_identification:_identify(src/ainex_description) by extension 'colcon_meta'
[0.177s] Level 1:colcon.colcon_core.package_identification:_identify(src/ainex_description) by extensions ['ros']
[0.177s] Level 1:colcon.colcon_core.package_identification:_identify(src/ainex_description) by extension 'ros'
[0.177s] DEBUG:colcon.colcon_core.package_identification:Package 'src/ainex_description' with type 'ros.ament_cmake' and name 'ainex_description'
[0.177s] Level 1:colcon.colcon_core.package_identification:_identify(src/ainex_motion) by extensions ['ignore', 'ignore_ament_install']
[0.178s] Level 1:colcon.colcon_core.package_identification:_identify(src/ainex_motion) by extension 'ignore'
[0.178s] Level 1:colcon.colcon_core.package_identification:_identify(src/ainex_motion) by extension 'ignore_ament_install'
[0.178s] Level 1:colcon.colcon_core.package_identification:_identify(src/ainex_motion) by extensions ['colcon_pkg']
[0.178s] Level 1:colcon.colcon_core.package_identification:_identify(src/ainex_motion) by extension 'colcon_pkg'
[0.178s] Level 1:colcon.colcon_core.package_identification:_identify(src/ainex_motion) by extensions ['colcon_meta']
[0.178s] Level 1:colcon.colcon_core.package_identification:_identify(src/ainex_motion) by extension 'colcon_meta'
[0.178s] Level 1:colcon.colcon_core.package_identification:_identify(src/ainex_motion) by extensions ['ros']
[0.178s] Level 1:colcon.colcon_core.package_identification:_identify(src/ainex_motion) by extension 'ros'
[0.178s] DEBUG:colcon.colcon_core.package_identification:Package 'src/ainex_motion' with type 'ros.ament_python' and name 'ainex_motion'
[0.178s] Level 1:colcon.colcon_core.package_identification:_identify(src/ainex_social_robot) by extensions ['ignore', 'ignore_ament_install']
[0.179s] Level 1:colcon.colcon_core.package_identification:_identify(src/ainex_social_robot) by extension 'ignore'
[0.179s] Level 1:colcon.colcon_core.package_identification:_identify(src/ainex_social_robot) by extension 'ignore_ament_install'
[0.179s] Level 1:colcon.colcon_core.package_identification:_identify(src/ainex_social_robot) by extensions ['colcon_pkg']
[0.179s] Level 1:colcon.colcon_core.package_identification:_identify(src/ainex_social_robot) by extension 'colcon_pkg'
[0.179s] Level 1:colcon.colcon_core.package_identification:_identify(src/ainex_social_robot) by extensions ['colcon_meta']
[0.179s] Level 1:colcon.colcon_core.package_identification:_identify(src/ainex_social_robot) by extension 'colcon_meta'
[0.179s] Level 1:colcon.colcon_core.package_identification:_identify(src/ainex_social_robot) by extensions ['ros']
[0.179s] Level 1:colcon.colcon_core.package_identification:_identify(src/ainex_social_robot) by extension 'ros'
[0.179s] DEBUG:colcon.colcon_core.package_identification:Package 'src/ainex_social_robot' with type 'ros.ament_python' and name 'ainex_social_robot'
[0.180s] Level 1:colcon.colcon_core.package_identification:_identify(src/ainex_vision) by extensions ['ignore', 'ignore_ament_install']
[0.180s] Level 1:colcon.colcon_core.package_identification:_identify(src/ainex_vision) by extension 'ignore'
[0.180s] Level 1:colcon.colcon_core.package_identification:_identify(src/ainex_vision) by extension 'ignore_ament_install'
[0.180s] Level 1:colcon.colcon_core.package_identification:_identify(src/ainex_vision) by extensions ['colcon_pkg']
[0.180s] Level 1:colcon.colcon_core.package_identification:_identify(src/ainex_vision) by extension 'colcon_pkg'
[0.180s] Level 1:colcon.colcon_core.package_identification:_identify(src/ainex_vision) by extensions ['colcon_meta']
[0.180s] Level 1:colcon.colcon_core.package_identification:_identify(src/ainex_vision) by extension 'colcon_meta'
[0.180s] Level 1:colcon.colcon_core.package_identification:_identify(src/ainex_vision) by extensions ['ros']
[0.180s] Level 1:colcon.colcon_core.package_identification:_identify(src/ainex_vision) by extension 'ros'
[0.180s] DEBUG:colcon.colcon_core.package_identification:Package 'src/ainex_vision' with type 'ros.ament_python' and name 'ainex_vision'
[0.180s] Level 1:colcon.colcon_core.package_identification:_identify(src/build) by extensions ['ignore', 'ignore_ament_install']
[0.181s] Level 1:colcon.colcon_core.package_identification:_identify(src/build) by extension 'ignore'
[0.181s] Level 1:colcon.colcon_core.package_identification:_identify(src/build) ignored
[0.181s] Level 1:colcon.colcon_core.package_identification:_identify(src/install) by extensions ['ignore', 'ignore_ament_install']
[0.181s] Level 1:colcon.colcon_core.package_identification:_identify(src/install) by extension 'ignore'
[0.181s] Level 1:colcon.colcon_core.package_identification:_identify(src/install) ignored
[0.181s] Level 1:colcon.colcon_core.package_identification:_identify(src/log) by extensions ['ignore', 'ignore_ament_install']
[0.181s] Level 1:colcon.colcon_core.package_identification:_identify(src/log) by extension 'ignore'
[0.181s] Level 1:colcon.colcon_core.package_identification:_identify(src/log) ignored
[0.181s] Level 1:colcon.colcon_core.package_identification:_identify(src/servo_service) by extensions ['ignore', 'ignore_ament_install']
[0.181s] Level 1:colcon.colcon_core.package_identification:_identify(src/servo_service) by extension 'ignore'
[0.181s] Level 1:colcon.colcon_core.package_identification:_identify(src/servo_service) by extension 'ignore_ament_install'
[0.181s] Level 1:colcon.colcon_core.package_identification:_identify(src/servo_service) by extensions ['colcon_pkg']
[0.181s] Level 1:colcon.colcon_core.package_identification:_identify(src/servo_service) by extension 'colcon_pkg'
[0.181s] Level 1:colcon.colcon_core.package_identification:_identify(src/servo_service) by extensions ['colcon_meta']
[0.181s] Level 1:colcon.colcon_core.package_identification:_identify(src/servo_service) by extension 'colcon_meta'
[0.181s] Level 1:colcon.colcon_core.package_identification:_identify(src/servo_service) by extensions ['ros']
[0.181s] Level 1:colcon.colcon_core.package_identification:_identify(src/servo_service) by extension 'ros'
[0.182s] DEBUG:colcon.colcon_core.package_identification:Package 'src/servo_service' with type 'ros.ament_cmake' and name 'servo_service'
[0.182s] Level 1:colcon.colcon_core.package_discovery:discover_packages(recursive) using defaults
[0.182s] Level 1:colcon.colcon_core.package_discovery:discover_packages(ignore) discover
[0.182s] Level 1:colcon.colcon_core.package_discovery:discover_packages(ignore) using defaults
[0.182s] Level 1:colcon.colcon_core.package_discovery:discover_packages(path) discover
[0.182s] Level 1:colcon.colcon_core.package_discovery:discover_packages(path) using defaults
[0.200s] Level 1:colcon.colcon_core.package_discovery:discover_packages(prefix_path) check parameters
[0.200s] Level 1:colcon.colcon_core.package_discovery:discover_packages(prefix_path) discover
[0.201s] WARNING:colcon.colcon_core.prefix_path.colcon:The path '/home/hrs2025/backup/20260121/install' in the environment variable COLCON_PREFIX_PATH doesn't exist
[0.201s] WARNING:colcon.colcon_ros.prefix_path.ament:The path '/home/hrs2025/backup/20260121/install/ainex_controller' in the environment variable AMENT_PREFIX_PATH doesn't exist
[0.201s] WARNING:colcon.colcon_ros.prefix_path.ament:The path '/home/hrs2025/backup/20260121/install/ainex_social_robot' in the environment variable AMENT_PREFIX_PATH doesn't exist
[0.201s] WARNING:colcon.colcon_ros.prefix_path.ament:The path '/home/hrs2025/backup/20260121/install/ainex_motion' in the environment variable AMENT_PREFIX_PATH doesn't exist
[0.201s] WARNING:colcon.colcon_ros.prefix_path.ament:The path '/home/hrs2025/backup/20260121/install/servo_service' in the environment variable AMENT_PREFIX_PATH doesn't exist
[0.202s] WARNING:colcon.colcon_ros.prefix_path.ament:The path '/home/hrs2025/backup/20260121/install/ainex_vision' in the environment variable AMENT_PREFIX_PATH doesn't exist
[0.202s] WARNING:colcon.colcon_ros.prefix_path.ament:The path '/home/hrs2025/backup/20260121/install/ainex_description' in the environment variable AMENT_PREFIX_PATH doesn't exist
[0.202s] WARNING:colcon.colcon_ros.prefix_path.catkin:The path '/home/hrs2025/backup/20260121/install/servo_service' in the environment variable CMAKE_PREFIX_PATH doesn't exist
[0.202s] WARNING:colcon.colcon_ros.prefix_path.catkin:The path '/home/hrs2025/backup/20260121/install/ainex_description' in the environment variable CMAKE_PREFIX_PATH doesn't exist
[0.203s] DEBUG:colcon.colcon_installed_package_information.package_discovery:Found 6 installed packages in /home/hrs2025/20260121/install
[0.204s] DEBUG:colcon.colcon_installed_package_information.package_discovery:Found 6 installed packages in /home/hrs2025/Workspace/install
[0.206s] DEBUG:colcon.colcon_installed_package_information.package_discovery:Found 303 installed packages in /opt/ros/jazzy
[0.207s] Level 1:colcon.colcon_core.package_discovery:discover_packages(prefix_path) using defaults
[0.253s] Level 5:colcon.colcon_core.verb:set package 'ainex_description' build argument 'cmake_args' from command line to 'None'
[0.253s] Level 5:colcon.colcon_core.verb:set package 'ainex_description' build argument 'cmake_target' from command line to 'None'
[0.253s] Level 5:colcon.colcon_core.verb:set package 'ainex_description' build argument 'cmake_target_skip_unavailable' from command line to 'False'
[0.253s] Level 5:colcon.colcon_core.verb:set package 'ainex_description' build argument 'cmake_clean_cache' from command line to 'False'
[0.253s] Level 5:colcon.colcon_core.verb:set package 'ainex_description' build argument 'cmake_clean_first' from command line to 'False'
[0.253s] Level 5:colcon.colcon_core.verb:set package 'ainex_description' build argument 'cmake_force_configure' from command line to 'False'
[0.253s] Level 5:colcon.colcon_core.verb:set package 'ainex_description' build argument 'ament_cmake_args' from command line to 'None'
[0.253s] Level 5:colcon.colcon_core.verb:set package 'ainex_description' build argument 'catkin_cmake_args' from command line to 'None'
[0.253s] Level 5:colcon.colcon_core.verb:set package 'ainex_description' build argument 'catkin_skip_building_tests' from command line to 'False'
[0.253s] DEBUG:colcon.colcon_core.verb:Building package 'ainex_description' with the following arguments: {'ament_cmake_args': None, 'build_base': '/home/hrs2025/20260121/build/ainex_description', 'catkin_cmake_args': None, 'catkin_skip_building_tests': False, 'cmake_args': None, 'cmake_clean_cache': False, 'cmake_clean_first': False, 'cmake_force_configure': False, 'cmake_target': None, 'cmake_target_skip_unavailable': False, 'install_base': '/home/hrs2025/20260121/install/ainex_description', 'merge_install': False, 'path': '/home/hrs2025/20260121/src/ainex_description', 'symlink_install': True, 'test_result_base': None}
[0.254s] Level 5:colcon.colcon_core.verb:set package 'ainex_vision' build argument 'cmake_args' from command line to 'None'
[0.254s] Level 5:colcon.colcon_core.verb:set package 'ainex_vision' build argument 'cmake_target' from command line to 'None'
[0.254s] Level 5:colcon.colcon_core.verb:set package 'ainex_vision' build argument 'cmake_target_skip_unavailable' from command line to 'False'
[0.254s] Level 5:colcon.colcon_core.verb:set package 'ainex_vision' build argument 'cmake_clean_cache' from command line to 'False'
[0.254s] Level 5:colcon.colcon_core.verb:set package 'ainex_vision' build argument 'cmake_clean_first' from command line to 'False'
[0.254s] Level 5:colcon.colcon_core.verb:set package 'ainex_vision' build argument 'cmake_force_configure' from command line to 'False'
[0.254s] Level 5:colcon.colcon_core.verb:set package 'ainex_vision' build argument 'ament_cmake_args' from command line to 'None'
[0.254s] Level 5:colcon.colcon_core.verb:set package 'ainex_vision' build argument 'catkin_cmake_args' from command line to 'None'
[0.254s] Level 5:colcon.colcon_core.verb:set package 'ainex_vision' build argument 'catkin_skip_building_tests' from command line to 'False'
[0.254s] DEBUG:colcon.colcon_core.verb:Building package 'ainex_vision' with the following arguments: {'ament_cmake_args': None, 'build_base': '/home/hrs2025/20260121/build/ainex_vision', 'catkin_cmake_args': None, 'catkin_skip_building_tests': False, 'cmake_args': None, 'cmake_clean_cache': False, 'cmake_clean_first': False, 'cmake_force_configure': False, 'cmake_target': None, 'cmake_target_skip_unavailable': False, 'install_base': '/home/hrs2025/20260121/install/ainex_vision', 'merge_install': False, 'path': '/home/hrs2025/20260121/src/ainex_vision', 'symlink_install': True, 'test_result_base': None}
[0.254s] Level 5:colcon.colcon_core.verb:set package 'servo_service' build argument 'cmake_args' from command line to 'None'
[0.254s] Level 5:colcon.colcon_core.verb:set package 'servo_service' build argument 'cmake_target' from command line to 'None'
[0.254s] Level 5:colcon.colcon_core.verb:set package 'servo_service' build argument 'cmake_target_skip_unavailable' from command line to 'False'
[0.254s] Level 5:colcon.colcon_core.verb:set package 'servo_service' build argument 'cmake_clean_cache' from command line to 'False'
[0.254s] Level 5:colcon.colcon_core.verb:set package 'servo_service' build argument 'cmake_clean_first' from command line to 'False'
[0.254s] Level 5:colcon.colcon_core.verb:set package 'servo_service' build argument 'cmake_force_configure' from command line to 'False'
[0.254s] Level 5:colcon.colcon_core.verb:set package 'servo_service' build argument 'ament_cmake_args' from command line to 'None'
[0.254s] Level 5:colcon.colcon_core.verb:set package 'servo_service' build argument 'catkin_cmake_args' from command line to 'None'
[0.254s] Level 5:colcon.colcon_core.verb:set package 'servo_service' build argument 'catkin_skip_building_tests' from command line to 'False'
[0.254s] DEBUG:colcon.colcon_core.verb:Building package 'servo_service' with the following arguments: {'ament_cmake_args': None, 'build_base': '/home/hrs2025/20260121/build/servo_service', 'catkin_cmake_args': None, 'catkin_skip_building_tests': False, 'cmake_args': None, 'cmake_clean_cache': False, 'cmake_clean_first': False, 'cmake_force_configure': False, 'cmake_target': None, 'cmake_target_skip_unavailable': False, 'install_base': '/home/hrs2025/20260121/install/servo_service', 'merge_install': False, 'path': '/home/hrs2025/20260121/src/servo_service', 'symlink_install': True, 'test_result_base': None}
[0.255s] Level 5:colcon.colcon_core.verb:set package 'ainex_motion' build argument 'cmake_args' from command line to 'None'
[0.255s] Level 5:colcon.colcon_core.verb:set package 'ainex_motion' build argument 'cmake_target' from command line to 'None'
[0.255s] Level 5:colcon.colcon_core.verb:set package 'ainex_motion' build argument 'cmake_target_skip_unavailable' from command line to 'False'
[0.255s] Level 5:colcon.colcon_core.verb:set package 'ainex_motion' build argument 'cmake_clean_cache' from command line to 'False'
[0.255s] Level 5:colcon.colcon_core.verb:set package 'ainex_motion' build argument 'cmake_clean_first' from command line to 'False'
[0.255s] Level 5:colcon.colcon_core.verb:set package 'ainex_motion' build argument 'cmake_force_configure' from command line to 'False'
[0.255s] Level 5:colcon.colcon_core.verb:set package 'ainex_motion' build argument 'ament_cmake_args' from command line to 'None'
[0.255s] Level 5:colcon.colcon_core.verb:set package 'ainex_motion' build argument 'catkin_cmake_args' from command line to 'None'
[0.255s] Level 5:colcon.colcon_core.verb:set package 'ainex_motion' build argument 'catkin_skip_building_tests' from command line to 'False'
[0.255s] DEBUG:colcon.colcon_core.verb:Building package 'ainex_motion' with the following arguments: {'ament_cmake_args': None, 'build_base': '/home/hrs2025/20260121/build/ainex_motion', 'catkin_cmake_args': None, 'catkin_skip_building_tests': False, 'cmake_args': None, 'cmake_clean_cache': False, 'cmake_clean_first': False, 'cmake_force_configure': False, 'cmake_target': None, 'cmake_target_skip_unavailable': False, 'install_base': '/home/hrs2025/20260121/install/ainex_motion', 'merge_install': False, 'path': '/home/hrs2025/20260121/src/ainex_motion', 'symlink_install': True, 'test_result_base': None}
[0.255s] Level 5:colcon.colcon_core.verb:set package 'ainex_social_robot' build argument 'cmake_args' from command line to 'None'
[0.255s] Level 5:colcon.colcon_core.verb:set package 'ainex_social_robot' build argument 'cmake_target' from command line to 'None'
[0.255s] Level 5:colcon.colcon_core.verb:set package 'ainex_social_robot' build argument 'cmake_target_skip_unavailable' from command line to 'False'
[0.255s] Level 5:colcon.colcon_core.verb:set package 'ainex_social_robot' build argument 'cmake_clean_cache' from command line to 'False'
[0.255s] Level 5:colcon.colcon_core.verb:set package 'ainex_social_robot' build argument 'cmake_clean_first' from command line to 'False'
[0.255s] Level 5:colcon.colcon_core.verb:set package 'ainex_social_robot' build argument 'cmake_force_configure' from command line to 'False'
[0.255s] Level 5:colcon.colcon_core.verb:set package 'ainex_social_robot' build argument 'ament_cmake_args' from command line to 'None'
[0.255s] Level 5:colcon.colcon_core.verb:set package 'ainex_social_robot' build argument 'catkin_cmake_args' from command line to 'None'
[0.255s] Level 5:colcon.colcon_core.verb:set package 'ainex_social_robot' build argument 'catkin_skip_building_tests' from command line to 'False'
[0.255s] DEBUG:colcon.colcon_core.verb:Building package 'ainex_social_robot' with the following arguments: {'ament_cmake_args': None, 'build_base': '/home/hrs2025/20260121/build/ainex_social_robot', 'catkin_cmake_args': None, 'catkin_skip_building_tests': False, 'cmake_args': None, 'cmake_clean_cache': False, 'cmake_clean_first': False, 'cmake_force_configure': False, 'cmake_target': None, 'cmake_target_skip_unavailable': False, 'install_base': '/home/hrs2025/20260121/install/ainex_social_robot', 'merge_install': False, 'path': '/home/hrs2025/20260121/src/ainex_social_robot', 'symlink_install': True, 'test_result_base': None}
[0.255s] Level 5:colcon.colcon_core.verb:set package 'ainex_controller' build argument 'cmake_args' from command line to 'None'
[0.255s] Level 5:colcon.colcon_core.verb:set package 'ainex_controller' build argument 'cmake_target' from command line to 'None'
[0.255s] Level 5:colcon.colcon_core.verb:set package 'ainex_controller' build argument 'cmake_target_skip_unavailable' from command line to 'False'
[0.255s] Level 5:colcon.colcon_core.verb:set package 'ainex_controller' build argument 'cmake_clean_cache' from command line to 'False'
[0.255s] Level 5:colcon.colcon_core.verb:set package 'ainex_controller' build argument 'cmake_clean_first' from command line to 'False'
[0.255s] Level 5:colcon.colcon_core.verb:set package 'ainex_controller' build argument 'cmake_force_configure' from command line to 'False'
[0.256s] Level 5:colcon.colcon_core.verb:set package 'ainex_controller' build argument 'ament_cmake_args' from command line to 'None'
[0.256s] Level 5:colcon.colcon_core.verb:set package 'ainex_controller' build argument 'catkin_cmake_args' from command line to 'None'
[0.256s] Level 5:colcon.colcon_core.verb:set package 'ainex_controller' build argument 'catkin_skip_building_tests' from command line to 'False'
[0.256s] DEBUG:colcon.colcon_core.verb:Building package 'ainex_controller' with the following arguments: {'ament_cmake_args': None, 'build_base': '/home/hrs2025/20260121/build/ainex_controller', 'catkin_cmake_args': None, 'catkin_skip_building_tests': False, 'cmake_args': None, 'cmake_clean_cache': False, 'cmake_clean_first': False, 'cmake_force_configure': False, 'cmake_target': None, 'cmake_target_skip_unavailable': False, 'install_base': '/home/hrs2025/20260121/install/ainex_controller', 'merge_install': False, 'path': '/home/hrs2025/20260121/src/ainex_controller', 'symlink_install': True, 'test_result_base': None}
[0.256s] INFO:colcon.colcon_core.executor:Executing jobs using 'parallel' executor
[0.256s] DEBUG:colcon.colcon_parallel_executor.executor.parallel:run_until_complete
[0.257s] INFO:colcon.colcon_ros.task.ament_cmake.build:Building ROS package in '/home/hrs2025/20260121/src/servo_service' with build type 'ament_cmake'
[0.257s] INFO:colcon.colcon_cmake.task.cmake.build:Building CMake package in '/home/hrs2025/20260121/src/servo_service'
[0.259s] INFO:colcon.colcon_core.plugin_system:Skipping extension 'colcon_core.shell.bat': Not used on non-Windows systems
[0.259s] INFO:colcon.colcon_core.shell:Skip shell extension 'powershell' for command environment: Not usable outside of PowerShell
[0.259s] DEBUG:colcon.colcon_core.shell:Skip shell extension 'dsv' for command environment
[0.264s] INFO:colcon.colcon_ros.task.ament_python.build:Building ROS package in '/home/hrs2025/20260121/src/ainex_vision' with build type 'ament_python'
[0.264s] Level 1:colcon.colcon_core.shell:create_environment_hook('ainex_vision', 'ament_prefix_path')
[0.264s] INFO:colcon.colcon_core.shell:Creating environment hook '/home/hrs2025/20260121/install/ainex_vision/share/ainex_vision/hook/ament_prefix_path.ps1'
[0.265s] INFO:colcon.colcon_core.shell:Creating environment descriptor '/home/hrs2025/20260121/install/ainex_vision/share/ainex_vision/hook/ament_prefix_path.dsv'
[0.265s] INFO:colcon.colcon_core.shell:Creating environment hook '/home/hrs2025/20260121/install/ainex_vision/share/ainex_vision/hook/ament_prefix_path.sh'
[0.266s] INFO:colcon.colcon_core.shell:Skip shell extension 'powershell' for command environment: Not usable outside of PowerShell
[0.266s] DEBUG:colcon.colcon_core.shell:Skip shell extension 'dsv' for command environment
[0.270s] INFO:colcon.colcon_ros.task.ament_cmake.build:Building ROS package in '/home/hrs2025/20260121/src/ainex_description' with build type 'ament_cmake'
[0.270s] INFO:colcon.colcon_cmake.task.cmake.build:Building CMake package in '/home/hrs2025/20260121/src/ainex_description'
[0.270s] INFO:colcon.colcon_core.shell:Skip shell extension 'powershell' for command environment: Not usable outside of PowerShell
[0.270s] DEBUG:colcon.colcon_core.shell:Skip shell extension 'dsv' for command environment
[0.278s] DEBUG:colcon.colcon_core.event_handler.log_command:Invoking command in '/home/hrs2025/20260121/build/servo_service': CMAKE_PREFIX_PATH=${CMAKE_PREFIX_PATH}:/home/hrs2025/20260121/install/ainex_controller:/home/hrs2025/20260121/install/ainex_social_robot:/home/hrs2025/20260121/install/ainex_motion:/home/hrs2025/20260121/install/ainex_vision:/home/hrs2025/backup/20260121/install/ainex_controller:/home/hrs2025/backup/20260121/install/ainex_social_robot:/home/hrs2025/backup/20260121/install/ainex_motion:/home/hrs2025/backup/20260121/install/ainex_vision:/home/hrs2025/Workspace/install/ainex_controller:/home/hrs2025/Workspace/install/ainex_social_robot:/home/hrs2025/Workspace/install/ainex_motion:/home/hrs2025/Workspace/install/ainex_vision:/opt/ros/jazzy DEBUGINFOD_URLS=https://debuginfod.ubuntu.com /usr/bin/cmake --build /home/hrs2025/20260121/build/servo_service -- -j8 -l8
[0.574s] INFO:colcon.colcon_core.task.python.build:Building Python package in '/home/hrs2025/20260121/src/ainex_vision'
[0.575s] INFO:colcon.colcon_core.shell:Skip shell extension 'powershell' for command environment: Not usable outside of PowerShell
[0.575s] DEBUG:colcon.colcon_core.shell:Skip shell extension 'dsv' for command environment
[0.587s] DEBUG:colcon.colcon_core.event_handler.log_command:Invoking command in '/home/hrs2025/20260121/build/ainex_description': CMAKE_PREFIX_PATH=${CMAKE_PREFIX_PATH}:/home/hrs2025/20260121/install/ainex_controller:/home/hrs2025/20260121/install/ainex_social_robot:/home/hrs2025/20260121/install/ainex_motion:/home/hrs2025/20260121/install/ainex_vision:/home/hrs2025/backup/20260121/install/ainex_controller:/home/hrs2025/backup/20260121/install/ainex_social_robot:/home/hrs2025/backup/20260121/install/ainex_motion:/home/hrs2025/backup/20260121/install/ainex_vision:/home/hrs2025/Workspace/install/ainex_controller:/home/hrs2025/Workspace/install/ainex_social_robot:/home/hrs2025/Workspace/install/ainex_motion:/home/hrs2025/Workspace/install/ainex_vision:/opt/ros/jazzy DEBUGINFOD_URLS=https://debuginfod.ubuntu.com /usr/bin/cmake --build /home/hrs2025/20260121/build/ainex_description -- -j8 -l8
[0.625s] DEBUG:colcon.colcon_core.event_handler.log_command:Invoked command in '/home/hrs2025/20260121/build/ainex_description' returned '0': CMAKE_PREFIX_PATH=${CMAKE_PREFIX_PATH}:/home/hrs2025/20260121/install/ainex_controller:/home/hrs2025/20260121/install/ainex_social_robot:/home/hrs2025/20260121/install/ainex_motion:/home/hrs2025/20260121/install/ainex_vision:/home/hrs2025/backup/20260121/install/ainex_controller:/home/hrs2025/backup/20260121/install/ainex_social_robot:/home/hrs2025/backup/20260121/install/ainex_motion:/home/hrs2025/backup/20260121/install/ainex_vision:/home/hrs2025/Workspace/install/ainex_controller:/home/hrs2025/Workspace/install/ainex_social_robot:/home/hrs2025/Workspace/install/ainex_motion:/home/hrs2025/Workspace/install/ainex_vision:/opt/ros/jazzy DEBUGINFOD_URLS=https://debuginfod.ubuntu.com /usr/bin/cmake --build /home/hrs2025/20260121/build/ainex_description -- -j8 -l8
[0.636s] DEBUG:colcon.colcon_core.event_handler.log_command:Invoking command in '/home/hrs2025/20260121/build/ainex_description': CMAKE_PREFIX_PATH=${CMAKE_PREFIX_PATH}:/home/hrs2025/20260121/install/ainex_controller:/home/hrs2025/20260121/install/ainex_social_robot:/home/hrs2025/20260121/install/ainex_motion:/home/hrs2025/20260121/install/ainex_vision:/home/hrs2025/backup/20260121/install/ainex_controller:/home/hrs2025/backup/20260121/install/ainex_social_robot:/home/hrs2025/backup/20260121/install/ainex_motion:/home/hrs2025/backup/20260121/install/ainex_vision:/home/hrs2025/Workspace/install/ainex_controller:/home/hrs2025/Workspace/install/ainex_social_robot:/home/hrs2025/Workspace/install/ainex_motion:/home/hrs2025/Workspace/install/ainex_vision:/opt/ros/jazzy DEBUGINFOD_URLS=https://debuginfod.ubuntu.com /usr/bin/cmake --install /home/hrs2025/20260121/build/ainex_description
[0.667s] Level 1:colcon.colcon_core.environment:create_environment_scripts_only(ainex_description)
[0.668s] DEBUG:colcon.colcon_core.event_handler.log_command:Invoked command in '/home/hrs2025/20260121/build/ainex_description' returned '0': CMAKE_PREFIX_PATH=${CMAKE_PREFIX_PATH}:/home/hrs2025/20260121/install/ainex_controller:/home/hrs2025/20260121/install/ainex_social_robot:/home/hrs2025/20260121/install/ainex_motion:/home/hrs2025/20260121/install/ainex_vision:/home/hrs2025/backup/20260121/install/ainex_controller:/home/hrs2025/backup/20260121/install/ainex_social_robot:/home/hrs2025/backup/20260121/install/ainex_motion:/home/hrs2025/backup/20260121/install/ainex_vision:/home/hrs2025/Workspace/install/ainex_controller:/home/hrs2025/Workspace/install/ainex_social_robot:/home/hrs2025/Workspace/install/ainex_motion:/home/hrs2025/Workspace/install/ainex_vision:/opt/ros/jazzy DEBUGINFOD_URLS=https://debuginfod.ubuntu.com /usr/bin/cmake --install /home/hrs2025/20260121/build/ainex_description
[0.671s] Level 1:colcon.colcon_core.environment:checking '/home/hrs2025/20260121/install/ainex_description' for CMake module files
[0.672s] Level 1:colcon.colcon_core.environment:checking '/home/hrs2025/20260121/install/ainex_description' for CMake config files
[0.672s] Level 1:colcon.colcon_core.shell:create_environment_hook('ainex_description', 'cmake_prefix_path')
[0.672s] INFO:colcon.colcon_core.shell:Creating environment hook '/home/hrs2025/20260121/install/ainex_description/share/ainex_description/hook/cmake_prefix_path.ps1'
[0.673s] INFO:colcon.colcon_core.shell:Creating environment descriptor '/home/hrs2025/20260121/install/ainex_description/share/ainex_description/hook/cmake_prefix_path.dsv'
[0.673s] INFO:colcon.colcon_core.shell:Creating environment hook '/home/hrs2025/20260121/install/ainex_description/share/ainex_description/hook/cmake_prefix_path.sh'
[0.674s] Level 1:colcon.colcon_core.environment:checking '/home/hrs2025/20260121/install/ainex_description/bin'
[0.674s] Level 1:colcon.colcon_core.environment:checking '/home/hrs2025/20260121/install/ainex_description/lib/pkgconfig/ainex_description.pc'
[0.674s] Level 1:colcon.colcon_core.environment:checking '/home/hrs2025/20260121/install/ainex_description/lib/python3.12/site-packages'
[0.675s] Level 1:colcon.colcon_core.environment:checking '/home/hrs2025/20260121/install/ainex_description/bin'
[0.675s] INFO:colcon.colcon_core.shell:Creating package script '/home/hrs2025/20260121/install/ainex_description/share/ainex_description/package.ps1'
[0.676s] INFO:colcon.colcon_core.shell:Creating package descriptor '/home/hrs2025/20260121/install/ainex_description/share/ainex_description/package.dsv'
[0.676s] INFO:colcon.colcon_core.shell:Creating package script '/home/hrs2025/20260121/install/ainex_description/share/ainex_description/package.sh'
[0.677s] INFO:colcon.colcon_core.shell:Creating package script '/home/hrs2025/20260121/install/ainex_description/share/ainex_description/package.bash'
[0.678s] INFO:colcon.colcon_core.shell:Creating package script '/home/hrs2025/20260121/install/ainex_description/share/ainex_description/package.zsh'
[0.678s] Level 1:colcon.colcon_core.environment:create_file_with_runtime_dependencies(/home/hrs2025/20260121/install/ainex_description/share/colcon-core/packages/ainex_description)
[0.679s] Level 1:colcon.colcon_core.environment:create_environment_scripts_only(ainex_description)
[0.679s] Level 1:colcon.colcon_core.environment:checking '/home/hrs2025/20260121/install/ainex_description' for CMake module files
[0.679s] Level 1:colcon.colcon_core.environment:checking '/home/hrs2025/20260121/install/ainex_description' for CMake config files
[0.679s] Level 1:colcon.colcon_core.shell:create_environment_hook('ainex_description', 'cmake_prefix_path')
[0.679s] INFO:colcon.colcon_core.shell:Creating environment hook '/home/hrs2025/20260121/install/ainex_description/share/ainex_description/hook/cmake_prefix_path.ps1'
[0.680s] INFO:colcon.colcon_core.shell:Creating environment descriptor '/home/hrs2025/20260121/install/ainex_description/share/ainex_description/hook/cmake_prefix_path.dsv'
[0.680s] INFO:colcon.colcon_core.shell:Creating environment hook '/home/hrs2025/20260121/install/ainex_description/share/ainex_description/hook/cmake_prefix_path.sh'
[0.681s] Level 1:colcon.colcon_core.environment:checking '/home/hrs2025/20260121/install/ainex_description/bin'
[0.681s] Level 1:colcon.colcon_core.environment:checking '/home/hrs2025/20260121/install/ainex_description/lib/pkgconfig/ainex_description.pc'
[0.681s] Level 1:colcon.colcon_core.environment:checking '/home/hrs2025/20260121/install/ainex_description/lib/python3.12/site-packages'
[0.681s] Level 1:colcon.colcon_core.environment:checking '/home/hrs2025/20260121/install/ainex_description/bin'
[0.681s] INFO:colcon.colcon_core.shell:Creating package script '/home/hrs2025/20260121/install/ainex_description/share/ainex_description/package.ps1'
[0.682s] INFO:colcon.colcon_core.shell:Creating package descriptor '/home/hrs2025/20260121/install/ainex_description/share/ainex_description/package.dsv'
[0.682s] INFO:colcon.colcon_core.shell:Creating package script '/home/hrs2025/20260121/install/ainex_description/share/ainex_description/package.sh'
[0.683s] INFO:colcon.colcon_core.shell:Creating package script '/home/hrs2025/20260121/install/ainex_description/share/ainex_description/package.bash'
[0.683s] INFO:colcon.colcon_core.shell:Creating package script '/home/hrs2025/20260121/install/ainex_description/share/ainex_description/package.zsh'
[0.683s] Level 1:colcon.colcon_core.environment:create_file_with_runtime_dependencies(/home/hrs2025/20260121/install/ainex_description/share/colcon-core/packages/ainex_description)
[0.807s] DEBUG:colcon.colcon_core.event_handler.log_command:Invoked command in '/home/hrs2025/20260121/build/servo_service' returned '0': CMAKE_PREFIX_PATH=${CMAKE_PREFIX_PATH}:/home/hrs2025/20260121/install/ainex_controller:/home/hrs2025/20260121/install/ainex_social_robot:/home/hrs2025/20260121/install/ainex_motion:/home/hrs2025/20260121/install/ainex_vision:/home/hrs2025/backup/20260121/install/ainex_controller:/home/hrs2025/backup/20260121/install/ainex_social_robot:/home/hrs2025/backup/20260121/install/ainex_motion:/home/hrs2025/backup/20260121/install/ainex_vision:/home/hrs2025/Workspace/install/ainex_controller:/home/hrs2025/Workspace/install/ainex_social_robot:/home/hrs2025/Workspace/install/ainex_motion:/home/hrs2025/Workspace/install/ainex_vision:/opt/ros/jazzy DEBUGINFOD_URLS=https://debuginfod.ubuntu.com /usr/bin/cmake --build /home/hrs2025/20260121/build/servo_service -- -j8 -l8
[0.808s] DEBUG:colcon.colcon_core.event_handler.log_command:Invoking command in '/home/hrs2025/20260121/build/servo_service': CMAKE_PREFIX_PATH=${CMAKE_PREFIX_PATH}:/home/hrs2025/20260121/install/ainex_controller:/home/hrs2025/20260121/install/ainex_social_robot:/home/hrs2025/20260121/install/ainex_motion:/home/hrs2025/20260121/install/ainex_vision:/home/hrs2025/backup/20260121/install/ainex_controller:/home/hrs2025/backup/20260121/install/ainex_social_robot:/home/hrs2025/backup/20260121/install/ainex_motion:/home/hrs2025/backup/20260121/install/ainex_vision:/home/hrs2025/Workspace/install/ainex_controller:/home/hrs2025/Workspace/install/ainex_social_robot:/home/hrs2025/Workspace/install/ainex_motion:/home/hrs2025/Workspace/install/ainex_vision:/opt/ros/jazzy DEBUGINFOD_URLS=https://debuginfod.ubuntu.com /usr/bin/cmake --install /home/hrs2025/20260121/build/servo_service
[0.941s] Level 1:colcon.colcon_core.environment:create_environment_scripts_only(servo_service)
[0.942s] Level 1:colcon.colcon_core.environment:checking '/home/hrs2025/20260121/install/servo_service' for CMake module files
[0.942s] DEBUG:colcon.colcon_core.event_handler.log_command:Invoked command in '/home/hrs2025/20260121/build/servo_service' returned '0': CMAKE_PREFIX_PATH=${CMAKE_PREFIX_PATH}:/home/hrs2025/20260121/install/ainex_controller:/home/hrs2025/20260121/install/ainex_social_robot:/home/hrs2025/20260121/install/ainex_motion:/home/hrs2025/20260121/install/ainex_vision:/home/hrs2025/backup/20260121/install/ainex_controller:/home/hrs2025/backup/20260121/install/ainex_social_robot:/home/hrs2025/backup/20260121/install/ainex_motion:/home/hrs2025/backup/20260121/install/ainex_vision:/home/hrs2025/Workspace/install/ainex_controller:/home/hrs2025/Workspace/install/ainex_social_robot:/home/hrs2025/Workspace/install/ainex_motion:/home/hrs2025/Workspace/install/ainex_vision:/opt/ros/jazzy DEBUGINFOD_URLS=https://debuginfod.ubuntu.com /usr/bin/cmake --install /home/hrs2025/20260121/build/servo_service
[0.943s] Level 1:colcon.colcon_core.environment:checking '/home/hrs2025/20260121/install/servo_service' for CMake config files
[0.944s] Level 1:colcon.colcon_core.shell:create_environment_hook('servo_service', 'cmake_prefix_path')
[0.944s] INFO:colcon.colcon_core.shell:Creating environment hook '/home/hrs2025/20260121/install/servo_service/share/servo_service/hook/cmake_prefix_path.ps1'
[0.944s] INFO:colcon.colcon_core.shell:Creating environment descriptor '/home/hrs2025/20260121/install/servo_service/share/servo_service/hook/cmake_prefix_path.dsv'
[0.945s] INFO:colcon.colcon_core.shell:Creating environment hook '/home/hrs2025/20260121/install/servo_service/share/servo_service/hook/cmake_prefix_path.sh'
[0.945s] Level 1:colcon.colcon_core.environment:checking '/home/hrs2025/20260121/install/servo_service/lib'
[0.945s] Level 1:colcon.colcon_core.shell:create_environment_hook('servo_service', 'ld_library_path_lib')
[0.945s] INFO:colcon.colcon_core.shell:Creating environment hook '/home/hrs2025/20260121/install/servo_service/share/servo_service/hook/ld_library_path_lib.ps1'
[0.946s] INFO:colcon.colcon_core.shell:Creating environment descriptor '/home/hrs2025/20260121/install/servo_service/share/servo_service/hook/ld_library_path_lib.dsv'
[0.946s] INFO:colcon.colcon_core.shell:Creating environment hook '/home/hrs2025/20260121/install/servo_service/share/servo_service/hook/ld_library_path_lib.sh'
[0.946s] Level 1:colcon.colcon_core.environment:checking '/home/hrs2025/20260121/install/servo_service/bin'
[0.946s] Level 1:colcon.colcon_core.environment:checking '/home/hrs2025/20260121/install/servo_service/lib/pkgconfig/servo_service.pc'
[0.947s] Level 1:colcon.colcon_core.environment:checking '/home/hrs2025/20260121/install/servo_service/lib/python3.12/site-packages'
[0.947s] Level 1:colcon.colcon_core.shell:create_environment_hook('servo_service', 'pythonpath')
[0.947s] INFO:colcon.colcon_core.shell:Creating environment hook '/home/hrs2025/20260121/install/servo_service/share/servo_service/hook/pythonpath.ps1'
[0.947s] INFO:colcon.colcon_core.shell:Creating environment descriptor '/home/hrs2025/20260121/install/servo_service/share/servo_service/hook/pythonpath.dsv'
[0.948s] INFO:colcon.colcon_core.shell:Creating environment hook '/home/hrs2025/20260121/install/servo_service/share/servo_service/hook/pythonpath.sh'
[0.948s] Level 1:colcon.colcon_core.environment:checking '/home/hrs2025/20260121/install/servo_service/bin'
[0.948s] INFO:colcon.colcon_core.shell:Creating package script '/home/hrs2025/20260121/install/servo_service/share/servo_service/package.ps1'
[0.949s] INFO:colcon.colcon_core.shell:Creating package descriptor '/home/hrs2025/20260121/install/servo_service/share/servo_service/package.dsv'
[0.949s] INFO:colcon.colcon_core.shell:Creating package script '/home/hrs2025/20260121/install/servo_service/share/servo_service/package.sh'
[0.950s] INFO:colcon.colcon_core.shell:Creating package script '/home/hrs2025/20260121/install/servo_service/share/servo_service/package.bash'
[0.950s] INFO:colcon.colcon_core.shell:Creating package script '/home/hrs2025/20260121/install/servo_service/share/servo_service/package.zsh'
[0.950s] Level 1:colcon.colcon_core.environment:create_file_with_runtime_dependencies(/home/hrs2025/20260121/install/servo_service/share/colcon-core/packages/servo_service)
[0.951s] Level 1:colcon.colcon_core.environment:create_environment_scripts_only(servo_service)
[0.951s] Level 1:colcon.colcon_core.environment:checking '/home/hrs2025/20260121/install/servo_service' for CMake module files
[0.952s] Level 1:colcon.colcon_core.environment:checking '/home/hrs2025/20260121/install/servo_service' for CMake config files
[0.952s] Level 1:colcon.colcon_core.shell:create_environment_hook('servo_service', 'cmake_prefix_path')
[0.953s] INFO:colcon.colcon_core.shell:Creating environment hook '/home/hrs2025/20260121/install/servo_service/share/servo_service/hook/cmake_prefix_path.ps1'
[0.953s] INFO:colcon.colcon_core.shell:Creating environment descriptor '/home/hrs2025/20260121/install/servo_service/share/servo_service/hook/cmake_prefix_path.dsv'
[0.953s] INFO:colcon.colcon_core.shell:Creating environment hook '/home/hrs2025/20260121/install/servo_service/share/servo_service/hook/cmake_prefix_path.sh'
[0.954s] Level 1:colcon.colcon_core.environment:checking '/home/hrs2025/20260121/install/servo_service/lib'
[0.954s] Level 1:colcon.colcon_core.shell:create_environment_hook('servo_service', 'ld_library_path_lib')
[0.954s] INFO:colcon.colcon_core.shell:Creating environment hook '/home/hrs2025/20260121/install/servo_service/share/servo_service/hook/ld_library_path_lib.ps1'
[0.954s] INFO:colcon.colcon_core.shell:Creating environment descriptor '/home/hrs2025/20260121/install/servo_service/share/servo_service/hook/ld_library_path_lib.dsv'
[0.955s] INFO:colcon.colcon_core.shell:Creating environment hook '/home/hrs2025/20260121/install/servo_service/share/servo_service/hook/ld_library_path_lib.sh'
[0.955s] Level 1:colcon.colcon_core.environment:checking '/home/hrs2025/20260121/install/servo_service/bin'
[0.955s] Level 1:colcon.colcon_core.environment:checking '/home/hrs2025/20260121/install/servo_service/lib/pkgconfig/servo_service.pc'
[0.955s] Level 1:colcon.colcon_core.environment:checking '/home/hrs2025/20260121/install/servo_service/lib/python3.12/site-packages'
[0.955s] Level 1:colcon.colcon_core.shell:create_environment_hook('servo_service', 'pythonpath')
[0.956s] INFO:colcon.colcon_core.shell:Creating environment hook '/home/hrs2025/20260121/install/servo_service/share/servo_service/hook/pythonpath.ps1'
[0.956s] INFO:colcon.colcon_core.shell:Creating environment descriptor '/home/hrs2025/20260121/install/servo_service/share/servo_service/hook/pythonpath.dsv'
[0.956s] INFO:colcon.colcon_core.shell:Creating environment hook '/home/hrs2025/20260121/install/servo_service/share/servo_service/hook/pythonpath.sh'
[0.957s] Level 1:colcon.colcon_core.environment:checking '/home/hrs2025/20260121/install/servo_service/bin'
[0.957s] INFO:colcon.colcon_core.shell:Creating package script '/home/hrs2025/20260121/install/servo_service/share/servo_service/package.ps1'
[0.958s] INFO:colcon.colcon_core.shell:Creating package descriptor '/home/hrs2025/20260121/install/servo_service/share/servo_service/package.dsv'
[0.958s] INFO:colcon.colcon_core.shell:Creating package script '/home/hrs2025/20260121/install/servo_service/share/servo_service/package.sh'
[0.959s] INFO:colcon.colcon_core.shell:Creating package script '/home/hrs2025/20260121/install/servo_service/share/servo_service/package.bash'
[0.959s] INFO:colcon.colcon_core.shell:Creating package script '/home/hrs2025/20260121/install/servo_service/share/servo_service/package.zsh'
[0.960s] Level 1:colcon.colcon_core.environment:create_file_with_runtime_dependencies(/home/hrs2025/20260121/install/servo_service/share/colcon-core/packages/servo_service)
[0.960s] INFO:colcon.colcon_ros.task.ament_python.build:Building ROS package in '/home/hrs2025/20260121/src/ainex_motion' with build type 'ament_python'
[0.960s] Level 1:colcon.colcon_core.shell:create_environment_hook('ainex_motion', 'ament_prefix_path')
[0.961s] INFO:colcon.colcon_core.shell:Creating environment hook '/home/hrs2025/20260121/install/ainex_motion/share/ainex_motion/hook/ament_prefix_path.ps1'
[0.961s] INFO:colcon.colcon_core.shell:Creating environment descriptor '/home/hrs2025/20260121/install/ainex_motion/share/ainex_motion/hook/ament_prefix_path.dsv'
[0.962s] INFO:colcon.colcon_core.shell:Creating environment hook '/home/hrs2025/20260121/install/ainex_motion/share/ainex_motion/hook/ament_prefix_path.sh'
[0.963s] INFO:colcon.colcon_core.shell:Skip shell extension 'powershell' for command environment: Not usable outside of PowerShell
[0.963s] DEBUG:colcon.colcon_core.shell:Skip shell extension 'dsv' for command environment
[1.209s] INFO:colcon.colcon_core.task.python.build:Building Python package in '/home/hrs2025/20260121/src/ainex_motion'
[1.210s] INFO:colcon.colcon_core.shell:Skip shell extension 'powershell' for command environment: Not usable outside of PowerShell
[1.210s] DEBUG:colcon.colcon_core.shell:Skip shell extension 'dsv' for command environment
[1.304s] DEBUG:colcon.colcon_core.event_handler.log_command:Invoking command in '/home/hrs2025/20260121/build/ainex_vision': DEBUGINFOD_URLS=https://debuginfod.ubuntu.com PYTHONPATH=/home/hrs2025/20260121/build/ainex_vision/prefix_override:/usr/lib/python3/dist-packages/colcon_core/task/python/colcon_distutils_commands:/home/hrs2025/20260121/install/ainex_vision/lib/python3.12/site-packages:${PYTHONPATH} /usr/bin/python3 -W ignore:setup.py install is deprecated -W ignore:easy_install command is deprecated setup.py develop --editable --build-directory /home/hrs2025/20260121/build/ainex_vision/build --no-deps symlink_data
[1.881s] DEBUG:colcon.colcon_core.event_handler.log_command:Invoking command in '/home/hrs2025/20260121/build/ainex_motion': DEBUGINFOD_URLS=https://debuginfod.ubuntu.com PYTHONPATH=/home/hrs2025/20260121/build/ainex_motion/prefix_override:/usr/lib/python3/dist-packages/colcon_core/task/python/colcon_distutils_commands:/home/hrs2025/20260121/install/ainex_motion/lib/python3.12/site-packages:/home/hrs2025/20260121/install/servo_service/lib/python3.12/site-packages:/home/hrs2025/20260121/build/ainex_controller:/home/hrs2025/20260121/install/ainex_controller/lib/python3.12/site-packages:/home/hrs2025/20260121/build/ainex_social_robot:/home/hrs2025/20260121/install/ainex_social_robot/lib/python3.12/site-packages:/home/hrs2025/20260121/build/ainex_motion:/home/hrs2025/20260121/install/ainex_motion/lib/python3.12/site-packages:/home/hrs2025/20260121/build/ainex_vision:/home/hrs2025/20260121/install/ainex_vision/lib/python3.12/site-packages:/home/hrs2025/backup/20260121/install/ainex_controller/lib/python3.12/site-packages:/home/hrs2025/backup/20260121/install/ainex_social_robot/lib/python3.12/site-packages:/home/hrs2025/backup/20260121/install/ainex_motion/lib/python3.12/site-packages:/home/hrs2025/backup/20260121/install/servo_service/lib/python3.12/site-packages:/home/hrs2025/backup/20260121/install/ainex_vision/lib/python3.12/site-packages:/home/hrs2025/Workspace/build/ainex_controller:/home/hrs2025/Workspace/install/ainex_controller/lib/python3.12/site-packages:/home/hrs2025/Workspace/build/ainex_social_robot:/home/hrs2025/Workspace/install/ainex_social_robot/lib/python3.12/site-packages:/home/hrs2025/Workspace/build/ainex_motion:/home/hrs2025/Workspace/install/ainex_motion/lib/python3.12/site-packages:/home/hrs2025/Workspace/install/servo_service/lib/python3.12/site-packages:/home/hrs2025/Workspace/build/ainex_vision:/home/hrs2025/Workspace/install/ainex_vision/lib/python3.12/site-packages:/opt/openrobots/lib/python3.12/site-packages:/opt/ros/jazzy/lib/python3.12/site-packages:/home/hrs2025/my_venv/lib/python3.12/site-packages /usr/bin/python3 -W ignore:setup.py install is deprecated -W ignore:easy_install command is deprecated setup.py develop --editable --build-directory /home/hrs2025/20260121/build/ainex_motion/build --no-deps symlink_data
[2.046s] Level 1:colcon.colcon_core.shell:create_environment_hook('ainex_vision', 'pythonpath_develop')
[2.047s] INFO:colcon.colcon_core.shell:Creating environment hook '/home/hrs2025/20260121/build/ainex_vision/share/ainex_vision/hook/pythonpath_develop.ps1'
[2.047s] DEBUG:colcon.colcon_core.event_handler.log_command:Invoked command in '/home/hrs2025/20260121/build/ainex_vision' returned '0': DEBUGINFOD_URLS=https://debuginfod.ubuntu.com PYTHONPATH=/home/hrs2025/20260121/build/ainex_vision/prefix_override:/usr/lib/python3/dist-packages/colcon_core/task/python/colcon_distutils_commands:/home/hrs2025/20260121/install/ainex_vision/lib/python3.12/site-packages:${PYTHONPATH} /usr/bin/python3 -W ignore:setup.py install is deprecated -W ignore:easy_install command is deprecated setup.py develop --editable --build-directory /home/hrs2025/20260121/build/ainex_vision/build --no-deps symlink_data
[2.047s] INFO:colcon.colcon_core.shell:Creating environment descriptor '/home/hrs2025/20260121/build/ainex_vision/share/ainex_vision/hook/pythonpath_develop.dsv'
[2.048s] INFO:colcon.colcon_core.shell:Creating environment hook '/home/hrs2025/20260121/build/ainex_vision/share/ainex_vision/hook/pythonpath_develop.sh'
[2.048s] Level 1:colcon.colcon_core.environment:checking '/home/hrs2025/20260121/install/ainex_vision' for CMake module files
[2.049s] Level 1:colcon.colcon_core.environment:checking '/home/hrs2025/20260121/install/ainex_vision' for CMake config files
[2.049s] Level 1:colcon.colcon_core.environment:checking '/home/hrs2025/20260121/install/ainex_vision/lib'
[2.049s] Level 1:colcon.colcon_core.environment:checking '/home/hrs2025/20260121/install/ainex_vision/bin'
[2.049s] Level 1:colcon.colcon_core.environment:checking '/home/hrs2025/20260121/install/ainex_vision/lib/pkgconfig/ainex_vision.pc'
[2.050s] Level 1:colcon.colcon_core.environment:checking '/home/hrs2025/20260121/install/ainex_vision/lib/python3.12/site-packages'
[2.050s] Level 1:colcon.colcon_core.shell:create_environment_hook('ainex_vision', 'pythonpath')
[2.050s] INFO:colcon.colcon_core.shell:Creating environment hook '/home/hrs2025/20260121/install/ainex_vision/share/ainex_vision/hook/pythonpath.ps1'
[2.050s] INFO:colcon.colcon_core.shell:Creating environment descriptor '/home/hrs2025/20260121/install/ainex_vision/share/ainex_vision/hook/pythonpath.dsv'
[2.051s] INFO:colcon.colcon_core.shell:Creating environment hook '/home/hrs2025/20260121/install/ainex_vision/share/ainex_vision/hook/pythonpath.sh'
[2.051s] Level 1:colcon.colcon_core.environment:checking '/home/hrs2025/20260121/install/ainex_vision/bin'
[2.051s] Level 1:colcon.colcon_core.environment:create_environment_scripts_only(ainex_vision)
[2.051s] INFO:colcon.colcon_core.shell:Creating package script '/home/hrs2025/20260121/install/ainex_vision/share/ainex_vision/package.ps1'
[2.052s] INFO:colcon.colcon_core.shell:Creating package descriptor '/home/hrs2025/20260121/install/ainex_vision/share/ainex_vision/package.dsv'
[2.052s] INFO:colcon.colcon_core.shell:Creating package script '/home/hrs2025/20260121/install/ainex_vision/share/ainex_vision/package.sh'
[2.053s] INFO:colcon.colcon_core.shell:Creating package script '/home/hrs2025/20260121/install/ainex_vision/share/ainex_vision/package.bash'
[2.053s] INFO:colcon.colcon_core.shell:Creating package script '/home/hrs2025/20260121/install/ainex_vision/share/ainex_vision/package.zsh'
[2.053s] Level 1:colcon.colcon_core.environment:create_file_with_runtime_dependencies(/home/hrs2025/20260121/install/ainex_vision/share/colcon-core/packages/ainex_vision)
[2.617s] Level 1:colcon.colcon_core.shell:create_environment_hook('ainex_motion', 'pythonpath_develop')
[2.617s] DEBUG:colcon.colcon_core.event_handler.log_command:Invoked command in '/home/hrs2025/20260121/build/ainex_motion' returned '0': DEBUGINFOD_URLS=https://debuginfod.ubuntu.com PYTHONPATH=/home/hrs2025/20260121/build/ainex_motion/prefix_override:/usr/lib/python3/dist-packages/colcon_core/task/python/colcon_distutils_commands:/home/hrs2025/20260121/install/ainex_motion/lib/python3.12/site-packages:/home/hrs2025/20260121/install/servo_service/lib/python3.12/site-packages:/home/hrs2025/20260121/build/ainex_controller:/home/hrs2025/20260121/install/ainex_controller/lib/python3.12/site-packages:/home/hrs2025/20260121/build/ainex_social_robot:/home/hrs2025/20260121/install/ainex_social_robot/lib/python3.12/site-packages:/home/hrs2025/20260121/build/ainex_motion:/home/hrs2025/20260121/install/ainex_motion/lib/python3.12/site-packages:/home/hrs2025/20260121/build/ainex_vision:/home/hrs2025/20260121/install/ainex_vision/lib/python3.12/site-packages:/home/hrs2025/backup/20260121/install/ainex_controller/lib/python3.12/site-packages:/home/hrs2025/backup/20260121/install/ainex_social_robot/lib/python3.12/site-packages:/home/hrs2025/backup/20260121/install/ainex_motion/lib/python3.12/site-packages:/home/hrs2025/backup/20260121/install/servo_service/lib/python3.12/site-packages:/home/hrs2025/backup/20260121/install/ainex_vision/lib/python3.12/site-packages:/home/hrs2025/Workspace/build/ainex_controller:/home/hrs2025/Workspace/install/ainex_controller/lib/python3.12/site-packages:/home/hrs2025/Workspace/build/ainex_social_robot:/home/hrs2025/Workspace/install/ainex_social_robot/lib/python3.12/site-packages:/home/hrs2025/Workspace/build/ainex_motion:/home/hrs2025/Workspace/install/ainex_motion/lib/python3.12/site-packages:/home/hrs2025/Workspace/install/servo_service/lib/python3.12/site-packages:/home/hrs2025/Workspace/build/ainex_vision:/home/hrs2025/Workspace/install/ainex_vision/lib/python3.12/site-packages:/opt/openrobots/lib/python3.12/site-packages:/opt/ros/jazzy/lib/python3.12/site-packages:/home/hrs2025/my_venv/lib/python3.12/site-packages /usr/bin/python3 -W ignore:setup.py install is deprecated -W ignore:easy_install command is deprecated setup.py develop --editable --build-directory /home/hrs2025/20260121/build/ainex_motion/build --no-deps symlink_data
[2.617s] INFO:colcon.colcon_core.shell:Creating environment hook '/home/hrs2025/20260121/build/ainex_motion/share/ainex_motion/hook/pythonpath_develop.ps1'
[2.618s] INFO:colcon.colcon_core.shell:Creating environment descriptor '/home/hrs2025/20260121/build/ainex_motion/share/ainex_motion/hook/pythonpath_develop.dsv'
[2.618s] INFO:colcon.colcon_core.shell:Creating environment hook '/home/hrs2025/20260121/build/ainex_motion/share/ainex_motion/hook/pythonpath_develop.sh'
[2.619s] Level 1:colcon.colcon_core.environment:checking '/home/hrs2025/20260121/install/ainex_motion' for CMake module files
[2.619s] Level 1:colcon.colcon_core.environment:checking '/home/hrs2025/20260121/install/ainex_motion' for CMake config files
[2.620s] Level 1:colcon.colcon_core.environment:checking '/home/hrs2025/20260121/install/ainex_motion/lib'
[2.620s] Level 1:colcon.colcon_core.environment:checking '/home/hrs2025/20260121/install/ainex_motion/bin'
[2.620s] Level 1:colcon.colcon_core.environment:checking '/home/hrs2025/20260121/install/ainex_motion/lib/pkgconfig/ainex_motion.pc'
[2.620s] Level 1:colcon.colcon_core.environment:checking '/home/hrs2025/20260121/install/ainex_motion/lib/python3.12/site-packages'
[2.620s] Level 1:colcon.colcon_core.shell:create_environment_hook('ainex_motion', 'pythonpath')
[2.620s] INFO:colcon.colcon_core.shell:Creating environment hook '/home/hrs2025/20260121/install/ainex_motion/share/ainex_motion/hook/pythonpath.ps1'
[2.621s] INFO:colcon.colcon_core.shell:Creating environment descriptor '/home/hrs2025/20260121/install/ainex_motion/share/ainex_motion/hook/pythonpath.dsv'
[2.621s] INFO:colcon.colcon_core.shell:Creating environment hook '/home/hrs2025/20260121/install/ainex_motion/share/ainex_motion/hook/pythonpath.sh'
[2.622s] Level 1:colcon.colcon_core.environment:checking '/home/hrs2025/20260121/install/ainex_motion/bin'
[2.622s] Level 1:colcon.colcon_core.environment:create_environment_scripts_only(ainex_motion)
[2.622s] INFO:colcon.colcon_core.shell:Creating package script '/home/hrs2025/20260121/install/ainex_motion/share/ainex_motion/package.ps1'
[2.622s] INFO:colcon.colcon_core.shell:Creating package descriptor '/home/hrs2025/20260121/install/ainex_motion/share/ainex_motion/package.dsv'
[2.623s] INFO:colcon.colcon_core.shell:Creating package script '/home/hrs2025/20260121/install/ainex_motion/share/ainex_motion/package.sh'
[2.623s] INFO:colcon.colcon_core.shell:Creating package script '/home/hrs2025/20260121/install/ainex_motion/share/ainex_motion/package.bash'
[2.624s] INFO:colcon.colcon_core.shell:Creating package script '/home/hrs2025/20260121/install/ainex_motion/share/ainex_motion/package.zsh'
[2.624s] Level 1:colcon.colcon_core.environment:create_file_with_runtime_dependencies(/home/hrs2025/20260121/install/ainex_motion/share/colcon-core/packages/ainex_motion)
[2.624s] INFO:colcon.colcon_ros.task.ament_python.build:Building ROS package in '/home/hrs2025/20260121/src/ainex_social_robot' with build type 'ament_python'
[2.624s] Level 1:colcon.colcon_core.shell:create_environment_hook('ainex_social_robot', 'ament_prefix_path')
[2.625s] INFO:colcon.colcon_core.shell:Creating environment hook '/home/hrs2025/20260121/install/ainex_social_robot/share/ainex_social_robot/hook/ament_prefix_path.ps1'
[2.625s] INFO:colcon.colcon_core.shell:Creating environment descriptor '/home/hrs2025/20260121/install/ainex_social_robot/share/ainex_social_robot/hook/ament_prefix_path.dsv'
[2.626s] INFO:colcon.colcon_core.shell:Creating environment hook '/home/hrs2025/20260121/install/ainex_social_robot/share/ainex_social_robot/hook/ament_prefix_path.sh'
[2.626s] INFO:colcon.colcon_core.shell:Skip shell extension 'powershell' for command environment: Not usable outside of PowerShell
[2.626s] DEBUG:colcon.colcon_core.shell:Skip shell extension 'dsv' for command environment
[2.864s] INFO:colcon.colcon_core.task.python.build:Building Python package in '/home/hrs2025/20260121/src/ainex_social_robot'
[2.864s] INFO:colcon.colcon_core.shell:Skip shell extension 'powershell' for command environment: Not usable outside of PowerShell
[2.864s] DEBUG:colcon.colcon_core.shell:Skip shell extension 'dsv' for command environment
[3.517s] DEBUG:colcon.colcon_core.event_handler.log_command:Invoking command in '/home/hrs2025/20260121/build/ainex_social_robot': AMENT_PREFIX_PATH=/home/hrs2025/20260121/install/ainex_motion:/home/hrs2025/20260121/install/ainex_vision:/home/hrs2025/20260121/install/ainex_controller:/home/hrs2025/20260121/install/ainex_social_robot:/home/hrs2025/20260121/install/servo_service:/home/hrs2025/20260121/install/ainex_description:/home/hrs2025/backup/20260121/install/ainex_controller:/home/hrs2025/backup/20260121/install/ainex_social_robot:/home/hrs2025/backup/20260121/install/ainex_motion:/home/hrs2025/backup/20260121/install/servo_service:/home/hrs2025/backup/20260121/install/ainex_vision:/home/hrs2025/backup/20260121/install/ainex_description:/home/hrs2025/Workspace/install/ainex_controller:/home/hrs2025/Workspace/install/ainex_social_robot:/home/hrs2025/Workspace/install/ainex_motion:/home/hrs2025/Workspace/install/servo_service:/home/hrs2025/Workspace/install/ainex_vision:/home/hrs2025/Workspace/install/ainex_description:/opt/ros/jazzy DEBUGINFOD_URLS=https://debuginfod.ubuntu.com PYTHONPATH=/home/hrs2025/20260121/build/ainex_social_robot/prefix_override:/usr/lib/python3/dist-packages/colcon_core/task/python/colcon_distutils_commands:/home/hrs2025/20260121/install/ainex_social_robot/lib/python3.12/site-packages:/home/hrs2025/20260121/build/ainex_motion:/home/hrs2025/20260121/install/ainex_motion/lib/python3.12/site-packages:/home/hrs2025/20260121/install/servo_service/lib/python3.12/site-packages:/home/hrs2025/20260121/build/ainex_vision:/home/hrs2025/20260121/install/ainex_vision/lib/python3.12/site-packages:/home/hrs2025/20260121/build/ainex_controller:/home/hrs2025/20260121/install/ainex_controller/lib/python3.12/site-packages:/home/hrs2025/20260121/build/ainex_social_robot:/home/hrs2025/20260121/install/ainex_social_robot/lib/python3.12/site-packages:/home/hrs2025/backup/20260121/install/ainex_controller/lib/python3.12/site-packages:/home/hrs2025/backup/20260121/install/ainex_social_robot/lib/python3.12/site-packages:/home/hrs2025/backup/20260121/install/ainex_motion/lib/python3.12/site-packages:/home/hrs2025/backup/20260121/install/servo_service/lib/python3.12/site-packages:/home/hrs2025/backup/20260121/install/ainex_vision/lib/python3.12/site-packages:/home/hrs2025/Workspace/build/ainex_controller:/home/hrs2025/Workspace/install/ainex_controller/lib/python3.12/site-packages:/home/hrs2025/Workspace/build/ainex_social_robot:/home/hrs2025/Workspace/install/ainex_social_robot/lib/python3.12/site-packages:/home/hrs2025/Workspace/build/ainex_motion:/home/hrs2025/Workspace/install/ainex_motion/lib/python3.12/site-packages:/home/hrs2025/Workspace/install/servo_service/lib/python3.12/site-packages:/home/hrs2025/Workspace/build/ainex_vision:/home/hrs2025/Workspace/install/ainex_vision/lib/python3.12/site-packages:/opt/openrobots/lib/python3.12/site-packages:/opt/ros/jazzy/lib/python3.12/site-packages:/home/hrs2025/my_venv/lib/python3.12/site-packages /usr/bin/python3 -W ignore:setup.py install is deprecated -W ignore:easy_install command is deprecated setup.py develop --editable --build-directory /home/hrs2025/20260121/build/ainex_social_robot/build --no-deps symlink_data
[4.237s] Level 1:colcon.colcon_core.shell:create_environment_hook('ainex_social_robot', 'pythonpath_develop')
[4.237s] INFO:colcon.colcon_core.shell:Creating environment hook '/home/hrs2025/20260121/build/ainex_social_robot/share/ainex_social_robot/hook/pythonpath_develop.ps1'
[4.238s] DEBUG:colcon.colcon_core.event_handler.log_command:Invoked command in '/home/hrs2025/20260121/build/ainex_social_robot' returned '0': AMENT_PREFIX_PATH=/home/hrs2025/20260121/install/ainex_motion:/home/hrs2025/20260121/install/ainex_vision:/home/hrs2025/20260121/install/ainex_controller:/home/hrs2025/20260121/install/ainex_social_robot:/home/hrs2025/20260121/install/servo_service:/home/hrs2025/20260121/install/ainex_description:/home/hrs2025/backup/20260121/install/ainex_controller:/home/hrs2025/backup/20260121/install/ainex_social_robot:/home/hrs2025/backup/20260121/install/ainex_motion:/home/hrs2025/backup/20260121/install/servo_service:/home/hrs2025/backup/20260121/install/ainex_vision:/home/hrs2025/backup/20260121/install/ainex_description:/home/hrs2025/Workspace/install/ainex_controller:/home/hrs2025/Workspace/install/ainex_social_robot:/home/hrs2025/Workspace/install/ainex_motion:/home/hrs2025/Workspace/install/servo_service:/home/hrs2025/Workspace/install/ainex_vision:/home/hrs2025/Workspace/install/ainex_description:/opt/ros/jazzy DEBUGINFOD_URLS=https://debuginfod.ubuntu.com PYTHONPATH=/home/hrs2025/20260121/build/ainex_social_robot/prefix_override:/usr/lib/python3/dist-packages/colcon_core/task/python/colcon_distutils_commands:/home/hrs2025/20260121/install/ainex_social_robot/lib/python3.12/site-packages:/home/hrs2025/20260121/build/ainex_motion:/home/hrs2025/20260121/install/ainex_motion/lib/python3.12/site-packages:/home/hrs2025/20260121/install/servo_service/lib/python3.12/site-packages:/home/hrs2025/20260121/build/ainex_vision:/home/hrs2025/20260121/install/ainex_vision/lib/python3.12/site-packages:/home/hrs2025/20260121/build/ainex_controller:/home/hrs2025/20260121/install/ainex_controller/lib/python3.12/site-packages:/home/hrs2025/20260121/build/ainex_social_robot:/home/hrs2025/20260121/install/ainex_social_robot/lib/python3.12/site-packages:/home/hrs2025/backup/20260121/install/ainex_controller/lib/python3.12/site-packages:/home/hrs2025/backup/20260121/install/ainex_social_robot/lib/python3.12/site-packages:/home/hrs2025/backup/20260121/install/ainex_motion/lib/python3.12/site-packages:/home/hrs2025/backup/20260121/install/servo_service/lib/python3.12/site-packages:/home/hrs2025/backup/20260121/install/ainex_vision/lib/python3.12/site-packages:/home/hrs2025/Workspace/build/ainex_controller:/home/hrs2025/Workspace/install/ainex_controller/lib/python3.12/site-packages:/home/hrs2025/Workspace/build/ainex_social_robot:/home/hrs2025/Workspace/install/ainex_social_robot/lib/python3.12/site-packages:/home/hrs2025/Workspace/build/ainex_motion:/home/hrs2025/Workspace/install/ainex_motion/lib/python3.12/site-packages:/home/hrs2025/Workspace/install/servo_service/lib/python3.12/site-packages:/home/hrs2025/Workspace/build/ainex_vision:/home/hrs2025/Workspace/install/ainex_vision/lib/python3.12/site-packages:/opt/openrobots/lib/python3.12/site-packages:/opt/ros/jazzy/lib/python3.12/site-packages:/home/hrs2025/my_venv/lib/python3.12/site-packages /usr/bin/python3 -W ignore:setup.py install is deprecated -W ignore:easy_install command is deprecated setup.py develop --editable --build-directory /home/hrs2025/20260121/build/ainex_social_robot/build --no-deps symlink_data
[4.238s] INFO:colcon.colcon_core.shell:Creating environment descriptor '/home/hrs2025/20260121/build/ainex_social_robot/share/ainex_social_robot/hook/pythonpath_develop.dsv'
[4.239s] INFO:colcon.colcon_core.shell:Creating environment hook '/home/hrs2025/20260121/build/ainex_social_robot/share/ainex_social_robot/hook/pythonpath_develop.sh'
[4.239s] Level 1:colcon.colcon_core.environment:checking '/home/hrs2025/20260121/install/ainex_social_robot' for CMake module files
[4.240s] Level 1:colcon.colcon_core.environment:checking '/home/hrs2025/20260121/install/ainex_social_robot' for CMake config files
[4.240s] Level 1:colcon.colcon_core.environment:checking '/home/hrs2025/20260121/install/ainex_social_robot/lib'
[4.240s] Level 1:colcon.colcon_core.environment:checking '/home/hrs2025/20260121/install/ainex_social_robot/bin'
[4.240s] Level 1:colcon.colcon_core.environment:checking '/home/hrs2025/20260121/install/ainex_social_robot/lib/pkgconfig/ainex_social_robot.pc'
[4.240s] Level 1:colcon.colcon_core.environment:checking '/home/hrs2025/20260121/install/ainex_social_robot/lib/python3.12/site-packages'
[4.241s] Level 1:colcon.colcon_core.shell:create_environment_hook('ainex_social_robot', 'pythonpath')
[4.241s] INFO:colcon.colcon_core.shell:Creating environment hook '/home/hrs2025/20260121/install/ainex_social_robot/share/ainex_social_robot/hook/pythonpath.ps1'
[4.241s] INFO:colcon.colcon_core.shell:Creating environment descriptor '/home/hrs2025/20260121/install/ainex_social_robot/share/ainex_social_robot/hook/pythonpath.dsv'
[4.241s] INFO:colcon.colcon_core.shell:Creating environment hook '/home/hrs2025/20260121/install/ainex_social_robot/share/ainex_social_robot/hook/pythonpath.sh'
[4.242s] Level 1:colcon.colcon_core.environment:checking '/home/hrs2025/20260121/install/ainex_social_robot/bin'
[4.242s] Level 1:colcon.colcon_core.environment:create_environment_scripts_only(ainex_social_robot)
[4.242s] INFO:colcon.colcon_core.shell:Creating package script '/home/hrs2025/20260121/install/ainex_social_robot/share/ainex_social_robot/package.ps1'
[4.243s] INFO:colcon.colcon_core.shell:Creating package descriptor '/home/hrs2025/20260121/install/ainex_social_robot/share/ainex_social_robot/package.dsv'
[4.243s] INFO:colcon.colcon_core.shell:Creating package script '/home/hrs2025/20260121/install/ainex_social_robot/share/ainex_social_robot/package.sh'
[4.244s] INFO:colcon.colcon_core.shell:Creating package script '/home/hrs2025/20260121/install/ainex_social_robot/share/ainex_social_robot/package.bash'
[4.244s] INFO:colcon.colcon_core.shell:Creating package script '/home/hrs2025/20260121/install/ainex_social_robot/share/ainex_social_robot/package.zsh'
[4.244s] Level 1:colcon.colcon_core.environment:create_file_with_runtime_dependencies(/home/hrs2025/20260121/install/ainex_social_robot/share/colcon-core/packages/ainex_social_robot)
[4.244s] INFO:colcon.colcon_ros.task.ament_python.build:Building ROS package in '/home/hrs2025/20260121/src/ainex_controller' with build type 'ament_python'
[4.245s] Level 1:colcon.colcon_core.shell:create_environment_hook('ainex_controller', 'ament_prefix_path')
[4.245s] INFO:colcon.colcon_core.shell:Creating environment hook '/home/hrs2025/20260121/install/ainex_controller/share/ainex_controller/hook/ament_prefix_path.ps1'
[4.245s] INFO:colcon.colcon_core.shell:Creating environment descriptor '/home/hrs2025/20260121/install/ainex_controller/share/ainex_controller/hook/ament_prefix_path.dsv'
[4.246s] INFO:colcon.colcon_core.shell:Creating environment hook '/home/hrs2025/20260121/install/ainex_controller/share/ainex_controller/hook/ament_prefix_path.sh'
[4.246s] INFO:colcon.colcon_core.shell:Skip shell extension 'powershell' for command environment: Not usable outside of PowerShell
[4.246s] DEBUG:colcon.colcon_core.shell:Skip shell extension 'dsv' for command environment
[4.487s] INFO:colcon.colcon_core.task.python.build:Building Python package in '/home/hrs2025/20260121/src/ainex_controller'
[4.487s] INFO:colcon.colcon_core.shell:Skip shell extension 'powershell' for command environment: Not usable outside of PowerShell
[4.487s] DEBUG:colcon.colcon_core.shell:Skip shell extension 'dsv' for command environment
[5.137s] DEBUG:colcon.colcon_core.event_handler.log_command:Invoking command in '/home/hrs2025/20260121/build/ainex_controller': AMENT_PREFIX_PATH=/home/hrs2025/20260121/install/ainex_social_robot:/home/hrs2025/20260121/install/ainex_motion:/home/hrs2025/20260121/install/ainex_vision:/home/hrs2025/20260121/install/ainex_controller:/home/hrs2025/20260121/install/servo_service:/home/hrs2025/20260121/install/ainex_description:/home/hrs2025/backup/20260121/install/ainex_controller:/home/hrs2025/backup/20260121/install/ainex_social_robot:/home/hrs2025/backup/20260121/install/ainex_motion:/home/hrs2025/backup/20260121/install/servo_service:/home/hrs2025/backup/20260121/install/ainex_vision:/home/hrs2025/backup/20260121/install/ainex_description:/home/hrs2025/Workspace/install/ainex_controller:/home/hrs2025/Workspace/install/ainex_social_robot:/home/hrs2025/Workspace/install/ainex_motion:/home/hrs2025/Workspace/install/servo_service:/home/hrs2025/Workspace/install/ainex_vision:/home/hrs2025/Workspace/install/ainex_description:/opt/ros/jazzy DEBUGINFOD_URLS=https://debuginfod.ubuntu.com PYTHONPATH=/home/hrs2025/20260121/build/ainex_controller/prefix_override:/usr/lib/python3/dist-packages/colcon_core/task/python/colcon_distutils_commands:/home/hrs2025/20260121/install/ainex_controller/lib/python3.12/site-packages:/home/hrs2025/20260121/build/ainex_social_robot:/home/hrs2025/20260121/install/ainex_social_robot/lib/python3.12/site-packages:/home/hrs2025/20260121/build/ainex_motion:/home/hrs2025/20260121/install/ainex_motion/lib/python3.12/site-packages:/home/hrs2025/20260121/install/servo_service/lib/python3.12/site-packages:/home/hrs2025/20260121/build/ainex_vision:/home/hrs2025/20260121/install/ainex_vision/lib/python3.12/site-packages:/home/hrs2025/20260121/build/ainex_controller:/home/hrs2025/20260121/install/ainex_controller/lib/python3.12/site-packages:/home/hrs2025/backup/20260121/install/ainex_controller/lib/python3.12/site-packages:/home/hrs2025/backup/20260121/install/ainex_social_robot/lib/python3.12/site-packages:/home/hrs2025/backup/20260121/install/ainex_motion/lib/python3.12/site-packages:/home/hrs2025/backup/20260121/install/servo_service/lib/python3.12/site-packages:/home/hrs2025/backup/20260121/install/ainex_vision/lib/python3.12/site-packages:/home/hrs2025/Workspace/build/ainex_controller:/home/hrs2025/Workspace/install/ainex_controller/lib/python3.12/site-packages:/home/hrs2025/Workspace/build/ainex_social_robot:/home/hrs2025/Workspace/install/ainex_social_robot/lib/python3.12/site-packages:/home/hrs2025/Workspace/build/ainex_motion:/home/hrs2025/Workspace/install/ainex_motion/lib/python3.12/site-packages:/home/hrs2025/Workspace/install/servo_service/lib/python3.12/site-packages:/home/hrs2025/Workspace/build/ainex_vision:/home/hrs2025/Workspace/install/ainex_vision/lib/python3.12/site-packages:/opt/openrobots/lib/python3.12/site-packages:/opt/ros/jazzy/lib/python3.12/site-packages:/home/hrs2025/my_venv/lib/python3.12/site-packages /usr/bin/python3 -W ignore:setup.py install is deprecated -W ignore:easy_install command is deprecated setup.py develop --editable --build-directory /home/hrs2025/20260121/build/ainex_controller/build --no-deps symlink_data
[5.861s] Level 1:colcon.colcon_core.shell:create_environment_hook('ainex_controller', 'pythonpath_develop')
[5.861s] INFO:colcon.colcon_core.shell:Creating environment hook '/home/hrs2025/20260121/build/ainex_controller/share/ainex_controller/hook/pythonpath_develop.ps1'
[5.862s] DEBUG:colcon.colcon_core.event_handler.log_command:Invoked command in '/home/hrs2025/20260121/build/ainex_controller' returned '0': AMENT_PREFIX_PATH=/home/hrs2025/20260121/install/ainex_social_robot:/home/hrs2025/20260121/install/ainex_motion:/home/hrs2025/20260121/install/ainex_vision:/home/hrs2025/20260121/install/ainex_controller:/home/hrs2025/20260121/install/servo_service:/home/hrs2025/20260121/install/ainex_description:/home/hrs2025/backup/20260121/install/ainex_controller:/home/hrs2025/backup/20260121/install/ainex_social_robot:/home/hrs2025/backup/20260121/install/ainex_motion:/home/hrs2025/backup/20260121/install/servo_service:/home/hrs2025/backup/20260121/install/ainex_vision:/home/hrs2025/backup/20260121/install/ainex_description:/home/hrs2025/Workspace/install/ainex_controller:/home/hrs2025/Workspace/install/ainex_social_robot:/home/hrs2025/Workspace/install/ainex_motion:/home/hrs2025/Workspace/install/servo_service:/home/hrs2025/Workspace/install/ainex_vision:/home/hrs2025/Workspace/install/ainex_description:/opt/ros/jazzy DEBUGINFOD_URLS=https://debuginfod.ubuntu.com PYTHONPATH=/home/hrs2025/20260121/build/ainex_controller/prefix_override:/usr/lib/python3/dist-packages/colcon_core/task/python/colcon_distutils_commands:/home/hrs2025/20260121/install/ainex_controller/lib/python3.12/site-packages:/home/hrs2025/20260121/build/ainex_social_robot:/home/hrs2025/20260121/install/ainex_social_robot/lib/python3.12/site-packages:/home/hrs2025/20260121/build/ainex_motion:/home/hrs2025/20260121/install/ainex_motion/lib/python3.12/site-packages:/home/hrs2025/20260121/install/servo_service/lib/python3.12/site-packages:/home/hrs2025/20260121/build/ainex_vision:/home/hrs2025/20260121/install/ainex_vision/lib/python3.12/site-packages:/home/hrs2025/20260121/build/ainex_controller:/home/hrs2025/20260121/install/ainex_controller/lib/python3.12/site-packages:/home/hrs2025/backup/20260121/install/ainex_controller/lib/python3.12/site-packages:/home/hrs2025/backup/20260121/install/ainex_social_robot/lib/python3.12/site-packages:/home/hrs2025/backup/20260121/install/ainex_motion/lib/python3.12/site-packages:/home/hrs2025/backup/20260121/install/servo_service/lib/python3.12/site-packages:/home/hrs2025/backup/20260121/install/ainex_vision/lib/python3.12/site-packages:/home/hrs2025/Workspace/build/ainex_controller:/home/hrs2025/Workspace/install/ainex_controller/lib/python3.12/site-packages:/home/hrs2025/Workspace/build/ainex_social_robot:/home/hrs2025/Workspace/install/ainex_social_robot/lib/python3.12/site-packages:/home/hrs2025/Workspace/build/ainex_motion:/home/hrs2025/Workspace/install/ainex_motion/lib/python3.12/site-packages:/home/hrs2025/Workspace/install/servo_service/lib/python3.12/site-packages:/home/hrs2025/Workspace/build/ainex_vision:/home/hrs2025/Workspace/install/ainex_vision/lib/python3.12/site-packages:/opt/openrobots/lib/python3.12/site-packages:/opt/ros/jazzy/lib/python3.12/site-packages:/home/hrs2025/my_venv/lib/python3.12/site-packages /usr/bin/python3 -W ignore:setup.py install is deprecated -W ignore:easy_install command is deprecated setup.py develop --editable --build-directory /home/hrs2025/20260121/build/ainex_controller/build --no-deps symlink_data
[5.862s] INFO:colcon.colcon_core.shell:Creating environment descriptor '/home/hrs2025/20260121/build/ainex_controller/share/ainex_controller/hook/pythonpath_develop.dsv'
[5.862s] INFO:colcon.colcon_core.shell:Creating environment hook '/home/hrs2025/20260121/build/ainex_controller/share/ainex_controller/hook/pythonpath_develop.sh'
[5.863s] Level 1:colcon.colcon_core.environment:checking '/home/hrs2025/20260121/install/ainex_controller' for CMake module files
[5.863s] Level 1:colcon.colcon_core.environment:checking '/home/hrs2025/20260121/install/ainex_controller' for CMake config files
[5.864s] Level 1:colcon.colcon_core.environment:checking '/home/hrs2025/20260121/install/ainex_controller/lib'
[5.864s] Level 1:colcon.colcon_core.environment:checking '/home/hrs2025/20260121/install/ainex_controller/bin'
[5.864s] Level 1:colcon.colcon_core.environment:checking '/home/hrs2025/20260121/install/ainex_controller/lib/pkgconfig/ainex_controller.pc'
[5.864s] Level 1:colcon.colcon_core.environment:checking '/home/hrs2025/20260121/install/ainex_controller/lib/python3.12/site-packages'
[5.864s] Level 1:colcon.colcon_core.shell:create_environment_hook('ainex_controller', 'pythonpath')
[5.864s] INFO:colcon.colcon_core.shell:Creating environment hook '/home/hrs2025/20260121/install/ainex_controller/share/ainex_controller/hook/pythonpath.ps1'
[5.864s] INFO:colcon.colcon_core.shell:Creating environment descriptor '/home/hrs2025/20260121/install/ainex_controller/share/ainex_controller/hook/pythonpath.dsv'
[5.865s] INFO:colcon.colcon_core.shell:Creating environment hook '/home/hrs2025/20260121/install/ainex_controller/share/ainex_controller/hook/pythonpath.sh'
[5.865s] Level 1:colcon.colcon_core.environment:checking '/home/hrs2025/20260121/install/ainex_controller/bin'
[5.865s] Level 1:colcon.colcon_core.environment:create_environment_scripts_only(ainex_controller)
[5.866s] INFO:colcon.colcon_core.shell:Creating package script '/home/hrs2025/20260121/install/ainex_controller/share/ainex_controller/package.ps1'
[5.866s] INFO:colcon.colcon_core.shell:Creating package descriptor '/home/hrs2025/20260121/install/ainex_controller/share/ainex_controller/package.dsv'
[5.867s] INFO:colcon.colcon_core.shell:Creating package script '/home/hrs2025/20260121/install/ainex_controller/share/ainex_controller/package.sh'
[5.867s] INFO:colcon.colcon_core.shell:Creating package script '/home/hrs2025/20260121/install/ainex_controller/share/ainex_controller/package.bash'
[5.868s] INFO:colcon.colcon_core.shell:Creating package script '/home/hrs2025/20260121/install/ainex_controller/share/ainex_controller/package.zsh'
[5.868s] Level 1:colcon.colcon_core.environment:create_file_with_runtime_dependencies(/home/hrs2025/20260121/install/ainex_controller/share/colcon-core/packages/ainex_controller)
[5.868s] DEBUG:colcon.colcon_parallel_executor.executor.parallel:closing loop
[5.869s] DEBUG:colcon.colcon_parallel_executor.executor.parallel:loop closed
[5.869s] DEBUG:colcon.colcon_parallel_executor.executor.parallel:run_until_complete finished with '0'
[5.869s] DEBUG:colcon.colcon_core.event_reactor:joining thread
[5.874s] INFO:colcon.colcon_core.plugin_system:Skipping extension 'colcon_notification.desktop_notification.terminal_notifier': Not used on non-Darwin systems
[5.875s] INFO:colcon.colcon_core.plugin_system:Skipping extension 'colcon_notification.desktop_notification.win32': Not used on non-Windows systems
[5.875s] INFO:colcon.colcon_notification.desktop_notification:Sending desktop notification using 'notify2'
[5.888s] DEBUG:colcon.colcon_core.event_reactor:joined thread
[5.888s] INFO:colcon.colcon_core.shell:Creating prefix script '/home/hrs2025/20260121/install/local_setup.ps1'
[5.889s] INFO:colcon.colcon_core.shell:Creating prefix util module '/home/hrs2025/20260121/install/_local_setup_util_ps1.py'
[5.890s] INFO:colcon.colcon_core.shell:Creating prefix chain script '/home/hrs2025/20260121/install/setup.ps1'
[5.891s] INFO:colcon.colcon_core.shell:Creating prefix script '/home/hrs2025/20260121/install/local_setup.sh'
[5.892s] INFO:colcon.colcon_core.shell:Creating prefix util module '/home/hrs2025/20260121/install/_local_setup_util_sh.py'
[5.892s] INFO:colcon.colcon_core.shell:Creating prefix chain script '/home/hrs2025/20260121/install/setup.sh'
[5.894s] INFO:colcon.colcon_core.shell:Creating prefix script '/home/hrs2025/20260121/install/local_setup.bash'
[5.894s] INFO:colcon.colcon_core.shell:Creating prefix chain script '/home/hrs2025/20260121/install/setup.bash'
[5.895s] INFO:colcon.colcon_core.shell:Creating prefix script '/home/hrs2025/20260121/install/local_setup.zsh'
[5.896s] INFO:colcon.colcon_core.shell:Creating prefix chain script '/home/hrs2025/20260121/install/setup.zsh'
