[0.162s] DEBUG:colcon:Command line arguments: ['/usr/bin/colcon', 'build', '--symlink-install']
[0.163s] DEBUG:colcon:Parsed command line arguments: Namespace(log_base=None, log_level=None, verb_name='build', build_base='build', install_base='install', merge_install=False, symlink_install=True, test_result_base=None, continue_on_error=False, executor='parallel', parallel_workers=8, event_handlers=None, ignore_user_meta=False, metas=['./colcon.meta'], base_paths=['.'], packages_ignore=None, packages_ignore_regex=None, paths=None, packages_up_to=None, packages_up_to_regex=None, packages_above=None, packages_above_and_dependencies=None, packages_above_depth=None, packages_select_by_dep=None, packages_skip_by_dep=None, packages_skip_up_to=None, packages_select_build_failed=False, packages_skip_build_finished=False, packages_select_test_failures=False, packages_skip_test_passed=False, packages_select=None, packages_skip=None, packages_select_regex=None, packages_skip_regex=None, packages_start=None, packages_end=None, allow_overriding=[], cmake_args=None, cmake_target=None, cmake_target_skip_unavailable=False, cmake_clean_cache=False, cmake_clean_first=False, cmake_force_configure=False, ament_cmake_args=None, catkin_cmake_args=None, catkin_skip_building_tests=False, mixin_files=None, mixin=None, verb_parser=<colcon_mixin.mixin.mixin_argument.MixinArgumentDecorator object at 0x704980d91be0>, verb_extension=<colcon_core.verb.build.BuildVerb object at 0x704980d918b0>, main=<bound method BuildVerb.main of <colcon_core.verb.build.BuildVerb object at 0x704980d918b0>>, mixin_verb=('build',))
[0.243s] Level 1:colcon.colcon_core.package_discovery:discover_packages(colcon_meta) check parameters
[0.243s] Level 1:colcon.colcon_core.package_discovery:discover_packages(recursive) check parameters
[0.243s] Level 1:colcon.colcon_core.package_discovery:discover_packages(ignore) check parameters
[0.243s] Level 1:colcon.colcon_core.package_discovery:discover_packages(path) check parameters
[0.243s] Level 1:colcon.colcon_core.package_discovery:discover_packages(colcon_meta) discover
[0.243s] Level 1:colcon.colcon_core.package_discovery:discover_packages(recursive) discover
[0.243s] INFO:colcon.colcon_core.package_discovery:Crawling recursively for packages in '/home/hrs2025/Workspace/src/ainex_social_robot'
[0.243s] Level 1:colcon.colcon_core.package_identification:_identify(.) by extensions ['ignore', 'ignore_ament_install']
[0.244s] Level 1:colcon.colcon_core.package_identification:_identify(.) by extension 'ignore'
[0.244s] Level 1:colcon.colcon_core.package_identification:_identify(.) by extension 'ignore_ament_install'
[0.244s] Level 1:colcon.colcon_core.package_identification:_identify(.) by extensions ['colcon_pkg']
[0.244s] Level 1:colcon.colcon_core.package_identification:_identify(.) by extension 'colcon_pkg'
[0.244s] Level 1:colcon.colcon_core.package_identification:_identify(.) by extensions ['colcon_meta']
[0.244s] Level 1:colcon.colcon_core.package_identification:_identify(.) by extension 'colcon_meta'
[0.244s] Level 1:colcon.colcon_core.package_identification:_identify(.) by extensions ['ros']
[0.244s] Level 1:colcon.colcon_core.package_identification:_identify(.) by extension 'ros'
[0.280s] DEBUG:colcon.colcon_core.package_identification:Package '.' with type 'ros.ament_python' and name 'ainex_social_robot'
[0.280s] Level 1:colcon.colcon_core.package_discovery:discover_packages(recursive) using defaults
[0.280s] Level 1:colcon.colcon_core.package_discovery:discover_packages(ignore) discover
[0.280s] Level 1:colcon.colcon_core.package_discovery:discover_packages(ignore) using defaults
[0.280s] Level 1:colcon.colcon_core.package_discovery:discover_packages(path) discover
[0.280s] Level 1:colcon.colcon_core.package_discovery:discover_packages(path) using defaults
[0.306s] Level 1:colcon.colcon_core.package_discovery:discover_packages(prefix_path) check parameters
[0.306s] Level 1:colcon.colcon_core.package_discovery:discover_packages(prefix_path) discover
[0.313s] DEBUG:colcon.colcon_installed_package_information.package_discovery:Found 1 installed packages in /home/hrs2025/Workspace/src/ainex_social_robot/install
[0.313s] DEBUG:colcon.colcon_installed_package_information.package_discovery:Found 4 installed packages in /home/hrs2025/Workspace/install
[0.314s] DEBUG:colcon.colcon_installed_package_information.package_discovery:Found 1 installed packages in /home/hrs2025/install
[0.316s] DEBUG:colcon.colcon_installed_package_information.package_discovery:Found 297 installed packages in /opt/ros/jazzy
[0.317s] Level 1:colcon.colcon_core.package_discovery:discover_packages(prefix_path) using defaults
[0.363s] Level 5:colcon.colcon_core.verb:set package 'ainex_social_robot' build argument 'cmake_args' from command line to 'None'
[0.364s] Level 5:colcon.colcon_core.verb:set package 'ainex_social_robot' build argument 'cmake_target' from command line to 'None'
[0.364s] Level 5:colcon.colcon_core.verb:set package 'ainex_social_robot' build argument 'cmake_target_skip_unavailable' from command line to 'False'
[0.364s] Level 5:colcon.colcon_core.verb:set package 'ainex_social_robot' build argument 'cmake_clean_cache' from command line to 'False'
[0.364s] Level 5:colcon.colcon_core.verb:set package 'ainex_social_robot' build argument 'cmake_clean_first' from command line to 'False'
[0.364s] Level 5:colcon.colcon_core.verb:set package 'ainex_social_robot' build argument 'cmake_force_configure' from command line to 'False'
[0.364s] Level 5:colcon.colcon_core.verb:set package 'ainex_social_robot' build argument 'ament_cmake_args' from command line to 'None'
[0.364s] Level 5:colcon.colcon_core.verb:set package 'ainex_social_robot' build argument 'catkin_cmake_args' from command line to 'None'
[0.364s] Level 5:colcon.colcon_core.verb:set package 'ainex_social_robot' build argument 'catkin_skip_building_tests' from command line to 'False'
[0.364s] DEBUG:colcon.colcon_core.verb:Building package 'ainex_social_robot' with the following arguments: {'ament_cmake_args': None, 'build_base': '/home/hrs2025/Workspace/src/ainex_social_robot/build/ainex_social_robot', 'catkin_cmake_args': None, 'catkin_skip_building_tests': False, 'cmake_args': None, 'cmake_clean_cache': False, 'cmake_clean_first': False, 'cmake_force_configure': False, 'cmake_target': None, 'cmake_target_skip_unavailable': False, 'install_base': '/home/hrs2025/Workspace/src/ainex_social_robot/install/ainex_social_robot', 'merge_install': False, 'path': '/home/hrs2025/Workspace/src/ainex_social_robot', 'symlink_install': True, 'test_result_base': None}
[0.364s] INFO:colcon.colcon_core.executor:Executing jobs using 'parallel' executor
[0.365s] DEBUG:colcon.colcon_parallel_executor.executor.parallel:run_until_complete
[0.365s] INFO:colcon.colcon_ros.task.ament_python.build:Building ROS package in '/home/hrs2025/Workspace/src/ainex_social_robot' with build type 'ament_python'
[0.366s] Level 1:colcon.colcon_core.shell:create_environment_hook('ainex_social_robot', 'ament_prefix_path')
[0.370s] INFO:colcon.colcon_core.plugin_system:Skipping extension 'colcon_core.shell.bat': Not used on non-Windows systems
[0.371s] INFO:colcon.colcon_core.shell:Creating environment hook '/home/hrs2025/Workspace/src/ainex_social_robot/install/ainex_social_robot/share/ainex_social_robot/hook/ament_prefix_path.ps1'
[0.372s] INFO:colcon.colcon_core.shell:Creating environment descriptor '/home/hrs2025/Workspace/src/ainex_social_robot/install/ainex_social_robot/share/ainex_social_robot/hook/ament_prefix_path.dsv'
[0.373s] INFO:colcon.colcon_core.shell:Creating environment hook '/home/hrs2025/Workspace/src/ainex_social_robot/install/ainex_social_robot/share/ainex_social_robot/hook/ament_prefix_path.sh'
[0.374s] INFO:colcon.colcon_core.shell:Skip shell extension 'powershell' for command environment: Not usable outside of PowerShell
[0.374s] DEBUG:colcon.colcon_core.shell:Skip shell extension 'dsv' for command environment
[0.603s] INFO:colcon.colcon_core.task.python.build:Building Python package in '/home/hrs2025/Workspace/src/ainex_social_robot'
[0.603s] INFO:colcon.colcon_core.shell:Skip shell extension 'powershell' for command environment: Not usable outside of PowerShell
[0.603s] DEBUG:colcon.colcon_core.shell:Skip shell extension 'dsv' for command environment
[1.609s] DEBUG:colcon.colcon_core.event_handler.log_command:Invoking command in '/home/hrs2025/Workspace/src/ainex_social_robot/build/ainex_social_robot': DEBUGINFOD_URLS=https://debuginfod.ubuntu.com PYTHONPATH=/home/hrs2025/Workspace/src/ainex_social_robot/build/ainex_social_robot/prefix_override:/usr/lib/python3/dist-packages/colcon_core/task/python/colcon_distutils_commands:/home/hrs2025/Workspace/src/ainex_social_robot/install/ainex_social_robot/lib/python3.12/site-packages:${PYTHONPATH} /usr/bin/python3 -W ignore:setup.py install is deprecated -W ignore:easy_install command is deprecated setup.py develop --editable --build-directory /home/hrs2025/Workspace/src/ainex_social_robot/build/ainex_social_robot/build --no-deps symlink_data
[2.368s] Level 1:colcon.colcon_core.shell:create_environment_hook('ainex_social_robot', 'pythonpath_develop')
[2.368s] INFO:colcon.colcon_core.shell:Creating environment hook '/home/hrs2025/Workspace/src/ainex_social_robot/build/ainex_social_robot/share/ainex_social_robot/hook/pythonpath_develop.ps1'
[2.369s] DEBUG:colcon.colcon_core.event_handler.log_command:Invoked command in '/home/hrs2025/Workspace/src/ainex_social_robot/build/ainex_social_robot' returned '0': DEBUGINFOD_URLS=https://debuginfod.ubuntu.com PYTHONPATH=/home/hrs2025/Workspace/src/ainex_social_robot/build/ainex_social_robot/prefix_override:/usr/lib/python3/dist-packages/colcon_core/task/python/colcon_distutils_commands:/home/hrs2025/Workspace/src/ainex_social_robot/install/ainex_social_robot/lib/python3.12/site-packages:${PYTHONPATH} /usr/bin/python3 -W ignore:setup.py install is deprecated -W ignore:easy_install command is deprecated setup.py develop --editable --build-directory /home/hrs2025/Workspace/src/ainex_social_robot/build/ainex_social_robot/build --no-deps symlink_data
[2.369s] INFO:colcon.colcon_core.shell:Creating environment descriptor '/home/hrs2025/Workspace/src/ainex_social_robot/build/ainex_social_robot/share/ainex_social_robot/hook/pythonpath_develop.dsv'
[2.370s] INFO:colcon.colcon_core.shell:Creating environment hook '/home/hrs2025/Workspace/src/ainex_social_robot/build/ainex_social_robot/share/ainex_social_robot/hook/pythonpath_develop.sh'
[2.377s] Level 1:colcon.colcon_core.environment:checking '/home/hrs2025/Workspace/src/ainex_social_robot/install/ainex_social_robot' for CMake module files
[2.377s] Level 1:colcon.colcon_core.environment:checking '/home/hrs2025/Workspace/src/ainex_social_robot/install/ainex_social_robot' for CMake config files
[2.378s] Level 1:colcon.colcon_core.environment:checking '/home/hrs2025/Workspace/src/ainex_social_robot/install/ainex_social_robot/lib'
[2.378s] Level 1:colcon.colcon_core.environment:checking '/home/hrs2025/Workspace/src/ainex_social_robot/install/ainex_social_robot/bin'
[2.378s] Level 1:colcon.colcon_core.environment:checking '/home/hrs2025/Workspace/src/ainex_social_robot/install/ainex_social_robot/lib/pkgconfig/ainex_social_robot.pc'
[2.379s] Level 1:colcon.colcon_core.environment:checking '/home/hrs2025/Workspace/src/ainex_social_robot/install/ainex_social_robot/lib/python3.12/site-packages'
[2.379s] Level 1:colcon.colcon_core.shell:create_environment_hook('ainex_social_robot', 'pythonpath')
[2.379s] INFO:colcon.colcon_core.shell:Creating environment hook '/home/hrs2025/Workspace/src/ainex_social_robot/install/ainex_social_robot/share/ainex_social_robot/hook/pythonpath.ps1'
[2.380s] INFO:colcon.colcon_core.shell:Creating environment descriptor '/home/hrs2025/Workspace/src/ainex_social_robot/install/ainex_social_robot/share/ainex_social_robot/hook/pythonpath.dsv'
[2.380s] INFO:colcon.colcon_core.shell:Creating environment hook '/home/hrs2025/Workspace/src/ainex_social_robot/install/ainex_social_robot/share/ainex_social_robot/hook/pythonpath.sh'
[2.381s] Level 1:colcon.colcon_core.environment:checking '/home/hrs2025/Workspace/src/ainex_social_robot/install/ainex_social_robot/bin'
[2.381s] Level 1:colcon.colcon_core.environment:create_environment_scripts_only(ainex_social_robot)
[2.381s] INFO:colcon.colcon_core.shell:Creating package script '/home/hrs2025/Workspace/src/ainex_social_robot/install/ainex_social_robot/share/ainex_social_robot/package.ps1'
[2.383s] INFO:colcon.colcon_core.shell:Creating package descriptor '/home/hrs2025/Workspace/src/ainex_social_robot/install/ainex_social_robot/share/ainex_social_robot/package.dsv'
[2.383s] INFO:colcon.colcon_core.shell:Creating package script '/home/hrs2025/Workspace/src/ainex_social_robot/install/ainex_social_robot/share/ainex_social_robot/package.sh'
[2.385s] INFO:colcon.colcon_core.shell:Creating package script '/home/hrs2025/Workspace/src/ainex_social_robot/install/ainex_social_robot/share/ainex_social_robot/package.bash'
[2.386s] INFO:colcon.colcon_core.shell:Creating package script '/home/hrs2025/Workspace/src/ainex_social_robot/install/ainex_social_robot/share/ainex_social_robot/package.zsh'
[2.387s] Level 1:colcon.colcon_core.environment:create_file_with_runtime_dependencies(/home/hrs2025/Workspace/src/ainex_social_robot/install/ainex_social_robot/share/colcon-core/packages/ainex_social_robot)
[2.387s] DEBUG:colcon.colcon_parallel_executor.executor.parallel:closing loop
[2.388s] DEBUG:colcon.colcon_parallel_executor.executor.parallel:loop closed
[2.388s] DEBUG:colcon.colcon_parallel_executor.executor.parallel:run_until_complete finished with '0'
[2.388s] DEBUG:colcon.colcon_core.event_reactor:joining thread
[2.395s] INFO:colcon.colcon_core.plugin_system:Skipping extension 'colcon_notification.desktop_notification.terminal_notifier': Not used on non-Darwin systems
[2.395s] INFO:colcon.colcon_core.plugin_system:Skipping extension 'colcon_notification.desktop_notification.win32': Not used on non-Windows systems
[2.395s] INFO:colcon.colcon_notification.desktop_notification:Sending desktop notification using 'notify2'
[2.417s] DEBUG:colcon.colcon_core.event_reactor:joined thread
[2.417s] INFO:colcon.colcon_core.shell:Creating prefix script '/home/hrs2025/Workspace/src/ainex_social_robot/install/local_setup.ps1'
[2.419s] INFO:colcon.colcon_core.shell:Creating prefix util module '/home/hrs2025/Workspace/src/ainex_social_robot/install/_local_setup_util_ps1.py'
[2.420s] INFO:colcon.colcon_core.shell:Creating prefix chain script '/home/hrs2025/Workspace/src/ainex_social_robot/install/setup.ps1'
[2.422s] INFO:colcon.colcon_core.shell:Creating prefix script '/home/hrs2025/Workspace/src/ainex_social_robot/install/local_setup.sh'
[2.423s] INFO:colcon.colcon_core.shell:Creating prefix util module '/home/hrs2025/Workspace/src/ainex_social_robot/install/_local_setup_util_sh.py'
[2.424s] INFO:colcon.colcon_core.shell:Creating prefix chain script '/home/hrs2025/Workspace/src/ainex_social_robot/install/setup.sh'
[2.425s] INFO:colcon.colcon_core.shell:Creating prefix script '/home/hrs2025/Workspace/src/ainex_social_robot/install/local_setup.bash'
[2.426s] INFO:colcon.colcon_core.shell:Creating prefix chain script '/home/hrs2025/Workspace/src/ainex_social_robot/install/setup.bash'
[2.427s] INFO:colcon.colcon_core.shell:Creating prefix script '/home/hrs2025/Workspace/src/ainex_social_robot/install/local_setup.zsh'
[2.428s] INFO:colcon.colcon_core.shell:Creating prefix chain script '/home/hrs2025/Workspace/src/ainex_social_robot/install/setup.zsh'
