[0.912s] Invoking command in '/home/hrs2025/20260121/build/ainex_social_robot': AMENT_PREFIX_PATH=/home/hrs2025/20260121/install/ainex_motion:/home/hrs2025/20260121/install/servo_service:/home/hrs2025/20260121/install/ainex_vision:${AMENT_PREFIX_PATH} CMAKE_PREFIX_PATH=/home/hrs2025/20260121/install/servo_service:${CMAKE_PREFIX_PATH} DEBUGINFOD_URLS=https://debuginfod.ubuntu.com LD_LIBRARY_PATH=/home/hrs2025/20260121/install/servo_service/lib:${LD_LIBRARY_PATH} PYTHONPATH=/home/hrs2025/20260121/build/ainex_social_robot/prefix_override:/usr/lib/python3/dist-packages/colcon_core/task/python/colcon_distutils_commands:/home/hrs2025/20260121/install/ainex_social_robot/lib/python3.12/site-packages:/home/hrs2025/20260121/build/ainex_motion:/home/hrs2025/20260121/install/ainex_motion/lib/python3.12/site-packages:/home/hrs2025/20260121/install/servo_service/lib/python3.12/site-packages:/home/hrs2025/20260121/build/ainex_vision:/home/hrs2025/20260121/install/ainex_vision/lib/python3.12/site-packages:${PYTHONPATH} /usr/bin/python3 -W ignore:setup.py install is deprecated -W ignore:easy_install command is deprecated setup.py develop --editable --build-directory /home/hrs2025/20260121/build/ainex_social_robot/build --no-deps symlink_data
[1.273s] running develop
[1.511s] running egg_info
[1.511s] creating ainex_social_robot.egg-info
[1.533s] writing ainex_social_robot.egg-info/PKG-INFO
[1.534s] writing dependency_links to ainex_social_robot.egg-info/dependency_links.txt
[1.534s] writing entry points to ainex_social_robot.egg-info/entry_points.txt
[1.534s] writing requirements to ainex_social_robot.egg-info/requires.txt
[1.534s] writing top-level names to ainex_social_robot.egg-info/top_level.txt
[1.534s] writing manifest file 'ainex_social_robot.egg-info/SOURCES.txt'
[1.580s] reading manifest file 'ainex_social_robot.egg-info/SOURCES.txt'
[1.581s] writing manifest file 'ainex_social_robot.egg-info/SOURCES.txt'
[1.604s] running build_ext
[1.604s] Creating /home/hrs2025/20260121/install/ainex_social_robot/lib/python3.12/site-packages/ainex-social-robot.egg-link (link to .)
[1.605s] Installing combine_node script to /home/hrs2025/20260121/install/ainex_social_robot/lib/ainex_social_robot
[1.605s] Installing shake_head_node script to /home/hrs2025/20260121/install/ainex_social_robot/lib/ainex_social_robot
[1.605s] Installing wave_hand_node script to /home/hrs2025/20260121/install/ainex_social_robot/lib/ainex_social_robot
[1.606s] 
[1.606s] Installed /home/hrs2025/20260121/build/ainex_social_robot
[1.606s] running symlink_data
[1.606s] creating /home/hrs2025/20260121/install/ainex_social_robot/share/ament_index
[1.606s] creating /home/hrs2025/20260121/install/ainex_social_robot/share/ament_index/resource_index
[1.606s] creating /home/hrs2025/20260121/install/ainex_social_robot/share/ament_index/resource_index/packages
[1.606s] symbolically linking /home/hrs2025/20260121/build/ainex_social_robot/resource/ainex_social_robot -> /home/hrs2025/20260121/install/ainex_social_robot/share/ament_index/resource_index/packages
[1.606s] symbolically linking /home/hrs2025/20260121/build/ainex_social_robot/package.xml -> /home/hrs2025/20260121/install/ainex_social_robot/share/ainex_social_robot
[1.606s] creating /home/hrs2025/20260121/install/ainex_social_robot/share/ainex_social_robot/launch
[1.606s] symbolically linking /home/hrs2025/20260121/build/ainex_social_robot/launch/social_pipeline.launch.py -> /home/hrs2025/20260121/install/ainex_social_robot/share/ainex_social_robot/launch
[1.634s] Invoked command in '/home/hrs2025/20260121/build/ainex_social_robot' returned '0': AMENT_PREFIX_PATH=/home/hrs2025/20260121/install/ainex_motion:/home/hrs2025/20260121/install/servo_service:/home/hrs2025/20260121/install/ainex_vision:${AMENT_PREFIX_PATH} CMAKE_PREFIX_PATH=/home/hrs2025/20260121/install/servo_service:${CMAKE_PREFIX_PATH} DEBUGINFOD_URLS=https://debuginfod.ubuntu.com LD_LIBRARY_PATH=/home/hrs2025/20260121/install/servo_service/lib:${LD_LIBRARY_PATH} PYTHONPATH=/home/hrs2025/20260121/build/ainex_social_robot/prefix_override:/usr/lib/python3/dist-packages/colcon_core/task/python/colcon_distutils_commands:/home/hrs2025/20260121/install/ainex_social_robot/lib/python3.12/site-packages:/home/hrs2025/20260121/build/ainex_motion:/home/hrs2025/20260121/install/ainex_motion/lib/python3.12/site-packages:/home/hrs2025/20260121/install/servo_service/lib/python3.12/site-packages:/home/hrs2025/20260121/build/ainex_vision:/home/hrs2025/20260121/install/ainex_vision/lib/python3.12/site-packages:${PYTHONPATH} /usr/bin/python3 -W ignore:setup.py install is deprecated -W ignore:easy_install command is deprecated setup.py develop --editable --build-directory /home/hrs2025/20260121/build/ainex_social_robot/build --no-deps symlink_data
