[0.022s] Invoking command in '/home/hrs2025/git_website/HRS--Gomoku-Game-with-AiNex/build/servo_service': CMAKE_PREFIX_PATH=${CMAKE_PREFIX_PATH}:/home/hrs2025/git_website/HRS--Gomoku-Game-with-AiNex/install/ainex_controller:/home/hrs2025/git_website/HRS--Gomoku-Game-with-AiNex/install/ainex_social_robot:/home/hrs2025/git_website/HRS--Gomoku-Game-with-AiNex/install/ainex_motion:/home/hrs2025/git_website/HRS--Gomoku-Game-with-AiNex/install/ainex_vision:/home/hrs2025/Workspace/src/ainex_controller/install/ainex_controller:/opt/ros/jazzy DEBUGINFOD_URLS=https://debuginfod.ubuntu.com /usr/bin/cmake --build /home/hrs2025/git_website/HRS--Gomoku-Game-with-AiNex/build/servo_service -- -j8 -l8
[0.309s] [  0%] Built target servo_service__rosidl_generator_type_description
[0.310s] [  0%] Built target ament_cmake_python_symlink_servo_service
[0.310s] [  0%] Built target servo_service__cpp
[0.310s] [ 26%] Built target servo_service__rosidl_generator_c
[0.310s] [ 46%] Built target servo_service__rosidl_typesupport_c
[0.311s] [ 46%] Built target servo_service__rosidl_typesupport_introspection_c
[0.311s] [ 56%] Built target servo_service__rosidl_typesupport_cpp
[0.311s] [ 76%] Built target servo_service__rosidl_typesupport_introspection_cpp
[0.311s] [ 76%] Built target servo_service__rosidl_typesupport_fastrtps_cpp
[0.312s] [ 85%] Built target servo_service__rosidl_typesupport_fastrtps_c
[0.312s] [ 85%] Built target servo_service
[0.312s] [ 86%] Built target servo_service__py
[0.312s] [ 96%] Built target servo_service__rosidl_generator_py
[0.313s] [ 97%] Built target servo_service_s__rosidl_typesupport_c
[0.313s] [100%] Built target servo_service_s__rosidl_typesupport_fastrtps_c
[0.313s] [100%] Built target servo_service_s__rosidl_typesupport_introspection_c
[0.375s] running egg_info
[0.408s] writing servo_service.egg-info/PKG-INFO
[0.408s] writing dependency_links to servo_service.egg-info/dependency_links.txt
[0.408s] writing top-level names to servo_service.egg-info/top_level.txt
[0.489s] reading manifest file 'servo_service.egg-info/SOURCES.txt'
[0.490s] writing manifest file 'servo_service.egg-info/SOURCES.txt'
[0.521s] [100%] Built target ament_cmake_python_build_servo_service_egg
[0.535s] Invoked command in '/home/hrs2025/git_website/HRS--Gomoku-Game-with-AiNex/build/servo_service' returned '0': CMAKE_PREFIX_PATH=${CMAKE_PREFIX_PATH}:/home/hrs2025/git_website/HRS--Gomoku-Game-with-AiNex/install/ainex_controller:/home/hrs2025/git_website/HRS--Gomoku-Game-with-AiNex/install/ainex_social_robot:/home/hrs2025/git_website/HRS--Gomoku-Game-with-AiNex/install/ainex_motion:/home/hrs2025/git_website/HRS--Gomoku-Game-with-AiNex/install/ainex_vision:/home/hrs2025/Workspace/src/ainex_controller/install/ainex_controller:/opt/ros/jazzy DEBUGINFOD_URLS=https://debuginfod.ubuntu.com /usr/bin/cmake --build /home/hrs2025/git_website/HRS--Gomoku-Game-with-AiNex/build/servo_service -- -j8 -l8
[0.537s] Invoking command in '/home/hrs2025/git_website/HRS--Gomoku-Game-with-AiNex/build/servo_service': CMAKE_PREFIX_PATH=${CMAKE_PREFIX_PATH}:/home/hrs2025/git_website/HRS--Gomoku-Game-with-AiNex/install/ainex_controller:/home/hrs2025/git_website/HRS--Gomoku-Game-with-AiNex/install/ainex_social_robot:/home/hrs2025/git_website/HRS--Gomoku-Game-with-AiNex/install/ainex_motion:/home/hrs2025/git_website/HRS--Gomoku-Game-with-AiNex/install/ainex_vision:/home/hrs2025/Workspace/src/ainex_controller/install/ainex_controller:/opt/ros/jazzy DEBUGINFOD_URLS=https://debuginfod.ubuntu.com /usr/bin/cmake --install /home/hrs2025/git_website/HRS--Gomoku-Game-with-AiNex/build/servo_service
[0.547s] -- Install configuration: ""
[0.548s] -- Execute custom install script
[0.548s] -- Up-to-date symlink: /home/hrs2025/git_website/HRS--Gomoku-Game-with-AiNex/install/servo_service/share/ament_index/resource_index/rosidl_interfaces/servo_service
[0.548s] -- Up-to-date symlink: /home/hrs2025/git_website/HRS--Gomoku-Game-with-AiNex/install/servo_service/share/servo_service/msg/ChangeServoPositions.json
[0.549s] -- Up-to-date symlink: /home/hrs2025/git_website/HRS--Gomoku-Game-with-AiNex/install/servo_service/share/servo_service/msg/SetServoPositions.json
[0.549s] -- Up-to-date symlink: /home/hrs2025/git_website/HRS--Gomoku-Game-with-AiNex/install/servo_service/share/servo_service/msg/SetJointLock.json
[0.550s] -- Up-to-date symlink: /home/hrs2025/git_website/HRS--Gomoku-Game-with-AiNex/install/servo_service/share/servo_service/msg/GetServoPositions.json
[0.550s] -- Up-to-date symlink: /home/hrs2025/git_website/HRS--Gomoku-Game-with-AiNex/install/servo_service/share/servo_service/msg/SetPosture.json
[0.550s] -- Up-to-date symlink: /home/hrs2025/git_website/HRS--Gomoku-Game-with-AiNex/install/servo_service/share/servo_service/msg/FaceBoundingBox.json
[0.550s] -- Up-to-date symlink: /home/hrs2025/git_website/HRS--Gomoku-Game-with-AiNex/install/servo_service/share/servo_service/msg/FaceBoundingBoxArray.json
[0.551s] -- Up-to-date symlink: /home/hrs2025/git_website/HRS--Gomoku-Game-with-AiNex/install/servo_service/share/servo_service/srv/JointLock.json
[0.551s] -- Up-to-date symlink: /home/hrs2025/git_website/HRS--Gomoku-Game-with-AiNex/install/servo_service/share/servo_service/srv/ServoTemp.json
[0.551s] -- Up-to-date symlink: /home/hrs2025/git_website/HRS--Gomoku-Game-with-AiNex/install/servo_service/share/servo_service/srv/ServoDeviation.json
[0.551s] -- Up-to-date symlink: /home/hrs2025/git_website/HRS--Gomoku-Game-with-AiNex/install/servo_service/share/servo_service/srv/ServoVoltage.json
[0.551s] -- Up-to-date symlink: /home/hrs2025/git_website/HRS--Gomoku-Game-with-AiNex/install/servo_service/share/servo_service/srv/JointPosition.json
[0.551s] -- Up-to-date symlink: /home/hrs2025/git_website/HRS--Gomoku-Game-with-AiNex/install/servo_service/share/servo_service/srv/JointRange.json
[0.553s] -- Up-to-date symlink: /home/hrs2025/git_website/HRS--Gomoku-Game-with-AiNex/install/servo_service/include/servo_service/servo_service/msg/change_servo_positions.h
[0.553s] -- Up-to-date symlink: /home/hrs2025/git_website/HRS--Gomoku-Game-with-AiNex/install/servo_service/include/servo_service/servo_service/msg/detail/change_servo_positions__functions.h
[0.553s] -- Up-to-date symlink: /home/hrs2025/git_website/HRS--Gomoku-Game-with-AiNex/install/servo_service/include/servo_service/servo_service/msg/detail/change_servo_positions__struct.h
[0.553s] -- Up-to-date symlink: /home/hrs2025/git_website/HRS--Gomoku-Game-with-AiNex/install/servo_service/include/servo_service/servo_service/msg/detail/change_servo_positions__type_support.h
[0.553s] -- Up-to-date symlink: /home/hrs2025/git_website/HRS--Gomoku-Game-with-AiNex/install/servo_service/include/servo_service/servo_service/msg/detail/face_bounding_box__functions.h
[0.554s] -- Up-to-date symlink: /home/hrs2025/git_website/HRS--Gomoku-Game-with-AiNex/install/servo_service/include/servo_service/servo_service/msg/detail/face_bounding_box__struct.h
[0.554s] -- Up-to-date symlink: /home/hrs2025/git_website/HRS--Gomoku-Game-with-AiNex/install/servo_service/include/servo_service/servo_service/msg/detail/face_bounding_box__type_support.h
[0.554s] -- Up-to-date symlink: /home/hrs2025/git_website/HRS--Gomoku-Game-with-AiNex/install/servo_service/include/servo_service/servo_service/msg/detail/face_bounding_box_array__functions.h
[0.554s] -- Up-to-date symlink: /home/hrs2025/git_website/HRS--Gomoku-Game-with-AiNex/install/servo_service/include/servo_service/servo_service/msg/detail/face_bounding_box_array__struct.h
[0.554s] -- Up-to-date symlink: /home/hrs2025/git_website/HRS--Gomoku-Game-with-AiNex/install/servo_service/include/servo_service/servo_service/msg/detail/face_bounding_box_array__type_support.h
[0.555s] -- Up-to-date symlink: /home/hrs2025/git_website/HRS--Gomoku-Game-with-AiNex/install/servo_service/include/servo_service/servo_service/msg/detail/get_servo_positions__functions.h
[0.555s] -- Up-to-date symlink: /home/hrs2025/git_website/HRS--Gomoku-Game-with-AiNex/install/servo_service/include/servo_service/servo_service/msg/detail/get_servo_positions__struct.h
[0.555s] -- Up-to-date symlink: /home/hrs2025/git_website/HRS--Gomoku-Game-with-AiNex/install/servo_service/include/servo_service/servo_service/msg/detail/get_servo_positions__type_support.h
[0.555s] -- Up-to-date symlink: /home/hrs2025/git_website/HRS--Gomoku-Game-with-AiNex/install/servo_service/include/servo_service/servo_service/msg/detail/set_joint_lock__functions.h
[0.555s] -- Up-to-date symlink: /home/hrs2025/git_website/HRS--Gomoku-Game-with-AiNex/install/servo_service/include/servo_service/servo_service/msg/detail/set_joint_lock__struct.h
[0.556s] -- Up-to-date symlink: /home/hrs2025/git_website/HRS--Gomoku-Game-with-AiNex/install/servo_service/include/servo_service/servo_service/msg/detail/set_joint_lock__type_support.h
[0.556s] -- Up-to-date symlink: /home/hrs2025/git_website/HRS--Gomoku-Game-with-AiNex/install/servo_service/include/servo_service/servo_service/msg/detail/set_posture__functions.h
[0.556s] -- Up-to-date symlink: /home/hrs2025/git_website/HRS--Gomoku-Game-with-AiNex/install/servo_service/include/servo_service/servo_service/msg/detail/set_posture__struct.h
[0.556s] -- Up-to-date symlink: /home/hrs2025/git_website/HRS--Gomoku-Game-with-AiNex/install/servo_service/include/servo_service/servo_service/msg/detail/set_posture__type_support.h
[0.556s] -- Up-to-date symlink: /home/hrs2025/git_website/HRS--Gomoku-Game-with-AiNex/install/servo_service/include/servo_service/servo_service/msg/detail/set_servo_positions__functions.h
[0.557s] -- Up-to-date symlink: /home/hrs2025/git_website/HRS--Gomoku-Game-with-AiNex/install/servo_service/include/servo_service/servo_service/msg/detail/set_servo_positions__struct.h
[0.557s] -- Up-to-date symlink: /home/hrs2025/git_website/HRS--Gomoku-Game-with-AiNex/install/servo_service/include/servo_service/servo_service/msg/detail/set_servo_positions__type_support.h
[0.557s] -- Up-to-date symlink: /home/hrs2025/git_website/HRS--Gomoku-Game-with-AiNex/install/servo_service/include/servo_service/servo_service/msg/face_bounding_box.h
[0.557s] -- Up-to-date symlink: /home/hrs2025/git_website/HRS--Gomoku-Game-with-AiNex/install/servo_service/include/servo_service/servo_service/msg/face_bounding_box_array.h
[0.558s] -- Up-to-date symlink: /home/hrs2025/git_website/HRS--Gomoku-Game-with-AiNex/install/servo_service/include/servo_service/servo_service/msg/get_servo_positions.h
[0.558s] -- Up-to-date symlink: /home/hrs2025/git_website/HRS--Gomoku-Game-with-AiNex/install/servo_service/include/servo_service/servo_service/msg/rosidl_generator_c__visibility_control.h
[0.558s] -- Up-to-date symlink: /home/hrs2025/git_website/HRS--Gomoku-Game-with-AiNex/install/servo_service/include/servo_service/servo_service/msg/set_joint_lock.h
[0.558s] -- Up-to-date symlink: /home/hrs2025/git_website/HRS--Gomoku-Game-with-AiNex/install/servo_service/include/servo_service/servo_service/msg/set_posture.h
[0.558s] -- Up-to-date symlink: /home/hrs2025/git_website/HRS--Gomoku-Game-with-AiNex/install/servo_service/include/servo_service/servo_service/msg/set_servo_positions.h
[0.559s] -- Up-to-date symlink: /home/hrs2025/git_website/HRS--Gomoku-Game-with-AiNex/install/servo_service/include/servo_service/servo_service/srv/detail/joint_lock__functions.h
[0.559s] -- Up-to-date symlink: /home/hrs2025/git_website/HRS--Gomoku-Game-with-AiNex/install/servo_service/include/servo_service/servo_service/srv/detail/joint_lock__struct.h
[0.559s] -- Up-to-date symlink: /home/hrs2025/git_website/HRS--Gomoku-Game-with-AiNex/install/servo_service/include/servo_service/servo_service/srv/detail/joint_lock__type_support.h
[0.559s] -- Up-to-date symlink: /home/hrs2025/git_website/HRS--Gomoku-Game-with-AiNex/install/servo_service/include/servo_service/servo_service/srv/detail/joint_position__functions.h
[0.560s] -- Up-to-date symlink: /home/hrs2025/git_website/HRS--Gomoku-Game-with-AiNex/install/servo_service/include/servo_service/servo_service/srv/detail/joint_position__struct.h
[0.560s] -- Up-to-date symlink: /home/hrs2025/git_website/HRS--Gomoku-Game-with-AiNex/install/servo_service/include/servo_service/servo_service/srv/detail/joint_position__type_support.h
[0.560s] -- Up-to-date symlink: /home/hrs2025/git_website/HRS--Gomoku-Game-with-AiNex/install/servo_service/include/servo_service/servo_service/srv/detail/joint_range__functions.h
[0.560s] -- Up-to-date symlink: /home/hrs2025/git_website/HRS--Gomoku-Game-with-AiNex/install/servo_service/include/servo_service/servo_service/srv/detail/joint_range__struct.h
[0.560s] -- Up-to-date symlink: /home/hrs2025/git_website/HRS--Gomoku-Game-with-AiNex/install/servo_service/include/servo_service/servo_service/srv/detail/joint_range__type_support.h
[0.561s] -- Up-to-date symlink: /home/hrs2025/git_website/HRS--Gomoku-Game-with-AiNex/install/servo_service/include/servo_service/servo_service/srv/detail/servo_deviation__functions.h
[0.561s] -- Up-to-date symlink: /home/hrs2025/git_website/HRS--Gomoku-Game-with-AiNex/install/servo_service/include/servo_service/servo_service/srv/detail/servo_deviation__struct.h
[0.561s] -- Up-to-date symlink: /home/hrs2025/git_website/HRS--Gomoku-Game-with-AiNex/install/servo_service/include/servo_service/servo_service/srv/detail/servo_deviation__type_support.h
[0.561s] -- Up-to-date symlink: /home/hrs2025/git_website/HRS--Gomoku-Game-with-AiNex/install/servo_service/include/servo_service/servo_service/srv/detail/servo_temp__functions.h
[0.562s] -- Up-to-date symlink: /home/hrs2025/git_website/HRS--Gomoku-Game-with-AiNex/install/servo_service/include/servo_service/servo_service/srv/detail/servo_temp__struct.h
[0.562s] -- Up-to-date symlink: /home/hrs2025/git_website/HRS--Gomoku-Game-with-AiNex/install/servo_service/include/servo_service/servo_service/srv/detail/servo_temp__type_support.h
[0.562s] -- Up-to-date symlink: /home/hrs2025/git_website/HRS--Gomoku-Game-with-AiNex/install/servo_service/include/servo_service/servo_service/srv/detail/servo_voltage__functions.h
[0.562s] -- Up-to-date symlink: /home/hrs2025/git_website/HRS--Gomoku-Game-with-AiNex/install/servo_service/include/servo_service/servo_service/srv/detail/servo_voltage__struct.h
[0.563s] -- Up-to-date symlink: /home/hrs2025/git_website/HRS--Gomoku-Game-with-AiNex/install/servo_service/include/servo_service/servo_service/srv/detail/servo_voltage__type_support.h
[0.563s] -- Up-to-date symlink: /home/hrs2025/git_website/HRS--Gomoku-Game-with-AiNex/install/servo_service/include/servo_service/servo_service/srv/joint_lock.h
[0.563s] -- Up-to-date symlink: /home/hrs2025/git_website/HRS--Gomoku-Game-with-AiNex/install/servo_service/include/servo_service/servo_service/srv/joint_position.h
[0.563s] -- Up-to-date symlink: /home/hrs2025/git_website/HRS--Gomoku-Game-with-AiNex/install/servo_service/include/servo_service/servo_service/srv/joint_range.h
[0.563s] -- Up-to-date symlink: /home/hrs2025/git_website/HRS--Gomoku-Game-with-AiNex/install/servo_service/include/servo_service/servo_service/srv/servo_deviation.h
[0.564s] -- Up-to-date symlink: /home/hrs2025/git_website/HRS--Gomoku-Game-with-AiNex/install/servo_service/include/servo_service/servo_service/srv/servo_temp.h
[0.564s] -- Up-to-date symlink: /home/hrs2025/git_website/HRS--Gomoku-Game-with-AiNex/install/servo_service/include/servo_service/servo_service/srv/servo_voltage.h
[0.564s] -- Up-to-date symlink: /home/hrs2025/git_website/HRS--Gomoku-Game-with-AiNex/install/servo_service/share/servo_service/environment/library_path.sh
[0.565s] -- Up-to-date symlink: /home/hrs2025/git_website/HRS--Gomoku-Game-with-AiNex/install/servo_service/share/servo_service/environment/library_path.dsv
[0.566s] -- Up-to-date symlink: /home/hrs2025/git_website/HRS--Gomoku-Game-with-AiNex/install/servo_service/include/servo_service/servo_service/msg/detail/change_servo_positions__rosidl_typesupport_fastrtps_c.h
[0.566s] -- Up-to-date symlink: /home/hrs2025/git_website/HRS--Gomoku-Game-with-AiNex/install/servo_service/include/servo_service/servo_service/msg/detail/face_bounding_box__rosidl_typesupport_fastrtps_c.h
[0.567s] -- Up-to-date symlink: /home/hrs2025/git_website/HRS--Gomoku-Game-with-AiNex/install/servo_service/include/servo_service/servo_service/msg/detail/face_bounding_box_array__rosidl_typesupport_fastrtps_c.h
[0.567s] -- Up-to-date symlink: /home/hrs2025/git_website/HRS--Gomoku-Game-with-AiNex/install/servo_service/include/servo_service/servo_service/msg/detail/get_servo_positions__rosidl_typesupport_fastrtps_c.h
[0.567s] -- Up-to-date symlink: /home/hrs2025/git_website/HRS--Gomoku-Game-with-AiNex/install/servo_service/include/servo_service/servo_service/msg/detail/set_joint_lock__rosidl_typesupport_fastrtps_c.h
[0.567s] -- Up-to-date symlink: /home/hrs2025/git_website/HRS--Gomoku-Game-with-AiNex/install/servo_service/include/servo_service/servo_service/msg/detail/set_posture__rosidl_typesupport_fastrtps_c.h
[0.568s] -- Up-to-date symlink: /home/hrs2025/git_website/HRS--Gomoku-Game-with-AiNex/install/servo_service/include/servo_service/servo_service/msg/detail/set_servo_positions__rosidl_typesupport_fastrtps_c.h
[0.568s] -- Up-to-date symlink: /home/hrs2025/git_website/HRS--Gomoku-Game-with-AiNex/install/servo_service/include/servo_service/servo_service/msg/rosidl_typesupport_fastrtps_c__visibility_control.h
[0.568s] -- Up-to-date symlink: /home/hrs2025/git_website/HRS--Gomoku-Game-with-AiNex/install/servo_service/include/servo_service/servo_service/srv/detail/joint_lock__rosidl_typesupport_fastrtps_c.h
[0.568s] -- Up-to-date symlink: /home/hrs2025/git_website/HRS--Gomoku-Game-with-AiNex/install/servo_service/include/servo_service/servo_service/srv/detail/joint_position__rosidl_typesupport_fastrtps_c.h
[0.568s] -- Up-to-date symlink: /home/hrs2025/git_website/HRS--Gomoku-Game-with-AiNex/install/servo_service/include/servo_service/servo_service/srv/detail/joint_range__rosidl_typesupport_fastrtps_c.h
[0.569s] -- Up-to-date symlink: /home/hrs2025/git_website/HRS--Gomoku-Game-with-AiNex/install/servo_service/include/servo_service/servo_service/srv/detail/servo_deviation__rosidl_typesupport_fastrtps_c.h
[0.569s] -- Up-to-date symlink: /home/hrs2025/git_website/HRS--Gomoku-Game-with-AiNex/install/servo_service/include/servo_service/servo_service/srv/detail/servo_temp__rosidl_typesupport_fastrtps_c.h
[0.569s] -- Up-to-date symlink: /home/hrs2025/git_website/HRS--Gomoku-Game-with-AiNex/install/servo_service/include/servo_service/servo_service/srv/detail/servo_voltage__rosidl_typesupport_fastrtps_c.h
[0.571s] -- Up-to-date symlink: /home/hrs2025/git_website/HRS--Gomoku-Game-with-AiNex/install/servo_service/include/servo_service/servo_service/msg/change_servo_positions.hpp
[0.571s] -- Up-to-date symlink: /home/hrs2025/git_website/HRS--Gomoku-Game-with-AiNex/install/servo_service/include/servo_service/servo_service/msg/detail/change_servo_positions__builder.hpp
[0.571s] -- Up-to-date symlink: /home/hrs2025/git_website/HRS--Gomoku-Game-with-AiNex/install/servo_service/include/servo_service/servo_service/msg/detail/change_servo_positions__struct.hpp
[0.571s] -- Up-to-date symlink: /home/hrs2025/git_website/HRS--Gomoku-Game-with-AiNex/install/servo_service/include/servo_service/servo_service/msg/detail/change_servo_positions__traits.hpp
[0.572s] -- Up-to-date symlink: /home/hrs2025/git_website/HRS--Gomoku-Game-with-AiNex/install/servo_service/include/servo_service/servo_service/msg/detail/change_servo_positions__type_support.hpp
[0.572s] -- Up-to-date symlink: /home/hrs2025/git_website/HRS--Gomoku-Game-with-AiNex/install/servo_service/include/servo_service/servo_service/msg/detail/face_bounding_box__builder.hpp
[0.572s] -- Up-to-date symlink: /home/hrs2025/git_website/HRS--Gomoku-Game-with-AiNex/install/servo_service/include/servo_service/servo_service/msg/detail/face_bounding_box__struct.hpp
[0.572s] -- Up-to-date symlink: /home/hrs2025/git_website/HRS--Gomoku-Game-with-AiNex/install/servo_service/include/servo_service/servo_service/msg/detail/face_bounding_box__traits.hpp
[0.573s] -- Up-to-date symlink: /home/hrs2025/git_website/HRS--Gomoku-Game-with-AiNex/install/servo_service/include/servo_service/servo_service/msg/detail/face_bounding_box__type_support.hpp
[0.573s] -- Up-to-date symlink: /home/hrs2025/git_website/HRS--Gomoku-Game-with-AiNex/install/servo_service/include/servo_service/servo_service/msg/detail/face_bounding_box_array__builder.hpp
[0.573s] -- Up-to-date symlink: /home/hrs2025/git_website/HRS--Gomoku-Game-with-AiNex/install/servo_service/include/servo_service/servo_service/msg/detail/face_bounding_box_array__struct.hpp
[0.573s] -- Up-to-date symlink: /home/hrs2025/git_website/HRS--Gomoku-Game-with-AiNex/install/servo_service/include/servo_service/servo_service/msg/detail/face_bounding_box_array__traits.hpp
[0.574s] -- Up-to-date symlink: /home/hrs2025/git_website/HRS--Gomoku-Game-with-AiNex/install/servo_service/include/servo_service/servo_service/msg/detail/face_bounding_box_array__type_support.hpp
[0.574s] -- Up-to-date symlink: /home/hrs2025/git_website/HRS--Gomoku-Game-with-AiNex/install/servo_service/include/servo_service/servo_service/msg/detail/get_servo_positions__builder.hpp
[0.574s] -- Up-to-date symlink: /home/hrs2025/git_website/HRS--Gomoku-Game-with-AiNex/install/servo_service/include/servo_service/servo_service/msg/detail/get_servo_positions__struct.hpp
[0.574s] -- Up-to-date symlink: /home/hrs2025/git_website/HRS--Gomoku-Game-with-AiNex/install/servo_service/include/servo_service/servo_service/msg/detail/get_servo_positions__traits.hpp
[0.574s] -- Up-to-date symlink: /home/hrs2025/git_website/HRS--Gomoku-Game-with-AiNex/install/servo_service/include/servo_service/servo_service/msg/detail/get_servo_positions__type_support.hpp
[0.575s] -- Up-to-date symlink: /home/hrs2025/git_website/HRS--Gomoku-Game-with-AiNex/install/servo_service/include/servo_service/servo_service/msg/detail/set_joint_lock__builder.hpp
[0.575s] -- Up-to-date symlink: /home/hrs2025/git_website/HRS--Gomoku-Game-with-AiNex/install/servo_service/include/servo_service/servo_service/msg/detail/set_joint_lock__struct.hpp
[0.575s] -- Up-to-date symlink: /home/hrs2025/git_website/HRS--Gomoku-Game-with-AiNex/install/servo_service/include/servo_service/servo_service/msg/detail/set_joint_lock__traits.hpp
[0.575s] -- Up-to-date symlink: /home/hrs2025/git_website/HRS--Gomoku-Game-with-AiNex/install/servo_service/include/servo_service/servo_service/msg/detail/set_joint_lock__type_support.hpp
[0.575s] -- Up-to-date symlink: /home/hrs2025/git_website/HRS--Gomoku-Game-with-AiNex/install/servo_service/include/servo_service/servo_service/msg/detail/set_posture__builder.hpp
[0.576s] -- Up-to-date symlink: /home/hrs2025/git_website/HRS--Gomoku-Game-with-AiNex/install/servo_service/include/servo_service/servo_service/msg/detail/set_posture__struct.hpp
[0.576s] -- Up-to-date symlink: /home/hrs2025/git_website/HRS--Gomoku-Game-with-AiNex/install/servo_service/include/servo_service/servo_service/msg/detail/set_posture__traits.hpp
[0.576s] -- Up-to-date symlink: /home/hrs2025/git_website/HRS--Gomoku-Game-with-AiNex/install/servo_service/include/servo_service/servo_service/msg/detail/set_posture__type_support.hpp
[0.576s] -- Up-to-date symlink: /home/hrs2025/git_website/HRS--Gomoku-Game-with-AiNex/install/servo_service/include/servo_service/servo_service/msg/detail/set_servo_positions__builder.hpp
[0.576s] -- Up-to-date symlink: /home/hrs2025/git_website/HRS--Gomoku-Game-with-AiNex/install/servo_service/include/servo_service/servo_service/msg/detail/set_servo_positions__struct.hpp
[0.577s] -- Up-to-date symlink: /home/hrs2025/git_website/HRS--Gomoku-Game-with-AiNex/install/servo_service/include/servo_service/servo_service/msg/detail/set_servo_positions__traits.hpp
[0.577s] -- Up-to-date symlink: /home/hrs2025/git_website/HRS--Gomoku-Game-with-AiNex/install/servo_service/include/servo_service/servo_service/msg/detail/set_servo_positions__type_support.hpp
[0.577s] -- Up-to-date symlink: /home/hrs2025/git_website/HRS--Gomoku-Game-with-AiNex/install/servo_service/include/servo_service/servo_service/msg/face_bounding_box.hpp
[0.577s] -- Up-to-date symlink: /home/hrs2025/git_website/HRS--Gomoku-Game-with-AiNex/install/servo_service/include/servo_service/servo_service/msg/face_bounding_box_array.hpp
[0.578s] -- Up-to-date symlink: /home/hrs2025/git_website/HRS--Gomoku-Game-with-AiNex/install/servo_service/include/servo_service/servo_service/msg/get_servo_positions.hpp
[0.578s] -- Up-to-date symlink: /home/hrs2025/git_website/HRS--Gomoku-Game-with-AiNex/install/servo_service/include/servo_service/servo_service/msg/rosidl_generator_cpp__visibility_control.hpp
[0.578s] -- Up-to-date symlink: /home/hrs2025/git_website/HRS--Gomoku-Game-with-AiNex/install/servo_service/include/servo_service/servo_service/msg/set_joint_lock.hpp
[0.578s] -- Up-to-date symlink: /home/hrs2025/git_website/HRS--Gomoku-Game-with-AiNex/install/servo_service/include/servo_service/servo_service/msg/set_posture.hpp
[0.578s] -- Up-to-date symlink: /home/hrs2025/git_website/HRS--Gomoku-Game-with-AiNex/install/servo_service/include/servo_service/servo_service/msg/set_servo_positions.hpp
[0.579s] -- Up-to-date symlink: /home/hrs2025/git_website/HRS--Gomoku-Game-with-AiNex/install/servo_service/include/servo_service/servo_service/srv/detail/joint_lock__builder.hpp
[0.579s] -- Up-to-date symlink: /home/hrs2025/git_website/HRS--Gomoku-Game-with-AiNex/install/servo_service/include/servo_service/servo_service/srv/detail/joint_lock__struct.hpp
[0.579s] -- Up-to-date symlink: /home/hrs2025/git_website/HRS--Gomoku-Game-with-AiNex/install/servo_service/include/servo_service/servo_service/srv/detail/joint_lock__traits.hpp
[0.579s] -- Up-to-date symlink: /home/hrs2025/git_website/HRS--Gomoku-Game-with-AiNex/install/servo_service/include/servo_service/servo_service/srv/detail/joint_lock__type_support.hpp
[0.579s] -- Up-to-date symlink: /home/hrs2025/git_website/HRS--Gomoku-Game-with-AiNex/install/servo_service/include/servo_service/servo_service/srv/detail/joint_position__builder.hpp
[0.580s] -- Up-to-date symlink: /home/hrs2025/git_website/HRS--Gomoku-Game-with-AiNex/install/servo_service/include/servo_service/servo_service/srv/detail/joint_position__struct.hpp
[0.580s] -- Up-to-date symlink: /home/hrs2025/git_website/HRS--Gomoku-Game-with-AiNex/install/servo_service/include/servo_service/servo_service/srv/detail/joint_position__traits.hpp
[0.580s] -- Up-to-date symlink: /home/hrs2025/git_website/HRS--Gomoku-Game-with-AiNex/install/servo_service/include/servo_service/servo_service/srv/detail/joint_position__type_support.hpp
[0.580s] -- Up-to-date symlink: /home/hrs2025/git_website/HRS--Gomoku-Game-with-AiNex/install/servo_service/include/servo_service/servo_service/srv/detail/joint_range__builder.hpp
[0.580s] -- Up-to-date symlink: /home/hrs2025/git_website/HRS--Gomoku-Game-with-AiNex/install/servo_service/include/servo_service/servo_service/srv/detail/joint_range__struct.hpp
[0.581s] -- Up-to-date symlink: /home/hrs2025/git_website/HRS--Gomoku-Game-with-AiNex/install/servo_service/include/servo_service/servo_service/srv/detail/joint_range__traits.hpp
[0.581s] -- Up-to-date symlink: /home/hrs2025/git_website/HRS--Gomoku-Game-with-AiNex/install/servo_service/include/servo_service/servo_service/srv/detail/joint_range__type_support.hpp
[0.581s] -- Up-to-date symlink: /home/hrs2025/git_website/HRS--Gomoku-Game-with-AiNex/install/servo_service/include/servo_service/servo_service/srv/detail/servo_deviation__builder.hpp
[0.581s] -- Up-to-date symlink: /home/hrs2025/git_website/HRS--Gomoku-Game-with-AiNex/install/servo_service/include/servo_service/servo_service/srv/detail/servo_deviation__struct.hpp
[0.581s] -- Up-to-date symlink: /home/hrs2025/git_website/HRS--Gomoku-Game-with-AiNex/install/servo_service/include/servo_service/servo_service/srv/detail/servo_deviation__traits.hpp
[0.582s] -- Up-to-date symlink: /home/hrs2025/git_website/HRS--Gomoku-Game-with-AiNex/install/servo_service/include/servo_service/servo_service/srv/detail/servo_deviation__type_support.hpp
[0.582s] -- Up-to-date symlink: /home/hrs2025/git_website/HRS--Gomoku-Game-with-AiNex/install/servo_service/include/servo_service/servo_service/srv/detail/servo_temp__builder.hpp
[0.582s] -- Up-to-date symlink: /home/hrs2025/git_website/HRS--Gomoku-Game-with-AiNex/install/servo_service/include/servo_service/servo_service/srv/detail/servo_temp__struct.hpp
[0.582s] -- Up-to-date symlink: /home/hrs2025/git_website/HRS--Gomoku-Game-with-AiNex/install/servo_service/include/servo_service/servo_service/srv/detail/servo_temp__traits.hpp
[0.582s] -- Up-to-date symlink: /home/hrs2025/git_website/HRS--Gomoku-Game-with-AiNex/install/servo_service/include/servo_service/servo_service/srv/detail/servo_temp__type_support.hpp
[0.583s] -- Up-to-date symlink: /home/hrs2025/git_website/HRS--Gomoku-Game-with-AiNex/install/servo_service/include/servo_service/servo_service/srv/detail/servo_voltage__builder.hpp
[0.583s] -- Up-to-date symlink: /home/hrs2025/git_website/HRS--Gomoku-Game-with-AiNex/install/servo_service/include/servo_service/servo_service/srv/detail/servo_voltage__struct.hpp
[0.583s] -- Up-to-date symlink: /home/hrs2025/git_website/HRS--Gomoku-Game-with-AiNex/install/servo_service/include/servo_service/servo_service/srv/detail/servo_voltage__traits.hpp
[0.583s] -- Up-to-date symlink: /home/hrs2025/git_website/HRS--Gomoku-Game-with-AiNex/install/servo_service/include/servo_service/servo_service/srv/detail/servo_voltage__type_support.hpp
[0.583s] -- Up-to-date symlink: /home/hrs2025/git_website/HRS--Gomoku-Game-with-AiNex/install/servo_service/include/servo_service/servo_service/srv/joint_lock.hpp
[0.584s] -- Up-to-date symlink: /home/hrs2025/git_website/HRS--Gomoku-Game-with-AiNex/install/servo_service/include/servo_service/servo_service/srv/joint_position.hpp
[0.584s] -- Up-to-date symlink: /home/hrs2025/git_website/HRS--Gomoku-Game-with-AiNex/install/servo_service/include/servo_service/servo_service/srv/joint_range.hpp
[0.584s] -- Up-to-date symlink: /home/hrs2025/git_website/HRS--Gomoku-Game-with-AiNex/install/servo_service/include/servo_service/servo_service/srv/servo_deviation.hpp
[0.584s] -- Up-to-date symlink: /home/hrs2025/git_website/HRS--Gomoku-Game-with-AiNex/install/servo_service/include/servo_service/servo_service/srv/servo_temp.hpp
[0.585s] -- Up-to-date symlink: /home/hrs2025/git_website/HRS--Gomoku-Game-with-AiNex/install/servo_service/include/servo_service/servo_service/srv/servo_voltage.hpp
[0.586s] -- Up-to-date symlink: /home/hrs2025/git_website/HRS--Gomoku-Game-with-AiNex/install/servo_service/include/servo_service/servo_service/msg/detail/change_servo_positions__rosidl_typesupport_fastrtps_cpp.hpp
[0.587s] -- Up-to-date symlink: /home/hrs2025/git_website/HRS--Gomoku-Game-with-AiNex/install/servo_service/include/servo_service/servo_service/msg/detail/face_bounding_box__rosidl_typesupport_fastrtps_cpp.hpp
[0.587s] -- Up-to-date symlink: /home/hrs2025/git_website/HRS--Gomoku-Game-with-AiNex/install/servo_service/include/servo_service/servo_service/msg/detail/face_bounding_box_array__rosidl_typesupport_fastrtps_cpp.hpp
[0.587s] -- Up-to-date symlink: /home/hrs2025/git_website/HRS--Gomoku-Game-with-AiNex/install/servo_service/include/servo_service/servo_service/msg/detail/get_servo_positions__rosidl_typesupport_fastrtps_cpp.hpp
[0.587s] -- Up-to-date symlink: /home/hrs2025/git_website/HRS--Gomoku-Game-with-AiNex/install/servo_service/include/servo_service/servo_service/msg/detail/set_joint_lock__rosidl_typesupport_fastrtps_cpp.hpp
[0.587s] -- Up-to-date symlink: /home/hrs2025/git_website/HRS--Gomoku-Game-with-AiNex/install/servo_service/include/servo_service/servo_service/msg/detail/set_posture__rosidl_typesupport_fastrtps_cpp.hpp
[0.587s] -- Up-to-date symlink: /home/hrs2025/git_website/HRS--Gomoku-Game-with-AiNex/install/servo_service/include/servo_service/servo_service/msg/detail/set_servo_positions__rosidl_typesupport_fastrtps_cpp.hpp
[0.587s] -- Up-to-date symlink: /home/hrs2025/git_website/HRS--Gomoku-Game-with-AiNex/install/servo_service/include/servo_service/servo_service/msg/rosidl_typesupport_fastrtps_cpp__visibility_control.h
[0.588s] -- Up-to-date symlink: /home/hrs2025/git_website/HRS--Gomoku-Game-with-AiNex/install/servo_service/include/servo_service/servo_service/srv/detail/joint_lock__rosidl_typesupport_fastrtps_cpp.hpp
[0.588s] -- Up-to-date symlink: /home/hrs2025/git_website/HRS--Gomoku-Game-with-AiNex/install/servo_service/include/servo_service/servo_service/srv/detail/joint_position__rosidl_typesupport_fastrtps_cpp.hpp
[0.588s] -- Up-to-date symlink: /home/hrs2025/git_website/HRS--Gomoku-Game-with-AiNex/install/servo_service/include/servo_service/servo_service/srv/detail/joint_range__rosidl_typesupport_fastrtps_cpp.hpp
[0.588s] -- Up-to-date symlink: /home/hrs2025/git_website/HRS--Gomoku-Game-with-AiNex/install/servo_service/include/servo_service/servo_service/srv/detail/servo_deviation__rosidl_typesupport_fastrtps_cpp.hpp
[0.588s] -- Up-to-date symlink: /home/hrs2025/git_website/HRS--Gomoku-Game-with-AiNex/install/servo_service/include/servo_service/servo_service/srv/detail/servo_temp__rosidl_typesupport_fastrtps_cpp.hpp
[0.588s] -- Up-to-date symlink: /home/hrs2025/git_website/HRS--Gomoku-Game-with-AiNex/install/servo_service/include/servo_service/servo_service/srv/detail/servo_voltage__rosidl_typesupport_fastrtps_cpp.hpp
[0.589s] -- Up-to-date symlink: /home/hrs2025/git_website/HRS--Gomoku-Game-with-AiNex/install/servo_service/include/servo_service/servo_service/msg/detail/change_servo_positions__rosidl_typesupport_introspection_c.h
[0.589s] -- Up-to-date symlink: /home/hrs2025/git_website/HRS--Gomoku-Game-with-AiNex/install/servo_service/include/servo_service/servo_service/msg/detail/face_bounding_box__rosidl_typesupport_introspection_c.h
[0.589s] -- Up-to-date symlink: /home/hrs2025/git_website/HRS--Gomoku-Game-with-AiNex/install/servo_service/include/servo_service/servo_service/msg/detail/face_bounding_box_array__rosidl_typesupport_introspection_c.h
[0.589s] -- Up-to-date symlink: /home/hrs2025/git_website/HRS--Gomoku-Game-with-AiNex/install/servo_service/include/servo_service/servo_service/msg/detail/get_servo_positions__rosidl_typesupport_introspection_c.h
[0.589s] -- Up-to-date symlink: /home/hrs2025/git_website/HRS--Gomoku-Game-with-AiNex/install/servo_service/include/servo_service/servo_service/msg/detail/set_joint_lock__rosidl_typesupport_introspection_c.h
[0.590s] -- Up-to-date symlink: /home/hrs2025/git_website/HRS--Gomoku-Game-with-AiNex/install/servo_service/include/servo_service/servo_service/msg/detail/set_posture__rosidl_typesupport_introspection_c.h
[0.590s] -- Up-to-date symlink: /home/hrs2025/git_website/HRS--Gomoku-Game-with-AiNex/install/servo_service/include/servo_service/servo_service/msg/detail/set_servo_positions__rosidl_typesupport_introspection_c.h
[0.590s] -- Up-to-date symlink: /home/hrs2025/git_website/HRS--Gomoku-Game-with-AiNex/install/servo_service/include/servo_service/servo_service/msg/rosidl_typesupport_introspection_c__visibility_control.h
[0.590s] -- Up-to-date symlink: /home/hrs2025/git_website/HRS--Gomoku-Game-with-AiNex/install/servo_service/include/servo_service/servo_service/srv/detail/joint_lock__rosidl_typesupport_introspection_c.h
[0.590s] -- Up-to-date symlink: /home/hrs2025/git_website/HRS--Gomoku-Game-with-AiNex/install/servo_service/include/servo_service/servo_service/srv/detail/joint_position__rosidl_typesupport_introspection_c.h
[0.590s] -- Up-to-date symlink: /home/hrs2025/git_website/HRS--Gomoku-Game-with-AiNex/install/servo_service/include/servo_service/servo_service/srv/detail/joint_range__rosidl_typesupport_introspection_c.h
[0.591s] -- Up-to-date symlink: /home/hrs2025/git_website/HRS--Gomoku-Game-with-AiNex/install/servo_service/include/servo_service/servo_service/srv/detail/servo_deviation__rosidl_typesupport_introspection_c.h
[0.591s] -- Up-to-date symlink: /home/hrs2025/git_website/HRS--Gomoku-Game-with-AiNex/install/servo_service/include/servo_service/servo_service/srv/detail/servo_temp__rosidl_typesupport_introspection_c.h
[0.591s] -- Up-to-date symlink: /home/hrs2025/git_website/HRS--Gomoku-Game-with-AiNex/install/servo_service/include/servo_service/servo_service/srv/detail/servo_voltage__rosidl_typesupport_introspection_c.h
[0.591s] -- Up-to-date symlink: /home/hrs2025/git_website/HRS--Gomoku-Game-with-AiNex/install/servo_service/include/servo_service/servo_service/msg/detail/change_servo_positions__rosidl_typesupport_introspection_cpp.hpp
[0.592s] -- Up-to-date symlink: /home/hrs2025/git_website/HRS--Gomoku-Game-with-AiNex/install/servo_service/include/servo_service/servo_service/msg/detail/face_bounding_box__rosidl_typesupport_introspection_cpp.hpp
[0.592s] -- Up-to-date symlink: /home/hrs2025/git_website/HRS--Gomoku-Game-with-AiNex/install/servo_service/include/servo_service/servo_service/msg/detail/face_bounding_box_array__rosidl_typesupport_introspection_cpp.hpp
[0.592s] -- Up-to-date symlink: /home/hrs2025/git_website/HRS--Gomoku-Game-with-AiNex/install/servo_service/include/servo_service/servo_service/msg/detail/get_servo_positions__rosidl_typesupport_introspection_cpp.hpp
[0.592s] -- Up-to-date symlink: /home/hrs2025/git_website/HRS--Gomoku-Game-with-AiNex/install/servo_service/include/servo_service/servo_service/msg/detail/set_joint_lock__rosidl_typesupport_introspection_cpp.hpp
[0.592s] -- Up-to-date symlink: /home/hrs2025/git_website/HRS--Gomoku-Game-with-AiNex/install/servo_service/include/servo_service/servo_service/msg/detail/set_posture__rosidl_typesupport_introspection_cpp.hpp
[0.592s] -- Up-to-date symlink: /home/hrs2025/git_website/HRS--Gomoku-Game-with-AiNex/install/servo_service/include/servo_service/servo_service/msg/detail/set_servo_positions__rosidl_typesupport_introspection_cpp.hpp
[0.592s] -- Up-to-date symlink: /home/hrs2025/git_website/HRS--Gomoku-Game-with-AiNex/install/servo_service/include/servo_service/servo_service/srv/detail/joint_lock__rosidl_typesupport_introspection_cpp.hpp
[0.593s] -- Up-to-date symlink: /home/hrs2025/git_website/HRS--Gomoku-Game-with-AiNex/install/servo_service/include/servo_service/servo_service/srv/detail/joint_position__rosidl_typesupport_introspection_cpp.hpp
[0.593s] -- Up-to-date symlink: /home/hrs2025/git_website/HRS--Gomoku-Game-with-AiNex/install/servo_service/include/servo_service/servo_service/srv/detail/joint_range__rosidl_typesupport_introspection_cpp.hpp
[0.593s] -- Up-to-date symlink: /home/hrs2025/git_website/HRS--Gomoku-Game-with-AiNex/install/servo_service/include/servo_service/servo_service/srv/detail/servo_deviation__rosidl_typesupport_introspection_cpp.hpp
[0.593s] -- Up-to-date symlink: /home/hrs2025/git_website/HRS--Gomoku-Game-with-AiNex/install/servo_service/include/servo_service/servo_service/srv/detail/servo_temp__rosidl_typesupport_introspection_cpp.hpp
[0.593s] -- Up-to-date symlink: /home/hrs2025/git_website/HRS--Gomoku-Game-with-AiNex/install/servo_service/include/servo_service/servo_service/srv/detail/servo_voltage__rosidl_typesupport_introspection_cpp.hpp
[0.593s] -- Up-to-date symlink: /home/hrs2025/git_website/HRS--Gomoku-Game-with-AiNex/install/servo_service/share/servo_service/environment/pythonpath.sh
[0.594s] -- Up-to-date symlink: /home/hrs2025/git_website/HRS--Gomoku-Game-with-AiNex/install/servo_service/share/servo_service/environment/pythonpath.dsv
[0.594s] -- Up-to-date symlink: /home/hrs2025/git_website/HRS--Gomoku-Game-with-AiNex/install/servo_service/lib/python3.12/site-packages/servo_service-0.0.0-py3.12.egg-info/PKG-INFO
[0.594s] -- Up-to-date symlink: /home/hrs2025/git_website/HRS--Gomoku-Game-with-AiNex/install/servo_service/lib/python3.12/site-packages/servo_service-0.0.0-py3.12.egg-info/SOURCES.txt
[0.594s] -- Up-to-date symlink: /home/hrs2025/git_website/HRS--Gomoku-Game-with-AiNex/install/servo_service/lib/python3.12/site-packages/servo_service-0.0.0-py3.12.egg-info/dependency_links.txt
[0.594s] -- Up-to-date symlink: /home/hrs2025/git_website/HRS--Gomoku-Game-with-AiNex/install/servo_service/lib/python3.12/site-packages/servo_service-0.0.0-py3.12.egg-info/top_level.txt
[0.596s] -- Up-to-date symlink: /home/hrs2025/git_website/HRS--Gomoku-Game-with-AiNex/install/servo_service/lib/python3.12/site-packages/servo_service/__init__.py
[0.596s] -- Up-to-date symlink: /home/hrs2025/git_website/HRS--Gomoku-Game-with-AiNex/install/servo_service/lib/python3.12/site-packages/servo_service/_servo_service_s.ep.rosidl_typesupport_c.c
[0.596s] -- Up-to-date symlink: /home/hrs2025/git_website/HRS--Gomoku-Game-with-AiNex/install/servo_service/lib/python3.12/site-packages/servo_service/_servo_service_s.ep.rosidl_typesupport_fastrtps_c.c
[0.596s] -- Up-to-date symlink: /home/hrs2025/git_website/HRS--Gomoku-Game-with-AiNex/install/servo_service/lib/python3.12/site-packages/servo_service/_servo_service_s.ep.rosidl_typesupport_introspection_c.c
[0.596s] -- Up-to-date symlink: /home/hrs2025/git_website/HRS--Gomoku-Game-with-AiNex/install/servo_service/lib/python3.12/site-packages/servo_service/msg/__init__.py
[0.596s] -- Up-to-date symlink: /home/hrs2025/git_website/HRS--Gomoku-Game-with-AiNex/install/servo_service/lib/python3.12/site-packages/servo_service/msg/_change_servo_positions.py
[0.597s] -- Up-to-date symlink: /home/hrs2025/git_website/HRS--Gomoku-Game-with-AiNex/install/servo_service/lib/python3.12/site-packages/servo_service/msg/_change_servo_positions_s.c
[0.597s] -- Up-to-date symlink: /home/hrs2025/git_website/HRS--Gomoku-Game-with-AiNex/install/servo_service/lib/python3.12/site-packages/servo_service/msg/_face_bounding_box.py
[0.597s] -- Up-to-date symlink: /home/hrs2025/git_website/HRS--Gomoku-Game-with-AiNex/install/servo_service/lib/python3.12/site-packages/servo_service/msg/_face_bounding_box_array.py
[0.597s] -- Up-to-date symlink: /home/hrs2025/git_website/HRS--Gomoku-Game-with-AiNex/install/servo_service/lib/python3.12/site-packages/servo_service/msg/_face_bounding_box_array_s.c
[0.597s] -- Up-to-date symlink: /home/hrs2025/git_website/HRS--Gomoku-Game-with-AiNex/install/servo_service/lib/python3.12/site-packages/servo_service/msg/_face_bounding_box_s.c
[0.598s] -- Up-to-date symlink: /home/hrs2025/git_website/HRS--Gomoku-Game-with-AiNex/install/servo_service/lib/python3.12/site-packages/servo_service/msg/_get_servo_positions.py
[0.598s] -- Up-to-date symlink: /home/hrs2025/git_website/HRS--Gomoku-Game-with-AiNex/install/servo_service/lib/python3.12/site-packages/servo_service/msg/_get_servo_positions_s.c
[0.598s] -- Up-to-date symlink: /home/hrs2025/git_website/HRS--Gomoku-Game-with-AiNex/install/servo_service/lib/python3.12/site-packages/servo_service/msg/_set_joint_lock.py
[0.598s] -- Up-to-date symlink: /home/hrs2025/git_website/HRS--Gomoku-Game-with-AiNex/install/servo_service/lib/python3.12/site-packages/servo_service/msg/_set_joint_lock_s.c
[0.598s] -- Up-to-date symlink: /home/hrs2025/git_website/HRS--Gomoku-Game-with-AiNex/install/servo_service/lib/python3.12/site-packages/servo_service/msg/_set_posture.py
[0.599s] -- Up-to-date symlink: /home/hrs2025/git_website/HRS--Gomoku-Game-with-AiNex/install/servo_service/lib/python3.12/site-packages/servo_service/msg/_set_posture_s.c
[0.599s] -- Up-to-date symlink: /home/hrs2025/git_website/HRS--Gomoku-Game-with-AiNex/install/servo_service/lib/python3.12/site-packages/servo_service/msg/_set_servo_positions.py
[0.599s] -- Up-to-date symlink: /home/hrs2025/git_website/HRS--Gomoku-Game-with-AiNex/install/servo_service/lib/python3.12/site-packages/servo_service/msg/_set_servo_positions_s.c
[0.599s] -- Up-to-date symlink: /home/hrs2025/git_website/HRS--Gomoku-Game-with-AiNex/install/servo_service/lib/python3.12/site-packages/servo_service/servo_service_s__rosidl_typesupport_c.so
[0.599s] -- Up-to-date symlink: /home/hrs2025/git_website/HRS--Gomoku-Game-with-AiNex/install/servo_service/lib/python3.12/site-packages/servo_service/servo_service_s__rosidl_typesupport_fastrtps_c.so
[0.600s] -- Up-to-date symlink: /home/hrs2025/git_website/HRS--Gomoku-Game-with-AiNex/install/servo_service/lib/python3.12/site-packages/servo_service/servo_service_s__rosidl_typesupport_introspection_c.so
[0.600s] -- Up-to-date symlink: /home/hrs2025/git_website/HRS--Gomoku-Game-with-AiNex/install/servo_service/lib/python3.12/site-packages/servo_service/srv/__init__.py
[0.600s] -- Up-to-date symlink: /home/hrs2025/git_website/HRS--Gomoku-Game-with-AiNex/install/servo_service/lib/python3.12/site-packages/servo_service/srv/_joint_lock.py
[0.600s] -- Up-to-date symlink: /home/hrs2025/git_website/HRS--Gomoku-Game-with-AiNex/install/servo_service/lib/python3.12/site-packages/servo_service/srv/_joint_lock_s.c
[0.600s] -- Up-to-date symlink: /home/hrs2025/git_website/HRS--Gomoku-Game-with-AiNex/install/servo_service/lib/python3.12/site-packages/servo_service/srv/_joint_position.py
[0.601s] -- Up-to-date symlink: /home/hrs2025/git_website/HRS--Gomoku-Game-with-AiNex/install/servo_service/lib/python3.12/site-packages/servo_service/srv/_joint_position_s.c
[0.601s] -- Up-to-date symlink: /home/hrs2025/git_website/HRS--Gomoku-Game-with-AiNex/install/servo_service/lib/python3.12/site-packages/servo_service/srv/_joint_range.py
[0.601s] -- Up-to-date symlink: /home/hrs2025/git_website/HRS--Gomoku-Game-with-AiNex/install/servo_service/lib/python3.12/site-packages/servo_service/srv/_joint_range_s.c
[0.601s] -- Up-to-date symlink: /home/hrs2025/git_website/HRS--Gomoku-Game-with-AiNex/install/servo_service/lib/python3.12/site-packages/servo_service/srv/_servo_deviation.py
[0.601s] -- Up-to-date symlink: /home/hrs2025/git_website/HRS--Gomoku-Game-with-AiNex/install/servo_service/lib/python3.12/site-packages/servo_service/srv/_servo_deviation_s.c
[0.602s] -- Up-to-date symlink: /home/hrs2025/git_website/HRS--Gomoku-Game-with-AiNex/install/servo_service/lib/python3.12/site-packages/servo_service/srv/_servo_temp.py
[0.602s] -- Up-to-date symlink: /home/hrs2025/git_website/HRS--Gomoku-Game-with-AiNex/install/servo_service/lib/python3.12/site-packages/servo_service/srv/_servo_temp_s.c
[0.602s] -- Up-to-date symlink: /home/hrs2025/git_website/HRS--Gomoku-Game-with-AiNex/install/servo_service/lib/python3.12/site-packages/servo_service/srv/_servo_voltage.py
[0.602s] -- Up-to-date symlink: /home/hrs2025/git_website/HRS--Gomoku-Game-with-AiNex/install/servo_service/lib/python3.12/site-packages/servo_service/srv/_servo_voltage_s.c
[0.603s] -- Up-to-date symlink: /home/hrs2025/git_website/HRS--Gomoku-Game-with-AiNex/install/servo_service/lib/python3.12/site-packages/servo_service/servo_service_s__rosidl_typesupport_fastrtps_c.so
[0.603s] -- Up-to-date symlink: /home/hrs2025/git_website/HRS--Gomoku-Game-with-AiNex/install/servo_service/lib/python3.12/site-packages/servo_service/servo_service_s__rosidl_typesupport_introspection_c.so
[0.604s] -- Up-to-date symlink: /home/hrs2025/git_website/HRS--Gomoku-Game-with-AiNex/install/servo_service/lib/python3.12/site-packages/servo_service/servo_service_s__rosidl_typesupport_c.so
[0.604s] -- Up-to-date symlink: /home/hrs2025/git_website/HRS--Gomoku-Game-with-AiNex/install/servo_service/share/servo_service/msg/ChangeServoPositions.idl
[0.604s] -- Up-to-date symlink: /home/hrs2025/git_website/HRS--Gomoku-Game-with-AiNex/install/servo_service/share/servo_service/msg/SetServoPositions.idl
[0.604s] -- Up-to-date symlink: /home/hrs2025/git_website/HRS--Gomoku-Game-with-AiNex/install/servo_service/share/servo_service/msg/SetJointLock.idl
[0.604s] -- Up-to-date symlink: /home/hrs2025/git_website/HRS--Gomoku-Game-with-AiNex/install/servo_service/share/servo_service/msg/GetServoPositions.idl
[0.604s] -- Up-to-date symlink: /home/hrs2025/git_website/HRS--Gomoku-Game-with-AiNex/install/servo_service/share/servo_service/msg/SetPosture.idl
[0.605s] -- Up-to-date symlink: /home/hrs2025/git_website/HRS--Gomoku-Game-with-AiNex/install/servo_service/share/servo_service/msg/FaceBoundingBox.idl
[0.605s] -- Up-to-date symlink: /home/hrs2025/git_website/HRS--Gomoku-Game-with-AiNex/install/servo_service/share/servo_service/msg/FaceBoundingBoxArray.idl
[0.605s] -- Up-to-date symlink: /home/hrs2025/git_website/HRS--Gomoku-Game-with-AiNex/install/servo_service/share/servo_service/srv/JointLock.idl
[0.605s] -- Up-to-date symlink: /home/hrs2025/git_website/HRS--Gomoku-Game-with-AiNex/install/servo_service/share/servo_service/srv/ServoTemp.idl
[0.605s] -- Up-to-date symlink: /home/hrs2025/git_website/HRS--Gomoku-Game-with-AiNex/install/servo_service/share/servo_service/srv/ServoDeviation.idl
[0.606s] -- Up-to-date symlink: /home/hrs2025/git_website/HRS--Gomoku-Game-with-AiNex/install/servo_service/share/servo_service/srv/ServoVoltage.idl
[0.606s] -- Up-to-date symlink: /home/hrs2025/git_website/HRS--Gomoku-Game-with-AiNex/install/servo_service/share/servo_service/srv/JointPosition.idl
[0.606s] -- Up-to-date symlink: /home/hrs2025/git_website/HRS--Gomoku-Game-with-AiNex/install/servo_service/share/servo_service/srv/JointRange.idl
[0.606s] -- Up-to-date symlink: /home/hrs2025/git_website/HRS--Gomoku-Game-with-AiNex/install/servo_service/share/servo_service/msg/ChangeServoPositions.msg
[0.607s] -- Up-to-date symlink: /home/hrs2025/git_website/HRS--Gomoku-Game-with-AiNex/install/servo_service/share/servo_service/msg/SetServoPositions.msg
[0.607s] -- Up-to-date symlink: /home/hrs2025/git_website/HRS--Gomoku-Game-with-AiNex/install/servo_service/share/servo_service/msg/SetJointLock.msg
[0.607s] -- Up-to-date symlink: /home/hrs2025/git_website/HRS--Gomoku-Game-with-AiNex/install/servo_service/share/servo_service/msg/GetServoPositions.msg
[0.607s] -- Up-to-date symlink: /home/hrs2025/git_website/HRS--Gomoku-Game-with-AiNex/install/servo_service/share/servo_service/msg/SetPosture.msg
[0.607s] -- Up-to-date symlink: /home/hrs2025/git_website/HRS--Gomoku-Game-with-AiNex/install/servo_service/share/servo_service/msg/FaceBoundingBox.msg
[0.607s] -- Up-to-date symlink: /home/hrs2025/git_website/HRS--Gomoku-Game-with-AiNex/install/servo_service/share/servo_service/msg/FaceBoundingBoxArray.msg
[0.608s] -- Up-to-date symlink: /home/hrs2025/git_website/HRS--Gomoku-Game-with-AiNex/install/servo_service/share/servo_service/srv/JointLock.srv
[0.608s] -- Up-to-date symlink: /home/hrs2025/git_website/HRS--Gomoku-Game-with-AiNex/install/servo_service/share/servo_service/srv/ServoTemp.srv
[0.608s] -- Up-to-date symlink: /home/hrs2025/git_website/HRS--Gomoku-Game-with-AiNex/install/servo_service/share/servo_service/srv/ServoDeviation.srv
[0.608s] -- Up-to-date symlink: /home/hrs2025/git_website/HRS--Gomoku-Game-with-AiNex/install/servo_service/share/servo_service/srv/ServoVoltage.srv
[0.608s] -- Up-to-date symlink: /home/hrs2025/git_website/HRS--Gomoku-Game-with-AiNex/install/servo_service/share/servo_service/srv/JointPosition.srv
[0.608s] -- Up-to-date symlink: /home/hrs2025/git_website/HRS--Gomoku-Game-with-AiNex/install/servo_service/share/servo_service/srv/JointRange.srv
[0.609s] -- Up-to-date symlink: /home/hrs2025/git_website/HRS--Gomoku-Game-with-AiNex/install/servo_service/share/ament_index/resource_index/package_run_dependencies/servo_service
[0.609s] -- Up-to-date symlink: /home/hrs2025/git_website/HRS--Gomoku-Game-with-AiNex/install/servo_service/share/ament_index/resource_index/parent_prefix_path/servo_service
[0.609s] -- Up-to-date symlink: /home/hrs2025/git_website/HRS--Gomoku-Game-with-AiNex/install/servo_service/share/servo_service/environment/ament_prefix_path.sh
[0.609s] -- Up-to-date symlink: /home/hrs2025/git_website/HRS--Gomoku-Game-with-AiNex/install/servo_service/share/servo_service/environment/ament_prefix_path.dsv
[0.610s] -- Up-to-date symlink: /home/hrs2025/git_website/HRS--Gomoku-Game-with-AiNex/install/servo_service/share/servo_service/environment/path.sh
[0.610s] -- Up-to-date symlink: /home/hrs2025/git_website/HRS--Gomoku-Game-with-AiNex/install/servo_service/share/servo_service/environment/path.dsv
[0.610s] -- Up-to-date symlink: /home/hrs2025/git_website/HRS--Gomoku-Game-with-AiNex/install/servo_service/share/servo_service/local_setup.bash
[0.610s] -- Up-to-date symlink: /home/hrs2025/git_website/HRS--Gomoku-Game-with-AiNex/install/servo_service/share/servo_service/local_setup.sh
[0.611s] -- Up-to-date symlink: /home/hrs2025/git_website/HRS--Gomoku-Game-with-AiNex/install/servo_service/share/servo_service/local_setup.zsh
[0.611s] -- Up-to-date symlink: /home/hrs2025/git_website/HRS--Gomoku-Game-with-AiNex/install/servo_service/share/servo_service/local_setup.dsv
[0.611s] -- Symlinking: /home/hrs2025/git_website/HRS--Gomoku-Game-with-AiNex/install/servo_service/share/servo_service/package.dsv
[0.621s] -- Up-to-date symlink: /home/hrs2025/git_website/HRS--Gomoku-Game-with-AiNex/install/servo_service/share/ament_index/resource_index/packages/servo_service
[0.621s] -- Up-to-date symlink: /home/hrs2025/git_website/HRS--Gomoku-Game-with-AiNex/install/servo_service/share/servo_service/cmake/rosidl_cmake-extras.cmake
[0.621s] -- Up-to-date symlink: /home/hrs2025/git_website/HRS--Gomoku-Game-with-AiNex/install/servo_service/share/servo_service/cmake/ament_cmake_export_dependencies-extras.cmake
[0.622s] -- Up-to-date symlink: /home/hrs2025/git_website/HRS--Gomoku-Game-with-AiNex/install/servo_service/share/servo_service/cmake/ament_cmake_export_include_directories-extras.cmake
[0.622s] -- Up-to-date symlink: /home/hrs2025/git_website/HRS--Gomoku-Game-with-AiNex/install/servo_service/share/servo_service/cmake/ament_cmake_export_libraries-extras.cmake
[0.622s] -- Up-to-date symlink: /home/hrs2025/git_website/HRS--Gomoku-Game-with-AiNex/install/servo_service/share/servo_service/cmake/ament_cmake_export_targets-extras.cmake
[0.622s] -- Up-to-date symlink: /home/hrs2025/git_website/HRS--Gomoku-Game-with-AiNex/install/servo_service/share/servo_service/cmake/rosidl_cmake_export_typesupport_targets-extras.cmake
[0.623s] -- Up-to-date symlink: /home/hrs2025/git_website/HRS--Gomoku-Game-with-AiNex/install/servo_service/share/servo_service/cmake/rosidl_cmake_export_typesupport_libraries-extras.cmake
[0.623s] -- Up-to-date symlink: /home/hrs2025/git_website/HRS--Gomoku-Game-with-AiNex/install/servo_service/share/servo_service/cmake/servo_serviceConfig.cmake
[0.623s] -- Up-to-date symlink: /home/hrs2025/git_website/HRS--Gomoku-Game-with-AiNex/install/servo_service/share/servo_service/cmake/servo_serviceConfig-version.cmake
[0.623s] -- Up-to-date symlink: /home/hrs2025/git_website/HRS--Gomoku-Game-with-AiNex/install/servo_service/share/servo_service/package.xml
[0.624s] -- Up-to-date: /home/hrs2025/git_website/HRS--Gomoku-Game-with-AiNex/install/servo_service/lib/libservo_service__rosidl_generator_c.so
[0.624s] -- Up-to-date: /home/hrs2025/git_website/HRS--Gomoku-Game-with-AiNex/install/servo_service/lib/libservo_service__rosidl_typesupport_fastrtps_c.so
[0.625s] -- Up-to-date: /home/hrs2025/git_website/HRS--Gomoku-Game-with-AiNex/install/servo_service/lib/libservo_service__rosidl_typesupport_fastrtps_cpp.so
[0.626s] -- Up-to-date: /home/hrs2025/git_website/HRS--Gomoku-Game-with-AiNex/install/servo_service/lib/libservo_service__rosidl_typesupport_introspection_c.so
[0.626s] -- Up-to-date: /home/hrs2025/git_website/HRS--Gomoku-Game-with-AiNex/install/servo_service/lib/libservo_service__rosidl_typesupport_c.so
[0.626s] -- Up-to-date: /home/hrs2025/git_website/HRS--Gomoku-Game-with-AiNex/install/servo_service/lib/libservo_service__rosidl_typesupport_introspection_cpp.so
[0.627s] -- Up-to-date: /home/hrs2025/git_website/HRS--Gomoku-Game-with-AiNex/install/servo_service/lib/libservo_service__rosidl_typesupport_cpp.so
[0.671s] Listing '/home/hrs2025/git_website/HRS--Gomoku-Game-with-AiNex/install/servo_service/lib/python3.12/site-packages/servo_service'...
[0.672s] Listing '/home/hrs2025/git_website/HRS--Gomoku-Game-with-AiNex/install/servo_service/lib/python3.12/site-packages/servo_service/msg'...
[0.672s] Listing '/home/hrs2025/git_website/HRS--Gomoku-Game-with-AiNex/install/servo_service/lib/python3.12/site-packages/servo_service/srv'...
[0.681s] -- Up-to-date: /home/hrs2025/git_website/HRS--Gomoku-Game-with-AiNex/install/servo_service/lib/libservo_service__rosidl_generator_py.so
[0.681s] -- Up-to-date: /home/hrs2025/git_website/HRS--Gomoku-Game-with-AiNex/install/servo_service/share/servo_service/cmake/export_servo_service__rosidl_generator_cExport.cmake
[0.681s] -- Up-to-date: /home/hrs2025/git_website/HRS--Gomoku-Game-with-AiNex/install/servo_service/share/servo_service/cmake/export_servo_service__rosidl_generator_cExport-noconfig.cmake
[0.682s] -- Up-to-date: /home/hrs2025/git_website/HRS--Gomoku-Game-with-AiNex/install/servo_service/share/servo_service/cmake/export_servo_service__rosidl_typesupport_fastrtps_cExport.cmake
[0.682s] -- Up-to-date: /home/hrs2025/git_website/HRS--Gomoku-Game-with-AiNex/install/servo_service/share/servo_service/cmake/export_servo_service__rosidl_typesupport_fastrtps_cExport-noconfig.cmake
[0.682s] -- Up-to-date: /home/hrs2025/git_website/HRS--Gomoku-Game-with-AiNex/install/servo_service/share/servo_service/cmake/export_servo_service__rosidl_generator_cppExport.cmake
[0.682s] -- Up-to-date: /home/hrs2025/git_website/HRS--Gomoku-Game-with-AiNex/install/servo_service/share/servo_service/cmake/export_servo_service__rosidl_typesupport_fastrtps_cppExport.cmake
[0.682s] -- Up-to-date: /home/hrs2025/git_website/HRS--Gomoku-Game-with-AiNex/install/servo_service/share/servo_service/cmake/export_servo_service__rosidl_typesupport_fastrtps_cppExport-noconfig.cmake
[0.682s] -- Up-to-date: /home/hrs2025/git_website/HRS--Gomoku-Game-with-AiNex/install/servo_service/share/servo_service/cmake/servo_service__rosidl_typesupport_introspection_cExport.cmake
[0.682s] -- Up-to-date: /home/hrs2025/git_website/HRS--Gomoku-Game-with-AiNex/install/servo_service/share/servo_service/cmake/servo_service__rosidl_typesupport_introspection_cExport-noconfig.cmake
[0.683s] -- Up-to-date: /home/hrs2025/git_website/HRS--Gomoku-Game-with-AiNex/install/servo_service/share/servo_service/cmake/servo_service__rosidl_typesupport_cExport.cmake
[0.683s] -- Up-to-date: /home/hrs2025/git_website/HRS--Gomoku-Game-with-AiNex/install/servo_service/share/servo_service/cmake/servo_service__rosidl_typesupport_cExport-noconfig.cmake
[0.683s] -- Up-to-date: /home/hrs2025/git_website/HRS--Gomoku-Game-with-AiNex/install/servo_service/share/servo_service/cmake/servo_service__rosidl_typesupport_introspection_cppExport.cmake
[0.683s] -- Up-to-date: /home/hrs2025/git_website/HRS--Gomoku-Game-with-AiNex/install/servo_service/share/servo_service/cmake/servo_service__rosidl_typesupport_introspection_cppExport-noconfig.cmake
[0.683s] -- Up-to-date: /home/hrs2025/git_website/HRS--Gomoku-Game-with-AiNex/install/servo_service/share/servo_service/cmake/servo_service__rosidl_typesupport_cppExport.cmake
[0.683s] -- Up-to-date: /home/hrs2025/git_website/HRS--Gomoku-Game-with-AiNex/install/servo_service/share/servo_service/cmake/servo_service__rosidl_typesupport_cppExport-noconfig.cmake
[0.683s] -- Up-to-date: /home/hrs2025/git_website/HRS--Gomoku-Game-with-AiNex/install/servo_service/share/servo_service/cmake/export_servo_service__rosidl_generator_pyExport.cmake
[0.684s] -- Up-to-date: /home/hrs2025/git_website/HRS--Gomoku-Game-with-AiNex/install/servo_service/share/servo_service/cmake/export_servo_service__rosidl_generator_pyExport-noconfig.cmake
[0.685s] Invoked command in '/home/hrs2025/git_website/HRS--Gomoku-Game-with-AiNex/build/servo_service' returned '0': CMAKE_PREFIX_PATH=${CMAKE_PREFIX_PATH}:/home/hrs2025/git_website/HRS--Gomoku-Game-with-AiNex/install/ainex_controller:/home/hrs2025/git_website/HRS--Gomoku-Game-with-AiNex/install/ainex_social_robot:/home/hrs2025/git_website/HRS--Gomoku-Game-with-AiNex/install/ainex_motion:/home/hrs2025/git_website/HRS--Gomoku-Game-with-AiNex/install/ainex_vision:/home/hrs2025/Workspace/src/ainex_controller/install/ainex_controller:/opt/ros/jazzy DEBUGINFOD_URLS=https://debuginfod.ubuntu.com /usr/bin/cmake --install /home/hrs2025/git_website/HRS--Gomoku-Game-with-AiNex/build/servo_service
