[0.105s] DEBUG:colcon:Command line arguments: ['/usr/bin/colcon', 'build', '--symlink-install']
[0.105s] DEBUG:colcon:Parsed command line arguments: Namespace(log_base=None, log_level=None, verb_name='build', build_base='build', install_base='install', merge_install=False, symlink_install=True, test_result_base=None, continue_on_error=False, executor='parallel', parallel_workers=8, event_handlers=None, ignore_user_meta=False, metas=['./colcon.meta'], base_paths=['.'], packages_ignore=None, packages_ignore_regex=None, paths=None, packages_up_to=None, packages_up_to_regex=None, packages_above=None, packages_above_and_dependencies=None, packages_above_depth=None, packages_select_by_dep=None, packages_skip_by_dep=None, packages_skip_up_to=None, packages_select_build_failed=False, packages_skip_build_finished=False, packages_select_test_failures=False, packages_skip_test_passed=False, packages_select=None, packages_skip=None, packages_select_regex=None, packages_skip_regex=None, packages_start=None, packages_end=None, allow_overriding=[], cmake_args=None, cmake_target=None, cmake_target_skip_unavailable=False, cmake_clean_cache=False, cmake_clean_first=False, cmake_force_configure=False, ament_cmake_args=None, catkin_cmake_args=None, catkin_skip_building_tests=False, mixin_files=None, mixin=None, verb_parser=<colcon_mixin.mixin.mixin_argument.MixinArgumentDecorator object at 0x79b94a19d2b0>, verb_extension=<colcon_core.verb.build.BuildVerb object at 0x79b94a19cd70>, main=<bound method BuildVerb.main of <colcon_core.verb.build.BuildVerb object at 0x79b94a19cd70>>, mixin_verb=('build',))
[0.142s] Level 1:colcon.colcon_core.package_discovery:discover_packages(colcon_meta) check parameters
[0.142s] Level 1:colcon.colcon_core.package_discovery:discover_packages(recursive) check parameters
[0.142s] Level 1:colcon.colcon_core.package_discovery:discover_packages(ignore) check parameters
[0.142s] Level 1:colcon.colcon_core.package_discovery:discover_packages(path) check parameters
[0.142s] Level 1:colcon.colcon_core.package_discovery:discover_packages(colcon_meta) discover
[0.142s] Level 1:colcon.colcon_core.package_discovery:discover_packages(recursive) discover
[0.142s] INFO:colcon.colcon_core.package_discovery:Crawling recursively for packages in '/home/hrs2025/Workspace/src/ainex_vision'
[0.142s] Level 1:colcon.colcon_core.package_identification:_identify(.) by extensions ['ignore', 'ignore_ament_install']
[0.142s] Level 1:colcon.colcon_core.package_identification:_identify(.) by extension 'ignore'
[0.142s] Level 1:colcon.colcon_core.package_identification:_identify(.) by extension 'ignore_ament_install'
[0.142s] Level 1:colcon.colcon_core.package_identification:_identify(.) by extensions ['colcon_pkg']
[0.142s] Level 1:colcon.colcon_core.package_identification:_identify(.) by extension 'colcon_pkg'
[0.143s] Level 1:colcon.colcon_core.package_identification:_identify(.) by extensions ['colcon_meta']
[0.143s] Level 1:colcon.colcon_core.package_identification:_identify(.) by extension 'colcon_meta'
[0.143s] Level 1:colcon.colcon_core.package_identification:_identify(.) by extensions ['ros']
[0.143s] Level 1:colcon.colcon_core.package_identification:_identify(.) by extension 'ros'
[0.168s] DEBUG:colcon.colcon_core.package_identification:Package '.' with type 'ros.ament_python' and name 'ainex_vision'
[0.168s] Level 1:colcon.colcon_core.package_discovery:discover_packages(recursive) using defaults
[0.168s] Level 1:colcon.colcon_core.package_discovery:discover_packages(ignore) discover
[0.168s] Level 1:colcon.colcon_core.package_discovery:discover_packages(ignore) using defaults
[0.168s] Level 1:colcon.colcon_core.package_discovery:discover_packages(path) discover
[0.168s] Level 1:colcon.colcon_core.package_discovery:discover_packages(path) using defaults
[0.184s] Level 1:colcon.colcon_core.package_discovery:discover_packages(prefix_path) check parameters
[0.184s] Level 1:colcon.colcon_core.package_discovery:discover_packages(prefix_path) discover
[0.186s] DEBUG:colcon.colcon_installed_package_information.package_discovery:Found 1 installed packages in /home/hrs2025/Workspace/src/ainex_vision/install
[0.187s] DEBUG:colcon.colcon_installed_package_information.package_discovery:Found 0 installed packages in /home/hrs2025/Workspace/src/ainex_vision/ainex_vision/install
[0.188s] DEBUG:colcon.colcon_installed_package_information.package_discovery:Found 299 installed packages in /opt/ros/jazzy
[0.190s] Level 1:colcon.colcon_core.package_discovery:discover_packages(prefix_path) using defaults
[0.234s] Level 5:colcon.colcon_core.verb:set package 'ainex_vision' build argument 'cmake_args' from command line to 'None'
[0.234s] Level 5:colcon.colcon_core.verb:set package 'ainex_vision' build argument 'cmake_target' from command line to 'None'
[0.234s] Level 5:colcon.colcon_core.verb:set package 'ainex_vision' build argument 'cmake_target_skip_unavailable' from command line to 'False'
[0.234s] Level 5:colcon.colcon_core.verb:set package 'ainex_vision' build argument 'cmake_clean_cache' from command line to 'False'
[0.234s] Level 5:colcon.colcon_core.verb:set package 'ainex_vision' build argument 'cmake_clean_first' from command line to 'False'
[0.234s] Level 5:colcon.colcon_core.verb:set package 'ainex_vision' build argument 'cmake_force_configure' from command line to 'False'
[0.234s] Level 5:colcon.colcon_core.verb:set package 'ainex_vision' build argument 'ament_cmake_args' from command line to 'None'
[0.234s] Level 5:colcon.colcon_core.verb:set package 'ainex_vision' build argument 'catkin_cmake_args' from command line to 'None'
[0.234s] Level 5:colcon.colcon_core.verb:set package 'ainex_vision' build argument 'catkin_skip_building_tests' from command line to 'False'
[0.234s] DEBUG:colcon.colcon_core.verb:Building package 'ainex_vision' with the following arguments: {'ament_cmake_args': None, 'build_base': '/home/hrs2025/Workspace/src/ainex_vision/build/ainex_vision', 'catkin_cmake_args': None, 'catkin_skip_building_tests': False, 'cmake_args': None, 'cmake_clean_cache': False, 'cmake_clean_first': False, 'cmake_force_configure': False, 'cmake_target': None, 'cmake_target_skip_unavailable': False, 'install_base': '/home/hrs2025/Workspace/src/ainex_vision/install/ainex_vision', 'merge_install': False, 'path': '/home/hrs2025/Workspace/src/ainex_vision', 'symlink_install': True, 'test_result_base': None}
[0.235s] INFO:colcon.colcon_core.executor:Executing jobs using 'parallel' executor
[0.236s] DEBUG:colcon.colcon_parallel_executor.executor.parallel:run_until_complete
[0.236s] INFO:colcon.colcon_ros.task.ament_python.build:Building ROS package in '/home/hrs2025/Workspace/src/ainex_vision' with build type 'ament_python'
[0.236s] Level 1:colcon.colcon_core.shell:create_environment_hook('ainex_vision', 'ament_prefix_path')
[0.238s] INFO:colcon.colcon_core.plugin_system:Skipping extension 'colcon_core.shell.bat': Not used on non-Windows systems
[0.238s] INFO:colcon.colcon_core.shell:Creating environment hook '/home/hrs2025/Workspace/src/ainex_vision/install/ainex_vision/share/ainex_vision/hook/ament_prefix_path.ps1'
[0.239s] INFO:colcon.colcon_core.shell:Creating environment descriptor '/home/hrs2025/Workspace/src/ainex_vision/install/ainex_vision/share/ainex_vision/hook/ament_prefix_path.dsv'
[0.240s] INFO:colcon.colcon_core.shell:Creating environment hook '/home/hrs2025/Workspace/src/ainex_vision/install/ainex_vision/share/ainex_vision/hook/ament_prefix_path.sh'
[0.241s] INFO:colcon.colcon_core.shell:Skip shell extension 'powershell' for command environment: Not usable outside of PowerShell
[0.241s] DEBUG:colcon.colcon_core.shell:Skip shell extension 'dsv' for command environment
[0.458s] INFO:colcon.colcon_core.task.python.build:Building Python package in '/home/hrs2025/Workspace/src/ainex_vision'
[0.458s] INFO:colcon.colcon_core.shell:Skip shell extension 'powershell' for command environment: Not usable outside of PowerShell
[0.458s] DEBUG:colcon.colcon_core.shell:Skip shell extension 'dsv' for command environment
[1.078s] DEBUG:colcon.colcon_core.event_handler.log_command:Invoking command in '/home/hrs2025/Workspace/src/ainex_vision/build/ainex_vision': DEBUGINFOD_URLS=https://debuginfod.ubuntu.com PYTHONPATH=/home/hrs2025/Workspace/src/ainex_vision/build/ainex_vision/prefix_override:/usr/lib/python3/dist-packages/colcon_core/task/python/colcon_distutils_commands:/home/hrs2025/Workspace/src/ainex_vision/install/ainex_vision/lib/python3.12/site-packages:${PYTHONPATH} /usr/bin/python3 -W ignore:setup.py install is deprecated -W ignore:easy_install command is deprecated setup.py develop --editable --build-directory /home/hrs2025/Workspace/src/ainex_vision/build/ainex_vision/build --no-deps symlink_data
[1.771s] Level 1:colcon.colcon_core.shell:create_environment_hook('ainex_vision', 'pythonpath_develop')
[1.772s] DEBUG:colcon.colcon_core.event_handler.log_command:Invoked command in '/home/hrs2025/Workspace/src/ainex_vision/build/ainex_vision' returned '0': DEBUGINFOD_URLS=https://debuginfod.ubuntu.com PYTHONPATH=/home/hrs2025/Workspace/src/ainex_vision/build/ainex_vision/prefix_override:/usr/lib/python3/dist-packages/colcon_core/task/python/colcon_distutils_commands:/home/hrs2025/Workspace/src/ainex_vision/install/ainex_vision/lib/python3.12/site-packages:${PYTHONPATH} /usr/bin/python3 -W ignore:setup.py install is deprecated -W ignore:easy_install command is deprecated setup.py develop --editable --build-directory /home/hrs2025/Workspace/src/ainex_vision/build/ainex_vision/build --no-deps symlink_data
[1.772s] INFO:colcon.colcon_core.shell:Creating environment hook '/home/hrs2025/Workspace/src/ainex_vision/build/ainex_vision/share/ainex_vision/hook/pythonpath_develop.ps1'
[1.773s] INFO:colcon.colcon_core.shell:Creating environment descriptor '/home/hrs2025/Workspace/src/ainex_vision/build/ainex_vision/share/ainex_vision/hook/pythonpath_develop.dsv'
[1.773s] INFO:colcon.colcon_core.shell:Creating environment hook '/home/hrs2025/Workspace/src/ainex_vision/build/ainex_vision/share/ainex_vision/hook/pythonpath_develop.sh'
[1.775s] Level 1:colcon.colcon_core.environment:checking '/home/hrs2025/Workspace/src/ainex_vision/install/ainex_vision' for CMake module files
[1.776s] Level 1:colcon.colcon_core.environment:checking '/home/hrs2025/Workspace/src/ainex_vision/install/ainex_vision' for CMake config files
[1.777s] Level 1:colcon.colcon_core.environment:checking '/home/hrs2025/Workspace/src/ainex_vision/install/ainex_vision/lib'
[1.777s] Level 1:colcon.colcon_core.environment:checking '/home/hrs2025/Workspace/src/ainex_vision/install/ainex_vision/bin'
[1.777s] Level 1:colcon.colcon_core.environment:checking '/home/hrs2025/Workspace/src/ainex_vision/install/ainex_vision/lib/pkgconfig/ainex_vision.pc'
[1.777s] Level 1:colcon.colcon_core.environment:checking '/home/hrs2025/Workspace/src/ainex_vision/install/ainex_vision/lib/python3.12/site-packages'
[1.777s] Level 1:colcon.colcon_core.shell:create_environment_hook('ainex_vision', 'pythonpath')
[1.777s] INFO:colcon.colcon_core.shell:Creating environment hook '/home/hrs2025/Workspace/src/ainex_vision/install/ainex_vision/share/ainex_vision/hook/pythonpath.ps1'
[1.778s] INFO:colcon.colcon_core.shell:Creating environment descriptor '/home/hrs2025/Workspace/src/ainex_vision/install/ainex_vision/share/ainex_vision/hook/pythonpath.dsv'
[1.778s] INFO:colcon.colcon_core.shell:Creating environment hook '/home/hrs2025/Workspace/src/ainex_vision/install/ainex_vision/share/ainex_vision/hook/pythonpath.sh'
[1.779s] Level 1:colcon.colcon_core.environment:checking '/home/hrs2025/Workspace/src/ainex_vision/install/ainex_vision/bin'
[1.779s] Level 1:colcon.colcon_core.environment:create_environment_scripts_only(ainex_vision)
[1.779s] INFO:colcon.colcon_core.shell:Creating package script '/home/hrs2025/Workspace/src/ainex_vision/install/ainex_vision/share/ainex_vision/package.ps1'
[1.780s] INFO:colcon.colcon_core.shell:Creating package descriptor '/home/hrs2025/Workspace/src/ainex_vision/install/ainex_vision/share/ainex_vision/package.dsv'
[1.781s] INFO:colcon.colcon_core.shell:Creating package script '/home/hrs2025/Workspace/src/ainex_vision/install/ainex_vision/share/ainex_vision/package.sh'
[1.781s] INFO:colcon.colcon_core.shell:Creating package script '/home/hrs2025/Workspace/src/ainex_vision/install/ainex_vision/share/ainex_vision/package.bash'
[1.782s] INFO:colcon.colcon_core.shell:Creating package script '/home/hrs2025/Workspace/src/ainex_vision/install/ainex_vision/share/ainex_vision/package.zsh'
[1.782s] Level 1:colcon.colcon_core.environment:create_file_with_runtime_dependencies(/home/hrs2025/Workspace/src/ainex_vision/install/ainex_vision/share/colcon-core/packages/ainex_vision)
[1.783s] DEBUG:colcon.colcon_parallel_executor.executor.parallel:closing loop
[1.783s] DEBUG:colcon.colcon_parallel_executor.executor.parallel:loop closed
[1.783s] DEBUG:colcon.colcon_parallel_executor.executor.parallel:run_until_complete finished with '0'
[1.783s] DEBUG:colcon.colcon_core.event_reactor:joining thread
[1.789s] INFO:colcon.colcon_core.plugin_system:Skipping extension 'colcon_notification.desktop_notification.terminal_notifier': Not used on non-Darwin systems
[1.789s] INFO:colcon.colcon_core.plugin_system:Skipping extension 'colcon_notification.desktop_notification.win32': Not used on non-Windows systems
[1.789s] INFO:colcon.colcon_notification.desktop_notification:Sending desktop notification using 'notify2'
[1.800s] DEBUG:colcon.colcon_core.event_reactor:joined thread
[1.801s] INFO:colcon.colcon_core.shell:Creating prefix script '/home/hrs2025/Workspace/src/ainex_vision/install/local_setup.ps1'
[1.802s] INFO:colcon.colcon_core.shell:Creating prefix util module '/home/hrs2025/Workspace/src/ainex_vision/install/_local_setup_util_ps1.py'
[1.803s] INFO:colcon.colcon_core.shell:Creating prefix chain script '/home/hrs2025/Workspace/src/ainex_vision/install/setup.ps1'
[1.804s] INFO:colcon.colcon_core.shell:Creating prefix script '/home/hrs2025/Workspace/src/ainex_vision/install/local_setup.sh'
[1.804s] INFO:colcon.colcon_core.shell:Creating prefix util module '/home/hrs2025/Workspace/src/ainex_vision/install/_local_setup_util_sh.py'
[1.805s] INFO:colcon.colcon_core.shell:Creating prefix chain script '/home/hrs2025/Workspace/src/ainex_vision/install/setup.sh'
[1.806s] INFO:colcon.colcon_core.shell:Creating prefix script '/home/hrs2025/Workspace/src/ainex_vision/install/local_setup.bash'
[1.806s] INFO:colcon.colcon_core.shell:Creating prefix chain script '/home/hrs2025/Workspace/src/ainex_vision/install/setup.bash'
[1.807s] INFO:colcon.colcon_core.shell:Creating prefix script '/home/hrs2025/Workspace/src/ainex_vision/install/local_setup.zsh'
[1.807s] INFO:colcon.colcon_core.shell:Creating prefix chain script '/home/hrs2025/Workspace/src/ainex_vision/install/setup.zsh'
