[0.868s] Invoking command in '/home/hrs2025/Workspace/src/ainex_social_robot/build/ainex_social_robot': DEBUGINFOD_URLS=https://debuginfod.ubuntu.com PYTHONPATH=/home/hrs2025/Workspace/src/ainex_social_robot/build/ainex_social_robot/prefix_override:/usr/lib/python3/dist-packages/colcon_core/task/python/colcon_distutils_commands:/home/hrs2025/Workspace/src/ainex_social_robot/install/ainex_social_robot/lib/python3.12/site-packages:${PYTHONPATH} /usr/bin/python3 -W ignore:setup.py install is deprecated -W ignore:easy_install command is deprecated setup.py develop --editable --build-directory /home/hrs2025/Workspace/src/ainex_social_robot/build/ainex_social_robot/build --no-deps symlink_data
[1.218s] running develop
[1.499s] running egg_info
[1.499s] creating ainex_social_robot.egg-info
[1.524s] writing ainex_social_robot.egg-info/PKG-INFO
[1.524s] writing dependency_links to ainex_social_robot.egg-info/dependency_links.txt
[1.524s] writing entry points to ainex_social_robot.egg-info/entry_points.txt
[1.525s] writing requirements to ainex_social_robot.egg-info/requires.txt
[1.525s] writing top-level names to ainex_social_robot.egg-info/top_level.txt
[1.525s] writing manifest file 'ainex_social_robot.egg-info/SOURCES.txt'
[1.586s] reading manifest file 'ainex_social_robot.egg-info/SOURCES.txt'
[1.587s] writing manifest file 'ainex_social_robot.egg-info/SOURCES.txt'
[1.617s] running build_ext
[1.617s] Creating /home/hrs2025/Workspace/src/ainex_social_robot/install/ainex_social_robot/lib/python3.12/site-packages/ainex-social-robot.egg-link (link to .)
[1.618s] Installing wave_hand_node script to /home/hrs2025/Workspace/src/ainex_social_robot/install/ainex_social_robot/lib/ainex_social_robot
[1.618s] 
[1.618s] Installed /home/hrs2025/Workspace/src/ainex_social_robot/build/ainex_social_robot
[1.618s] running symlink_data
[1.619s] creating /home/hrs2025/Workspace/src/ainex_social_robot/install/ainex_social_robot/share/ament_index
[1.619s] creating /home/hrs2025/Workspace/src/ainex_social_robot/install/ainex_social_robot/share/ament_index/resource_index
[1.619s] creating /home/hrs2025/Workspace/src/ainex_social_robot/install/ainex_social_robot/share/ament_index/resource_index/packages
[1.619s] symbolically linking /home/hrs2025/Workspace/src/ainex_social_robot/build/ainex_social_robot/resource/ainex_social_robot -> /home/hrs2025/Workspace/src/ainex_social_robot/install/ainex_social_robot/share/ament_index/resource_index/packages
[1.619s] symbolically linking /home/hrs2025/Workspace/src/ainex_social_robot/build/ainex_social_robot/package.xml -> /home/hrs2025/Workspace/src/ainex_social_robot/install/ainex_social_robot/share/ainex_social_robot
[1.668s] Invoked command in '/home/hrs2025/Workspace/src/ainex_social_robot/build/ainex_social_robot' returned '0': DEBUGINFOD_URLS=https://debuginfod.ubuntu.com PYTHONPATH=/home/hrs2025/Workspace/src/ainex_social_robot/build/ainex_social_robot/prefix_override:/usr/lib/python3/dist-packages/colcon_core/task/python/colcon_distutils_commands:/home/hrs2025/Workspace/src/ainex_social_robot/install/ainex_social_robot/lib/python3.12/site-packages:${PYTHONPATH} /usr/bin/python3 -W ignore:setup.py install is deprecated -W ignore:easy_install command is deprecated setup.py develop --editable --build-directory /home/hrs2025/Workspace/src/ainex_social_robot/build/ainex_social_robot/build --no-deps symlink_data
