[0.104s] DEBUG:colcon:Command line arguments: ['/usr/bin/colcon', 'build', '--symlink-install']
[0.104s] DEBUG:colcon:Parsed command line arguments: Namespace(log_base=None, log_level=None, verb_name='build', build_base='build', install_base='install', merge_install=False, symlink_install=True, test_result_base=None, continue_on_error=False, executor='parallel', parallel_workers=8, event_handlers=None, ignore_user_meta=False, metas=['./colcon.meta'], base_paths=['.'], packages_ignore=None, packages_ignore_regex=None, paths=None, packages_up_to=None, packages_up_to_regex=None, packages_above=None, packages_above_and_dependencies=None, packages_above_depth=None, packages_select_by_dep=None, packages_skip_by_dep=None, packages_skip_up_to=None, packages_select_build_failed=False, packages_skip_build_finished=False, packages_select_test_failures=False, packages_skip_test_passed=False, packages_select=None, packages_skip=None, packages_select_regex=None, packages_skip_regex=None, packages_start=None, packages_end=None, allow_overriding=[], cmake_args=None, cmake_target=None, cmake_target_skip_unavailable=False, cmake_clean_cache=False, cmake_clean_first=False, cmake_force_configure=False, ament_cmake_args=None, catkin_cmake_args=None, catkin_skip_building_tests=False, mixin_files=None, mixin=None, verb_parser=<colcon_mixin.mixin.mixin_argument.MixinArgumentDecorator object at 0x7e79e1785e80>, verb_extension=<colcon_core.verb.build.BuildVerb object at 0x7e79e1785a60>, main=<bound method BuildVerb.main of <colcon_core.verb.build.BuildVerb object at 0x7e79e1785a60>>, mixin_verb=('build',))
[0.143s] Level 1:colcon.colcon_core.package_discovery:discover_packages(colcon_meta) check parameters
[0.144s] Level 1:colcon.colcon_core.package_discovery:discover_packages(recursive) check parameters
[0.144s] Level 1:colcon.colcon_core.package_discovery:discover_packages(ignore) check parameters
[0.144s] Level 1:colcon.colcon_core.package_discovery:discover_packages(path) check parameters
[0.144s] Level 1:colcon.colcon_core.package_discovery:discover_packages(colcon_meta) discover
[0.144s] Level 1:colcon.colcon_core.package_discovery:discover_packages(recursive) discover
[0.144s] INFO:colcon.colcon_core.package_discovery:Crawling recursively for packages in '/home/hrs2025/Workspace/src'
[0.144s] Level 1:colcon.colcon_core.package_identification:_identify(.) by extensions ['ignore', 'ignore_ament_install']
[0.144s] Level 1:colcon.colcon_core.package_identification:_identify(.) by extension 'ignore'
[0.144s] Level 1:colcon.colcon_core.package_identification:_identify(.) by extension 'ignore_ament_install'
[0.144s] Level 1:colcon.colcon_core.package_identification:_identify(.) by extensions ['colcon_pkg']
[0.144s] Level 1:colcon.colcon_core.package_identification:_identify(.) by extension 'colcon_pkg'
[0.144s] Level 1:colcon.colcon_core.package_identification:_identify(.) by extensions ['colcon_meta']
[0.144s] Level 1:colcon.colcon_core.package_identification:_identify(.) by extension 'colcon_meta'
[0.144s] Level 1:colcon.colcon_core.package_identification:_identify(.) by extensions ['ros']
[0.144s] Level 1:colcon.colcon_core.package_identification:_identify(.) by extension 'ros'
[0.167s] Level 1:colcon.colcon_core.package_identification:_identify(.) by extensions ['cmake', 'python']
[0.167s] Level 1:colcon.colcon_core.package_identification:_identify(.) by extension 'cmake'
[0.168s] Level 1:colcon.colcon_core.package_identification:_identify(.) by extension 'python'
[0.168s] Level 1:colcon.colcon_core.package_identification:_identify(.) by extensions ['python_setup_py']
[0.168s] Level 1:colcon.colcon_core.package_identification:_identify(.) by extension 'python_setup_py'
[0.168s] Level 1:colcon.colcon_core.package_identification:_identify(ainex_controller) by extensions ['ignore', 'ignore_ament_install']
[0.168s] Level 1:colcon.colcon_core.package_identification:_identify(ainex_controller) by extension 'ignore'
[0.168s] Level 1:colcon.colcon_core.package_identification:_identify(ainex_controller) by extension 'ignore_ament_install'
[0.168s] Level 1:colcon.colcon_core.package_identification:_identify(ainex_controller) by extensions ['colcon_pkg']
[0.168s] Level 1:colcon.colcon_core.package_identification:_identify(ainex_controller) by extension 'colcon_pkg'
[0.168s] Level 1:colcon.colcon_core.package_identification:_identify(ainex_controller) by extensions ['colcon_meta']
[0.168s] Level 1:colcon.colcon_core.package_identification:_identify(ainex_controller) by extension 'colcon_meta'
[0.168s] Level 1:colcon.colcon_core.package_identification:_identify(ainex_controller) by extensions ['ros']
[0.168s] Level 1:colcon.colcon_core.package_identification:_identify(ainex_controller) by extension 'ros'
[0.170s] DEBUG:colcon.colcon_core.package_identification:Package 'ainex_controller' with type 'ros.ament_python' and name 'ainex_controller'
[0.170s] Level 1:colcon.colcon_core.package_identification:_identify(ainex_description) by extensions ['ignore', 'ignore_ament_install']
[0.170s] Level 1:colcon.colcon_core.package_identification:_identify(ainex_description) by extension 'ignore'
[0.171s] Level 1:colcon.colcon_core.package_identification:_identify(ainex_description) by extension 'ignore_ament_install'
[0.171s] Level 1:colcon.colcon_core.package_identification:_identify(ainex_description) by extensions ['colcon_pkg']
[0.171s] Level 1:colcon.colcon_core.package_identification:_identify(ainex_description) by extension 'colcon_pkg'
[0.171s] Level 1:colcon.colcon_core.package_identification:_identify(ainex_description) by extensions ['colcon_meta']
[0.171s] Level 1:colcon.colcon_core.package_identification:_identify(ainex_description) by extension 'colcon_meta'
[0.171s] Level 1:colcon.colcon_core.package_identification:_identify(ainex_description) by extensions ['ros']
[0.171s] Level 1:colcon.colcon_core.package_identification:_identify(ainex_description) by extension 'ros'
[0.171s] DEBUG:colcon.colcon_core.package_identification:Package 'ainex_description' with type 'ros.ament_cmake' and name 'ainex_description'
[0.171s] Level 1:colcon.colcon_core.package_identification:_identify(ainex_motion) by extensions ['ignore', 'ignore_ament_install']
[0.171s] Level 1:colcon.colcon_core.package_identification:_identify(ainex_motion) by extension 'ignore'
[0.171s] Level 1:colcon.colcon_core.package_identification:_identify(ainex_motion) by extension 'ignore_ament_install'
[0.172s] Level 1:colcon.colcon_core.package_identification:_identify(ainex_motion) by extensions ['colcon_pkg']
[0.172s] Level 1:colcon.colcon_core.package_identification:_identify(ainex_motion) by extension 'colcon_pkg'
[0.172s] Level 1:colcon.colcon_core.package_identification:_identify(ainex_motion) by extensions ['colcon_meta']
[0.172s] Level 1:colcon.colcon_core.package_identification:_identify(ainex_motion) by extension 'colcon_meta'
[0.172s] Level 1:colcon.colcon_core.package_identification:_identify(ainex_motion) by extensions ['ros']
[0.172s] Level 1:colcon.colcon_core.package_identification:_identify(ainex_motion) by extension 'ros'
[0.172s] DEBUG:colcon.colcon_core.package_identification:Package 'ainex_motion' with type 'ros.ament_python' and name 'ainex_motion'
[0.172s] Level 1:colcon.colcon_core.package_identification:_identify(ainex_social_robot) by extensions ['ignore', 'ignore_ament_install']
[0.172s] Level 1:colcon.colcon_core.package_identification:_identify(ainex_social_robot) by extension 'ignore'
[0.172s] Level 1:colcon.colcon_core.package_identification:_identify(ainex_social_robot) by extension 'ignore_ament_install'
[0.172s] Level 1:colcon.colcon_core.package_identification:_identify(ainex_social_robot) by extensions ['colcon_pkg']
[0.172s] Level 1:colcon.colcon_core.package_identification:_identify(ainex_social_robot) by extension 'colcon_pkg'
[0.173s] Level 1:colcon.colcon_core.package_identification:_identify(ainex_social_robot) by extensions ['colcon_meta']
[0.173s] Level 1:colcon.colcon_core.package_identification:_identify(ainex_social_robot) by extension 'colcon_meta'
[0.173s] Level 1:colcon.colcon_core.package_identification:_identify(ainex_social_robot) by extensions ['ros']
[0.173s] Level 1:colcon.colcon_core.package_identification:_identify(ainex_social_robot) by extension 'ros'
[0.173s] DEBUG:colcon.colcon_core.package_identification:Package 'ainex_social_robot' with type 'ros.ament_python' and name 'ainex_social_robot'
[0.173s] Level 1:colcon.colcon_core.package_identification:_identify(ainex_vision) by extensions ['ignore', 'ignore_ament_install']
[0.173s] Level 1:colcon.colcon_core.package_identification:_identify(ainex_vision) by extension 'ignore'
[0.173s] Level 1:colcon.colcon_core.package_identification:_identify(ainex_vision) by extension 'ignore_ament_install'
[0.174s] Level 1:colcon.colcon_core.package_identification:_identify(ainex_vision) by extensions ['colcon_pkg']
[0.174s] Level 1:colcon.colcon_core.package_identification:_identify(ainex_vision) by extension 'colcon_pkg'
[0.174s] Level 1:colcon.colcon_core.package_identification:_identify(ainex_vision) by extensions ['colcon_meta']
[0.174s] Level 1:colcon.colcon_core.package_identification:_identify(ainex_vision) by extension 'colcon_meta'
[0.174s] Level 1:colcon.colcon_core.package_identification:_identify(ainex_vision) by extensions ['ros']
[0.174s] Level 1:colcon.colcon_core.package_identification:_identify(ainex_vision) by extension 'ros'
[0.174s] DEBUG:colcon.colcon_core.package_identification:Package 'ainex_vision' with type 'ros.ament_python' and name 'ainex_vision'
[0.174s] Level 1:colcon.colcon_core.package_identification:_identify(build) by extensions ['ignore', 'ignore_ament_install']
[0.174s] Level 1:colcon.colcon_core.package_identification:_identify(build) by extension 'ignore'
[0.174s] Level 1:colcon.colcon_core.package_identification:_identify(build) ignored
[0.174s] Level 1:colcon.colcon_core.package_identification:_identify(install) by extensions ['ignore', 'ignore_ament_install']
[0.174s] Level 1:colcon.colcon_core.package_identification:_identify(install) by extension 'ignore'
[0.175s] Level 1:colcon.colcon_core.package_identification:_identify(install) ignored
[0.175s] Level 1:colcon.colcon_core.package_identification:_identify(log) by extensions ['ignore', 'ignore_ament_install']
[0.175s] Level 1:colcon.colcon_core.package_identification:_identify(log) by extension 'ignore'
[0.175s] Level 1:colcon.colcon_core.package_identification:_identify(log) ignored
[0.175s] Level 1:colcon.colcon_core.package_identification:_identify(servo_service) by extensions ['ignore', 'ignore_ament_install']
[0.175s] Level 1:colcon.colcon_core.package_identification:_identify(servo_service) by extension 'ignore'
[0.175s] Level 1:colcon.colcon_core.package_identification:_identify(servo_service) by extension 'ignore_ament_install'
[0.175s] Level 1:colcon.colcon_core.package_identification:_identify(servo_service) by extensions ['colcon_pkg']
[0.175s] Level 1:colcon.colcon_core.package_identification:_identify(servo_service) by extension 'colcon_pkg'
[0.175s] Level 1:colcon.colcon_core.package_identification:_identify(servo_service) by extensions ['colcon_meta']
[0.175s] Level 1:colcon.colcon_core.package_identification:_identify(servo_service) by extension 'colcon_meta'
[0.175s] Level 1:colcon.colcon_core.package_identification:_identify(servo_service) by extensions ['ros']
[0.175s] Level 1:colcon.colcon_core.package_identification:_identify(servo_service) by extension 'ros'
[0.176s] DEBUG:colcon.colcon_core.package_identification:Package 'servo_service' with type 'ros.ament_cmake' and name 'servo_service'
[0.176s] Level 1:colcon.colcon_core.package_discovery:discover_packages(recursive) using defaults
[0.176s] Level 1:colcon.colcon_core.package_discovery:discover_packages(ignore) discover
[0.176s] Level 1:colcon.colcon_core.package_discovery:discover_packages(ignore) using defaults
[0.176s] Level 1:colcon.colcon_core.package_discovery:discover_packages(path) discover
[0.176s] Level 1:colcon.colcon_core.package_discovery:discover_packages(path) using defaults
[0.193s] Level 1:colcon.colcon_core.package_discovery:discover_packages(prefix_path) check parameters
[0.193s] Level 1:colcon.colcon_core.package_discovery:discover_packages(prefix_path) discover
[0.194s] WARNING:colcon.colcon_ros.prefix_path.ament:The path '/home/hrs2025/Workspace/src/install/ainex_controller' in the environment variable AMENT_PREFIX_PATH doesn't exist
[0.194s] WARNING:colcon.colcon_ros.prefix_path.ament:The path '/home/hrs2025/Workspace/src/install/ainex_social_robot' in the environment variable AMENT_PREFIX_PATH doesn't exist
[0.194s] WARNING:colcon.colcon_ros.prefix_path.ament:The path '/home/hrs2025/Workspace/src/install/ainex_motion' in the environment variable AMENT_PREFIX_PATH doesn't exist
[0.194s] WARNING:colcon.colcon_ros.prefix_path.ament:The path '/home/hrs2025/Workspace/src/install/servo_service' in the environment variable AMENT_PREFIX_PATH doesn't exist
[0.194s] WARNING:colcon.colcon_ros.prefix_path.ament:The path '/home/hrs2025/Workspace/src/install/ainex_vision' in the environment variable AMENT_PREFIX_PATH doesn't exist
[0.194s] WARNING:colcon.colcon_ros.prefix_path.ament:The path '/home/hrs2025/Workspace/src/install/ainex_description' in the environment variable AMENT_PREFIX_PATH doesn't exist
[0.194s] WARNING:colcon.colcon_ros.prefix_path.catkin:The path '/home/hrs2025/Workspace/src/install/servo_service' in the environment variable CMAKE_PREFIX_PATH doesn't exist
[0.194s] WARNING:colcon.colcon_ros.prefix_path.catkin:The path '/home/hrs2025/Workspace/src/install/ainex_description' in the environment variable CMAKE_PREFIX_PATH doesn't exist
[0.195s] DEBUG:colcon.colcon_installed_package_information.package_discovery:Found 0 installed packages in /home/hrs2025/Workspace/src/install
[0.197s] DEBUG:colcon.colcon_installed_package_information.package_discovery:Found 303 installed packages in /opt/ros/jazzy
[0.199s] Level 1:colcon.colcon_core.package_discovery:discover_packages(prefix_path) using defaults
[0.254s] Level 5:colcon.colcon_core.verb:set package 'ainex_description' build argument 'cmake_args' from command line to 'None'
[0.254s] Level 5:colcon.colcon_core.verb:set package 'ainex_description' build argument 'cmake_target' from command line to 'None'
[0.254s] Level 5:colcon.colcon_core.verb:set package 'ainex_description' build argument 'cmake_target_skip_unavailable' from command line to 'False'
[0.254s] Level 5:colcon.colcon_core.verb:set package 'ainex_description' build argument 'cmake_clean_cache' from command line to 'False'
[0.254s] Level 5:colcon.colcon_core.verb:set package 'ainex_description' build argument 'cmake_clean_first' from command line to 'False'
[0.254s] Level 5:colcon.colcon_core.verb:set package 'ainex_description' build argument 'cmake_force_configure' from command line to 'False'
[0.254s] Level 5:colcon.colcon_core.verb:set package 'ainex_description' build argument 'ament_cmake_args' from command line to 'None'
[0.254s] Level 5:colcon.colcon_core.verb:set package 'ainex_description' build argument 'catkin_cmake_args' from command line to 'None'
[0.254s] Level 5:colcon.colcon_core.verb:set package 'ainex_description' build argument 'catkin_skip_building_tests' from command line to 'False'
[0.254s] DEBUG:colcon.colcon_core.verb:Building package 'ainex_description' with the following arguments: {'ament_cmake_args': None, 'build_base': '/home/hrs2025/Workspace/src/build/ainex_description', 'catkin_cmake_args': None, 'catkin_skip_building_tests': False, 'cmake_args': None, 'cmake_clean_cache': False, 'cmake_clean_first': False, 'cmake_force_configure': False, 'cmake_target': None, 'cmake_target_skip_unavailable': False, 'install_base': '/home/hrs2025/Workspace/src/install/ainex_description', 'merge_install': False, 'path': '/home/hrs2025/Workspace/src/ainex_description', 'symlink_install': True, 'test_result_base': None}
[0.254s] Level 5:colcon.colcon_core.verb:set package 'ainex_vision' build argument 'cmake_args' from command line to 'None'
[0.254s] Level 5:colcon.colcon_core.verb:set package 'ainex_vision' build argument 'cmake_target' from command line to 'None'
[0.255s] Level 5:colcon.colcon_core.verb:set package 'ainex_vision' build argument 'cmake_target_skip_unavailable' from command line to 'False'
[0.255s] Level 5:colcon.colcon_core.verb:set package 'ainex_vision' build argument 'cmake_clean_cache' from command line to 'False'
[0.255s] Level 5:colcon.colcon_core.verb:set package 'ainex_vision' build argument 'cmake_clean_first' from command line to 'False'
[0.255s] Level 5:colcon.colcon_core.verb:set package 'ainex_vision' build argument 'cmake_force_configure' from command line to 'False'
[0.255s] Level 5:colcon.colcon_core.verb:set package 'ainex_vision' build argument 'ament_cmake_args' from command line to 'None'
[0.255s] Level 5:colcon.colcon_core.verb:set package 'ainex_vision' build argument 'catkin_cmake_args' from command line to 'None'
[0.255s] Level 5:colcon.colcon_core.verb:set package 'ainex_vision' build argument 'catkin_skip_building_tests' from command line to 'False'
[0.255s] DEBUG:colcon.colcon_core.verb:Building package 'ainex_vision' with the following arguments: {'ament_cmake_args': None, 'build_base': '/home/hrs2025/Workspace/src/build/ainex_vision', 'catkin_cmake_args': None, 'catkin_skip_building_tests': False, 'cmake_args': None, 'cmake_clean_cache': False, 'cmake_clean_first': False, 'cmake_force_configure': False, 'cmake_target': None, 'cmake_target_skip_unavailable': False, 'install_base': '/home/hrs2025/Workspace/src/install/ainex_vision', 'merge_install': False, 'path': '/home/hrs2025/Workspace/src/ainex_vision', 'symlink_install': True, 'test_result_base': None}
[0.255s] Level 5:colcon.colcon_core.verb:set package 'servo_service' build argument 'cmake_args' from command line to 'None'
[0.255s] Level 5:colcon.colcon_core.verb:set package 'servo_service' build argument 'cmake_target' from command line to 'None'
[0.255s] Level 5:colcon.colcon_core.verb:set package 'servo_service' build argument 'cmake_target_skip_unavailable' from command line to 'False'
[0.255s] Level 5:colcon.colcon_core.verb:set package 'servo_service' build argument 'cmake_clean_cache' from command line to 'False'
[0.255s] Level 5:colcon.colcon_core.verb:set package 'servo_service' build argument 'cmake_clean_first' from command line to 'False'
[0.255s] Level 5:colcon.colcon_core.verb:set package 'servo_service' build argument 'cmake_force_configure' from command line to 'False'
[0.255s] Level 5:colcon.colcon_core.verb:set package 'servo_service' build argument 'ament_cmake_args' from command line to 'None'
[0.255s] Level 5:colcon.colcon_core.verb:set package 'servo_service' build argument 'catkin_cmake_args' from command line to 'None'
[0.255s] Level 5:colcon.colcon_core.verb:set package 'servo_service' build argument 'catkin_skip_building_tests' from command line to 'False'
[0.255s] DEBUG:colcon.colcon_core.verb:Building package 'servo_service' with the following arguments: {'ament_cmake_args': None, 'build_base': '/home/hrs2025/Workspace/src/build/servo_service', 'catkin_cmake_args': None, 'catkin_skip_building_tests': False, 'cmake_args': None, 'cmake_clean_cache': False, 'cmake_clean_first': False, 'cmake_force_configure': False, 'cmake_target': None, 'cmake_target_skip_unavailable': False, 'install_base': '/home/hrs2025/Workspace/src/install/servo_service', 'merge_install': False, 'path': '/home/hrs2025/Workspace/src/servo_service', 'symlink_install': True, 'test_result_base': None}
[0.255s] Level 5:colcon.colcon_core.verb:set package 'ainex_motion' build argument 'cmake_args' from command line to 'None'
[0.255s] Level 5:colcon.colcon_core.verb:set package 'ainex_motion' build argument 'cmake_target' from command line to 'None'
[0.255s] Level 5:colcon.colcon_core.verb:set package 'ainex_motion' build argument 'cmake_target_skip_unavailable' from command line to 'False'
[0.255s] Level 5:colcon.colcon_core.verb:set package 'ainex_motion' build argument 'cmake_clean_cache' from command line to 'False'
[0.255s] Level 5:colcon.colcon_core.verb:set package 'ainex_motion' build argument 'cmake_clean_first' from command line to 'False'
[0.255s] Level 5:colcon.colcon_core.verb:set package 'ainex_motion' build argument 'cmake_force_configure' from command line to 'False'
[0.255s] Level 5:colcon.colcon_core.verb:set package 'ainex_motion' build argument 'ament_cmake_args' from command line to 'None'
[0.255s] Level 5:colcon.colcon_core.verb:set package 'ainex_motion' build argument 'catkin_cmake_args' from command line to 'None'
[0.256s] Level 5:colcon.colcon_core.verb:set package 'ainex_motion' build argument 'catkin_skip_building_tests' from command line to 'False'
[0.256s] DEBUG:colcon.colcon_core.verb:Building package 'ainex_motion' with the following arguments: {'ament_cmake_args': None, 'build_base': '/home/hrs2025/Workspace/src/build/ainex_motion', 'catkin_cmake_args': None, 'catkin_skip_building_tests': False, 'cmake_args': None, 'cmake_clean_cache': False, 'cmake_clean_first': False, 'cmake_force_configure': False, 'cmake_target': None, 'cmake_target_skip_unavailable': False, 'install_base': '/home/hrs2025/Workspace/src/install/ainex_motion', 'merge_install': False, 'path': '/home/hrs2025/Workspace/src/ainex_motion', 'symlink_install': True, 'test_result_base': None}
[0.256s] Level 5:colcon.colcon_core.verb:set package 'ainex_social_robot' build argument 'cmake_args' from command line to 'None'
[0.256s] Level 5:colcon.colcon_core.verb:set package 'ainex_social_robot' build argument 'cmake_target' from command line to 'None'
[0.256s] Level 5:colcon.colcon_core.verb:set package 'ainex_social_robot' build argument 'cmake_target_skip_unavailable' from command line to 'False'
[0.256s] Level 5:colcon.colcon_core.verb:set package 'ainex_social_robot' build argument 'cmake_clean_cache' from command line to 'False'
[0.256s] Level 5:colcon.colcon_core.verb:set package 'ainex_social_robot' build argument 'cmake_clean_first' from command line to 'False'
[0.256s] Level 5:colcon.colcon_core.verb:set package 'ainex_social_robot' build argument 'cmake_force_configure' from command line to 'False'
[0.256s] Level 5:colcon.colcon_core.verb:set package 'ainex_social_robot' build argument 'ament_cmake_args' from command line to 'None'
[0.256s] Level 5:colcon.colcon_core.verb:set package 'ainex_social_robot' build argument 'catkin_cmake_args' from command line to 'None'
[0.256s] Level 5:colcon.colcon_core.verb:set package 'ainex_social_robot' build argument 'catkin_skip_building_tests' from command line to 'False'
[0.256s] DEBUG:colcon.colcon_core.verb:Building package 'ainex_social_robot' with the following arguments: {'ament_cmake_args': None, 'build_base': '/home/hrs2025/Workspace/src/build/ainex_social_robot', 'catkin_cmake_args': None, 'catkin_skip_building_tests': False, 'cmake_args': None, 'cmake_clean_cache': False, 'cmake_clean_first': False, 'cmake_force_configure': False, 'cmake_target': None, 'cmake_target_skip_unavailable': False, 'install_base': '/home/hrs2025/Workspace/src/install/ainex_social_robot', 'merge_install': False, 'path': '/home/hrs2025/Workspace/src/ainex_social_robot', 'symlink_install': True, 'test_result_base': None}
[0.256s] Level 5:colcon.colcon_core.verb:set package 'ainex_controller' build argument 'cmake_args' from command line to 'None'
[0.256s] Level 5:colcon.colcon_core.verb:set package 'ainex_controller' build argument 'cmake_target' from command line to 'None'
[0.256s] Level 5:colcon.colcon_core.verb:set package 'ainex_controller' build argument 'cmake_target_skip_unavailable' from command line to 'False'
[0.256s] Level 5:colcon.colcon_core.verb:set package 'ainex_controller' build argument 'cmake_clean_cache' from command line to 'False'
[0.256s] Level 5:colcon.colcon_core.verb:set package 'ainex_controller' build argument 'cmake_clean_first' from command line to 'False'
[0.256s] Level 5:colcon.colcon_core.verb:set package 'ainex_controller' build argument 'cmake_force_configure' from command line to 'False'
[0.256s] Level 5:colcon.colcon_core.verb:set package 'ainex_controller' build argument 'ament_cmake_args' from command line to 'None'
[0.256s] Level 5:colcon.colcon_core.verb:set package 'ainex_controller' build argument 'catkin_cmake_args' from command line to 'None'
[0.256s] Level 5:colcon.colcon_core.verb:set package 'ainex_controller' build argument 'catkin_skip_building_tests' from command line to 'False'
[0.256s] DEBUG:colcon.colcon_core.verb:Building package 'ainex_controller' with the following arguments: {'ament_cmake_args': None, 'build_base': '/home/hrs2025/Workspace/src/build/ainex_controller', 'catkin_cmake_args': None, 'catkin_skip_building_tests': False, 'cmake_args': None, 'cmake_clean_cache': False, 'cmake_clean_first': False, 'cmake_force_configure': False, 'cmake_target': None, 'cmake_target_skip_unavailable': False, 'install_base': '/home/hrs2025/Workspace/src/install/ainex_controller', 'merge_install': False, 'path': '/home/hrs2025/Workspace/src/ainex_controller', 'symlink_install': True, 'test_result_base': None}
[0.256s] INFO:colcon.colcon_core.executor:Executing jobs using 'parallel' executor
[0.257s] DEBUG:colcon.colcon_parallel_executor.executor.parallel:run_until_complete
[0.258s] INFO:colcon.colcon_ros.task.ament_cmake.build:Building ROS package in '/home/hrs2025/Workspace/src/servo_service' with build type 'ament_cmake'
[0.258s] INFO:colcon.colcon_cmake.task.cmake.build:Building CMake package in '/home/hrs2025/Workspace/src/servo_service'
[0.260s] INFO:colcon.colcon_core.plugin_system:Skipping extension 'colcon_core.shell.bat': Not used on non-Windows systems
[0.260s] INFO:colcon.colcon_core.shell:Skip shell extension 'powershell' for command environment: Not usable outside of PowerShell
[0.260s] DEBUG:colcon.colcon_core.shell:Skip shell extension 'dsv' for command environment
[0.265s] INFO:colcon.colcon_ros.task.ament_python.build:Building ROS package in '/home/hrs2025/Workspace/src/ainex_vision' with build type 'ament_python'
[0.265s] Level 1:colcon.colcon_core.shell:create_environment_hook('ainex_vision', 'ament_prefix_path')
[0.266s] INFO:colcon.colcon_core.shell:Creating environment hook '/home/hrs2025/Workspace/src/install/ainex_vision/share/ainex_vision/hook/ament_prefix_path.ps1'
[0.267s] INFO:colcon.colcon_core.shell:Creating environment descriptor '/home/hrs2025/Workspace/src/install/ainex_vision/share/ainex_vision/hook/ament_prefix_path.dsv'
[0.267s] INFO:colcon.colcon_core.shell:Creating environment hook '/home/hrs2025/Workspace/src/install/ainex_vision/share/ainex_vision/hook/ament_prefix_path.sh'
[0.268s] INFO:colcon.colcon_core.shell:Skip shell extension 'powershell' for command environment: Not usable outside of PowerShell
[0.268s] DEBUG:colcon.colcon_core.shell:Skip shell extension 'dsv' for command environment
[0.270s] INFO:colcon.colcon_ros.task.ament_cmake.build:Building ROS package in '/home/hrs2025/Workspace/src/ainex_description' with build type 'ament_cmake'
[0.271s] INFO:colcon.colcon_cmake.task.cmake.build:Building CMake package in '/home/hrs2025/Workspace/src/ainex_description'
[0.271s] INFO:colcon.colcon_core.shell:Skip shell extension 'powershell' for command environment: Not usable outside of PowerShell
[0.271s] DEBUG:colcon.colcon_core.shell:Skip shell extension 'dsv' for command environment
[0.279s] DEBUG:colcon.colcon_core.event_handler.log_command:Invoking command in '/home/hrs2025/Workspace/src/build/servo_service': CMAKE_PREFIX_PATH=${CMAKE_PREFIX_PATH}:/home/hrs2025/Workspace/src/install/ainex_controller:/home/hrs2025/Workspace/src/install/ainex_social_robot:/home/hrs2025/Workspace/src/install/ainex_motion:/home/hrs2025/Workspace/src/install/ainex_vision:/opt/ros/jazzy DEBUGINFOD_URLS=https://debuginfod.ubuntu.com /usr/bin/cmake /home/hrs2025/Workspace/src/servo_service -DAMENT_CMAKE_SYMLINK_INSTALL=1 -DCMAKE_INSTALL_PREFIX=/home/hrs2025/Workspace/src/install/servo_service
[0.518s] INFO:colcon.colcon_core.task.python.build:Building Python package in '/home/hrs2025/Workspace/src/ainex_vision'
[0.519s] INFO:colcon.colcon_core.shell:Skip shell extension 'powershell' for command environment: Not usable outside of PowerShell
[0.519s] DEBUG:colcon.colcon_core.shell:Skip shell extension 'dsv' for command environment
[0.528s] DEBUG:colcon.colcon_core.event_handler.log_command:Invoking command in '/home/hrs2025/Workspace/src/build/ainex_description': CMAKE_PREFIX_PATH=${CMAKE_PREFIX_PATH}:/home/hrs2025/Workspace/src/install/ainex_controller:/home/hrs2025/Workspace/src/install/ainex_social_robot:/home/hrs2025/Workspace/src/install/ainex_motion:/home/hrs2025/Workspace/src/install/ainex_vision:/opt/ros/jazzy DEBUGINFOD_URLS=https://debuginfod.ubuntu.com /usr/bin/cmake /home/hrs2025/Workspace/src/ainex_description -DAMENT_CMAKE_SYMLINK_INSTALL=1 -DCMAKE_INSTALL_PREFIX=/home/hrs2025/Workspace/src/install/ainex_description
[1.358s] DEBUG:colcon.colcon_core.event_handler.log_command:Invoking command in '/home/hrs2025/Workspace/src/build/ainex_vision': DEBUGINFOD_URLS=https://debuginfod.ubuntu.com PYTHONPATH=/home/hrs2025/Workspace/src/build/ainex_vision/prefix_override:/usr/lib/python3/dist-packages/colcon_core/task/python/colcon_distutils_commands:/home/hrs2025/Workspace/src/install/ainex_vision/lib/python3.12/site-packages:${PYTHONPATH} /usr/bin/python3 -W ignore:setup.py install is deprecated -W ignore:easy_install command is deprecated setup.py develop --editable --build-directory /home/hrs2025/Workspace/src/build/ainex_vision/build --no-deps symlink_data
[1.414s] DEBUG:colcon.colcon_core.event_handler.log_command:Invoked command in '/home/hrs2025/Workspace/src/build/ainex_description' returned '0': CMAKE_PREFIX_PATH=${CMAKE_PREFIX_PATH}:/home/hrs2025/Workspace/src/install/ainex_controller:/home/hrs2025/Workspace/src/install/ainex_social_robot:/home/hrs2025/Workspace/src/install/ainex_motion:/home/hrs2025/Workspace/src/install/ainex_vision:/opt/ros/jazzy DEBUGINFOD_URLS=https://debuginfod.ubuntu.com /usr/bin/cmake /home/hrs2025/Workspace/src/ainex_description -DAMENT_CMAKE_SYMLINK_INSTALL=1 -DCMAKE_INSTALL_PREFIX=/home/hrs2025/Workspace/src/install/ainex_description
[1.416s] DEBUG:colcon.colcon_core.event_handler.log_command:Invoking command in '/home/hrs2025/Workspace/src/build/ainex_description': CMAKE_PREFIX_PATH=${CMAKE_PREFIX_PATH}:/home/hrs2025/Workspace/src/install/ainex_controller:/home/hrs2025/Workspace/src/install/ainex_social_robot:/home/hrs2025/Workspace/src/install/ainex_motion:/home/hrs2025/Workspace/src/install/ainex_vision:/opt/ros/jazzy DEBUGINFOD_URLS=https://debuginfod.ubuntu.com /usr/bin/cmake --build /home/hrs2025/Workspace/src/build/ainex_description -- -j8 -l8
[1.464s] DEBUG:colcon.colcon_core.event_handler.log_command:Invoked command in '/home/hrs2025/Workspace/src/build/ainex_description' returned '0': CMAKE_PREFIX_PATH=${CMAKE_PREFIX_PATH}:/home/hrs2025/Workspace/src/install/ainex_controller:/home/hrs2025/Workspace/src/install/ainex_social_robot:/home/hrs2025/Workspace/src/install/ainex_motion:/home/hrs2025/Workspace/src/install/ainex_vision:/opt/ros/jazzy DEBUGINFOD_URLS=https://debuginfod.ubuntu.com /usr/bin/cmake --build /home/hrs2025/Workspace/src/build/ainex_description -- -j8 -l8
[1.475s] DEBUG:colcon.colcon_core.event_handler.log_command:Invoking command in '/home/hrs2025/Workspace/src/build/ainex_description': CMAKE_PREFIX_PATH=${CMAKE_PREFIX_PATH}:/home/hrs2025/Workspace/src/install/ainex_controller:/home/hrs2025/Workspace/src/install/ainex_social_robot:/home/hrs2025/Workspace/src/install/ainex_motion:/home/hrs2025/Workspace/src/install/ainex_vision:/opt/ros/jazzy DEBUGINFOD_URLS=https://debuginfod.ubuntu.com /usr/bin/cmake --install /home/hrs2025/Workspace/src/build/ainex_description
[2.040s] Level 1:colcon.colcon_core.environment:create_environment_scripts_only(ainex_description)
[2.041s] DEBUG:colcon.colcon_core.event_handler.log_command:Invoked command in '/home/hrs2025/Workspace/src/build/ainex_description' returned '0': CMAKE_PREFIX_PATH=${CMAKE_PREFIX_PATH}:/home/hrs2025/Workspace/src/install/ainex_controller:/home/hrs2025/Workspace/src/install/ainex_social_robot:/home/hrs2025/Workspace/src/install/ainex_motion:/home/hrs2025/Workspace/src/install/ainex_vision:/opt/ros/jazzy DEBUGINFOD_URLS=https://debuginfod.ubuntu.com /usr/bin/cmake --install /home/hrs2025/Workspace/src/build/ainex_description
[2.044s] Level 1:colcon.colcon_core.environment:checking '/home/hrs2025/Workspace/src/install/ainex_description' for CMake module files
[2.045s] Level 1:colcon.colcon_core.environment:checking '/home/hrs2025/Workspace/src/install/ainex_description' for CMake config files
[2.045s] Level 1:colcon.colcon_core.shell:create_environment_hook('ainex_description', 'cmake_prefix_path')
[2.045s] INFO:colcon.colcon_core.shell:Creating environment hook '/home/hrs2025/Workspace/src/install/ainex_description/share/ainex_description/hook/cmake_prefix_path.ps1'
[2.045s] INFO:colcon.colcon_core.shell:Creating environment descriptor '/home/hrs2025/Workspace/src/install/ainex_description/share/ainex_description/hook/cmake_prefix_path.dsv'
[2.046s] INFO:colcon.colcon_core.shell:Creating environment hook '/home/hrs2025/Workspace/src/install/ainex_description/share/ainex_description/hook/cmake_prefix_path.sh'
[2.046s] Level 1:colcon.colcon_core.environment:checking '/home/hrs2025/Workspace/src/install/ainex_description/bin'
[2.046s] Level 1:colcon.colcon_core.environment:checking '/home/hrs2025/Workspace/src/install/ainex_description/lib/pkgconfig/ainex_description.pc'
[2.047s] Level 1:colcon.colcon_core.environment:checking '/home/hrs2025/Workspace/src/install/ainex_description/lib/python3.12/site-packages'
[2.047s] Level 1:colcon.colcon_core.environment:checking '/home/hrs2025/Workspace/src/install/ainex_description/bin'
[2.047s] INFO:colcon.colcon_core.shell:Creating package script '/home/hrs2025/Workspace/src/install/ainex_description/share/ainex_description/package.ps1'
[2.048s] INFO:colcon.colcon_core.shell:Creating package descriptor '/home/hrs2025/Workspace/src/install/ainex_description/share/ainex_description/package.dsv'
[2.048s] INFO:colcon.colcon_core.shell:Creating package script '/home/hrs2025/Workspace/src/install/ainex_description/share/ainex_description/package.sh'
[2.049s] INFO:colcon.colcon_core.shell:Creating package script '/home/hrs2025/Workspace/src/install/ainex_description/share/ainex_description/package.bash'
[2.049s] INFO:colcon.colcon_core.shell:Creating package script '/home/hrs2025/Workspace/src/install/ainex_description/share/ainex_description/package.zsh'
[2.050s] Level 1:colcon.colcon_core.environment:create_file_with_runtime_dependencies(/home/hrs2025/Workspace/src/install/ainex_description/share/colcon-core/packages/ainex_description)
[2.050s] Level 1:colcon.colcon_core.environment:create_environment_scripts_only(ainex_description)
[2.050s] Level 1:colcon.colcon_core.environment:checking '/home/hrs2025/Workspace/src/install/ainex_description' for CMake module files
[2.051s] Level 1:colcon.colcon_core.environment:checking '/home/hrs2025/Workspace/src/install/ainex_description' for CMake config files
[2.051s] Level 1:colcon.colcon_core.shell:create_environment_hook('ainex_description', 'cmake_prefix_path')
[2.051s] INFO:colcon.colcon_core.shell:Creating environment hook '/home/hrs2025/Workspace/src/install/ainex_description/share/ainex_description/hook/cmake_prefix_path.ps1'
[2.052s] INFO:colcon.colcon_core.shell:Creating environment descriptor '/home/hrs2025/Workspace/src/install/ainex_description/share/ainex_description/hook/cmake_prefix_path.dsv'
[2.052s] INFO:colcon.colcon_core.shell:Creating environment hook '/home/hrs2025/Workspace/src/install/ainex_description/share/ainex_description/hook/cmake_prefix_path.sh'
[2.053s] Level 1:colcon.colcon_core.environment:checking '/home/hrs2025/Workspace/src/install/ainex_description/bin'
[2.053s] Level 1:colcon.colcon_core.environment:checking '/home/hrs2025/Workspace/src/install/ainex_description/lib/pkgconfig/ainex_description.pc'
[2.053s] Level 1:colcon.colcon_core.environment:checking '/home/hrs2025/Workspace/src/install/ainex_description/lib/python3.12/site-packages'
[2.054s] Level 1:colcon.colcon_core.environment:checking '/home/hrs2025/Workspace/src/install/ainex_description/bin'
[2.054s] INFO:colcon.colcon_core.shell:Creating package script '/home/hrs2025/Workspace/src/install/ainex_description/share/ainex_description/package.ps1'
[2.055s] INFO:colcon.colcon_core.shell:Creating package descriptor '/home/hrs2025/Workspace/src/install/ainex_description/share/ainex_description/package.dsv'
[2.055s] INFO:colcon.colcon_core.shell:Creating package script '/home/hrs2025/Workspace/src/install/ainex_description/share/ainex_description/package.sh'
[2.056s] INFO:colcon.colcon_core.shell:Creating package script '/home/hrs2025/Workspace/src/install/ainex_description/share/ainex_description/package.bash'
[2.057s] INFO:colcon.colcon_core.shell:Creating package script '/home/hrs2025/Workspace/src/install/ainex_description/share/ainex_description/package.zsh'
[2.057s] Level 1:colcon.colcon_core.environment:create_file_with_runtime_dependencies(/home/hrs2025/Workspace/src/install/ainex_description/share/colcon-core/packages/ainex_description)
[2.356s] Level 1:colcon.colcon_core.shell:create_environment_hook('ainex_vision', 'pythonpath_develop')
[2.356s] INFO:colcon.colcon_core.shell:Creating environment hook '/home/hrs2025/Workspace/src/build/ainex_vision/share/ainex_vision/hook/pythonpath_develop.ps1'
[2.357s] DEBUG:colcon.colcon_core.event_handler.log_command:Invoked command in '/home/hrs2025/Workspace/src/build/ainex_vision' returned '0': DEBUGINFOD_URLS=https://debuginfod.ubuntu.com PYTHONPATH=/home/hrs2025/Workspace/src/build/ainex_vision/prefix_override:/usr/lib/python3/dist-packages/colcon_core/task/python/colcon_distutils_commands:/home/hrs2025/Workspace/src/install/ainex_vision/lib/python3.12/site-packages:${PYTHONPATH} /usr/bin/python3 -W ignore:setup.py install is deprecated -W ignore:easy_install command is deprecated setup.py develop --editable --build-directory /home/hrs2025/Workspace/src/build/ainex_vision/build --no-deps symlink_data
[2.358s] INFO:colcon.colcon_core.shell:Creating environment descriptor '/home/hrs2025/Workspace/src/build/ainex_vision/share/ainex_vision/hook/pythonpath_develop.dsv'
[2.358s] INFO:colcon.colcon_core.shell:Creating environment hook '/home/hrs2025/Workspace/src/build/ainex_vision/share/ainex_vision/hook/pythonpath_develop.sh'
[2.359s] Level 1:colcon.colcon_core.environment:checking '/home/hrs2025/Workspace/src/install/ainex_vision' for CMake module files
[2.359s] Level 1:colcon.colcon_core.environment:checking '/home/hrs2025/Workspace/src/install/ainex_vision' for CMake config files
[2.360s] Level 1:colcon.colcon_core.environment:checking '/home/hrs2025/Workspace/src/install/ainex_vision/lib'
[2.361s] Level 1:colcon.colcon_core.environment:checking '/home/hrs2025/Workspace/src/install/ainex_vision/bin'
[2.361s] Level 1:colcon.colcon_core.environment:checking '/home/hrs2025/Workspace/src/install/ainex_vision/lib/pkgconfig/ainex_vision.pc'
[2.361s] Level 1:colcon.colcon_core.environment:checking '/home/hrs2025/Workspace/src/install/ainex_vision/lib/python3.12/site-packages'
[2.361s] Level 1:colcon.colcon_core.shell:create_environment_hook('ainex_vision', 'pythonpath')
[2.362s] INFO:colcon.colcon_core.shell:Creating environment hook '/home/hrs2025/Workspace/src/install/ainex_vision/share/ainex_vision/hook/pythonpath.ps1'
[2.362s] INFO:colcon.colcon_core.shell:Creating environment descriptor '/home/hrs2025/Workspace/src/install/ainex_vision/share/ainex_vision/hook/pythonpath.dsv'
[2.363s] INFO:colcon.colcon_core.shell:Creating environment hook '/home/hrs2025/Workspace/src/install/ainex_vision/share/ainex_vision/hook/pythonpath.sh'
[2.363s] Level 1:colcon.colcon_core.environment:checking '/home/hrs2025/Workspace/src/install/ainex_vision/bin'
[2.363s] Level 1:colcon.colcon_core.environment:create_environment_scripts_only(ainex_vision)
[2.364s] INFO:colcon.colcon_core.shell:Creating package script '/home/hrs2025/Workspace/src/install/ainex_vision/share/ainex_vision/package.ps1'
[2.365s] INFO:colcon.colcon_core.shell:Creating package descriptor '/home/hrs2025/Workspace/src/install/ainex_vision/share/ainex_vision/package.dsv'
[2.365s] INFO:colcon.colcon_core.shell:Creating package script '/home/hrs2025/Workspace/src/install/ainex_vision/share/ainex_vision/package.sh'
[2.366s] INFO:colcon.colcon_core.shell:Creating package script '/home/hrs2025/Workspace/src/install/ainex_vision/share/ainex_vision/package.bash'
[2.366s] INFO:colcon.colcon_core.shell:Creating package script '/home/hrs2025/Workspace/src/install/ainex_vision/share/ainex_vision/package.zsh'
[2.367s] Level 1:colcon.colcon_core.environment:create_file_with_runtime_dependencies(/home/hrs2025/Workspace/src/install/ainex_vision/share/colcon-core/packages/ainex_vision)
[4.413s] DEBUG:colcon.colcon_core.event_handler.log_command:Invoked command in '/home/hrs2025/Workspace/src/build/servo_service' returned '0': CMAKE_PREFIX_PATH=${CMAKE_PREFIX_PATH}:/home/hrs2025/Workspace/src/install/ainex_controller:/home/hrs2025/Workspace/src/install/ainex_social_robot:/home/hrs2025/Workspace/src/install/ainex_motion:/home/hrs2025/Workspace/src/install/ainex_vision:/opt/ros/jazzy DEBUGINFOD_URLS=https://debuginfod.ubuntu.com /usr/bin/cmake /home/hrs2025/Workspace/src/servo_service -DAMENT_CMAKE_SYMLINK_INSTALL=1 -DCMAKE_INSTALL_PREFIX=/home/hrs2025/Workspace/src/install/servo_service
[4.414s] DEBUG:colcon.colcon_core.event_handler.log_command:Invoking command in '/home/hrs2025/Workspace/src/build/servo_service': CMAKE_PREFIX_PATH=${CMAKE_PREFIX_PATH}:/home/hrs2025/Workspace/src/install/ainex_controller:/home/hrs2025/Workspace/src/install/ainex_social_robot:/home/hrs2025/Workspace/src/install/ainex_motion:/home/hrs2025/Workspace/src/install/ainex_vision:/opt/ros/jazzy DEBUGINFOD_URLS=https://debuginfod.ubuntu.com /usr/bin/cmake --build /home/hrs2025/Workspace/src/build/servo_service -- -j8 -l8
[16.304s] DEBUG:colcon.colcon_core.event_handler.log_command:Invoked command in '/home/hrs2025/Workspace/src/build/servo_service' returned '0': CMAKE_PREFIX_PATH=${CMAKE_PREFIX_PATH}:/home/hrs2025/Workspace/src/install/ainex_controller:/home/hrs2025/Workspace/src/install/ainex_social_robot:/home/hrs2025/Workspace/src/install/ainex_motion:/home/hrs2025/Workspace/src/install/ainex_vision:/opt/ros/jazzy DEBUGINFOD_URLS=https://debuginfod.ubuntu.com /usr/bin/cmake --build /home/hrs2025/Workspace/src/build/servo_service -- -j8 -l8
[16.305s] DEBUG:colcon.colcon_core.event_handler.log_command:Invoking command in '/home/hrs2025/Workspace/src/build/servo_service': CMAKE_PREFIX_PATH=${CMAKE_PREFIX_PATH}:/home/hrs2025/Workspace/src/install/ainex_controller:/home/hrs2025/Workspace/src/install/ainex_social_robot:/home/hrs2025/Workspace/src/install/ainex_motion:/home/hrs2025/Workspace/src/install/ainex_vision:/opt/ros/jazzy DEBUGINFOD_URLS=https://debuginfod.ubuntu.com /usr/bin/cmake --install /home/hrs2025/Workspace/src/build/servo_service
[18.931s] Level 1:colcon.colcon_core.environment:create_environment_scripts_only(servo_service)
[18.932s] Level 1:colcon.colcon_core.environment:checking '/home/hrs2025/Workspace/src/install/servo_service' for CMake module files
[18.932s] DEBUG:colcon.colcon_core.event_handler.log_command:Invoked command in '/home/hrs2025/Workspace/src/build/servo_service' returned '0': CMAKE_PREFIX_PATH=${CMAKE_PREFIX_PATH}:/home/hrs2025/Workspace/src/install/ainex_controller:/home/hrs2025/Workspace/src/install/ainex_social_robot:/home/hrs2025/Workspace/src/install/ainex_motion:/home/hrs2025/Workspace/src/install/ainex_vision:/opt/ros/jazzy DEBUGINFOD_URLS=https://debuginfod.ubuntu.com /usr/bin/cmake --install /home/hrs2025/Workspace/src/build/servo_service
[18.933s] Level 1:colcon.colcon_core.environment:checking '/home/hrs2025/Workspace/src/install/servo_service' for CMake config files
[18.934s] Level 1:colcon.colcon_core.shell:create_environment_hook('servo_service', 'cmake_prefix_path')
[18.934s] INFO:colcon.colcon_core.shell:Creating environment hook '/home/hrs2025/Workspace/src/install/servo_service/share/servo_service/hook/cmake_prefix_path.ps1'
[18.934s] INFO:colcon.colcon_core.shell:Creating environment descriptor '/home/hrs2025/Workspace/src/install/servo_service/share/servo_service/hook/cmake_prefix_path.dsv'
[18.935s] INFO:colcon.colcon_core.shell:Creating environment hook '/home/hrs2025/Workspace/src/install/servo_service/share/servo_service/hook/cmake_prefix_path.sh'
[18.935s] Level 1:colcon.colcon_core.environment:checking '/home/hrs2025/Workspace/src/install/servo_service/lib'
[18.935s] Level 1:colcon.colcon_core.shell:create_environment_hook('servo_service', 'ld_library_path_lib')
[18.935s] INFO:colcon.colcon_core.shell:Creating environment hook '/home/hrs2025/Workspace/src/install/servo_service/share/servo_service/hook/ld_library_path_lib.ps1'
[18.936s] INFO:colcon.colcon_core.shell:Creating environment descriptor '/home/hrs2025/Workspace/src/install/servo_service/share/servo_service/hook/ld_library_path_lib.dsv'
[18.936s] INFO:colcon.colcon_core.shell:Creating environment hook '/home/hrs2025/Workspace/src/install/servo_service/share/servo_service/hook/ld_library_path_lib.sh'
[18.936s] Level 1:colcon.colcon_core.environment:checking '/home/hrs2025/Workspace/src/install/servo_service/bin'
[18.936s] Level 1:colcon.colcon_core.environment:checking '/home/hrs2025/Workspace/src/install/servo_service/lib/pkgconfig/servo_service.pc'
[18.937s] Level 1:colcon.colcon_core.environment:checking '/home/hrs2025/Workspace/src/install/servo_service/lib/python3.12/site-packages'
[18.937s] Level 1:colcon.colcon_core.shell:create_environment_hook('servo_service', 'pythonpath')
[18.937s] INFO:colcon.colcon_core.shell:Creating environment hook '/home/hrs2025/Workspace/src/install/servo_service/share/servo_service/hook/pythonpath.ps1'
[18.937s] INFO:colcon.colcon_core.shell:Creating environment descriptor '/home/hrs2025/Workspace/src/install/servo_service/share/servo_service/hook/pythonpath.dsv'
[18.937s] INFO:colcon.colcon_core.shell:Creating environment hook '/home/hrs2025/Workspace/src/install/servo_service/share/servo_service/hook/pythonpath.sh'
[18.938s] Level 1:colcon.colcon_core.environment:checking '/home/hrs2025/Workspace/src/install/servo_service/bin'
[18.938s] INFO:colcon.colcon_core.shell:Creating package script '/home/hrs2025/Workspace/src/install/servo_service/share/servo_service/package.ps1'
[18.939s] INFO:colcon.colcon_core.shell:Creating package descriptor '/home/hrs2025/Workspace/src/install/servo_service/share/servo_service/package.dsv'
[18.939s] INFO:colcon.colcon_core.shell:Creating package script '/home/hrs2025/Workspace/src/install/servo_service/share/servo_service/package.sh'
[18.939s] INFO:colcon.colcon_core.shell:Creating package script '/home/hrs2025/Workspace/src/install/servo_service/share/servo_service/package.bash'
[18.940s] INFO:colcon.colcon_core.shell:Creating package script '/home/hrs2025/Workspace/src/install/servo_service/share/servo_service/package.zsh'
[18.940s] Level 1:colcon.colcon_core.environment:create_file_with_runtime_dependencies(/home/hrs2025/Workspace/src/install/servo_service/share/colcon-core/packages/servo_service)
[18.941s] Level 1:colcon.colcon_core.environment:create_environment_scripts_only(servo_service)
[18.941s] Level 1:colcon.colcon_core.environment:checking '/home/hrs2025/Workspace/src/install/servo_service' for CMake module files
[18.941s] Level 1:colcon.colcon_core.environment:checking '/home/hrs2025/Workspace/src/install/servo_service' for CMake config files
[18.942s] Level 1:colcon.colcon_core.shell:create_environment_hook('servo_service', 'cmake_prefix_path')
[18.942s] INFO:colcon.colcon_core.shell:Creating environment hook '/home/hrs2025/Workspace/src/install/servo_service/share/servo_service/hook/cmake_prefix_path.ps1'
[18.943s] INFO:colcon.colcon_core.shell:Creating environment descriptor '/home/hrs2025/Workspace/src/install/servo_service/share/servo_service/hook/cmake_prefix_path.dsv'
[18.943s] INFO:colcon.colcon_core.shell:Creating environment hook '/home/hrs2025/Workspace/src/install/servo_service/share/servo_service/hook/cmake_prefix_path.sh'
[18.944s] Level 1:colcon.colcon_core.environment:checking '/home/hrs2025/Workspace/src/install/servo_service/lib'
[18.944s] Level 1:colcon.colcon_core.shell:create_environment_hook('servo_service', 'ld_library_path_lib')
[18.944s] INFO:colcon.colcon_core.shell:Creating environment hook '/home/hrs2025/Workspace/src/install/servo_service/share/servo_service/hook/ld_library_path_lib.ps1'
[18.944s] INFO:colcon.colcon_core.shell:Creating environment descriptor '/home/hrs2025/Workspace/src/install/servo_service/share/servo_service/hook/ld_library_path_lib.dsv'
[18.944s] INFO:colcon.colcon_core.shell:Creating environment hook '/home/hrs2025/Workspace/src/install/servo_service/share/servo_service/hook/ld_library_path_lib.sh'
[18.945s] Level 1:colcon.colcon_core.environment:checking '/home/hrs2025/Workspace/src/install/servo_service/bin'
[18.945s] Level 1:colcon.colcon_core.environment:checking '/home/hrs2025/Workspace/src/install/servo_service/lib/pkgconfig/servo_service.pc'
[18.945s] Level 1:colcon.colcon_core.environment:checking '/home/hrs2025/Workspace/src/install/servo_service/lib/python3.12/site-packages'
[18.945s] Level 1:colcon.colcon_core.shell:create_environment_hook('servo_service', 'pythonpath')
[18.946s] INFO:colcon.colcon_core.shell:Creating environment hook '/home/hrs2025/Workspace/src/install/servo_service/share/servo_service/hook/pythonpath.ps1'
[18.946s] INFO:colcon.colcon_core.shell:Creating environment descriptor '/home/hrs2025/Workspace/src/install/servo_service/share/servo_service/hook/pythonpath.dsv'
[18.946s] INFO:colcon.colcon_core.shell:Creating environment hook '/home/hrs2025/Workspace/src/install/servo_service/share/servo_service/hook/pythonpath.sh'
[18.947s] Level 1:colcon.colcon_core.environment:checking '/home/hrs2025/Workspace/src/install/servo_service/bin'
[18.948s] INFO:colcon.colcon_core.shell:Creating package script '/home/hrs2025/Workspace/src/install/servo_service/share/servo_service/package.ps1'
[18.948s] INFO:colcon.colcon_core.shell:Creating package descriptor '/home/hrs2025/Workspace/src/install/servo_service/share/servo_service/package.dsv'
[18.949s] INFO:colcon.colcon_core.shell:Creating package script '/home/hrs2025/Workspace/src/install/servo_service/share/servo_service/package.sh'
[18.950s] INFO:colcon.colcon_core.shell:Creating package script '/home/hrs2025/Workspace/src/install/servo_service/share/servo_service/package.bash'
[18.950s] INFO:colcon.colcon_core.shell:Creating package script '/home/hrs2025/Workspace/src/install/servo_service/share/servo_service/package.zsh'
[18.951s] Level 1:colcon.colcon_core.environment:create_file_with_runtime_dependencies(/home/hrs2025/Workspace/src/install/servo_service/share/colcon-core/packages/servo_service)
[18.951s] INFO:colcon.colcon_ros.task.ament_python.build:Building ROS package in '/home/hrs2025/Workspace/src/ainex_motion' with build type 'ament_python'
[18.951s] Level 1:colcon.colcon_core.shell:create_environment_hook('ainex_motion', 'ament_prefix_path')
[18.951s] INFO:colcon.colcon_core.shell:Creating environment hook '/home/hrs2025/Workspace/src/install/ainex_motion/share/ainex_motion/hook/ament_prefix_path.ps1'
[18.952s] INFO:colcon.colcon_core.shell:Creating environment descriptor '/home/hrs2025/Workspace/src/install/ainex_motion/share/ainex_motion/hook/ament_prefix_path.dsv'
[18.952s] INFO:colcon.colcon_core.shell:Creating environment hook '/home/hrs2025/Workspace/src/install/ainex_motion/share/ainex_motion/hook/ament_prefix_path.sh'
[18.953s] INFO:colcon.colcon_core.shell:Skip shell extension 'powershell' for command environment: Not usable outside of PowerShell
[18.953s] DEBUG:colcon.colcon_core.shell:Skip shell extension 'dsv' for command environment
[19.183s] INFO:colcon.colcon_core.task.python.build:Building Python package in '/home/hrs2025/Workspace/src/ainex_motion'
[19.183s] INFO:colcon.colcon_core.shell:Skip shell extension 'powershell' for command environment: Not usable outside of PowerShell
[19.183s] DEBUG:colcon.colcon_core.shell:Skip shell extension 'dsv' for command environment
[19.838s] DEBUG:colcon.colcon_core.event_handler.log_command:Invoking command in '/home/hrs2025/Workspace/src/build/ainex_motion': DEBUGINFOD_URLS=https://debuginfod.ubuntu.com PYTHONPATH=/home/hrs2025/Workspace/src/build/ainex_motion/prefix_override:/usr/lib/python3/dist-packages/colcon_core/task/python/colcon_distutils_commands:/home/hrs2025/Workspace/src/install/ainex_motion/lib/python3.12/site-packages:/home/hrs2025/Workspace/src/install/servo_service/lib/python3.12/site-packages:/home/hrs2025/Workspace/src/build/ainex_controller:/home/hrs2025/Workspace/src/install/ainex_controller/lib/python3.12/site-packages:/home/hrs2025/Workspace/src/build/ainex_social_robot:/home/hrs2025/Workspace/src/install/ainex_social_robot/lib/python3.12/site-packages:/home/hrs2025/Workspace/src/build/ainex_motion:/home/hrs2025/Workspace/src/install/ainex_motion/lib/python3.12/site-packages:/home/hrs2025/Workspace/src/build/ainex_vision:/home/hrs2025/Workspace/src/install/ainex_vision/lib/python3.12/site-packages:/opt/openrobots/lib/python3.12/site-packages:/opt/ros/jazzy/lib/python3.12/site-packages:/home/hrs2025/my_venv/lib/python3.12/site-packages /usr/bin/python3 -W ignore:setup.py install is deprecated -W ignore:easy_install command is deprecated setup.py develop --editable --build-directory /home/hrs2025/Workspace/src/build/ainex_motion/build --no-deps symlink_data
[20.596s] Level 1:colcon.colcon_core.shell:create_environment_hook('ainex_motion', 'pythonpath_develop')
[20.596s] INFO:colcon.colcon_core.shell:Creating environment hook '/home/hrs2025/Workspace/src/build/ainex_motion/share/ainex_motion/hook/pythonpath_develop.ps1'
[20.597s] DEBUG:colcon.colcon_core.event_handler.log_command:Invoked command in '/home/hrs2025/Workspace/src/build/ainex_motion' returned '0': DEBUGINFOD_URLS=https://debuginfod.ubuntu.com PYTHONPATH=/home/hrs2025/Workspace/src/build/ainex_motion/prefix_override:/usr/lib/python3/dist-packages/colcon_core/task/python/colcon_distutils_commands:/home/hrs2025/Workspace/src/install/ainex_motion/lib/python3.12/site-packages:/home/hrs2025/Workspace/src/install/servo_service/lib/python3.12/site-packages:/home/hrs2025/Workspace/src/build/ainex_controller:/home/hrs2025/Workspace/src/install/ainex_controller/lib/python3.12/site-packages:/home/hrs2025/Workspace/src/build/ainex_social_robot:/home/hrs2025/Workspace/src/install/ainex_social_robot/lib/python3.12/site-packages:/home/hrs2025/Workspace/src/build/ainex_motion:/home/hrs2025/Workspace/src/install/ainex_motion/lib/python3.12/site-packages:/home/hrs2025/Workspace/src/build/ainex_vision:/home/hrs2025/Workspace/src/install/ainex_vision/lib/python3.12/site-packages:/opt/openrobots/lib/python3.12/site-packages:/opt/ros/jazzy/lib/python3.12/site-packages:/home/hrs2025/my_venv/lib/python3.12/site-packages /usr/bin/python3 -W ignore:setup.py install is deprecated -W ignore:easy_install command is deprecated setup.py develop --editable --build-directory /home/hrs2025/Workspace/src/build/ainex_motion/build --no-deps symlink_data
[20.597s] INFO:colcon.colcon_core.shell:Creating environment descriptor '/home/hrs2025/Workspace/src/build/ainex_motion/share/ainex_motion/hook/pythonpath_develop.dsv'
[20.597s] INFO:colcon.colcon_core.shell:Creating environment hook '/home/hrs2025/Workspace/src/build/ainex_motion/share/ainex_motion/hook/pythonpath_develop.sh'
[20.598s] Level 1:colcon.colcon_core.environment:checking '/home/hrs2025/Workspace/src/install/ainex_motion' for CMake module files
[20.598s] Level 1:colcon.colcon_core.environment:checking '/home/hrs2025/Workspace/src/install/ainex_motion' for CMake config files
[20.599s] Level 1:colcon.colcon_core.environment:checking '/home/hrs2025/Workspace/src/install/ainex_motion/lib'
[20.599s] Level 1:colcon.colcon_core.environment:checking '/home/hrs2025/Workspace/src/install/ainex_motion/bin'
[20.599s] Level 1:colcon.colcon_core.environment:checking '/home/hrs2025/Workspace/src/install/ainex_motion/lib/pkgconfig/ainex_motion.pc'
[20.599s] Level 1:colcon.colcon_core.environment:checking '/home/hrs2025/Workspace/src/install/ainex_motion/lib/python3.12/site-packages'
[20.599s] Level 1:colcon.colcon_core.shell:create_environment_hook('ainex_motion', 'pythonpath')
[20.599s] INFO:colcon.colcon_core.shell:Creating environment hook '/home/hrs2025/Workspace/src/install/ainex_motion/share/ainex_motion/hook/pythonpath.ps1'
[20.600s] INFO:colcon.colcon_core.shell:Creating environment descriptor '/home/hrs2025/Workspace/src/install/ainex_motion/share/ainex_motion/hook/pythonpath.dsv'
[20.600s] INFO:colcon.colcon_core.shell:Creating environment hook '/home/hrs2025/Workspace/src/install/ainex_motion/share/ainex_motion/hook/pythonpath.sh'
[20.600s] Level 1:colcon.colcon_core.environment:checking '/home/hrs2025/Workspace/src/install/ainex_motion/bin'
[20.600s] Level 1:colcon.colcon_core.environment:create_environment_scripts_only(ainex_motion)
[20.601s] INFO:colcon.colcon_core.shell:Creating package script '/home/hrs2025/Workspace/src/install/ainex_motion/share/ainex_motion/package.ps1'
[20.601s] INFO:colcon.colcon_core.shell:Creating package descriptor '/home/hrs2025/Workspace/src/install/ainex_motion/share/ainex_motion/package.dsv'
[20.602s] INFO:colcon.colcon_core.shell:Creating package script '/home/hrs2025/Workspace/src/install/ainex_motion/share/ainex_motion/package.sh'
[20.602s] INFO:colcon.colcon_core.shell:Creating package script '/home/hrs2025/Workspace/src/install/ainex_motion/share/ainex_motion/package.bash'
[20.602s] INFO:colcon.colcon_core.shell:Creating package script '/home/hrs2025/Workspace/src/install/ainex_motion/share/ainex_motion/package.zsh'
[20.602s] Level 1:colcon.colcon_core.environment:create_file_with_runtime_dependencies(/home/hrs2025/Workspace/src/install/ainex_motion/share/colcon-core/packages/ainex_motion)
[20.603s] INFO:colcon.colcon_ros.task.ament_python.build:Building ROS package in '/home/hrs2025/Workspace/src/ainex_social_robot' with build type 'ament_python'
[20.603s] Level 1:colcon.colcon_core.shell:create_environment_hook('ainex_social_robot', 'ament_prefix_path')
[20.604s] INFO:colcon.colcon_core.shell:Creating environment hook '/home/hrs2025/Workspace/src/install/ainex_social_robot/share/ainex_social_robot/hook/ament_prefix_path.ps1'
[20.605s] INFO:colcon.colcon_core.shell:Creating environment descriptor '/home/hrs2025/Workspace/src/install/ainex_social_robot/share/ainex_social_robot/hook/ament_prefix_path.dsv'
[20.605s] INFO:colcon.colcon_core.shell:Creating environment hook '/home/hrs2025/Workspace/src/install/ainex_social_robot/share/ainex_social_robot/hook/ament_prefix_path.sh'
[20.606s] INFO:colcon.colcon_core.shell:Skip shell extension 'powershell' for command environment: Not usable outside of PowerShell
[20.606s] DEBUG:colcon.colcon_core.shell:Skip shell extension 'dsv' for command environment
[20.910s] INFO:colcon.colcon_core.task.python.build:Building Python package in '/home/hrs2025/Workspace/src/ainex_social_robot'
[20.910s] INFO:colcon.colcon_core.shell:Skip shell extension 'powershell' for command environment: Not usable outside of PowerShell
[20.910s] DEBUG:colcon.colcon_core.shell:Skip shell extension 'dsv' for command environment
[21.715s] DEBUG:colcon.colcon_core.event_handler.log_command:Invoking command in '/home/hrs2025/Workspace/src/build/ainex_social_robot': AMENT_PREFIX_PATH=/home/hrs2025/Workspace/src/install/ainex_motion:/home/hrs2025/Workspace/src/install/ainex_vision:/home/hrs2025/Workspace/src/install/ainex_controller:/home/hrs2025/Workspace/src/install/ainex_social_robot:/home/hrs2025/Workspace/src/install/servo_service:/home/hrs2025/Workspace/src/install/ainex_description:/opt/ros/jazzy DEBUGINFOD_URLS=https://debuginfod.ubuntu.com PYTHONPATH=/home/hrs2025/Workspace/src/build/ainex_social_robot/prefix_override:/usr/lib/python3/dist-packages/colcon_core/task/python/colcon_distutils_commands:/home/hrs2025/Workspace/src/install/ainex_social_robot/lib/python3.12/site-packages:/home/hrs2025/Workspace/src/build/ainex_motion:/home/hrs2025/Workspace/src/install/ainex_motion/lib/python3.12/site-packages:/home/hrs2025/Workspace/src/install/servo_service/lib/python3.12/site-packages:/home/hrs2025/Workspace/src/build/ainex_vision:/home/hrs2025/Workspace/src/install/ainex_vision/lib/python3.12/site-packages:/home/hrs2025/Workspace/src/build/ainex_controller:/home/hrs2025/Workspace/src/install/ainex_controller/lib/python3.12/site-packages:/home/hrs2025/Workspace/src/build/ainex_social_robot:/home/hrs2025/Workspace/src/install/ainex_social_robot/lib/python3.12/site-packages:/opt/openrobots/lib/python3.12/site-packages:/opt/ros/jazzy/lib/python3.12/site-packages:/home/hrs2025/my_venv/lib/python3.12/site-packages /usr/bin/python3 -W ignore:setup.py install is deprecated -W ignore:easy_install command is deprecated setup.py develop --editable --build-directory /home/hrs2025/Workspace/src/build/ainex_social_robot/build --no-deps symlink_data
[22.469s] Level 1:colcon.colcon_core.shell:create_environment_hook('ainex_social_robot', 'pythonpath_develop')
[22.470s] INFO:colcon.colcon_core.shell:Creating environment hook '/home/hrs2025/Workspace/src/build/ainex_social_robot/share/ainex_social_robot/hook/pythonpath_develop.ps1'
[22.470s] DEBUG:colcon.colcon_core.event_handler.log_command:Invoked command in '/home/hrs2025/Workspace/src/build/ainex_social_robot' returned '0': AMENT_PREFIX_PATH=/home/hrs2025/Workspace/src/install/ainex_motion:/home/hrs2025/Workspace/src/install/ainex_vision:/home/hrs2025/Workspace/src/install/ainex_controller:/home/hrs2025/Workspace/src/install/ainex_social_robot:/home/hrs2025/Workspace/src/install/servo_service:/home/hrs2025/Workspace/src/install/ainex_description:/opt/ros/jazzy DEBUGINFOD_URLS=https://debuginfod.ubuntu.com PYTHONPATH=/home/hrs2025/Workspace/src/build/ainex_social_robot/prefix_override:/usr/lib/python3/dist-packages/colcon_core/task/python/colcon_distutils_commands:/home/hrs2025/Workspace/src/install/ainex_social_robot/lib/python3.12/site-packages:/home/hrs2025/Workspace/src/build/ainex_motion:/home/hrs2025/Workspace/src/install/ainex_motion/lib/python3.12/site-packages:/home/hrs2025/Workspace/src/install/servo_service/lib/python3.12/site-packages:/home/hrs2025/Workspace/src/build/ainex_vision:/home/hrs2025/Workspace/src/install/ainex_vision/lib/python3.12/site-packages:/home/hrs2025/Workspace/src/build/ainex_controller:/home/hrs2025/Workspace/src/install/ainex_controller/lib/python3.12/site-packages:/home/hrs2025/Workspace/src/build/ainex_social_robot:/home/hrs2025/Workspace/src/install/ainex_social_robot/lib/python3.12/site-packages:/opt/openrobots/lib/python3.12/site-packages:/opt/ros/jazzy/lib/python3.12/site-packages:/home/hrs2025/my_venv/lib/python3.12/site-packages /usr/bin/python3 -W ignore:setup.py install is deprecated -W ignore:easy_install command is deprecated setup.py develop --editable --build-directory /home/hrs2025/Workspace/src/build/ainex_social_robot/build --no-deps symlink_data
[22.471s] INFO:colcon.colcon_core.shell:Creating environment descriptor '/home/hrs2025/Workspace/src/build/ainex_social_robot/share/ainex_social_robot/hook/pythonpath_develop.dsv'
[22.471s] INFO:colcon.colcon_core.shell:Creating environment hook '/home/hrs2025/Workspace/src/build/ainex_social_robot/share/ainex_social_robot/hook/pythonpath_develop.sh'
[22.471s] Level 1:colcon.colcon_core.environment:checking '/home/hrs2025/Workspace/src/install/ainex_social_robot' for CMake module files
[22.472s] Level 1:colcon.colcon_core.environment:checking '/home/hrs2025/Workspace/src/install/ainex_social_robot' for CMake config files
[22.472s] Level 1:colcon.colcon_core.environment:checking '/home/hrs2025/Workspace/src/install/ainex_social_robot/lib'
[22.472s] Level 1:colcon.colcon_core.environment:checking '/home/hrs2025/Workspace/src/install/ainex_social_robot/bin'
[22.472s] Level 1:colcon.colcon_core.environment:checking '/home/hrs2025/Workspace/src/install/ainex_social_robot/lib/pkgconfig/ainex_social_robot.pc'
[22.473s] Level 1:colcon.colcon_core.environment:checking '/home/hrs2025/Workspace/src/install/ainex_social_robot/lib/python3.12/site-packages'
[22.473s] Level 1:colcon.colcon_core.shell:create_environment_hook('ainex_social_robot', 'pythonpath')
[22.473s] INFO:colcon.colcon_core.shell:Creating environment hook '/home/hrs2025/Workspace/src/install/ainex_social_robot/share/ainex_social_robot/hook/pythonpath.ps1'
[22.473s] INFO:colcon.colcon_core.shell:Creating environment descriptor '/home/hrs2025/Workspace/src/install/ainex_social_robot/share/ainex_social_robot/hook/pythonpath.dsv'
[22.474s] INFO:colcon.colcon_core.shell:Creating environment hook '/home/hrs2025/Workspace/src/install/ainex_social_robot/share/ainex_social_robot/hook/pythonpath.sh'
[22.474s] Level 1:colcon.colcon_core.environment:checking '/home/hrs2025/Workspace/src/install/ainex_social_robot/bin'
[22.474s] Level 1:colcon.colcon_core.environment:create_environment_scripts_only(ainex_social_robot)
[22.475s] INFO:colcon.colcon_core.shell:Creating package script '/home/hrs2025/Workspace/src/install/ainex_social_robot/share/ainex_social_robot/package.ps1'
[22.475s] INFO:colcon.colcon_core.shell:Creating package descriptor '/home/hrs2025/Workspace/src/install/ainex_social_robot/share/ainex_social_robot/package.dsv'
[22.475s] INFO:colcon.colcon_core.shell:Creating package script '/home/hrs2025/Workspace/src/install/ainex_social_robot/share/ainex_social_robot/package.sh'
[22.476s] INFO:colcon.colcon_core.shell:Creating package script '/home/hrs2025/Workspace/src/install/ainex_social_robot/share/ainex_social_robot/package.bash'
[22.476s] INFO:colcon.colcon_core.shell:Creating package script '/home/hrs2025/Workspace/src/install/ainex_social_robot/share/ainex_social_robot/package.zsh'
[22.477s] Level 1:colcon.colcon_core.environment:create_file_with_runtime_dependencies(/home/hrs2025/Workspace/src/install/ainex_social_robot/share/colcon-core/packages/ainex_social_robot)
[22.477s] INFO:colcon.colcon_ros.task.ament_python.build:Building ROS package in '/home/hrs2025/Workspace/src/ainex_controller' with build type 'ament_python'
[22.477s] Level 1:colcon.colcon_core.shell:create_environment_hook('ainex_controller', 'ament_prefix_path')
[22.477s] INFO:colcon.colcon_core.shell:Creating environment hook '/home/hrs2025/Workspace/src/install/ainex_controller/share/ainex_controller/hook/ament_prefix_path.ps1'
[22.478s] INFO:colcon.colcon_core.shell:Creating environment descriptor '/home/hrs2025/Workspace/src/install/ainex_controller/share/ainex_controller/hook/ament_prefix_path.dsv'
[22.479s] INFO:colcon.colcon_core.shell:Creating environment hook '/home/hrs2025/Workspace/src/install/ainex_controller/share/ainex_controller/hook/ament_prefix_path.sh'
[22.479s] INFO:colcon.colcon_core.shell:Skip shell extension 'powershell' for command environment: Not usable outside of PowerShell
[22.479s] DEBUG:colcon.colcon_core.shell:Skip shell extension 'dsv' for command environment
[22.778s] INFO:colcon.colcon_core.task.python.build:Building Python package in '/home/hrs2025/Workspace/src/ainex_controller'
[22.778s] INFO:colcon.colcon_core.shell:Skip shell extension 'powershell' for command environment: Not usable outside of PowerShell
[22.778s] DEBUG:colcon.colcon_core.shell:Skip shell extension 'dsv' for command environment
[23.530s] DEBUG:colcon.colcon_core.event_handler.log_command:Invoking command in '/home/hrs2025/Workspace/src/build/ainex_controller': AMENT_PREFIX_PATH=/home/hrs2025/Workspace/src/install/ainex_social_robot:/home/hrs2025/Workspace/src/install/ainex_motion:/home/hrs2025/Workspace/src/install/ainex_vision:/home/hrs2025/Workspace/src/install/ainex_controller:/home/hrs2025/Workspace/src/install/servo_service:/home/hrs2025/Workspace/src/install/ainex_description:/opt/ros/jazzy DEBUGINFOD_URLS=https://debuginfod.ubuntu.com PYTHONPATH=/home/hrs2025/Workspace/src/build/ainex_controller/prefix_override:/usr/lib/python3/dist-packages/colcon_core/task/python/colcon_distutils_commands:/home/hrs2025/Workspace/src/install/ainex_controller/lib/python3.12/site-packages:/home/hrs2025/Workspace/src/build/ainex_social_robot:/home/hrs2025/Workspace/src/install/ainex_social_robot/lib/python3.12/site-packages:/home/hrs2025/Workspace/src/build/ainex_motion:/home/hrs2025/Workspace/src/install/ainex_motion/lib/python3.12/site-packages:/home/hrs2025/Workspace/src/install/servo_service/lib/python3.12/site-packages:/home/hrs2025/Workspace/src/build/ainex_vision:/home/hrs2025/Workspace/src/install/ainex_vision/lib/python3.12/site-packages:/home/hrs2025/Workspace/src/build/ainex_controller:/home/hrs2025/Workspace/src/install/ainex_controller/lib/python3.12/site-packages:/opt/openrobots/lib/python3.12/site-packages:/opt/ros/jazzy/lib/python3.12/site-packages:/home/hrs2025/my_venv/lib/python3.12/site-packages /usr/bin/python3 -W ignore:setup.py install is deprecated -W ignore:easy_install command is deprecated setup.py develop --editable --build-directory /home/hrs2025/Workspace/src/build/ainex_controller/build --no-deps symlink_data
[24.350s] Level 1:colcon.colcon_core.shell:create_environment_hook('ainex_controller', 'pythonpath_develop')
[24.350s] INFO:colcon.colcon_core.shell:Creating environment hook '/home/hrs2025/Workspace/src/build/ainex_controller/share/ainex_controller/hook/pythonpath_develop.ps1'
[24.351s] DEBUG:colcon.colcon_core.event_handler.log_command:Invoked command in '/home/hrs2025/Workspace/src/build/ainex_controller' returned '0': AMENT_PREFIX_PATH=/home/hrs2025/Workspace/src/install/ainex_social_robot:/home/hrs2025/Workspace/src/install/ainex_motion:/home/hrs2025/Workspace/src/install/ainex_vision:/home/hrs2025/Workspace/src/install/ainex_controller:/home/hrs2025/Workspace/src/install/servo_service:/home/hrs2025/Workspace/src/install/ainex_description:/opt/ros/jazzy DEBUGINFOD_URLS=https://debuginfod.ubuntu.com PYTHONPATH=/home/hrs2025/Workspace/src/build/ainex_controller/prefix_override:/usr/lib/python3/dist-packages/colcon_core/task/python/colcon_distutils_commands:/home/hrs2025/Workspace/src/install/ainex_controller/lib/python3.12/site-packages:/home/hrs2025/Workspace/src/build/ainex_social_robot:/home/hrs2025/Workspace/src/install/ainex_social_robot/lib/python3.12/site-packages:/home/hrs2025/Workspace/src/build/ainex_motion:/home/hrs2025/Workspace/src/install/ainex_motion/lib/python3.12/site-packages:/home/hrs2025/Workspace/src/install/servo_service/lib/python3.12/site-packages:/home/hrs2025/Workspace/src/build/ainex_vision:/home/hrs2025/Workspace/src/install/ainex_vision/lib/python3.12/site-packages:/home/hrs2025/Workspace/src/build/ainex_controller:/home/hrs2025/Workspace/src/install/ainex_controller/lib/python3.12/site-packages:/opt/openrobots/lib/python3.12/site-packages:/opt/ros/jazzy/lib/python3.12/site-packages:/home/hrs2025/my_venv/lib/python3.12/site-packages /usr/bin/python3 -W ignore:setup.py install is deprecated -W ignore:easy_install command is deprecated setup.py develop --editable --build-directory /home/hrs2025/Workspace/src/build/ainex_controller/build --no-deps symlink_data
[24.351s] INFO:colcon.colcon_core.shell:Creating environment descriptor '/home/hrs2025/Workspace/src/build/ainex_controller/share/ainex_controller/hook/pythonpath_develop.dsv'
[24.351s] INFO:colcon.colcon_core.shell:Creating environment hook '/home/hrs2025/Workspace/src/build/ainex_controller/share/ainex_controller/hook/pythonpath_develop.sh'
[24.351s] Level 1:colcon.colcon_core.environment:checking '/home/hrs2025/Workspace/src/install/ainex_controller' for CMake module files
[24.352s] Level 1:colcon.colcon_core.environment:checking '/home/hrs2025/Workspace/src/install/ainex_controller' for CMake config files
[24.352s] Level 1:colcon.colcon_core.environment:checking '/home/hrs2025/Workspace/src/install/ainex_controller/lib'
[24.352s] Level 1:colcon.colcon_core.environment:checking '/home/hrs2025/Workspace/src/install/ainex_controller/bin'
[24.352s] Level 1:colcon.colcon_core.environment:checking '/home/hrs2025/Workspace/src/install/ainex_controller/lib/pkgconfig/ainex_controller.pc'
[24.353s] Level 1:colcon.colcon_core.environment:checking '/home/hrs2025/Workspace/src/install/ainex_controller/lib/python3.12/site-packages'
[24.353s] Level 1:colcon.colcon_core.shell:create_environment_hook('ainex_controller', 'pythonpath')
[24.353s] INFO:colcon.colcon_core.shell:Creating environment hook '/home/hrs2025/Workspace/src/install/ainex_controller/share/ainex_controller/hook/pythonpath.ps1'
[24.353s] INFO:colcon.colcon_core.shell:Creating environment descriptor '/home/hrs2025/Workspace/src/install/ainex_controller/share/ainex_controller/hook/pythonpath.dsv'
[24.354s] INFO:colcon.colcon_core.shell:Creating environment hook '/home/hrs2025/Workspace/src/install/ainex_controller/share/ainex_controller/hook/pythonpath.sh'
[24.354s] Level 1:colcon.colcon_core.environment:checking '/home/hrs2025/Workspace/src/install/ainex_controller/bin'
[24.354s] Level 1:colcon.colcon_core.environment:create_environment_scripts_only(ainex_controller)
[24.354s] INFO:colcon.colcon_core.shell:Creating package script '/home/hrs2025/Workspace/src/install/ainex_controller/share/ainex_controller/package.ps1'
[24.355s] INFO:colcon.colcon_core.shell:Creating package descriptor '/home/hrs2025/Workspace/src/install/ainex_controller/share/ainex_controller/package.dsv'
[24.355s] INFO:colcon.colcon_core.shell:Creating package script '/home/hrs2025/Workspace/src/install/ainex_controller/share/ainex_controller/package.sh'
[24.356s] INFO:colcon.colcon_core.shell:Creating package script '/home/hrs2025/Workspace/src/install/ainex_controller/share/ainex_controller/package.bash'
[24.356s] INFO:colcon.colcon_core.shell:Creating package script '/home/hrs2025/Workspace/src/install/ainex_controller/share/ainex_controller/package.zsh'
[24.356s] Level 1:colcon.colcon_core.environment:create_file_with_runtime_dependencies(/home/hrs2025/Workspace/src/install/ainex_controller/share/colcon-core/packages/ainex_controller)
[24.357s] DEBUG:colcon.colcon_parallel_executor.executor.parallel:closing loop
[24.357s] DEBUG:colcon.colcon_parallel_executor.executor.parallel:loop closed
[24.357s] DEBUG:colcon.colcon_parallel_executor.executor.parallel:run_until_complete finished with '0'
[24.357s] DEBUG:colcon.colcon_core.event_reactor:joining thread
[24.364s] INFO:colcon.colcon_core.plugin_system:Skipping extension 'colcon_notification.desktop_notification.terminal_notifier': Not used on non-Darwin systems
[24.364s] INFO:colcon.colcon_core.plugin_system:Skipping extension 'colcon_notification.desktop_notification.win32': Not used on non-Windows systems
[24.365s] INFO:colcon.colcon_notification.desktop_notification:Sending desktop notification using 'notify2'
[24.383s] DEBUG:colcon.colcon_core.event_reactor:joined thread
[24.383s] INFO:colcon.colcon_core.shell:Creating prefix script '/home/hrs2025/Workspace/src/install/local_setup.ps1'
[24.384s] INFO:colcon.colcon_core.shell:Creating prefix util module '/home/hrs2025/Workspace/src/install/_local_setup_util_ps1.py'
[24.385s] INFO:colcon.colcon_core.shell:Creating prefix chain script '/home/hrs2025/Workspace/src/install/setup.ps1'
[24.387s] INFO:colcon.colcon_core.shell:Creating prefix script '/home/hrs2025/Workspace/src/install/local_setup.sh'
[24.387s] INFO:colcon.colcon_core.shell:Creating prefix util module '/home/hrs2025/Workspace/src/install/_local_setup_util_sh.py'
[24.388s] INFO:colcon.colcon_core.shell:Creating prefix chain script '/home/hrs2025/Workspace/src/install/setup.sh'
[24.390s] INFO:colcon.colcon_core.shell:Creating prefix script '/home/hrs2025/Workspace/src/install/local_setup.bash'
[24.391s] INFO:colcon.colcon_core.shell:Creating prefix chain script '/home/hrs2025/Workspace/src/install/setup.bash'
[24.393s] INFO:colcon.colcon_core.shell:Creating prefix script '/home/hrs2025/Workspace/src/install/local_setup.zsh'
[24.394s] INFO:colcon.colcon_core.shell:Creating prefix chain script '/home/hrs2025/Workspace/src/install/setup.zsh'
