[0.865s] Invoking command in '/home/hrs2025/20260121/build/ainex_motion': AMENT_PREFIX_PATH=/home/hrs2025/20260121/install/servo_service:${AMENT_PREFIX_PATH} CMAKE_PREFIX_PATH=/home/hrs2025/20260121/install/servo_service:${CMAKE_PREFIX_PATH} DEBUGINFOD_URLS=https://debuginfod.ubuntu.com LD_LIBRARY_PATH=/home/hrs2025/20260121/install/servo_service/lib:${LD_LIBRARY_PATH} PYTHONPATH=/home/hrs2025/20260121/build/ainex_motion/prefix_override:/usr/lib/python3/dist-packages/colcon_core/task/python/colcon_distutils_commands:/home/hrs2025/20260121/install/ainex_motion/lib/python3.12/site-packages:/home/hrs2025/20260121/install/servo_service/lib/python3.12/site-packages:${PYTHONPATH} /usr/bin/python3 -W ignore:setup.py install is deprecated -W ignore:easy_install command is deprecated setup.py develop --editable --build-directory /home/hrs2025/20260121/build/ainex_motion/build --no-deps symlink_data
[1.215s] running develop
[1.454s] running egg_info
[1.454s] creating ainex_motion.egg-info
[1.476s] writing ainex_motion.egg-info/PKG-INFO
[1.476s] writing dependency_links to ainex_motion.egg-info/dependency_links.txt
[1.477s] writing entry points to ainex_motion.egg-info/entry_points.txt
[1.477s] writing requirements to ainex_motion.egg-info/requires.txt
[1.477s] writing top-level names to ainex_motion.egg-info/top_level.txt
[1.477s] writing manifest file 'ainex_motion.egg-info/SOURCES.txt'
[1.522s] reading manifest file 'ainex_motion.egg-info/SOURCES.txt'
[1.522s] writing manifest file 'ainex_motion.egg-info/SOURCES.txt'
[1.546s] running build_ext
[1.546s] Creating /home/hrs2025/20260121/install/ainex_motion/lib/python3.12/site-packages/ainex-motion.egg-link (link to .)
[1.547s] Installing aruco_follower_node script to /home/hrs2025/20260121/install/ainex_motion/lib/ainex_motion
[1.547s] Installing joint_controller script to /home/hrs2025/20260121/install/ainex_motion/lib/ainex_motion
[1.547s] Installing joint_visualization_node script to /home/hrs2025/20260121/install/ainex_motion/lib/ainex_motion
[1.547s] Installing walking_keyboard_node script to /home/hrs2025/20260121/install/ainex_motion/lib/ainex_motion
[1.548s] 
[1.548s] Installed /home/hrs2025/20260121/build/ainex_motion
[1.548s] running symlink_data
[1.548s] creating /home/hrs2025/20260121/install/ainex_motion/share/ament_index
[1.548s] creating /home/hrs2025/20260121/install/ainex_motion/share/ament_index/resource_index
[1.548s] creating /home/hrs2025/20260121/install/ainex_motion/share/ament_index/resource_index/packages
[1.548s] symbolically linking /home/hrs2025/20260121/build/ainex_motion/resource/ainex_motion -> /home/hrs2025/20260121/install/ainex_motion/share/ament_index/resource_index/packages
[1.548s] symbolically linking /home/hrs2025/20260121/build/ainex_motion/package.xml -> /home/hrs2025/20260121/install/ainex_motion/share/ainex_motion
[1.575s] Invoked command in '/home/hrs2025/20260121/build/ainex_motion' returned '0': AMENT_PREFIX_PATH=/home/hrs2025/20260121/install/servo_service:${AMENT_PREFIX_PATH} CMAKE_PREFIX_PATH=/home/hrs2025/20260121/install/servo_service:${CMAKE_PREFIX_PATH} DEBUGINFOD_URLS=https://debuginfod.ubuntu.com LD_LIBRARY_PATH=/home/hrs2025/20260121/install/servo_service/lib:${LD_LIBRARY_PATH} PYTHONPATH=/home/hrs2025/20260121/build/ainex_motion/prefix_override:/usr/lib/python3/dist-packages/colcon_core/task/python/colcon_distutils_commands:/home/hrs2025/20260121/install/ainex_motion/lib/python3.12/site-packages:/home/hrs2025/20260121/install/servo_service/lib/python3.12/site-packages:${PYTHONPATH} /usr/bin/python3 -W ignore:setup.py install is deprecated -W ignore:easy_install command is deprecated setup.py develop --editable --build-directory /home/hrs2025/20260121/build/ainex_motion/build --no-deps symlink_data
