[1.092s] Invoking command in '/home/hrs2025/Workspace/src/build/ainex_vision': DEBUGINFOD_URLS=https://debuginfod.ubuntu.com PYTHONPATH=/home/hrs2025/Workspace/src/build/ainex_vision/prefix_override:/usr/lib/python3/dist-packages/colcon_core/task/python/colcon_distutils_commands:/home/hrs2025/Workspace/src/install/ainex_vision/lib/python3.12/site-packages:${PYTHONPATH} /usr/bin/python3 -W ignore:setup.py install is deprecated -W ignore:easy_install command is deprecated setup.py develop --editable --build-directory /home/hrs2025/Workspace/src/build/ainex_vision/build --no-deps symlink_data
[1.601s] running develop
[1.924s] running egg_info
[1.924s] creating ainex_vision.egg-info
[1.953s] writing ainex_vision.egg-info/PKG-INFO
[1.953s] writing dependency_links to ainex_vision.egg-info/dependency_links.txt
[1.953s] writing entry points to ainex_vision.egg-info/entry_points.txt
[1.954s] writing requirements to ainex_vision.egg-info/requires.txt
[1.954s] writing top-level names to ainex_vision.egg-info/top_level.txt
[1.954s] writing manifest file 'ainex_vision.egg-info/SOURCES.txt'
[2.009s] reading manifest file 'ainex_vision.egg-info/SOURCES.txt'
[2.010s] writing manifest file 'ainex_vision.egg-info/SOURCES.txt'
[2.041s] running build_ext
[2.041s] Creating /home/hrs2025/Workspace/src/install/ainex_vision/lib/python3.12/site-packages/ainex-vision.egg-link (link to .)
[2.042s] Installing aruco_detector script to /home/hrs2025/Workspace/src/install/ainex_vision/lib/ainex_vision
[2.042s] Installing calibrate_camera script to /home/hrs2025/Workspace/src/install/ainex_vision/lib/ainex_vision
[2.042s] Installing calibration script to /home/hrs2025/Workspace/src/install/ainex_vision/lib/ainex_vision
[2.042s] Installing camera_sub script to /home/hrs2025/Workspace/src/install/ainex_vision/lib/ainex_vision
[2.042s] Installing face_detection_node script to /home/hrs2025/Workspace/src/install/ainex_vision/lib/ainex_vision
[2.043s] Installing tutorial_2 script to /home/hrs2025/Workspace/src/install/ainex_vision/lib/ainex_vision
[2.043s] Installing tutorial_3 script to /home/hrs2025/Workspace/src/install/ainex_vision/lib/ainex_vision
[2.043s] Installing tutorial_4 script to /home/hrs2025/Workspace/src/install/ainex_vision/lib/ainex_vision
[2.043s] Installing undistort_node script to /home/hrs2025/Workspace/src/install/ainex_vision/lib/ainex_vision
[2.043s] 
[2.043s] Installed /home/hrs2025/Workspace/src/build/ainex_vision
[2.044s] running symlink_data
[2.044s] creating /home/hrs2025/Workspace/src/install/ainex_vision/share/ament_index
[2.044s] creating /home/hrs2025/Workspace/src/install/ainex_vision/share/ament_index/resource_index
[2.044s] creating /home/hrs2025/Workspace/src/install/ainex_vision/share/ament_index/resource_index/packages
[2.044s] symbolically linking /home/hrs2025/Workspace/src/build/ainex_vision/resource/ainex_vision -> /home/hrs2025/Workspace/src/install/ainex_vision/share/ament_index/resource_index/packages
[2.044s] symbolically linking /home/hrs2025/Workspace/src/build/ainex_vision/package.xml -> /home/hrs2025/Workspace/src/install/ainex_vision/share/ainex_vision
[2.044s] creating /home/hrs2025/Workspace/src/install/ainex_vision/share/ainex_vision/config
[2.045s] symbolically linking /home/hrs2025/Workspace/src/build/ainex_vision/ainex_vision/camera.yaml -> /home/hrs2025/Workspace/src/install/ainex_vision/share/ainex_vision/config
[2.091s] Invoked command in '/home/hrs2025/Workspace/src/build/ainex_vision' returned '0': DEBUGINFOD_URLS=https://debuginfod.ubuntu.com PYTHONPATH=/home/hrs2025/Workspace/src/build/ainex_vision/prefix_override:/usr/lib/python3/dist-packages/colcon_core/task/python/colcon_distutils_commands:/home/hrs2025/Workspace/src/install/ainex_vision/lib/python3.12/site-packages:${PYTHONPATH} /usr/bin/python3 -W ignore:setup.py install is deprecated -W ignore:easy_install command is deprecated setup.py develop --editable --build-directory /home/hrs2025/Workspace/src/build/ainex_vision/build --no-deps symlink_data
