running develop
running egg_info
creating ainex_controller.egg-info
writing ainex_controller.egg-info/PKG-INFO
writing dependency_links to ainex_controller.egg-info/dependency_links.txt
writing entry points to ainex_controller.egg-info/entry_points.txt
writing requirements to ainex_controller.egg-info/requires.txt
writing top-level names to ainex_controller.egg-info/top_level.txt
writing manifest file 'ainex_controller.egg-info/SOURCES.txt'
reading manifest file 'ainex_controller.egg-info/SOURCES.txt'
writing manifest file 'ainex_controller.egg-info/SOURCES.txt'
running build_ext
Creating /home/hrs2025/git_website/HRS--Gomoku-Game-with-AiNex/install/ainex_controller/lib/python3.12/site-packages/ainex-controller.egg-link (link to .)
Installing ainex_arm_controller script to /home/hrs2025/git_website/HRS--Gomoku-Game-with-AiNex/install/ainex_controller/lib/ainex_controller
Installing ainex_hands_control_node script to /home/hrs2025/git_website/HRS--Gomoku-Game-with-AiNex/install/ainex_controller/lib/ainex_controller
Installing ainex_minimal_fsm script to /home/hrs2025/git_website/HRS--Gomoku-Game-with-AiNex/install/ainex_controller/lib/ainex_controller
Installing ainex_twohands_control_node script to /home/hrs2025/git_website/HRS--Gomoku-Game-with-AiNex/install/ainex_controller/lib/ainex_controller

Installed /home/hrs2025/git_website/HRS--Gomoku-Game-with-AiNex/build/ainex_controller
running symlink_data
creating /home/hrs2025/git_website/HRS--Gomoku-Game-with-AiNex/install/ainex_controller/share/ament_index
creating /home/hrs2025/git_website/HRS--Gomoku-Game-with-AiNex/install/ainex_controller/share/ament_index/resource_index
creating /home/hrs2025/git_website/HRS--Gomoku-Game-with-AiNex/install/ainex_controller/share/ament_index/resource_index/packages
symbolically linking /home/hrs2025/git_website/HRS--Gomoku-Game-with-AiNex/build/ainex_controller/resource/ainex_controller -> /home/hrs2025/git_website/HRS--Gomoku-Game-with-AiNex/install/ainex_controller/share/ament_index/resource_index/packages
symbolically linking /home/hrs2025/git_website/HRS--Gomoku-Game-with-AiNex/build/ainex_controller/package.xml -> /home/hrs2025/git_website/HRS--Gomoku-Game-with-AiNex/install/ainex_controller/share/ainex_controller
