[0.916s] Invoking command in '/home/hrs2025/git_website/HRS--Gomoku-Game-with-AiNex/build/ainex_motion': DEBUGINFOD_URLS=https://debuginfod.ubuntu.com PYTHONPATH=/home/hrs2025/git_website/HRS--Gomoku-Game-with-AiNex/build/ainex_motion/prefix_override:/usr/lib/python3/dist-packages/colcon_core/task/python/colcon_distutils_commands:/home/hrs2025/git_website/HRS--Gomoku-Game-with-AiNex/install/ainex_motion/lib/python3.12/site-packages:/home/hrs2025/git_website/HRS--Gomoku-Game-with-AiNex/install/servo_service/lib/python3.12/site-packages:/home/hrs2025/git_website/HRS--Gomoku-Game-with-AiNex/build/ainex_controller:/home/hrs2025/git_website/HRS--Gomoku-Game-with-AiNex/install/ainex_controller/lib/python3.12/site-packages:/home/hrs2025/git_website/HRS--Gomoku-Game-with-AiNex/build/ainex_social_robot:/home/hrs2025/git_website/HRS--Gomoku-Game-with-AiNex/install/ainex_social_robot/lib/python3.12/site-packages:/home/hrs2025/git_website/HRS--Gomoku-Game-with-AiNex/build/ainex_motion:/home/hrs2025/git_website/HRS--Gomoku-Game-with-AiNex/install/ainex_motion/lib/python3.12/site-packages:/home/hrs2025/git_website/HRS--Gomoku-Game-with-AiNex/build/ainex_vision:/home/hrs2025/git_website/HRS--Gomoku-Game-with-AiNex/install/ainex_vision/lib/python3.12/site-packages:/home/hrs2025/Workspace/src/ainex_controller/build/ainex_controller:/home/hrs2025/Workspace/src/ainex_controller/install/ainex_controller/lib/python3.12/site-packages:/opt/openrobots/lib/python3.12/site-packages:/opt/ros/jazzy/lib/python3.12/site-packages:/home/hrs2025/my_venv/lib/python3.12/site-packages /usr/bin/python3 -W ignore:setup.py install is deprecated -W ignore:easy_install command is deprecated setup.py develop --editable --build-directory /home/hrs2025/git_website/HRS--Gomoku-Game-with-AiNex/build/ainex_motion/build --no-deps symlink_data
[1.282s] running develop
[1.576s] running egg_info
[1.576s] creating ainex_motion.egg-info
[1.615s] writing ainex_motion.egg-info/PKG-INFO
[1.615s] writing dependency_links to ainex_motion.egg-info/dependency_links.txt
[1.616s] writing entry points to ainex_motion.egg-info/entry_points.txt
[1.616s] writing requirements to ainex_motion.egg-info/requires.txt
[1.616s] writing top-level names to ainex_motion.egg-info/top_level.txt
[1.616s] writing manifest file 'ainex_motion.egg-info/SOURCES.txt'
[1.677s] reading manifest file 'ainex_motion.egg-info/SOURCES.txt'
[1.678s] writing manifest file 'ainex_motion.egg-info/SOURCES.txt'
[1.706s] running build_ext
[1.706s] Creating /home/hrs2025/git_website/HRS--Gomoku-Game-with-AiNex/install/ainex_motion/lib/python3.12/site-packages/ainex-motion.egg-link (link to .)
[1.707s] Installing aruco_follower_node script to /home/hrs2025/git_website/HRS--Gomoku-Game-with-AiNex/install/ainex_motion/lib/ainex_motion
[1.707s] Installing joint_controller script to /home/hrs2025/git_website/HRS--Gomoku-Game-with-AiNex/install/ainex_motion/lib/ainex_motion
[1.708s] Installing joint_visualization_node script to /home/hrs2025/git_website/HRS--Gomoku-Game-with-AiNex/install/ainex_motion/lib/ainex_motion
[1.708s] Installing walking_keyboard_node script to /home/hrs2025/git_website/HRS--Gomoku-Game-with-AiNex/install/ainex_motion/lib/ainex_motion
[1.708s] 
[1.708s] Installed /home/hrs2025/git_website/HRS--Gomoku-Game-with-AiNex/build/ainex_motion
[1.708s] running symlink_data
[1.709s] creating /home/hrs2025/git_website/HRS--Gomoku-Game-with-AiNex/install/ainex_motion/share/ament_index
[1.709s] creating /home/hrs2025/git_website/HRS--Gomoku-Game-with-AiNex/install/ainex_motion/share/ament_index/resource_index
[1.709s] creating /home/hrs2025/git_website/HRS--Gomoku-Game-with-AiNex/install/ainex_motion/share/ament_index/resource_index/packages
[1.709s] symbolically linking /home/hrs2025/git_website/HRS--Gomoku-Game-with-AiNex/build/ainex_motion/resource/ainex_motion -> /home/hrs2025/git_website/HRS--Gomoku-Game-with-AiNex/install/ainex_motion/share/ament_index/resource_index/packages
[1.709s] symbolically linking /home/hrs2025/git_website/HRS--Gomoku-Game-with-AiNex/build/ainex_motion/package.xml -> /home/hrs2025/git_website/HRS--Gomoku-Game-with-AiNex/install/ainex_motion/share/ainex_motion
[1.750s] Invoked command in '/home/hrs2025/git_website/HRS--Gomoku-Game-with-AiNex/build/ainex_motion' returned '0': DEBUGINFOD_URLS=https://debuginfod.ubuntu.com PYTHONPATH=/home/hrs2025/git_website/HRS--Gomoku-Game-with-AiNex/build/ainex_motion/prefix_override:/usr/lib/python3/dist-packages/colcon_core/task/python/colcon_distutils_commands:/home/hrs2025/git_website/HRS--Gomoku-Game-with-AiNex/install/ainex_motion/lib/python3.12/site-packages:/home/hrs2025/git_website/HRS--Gomoku-Game-with-AiNex/install/servo_service/lib/python3.12/site-packages:/home/hrs2025/git_website/HRS--Gomoku-Game-with-AiNex/build/ainex_controller:/home/hrs2025/git_website/HRS--Gomoku-Game-with-AiNex/install/ainex_controller/lib/python3.12/site-packages:/home/hrs2025/git_website/HRS--Gomoku-Game-with-AiNex/build/ainex_social_robot:/home/hrs2025/git_website/HRS--Gomoku-Game-with-AiNex/install/ainex_social_robot/lib/python3.12/site-packages:/home/hrs2025/git_website/HRS--Gomoku-Game-with-AiNex/build/ainex_motion:/home/hrs2025/git_website/HRS--Gomoku-Game-with-AiNex/install/ainex_motion/lib/python3.12/site-packages:/home/hrs2025/git_website/HRS--Gomoku-Game-with-AiNex/build/ainex_vision:/home/hrs2025/git_website/HRS--Gomoku-Game-with-AiNex/install/ainex_vision/lib/python3.12/site-packages:/home/hrs2025/Workspace/src/ainex_controller/build/ainex_controller:/home/hrs2025/Workspace/src/ainex_controller/install/ainex_controller/lib/python3.12/site-packages:/opt/openrobots/lib/python3.12/site-packages:/opt/ros/jazzy/lib/python3.12/site-packages:/home/hrs2025/my_venv/lib/python3.12/site-packages /usr/bin/python3 -W ignore:setup.py install is deprecated -W ignore:easy_install command is deprecated setup.py develop --editable --build-directory /home/hrs2025/git_website/HRS--Gomoku-Game-with-AiNex/build/ainex_motion/build --no-deps symlink_data
