[1.110s] Invoking command in '/home/hrs2025/Workspace/src/build/ainex_social_robot': AMENT_PREFIX_PATH=/home/hrs2025/Workspace/src/install/ainex_motion:/home/hrs2025/Workspace/src/install/ainex_vision:/home/hrs2025/Workspace/src/install/ainex_controller:/home/hrs2025/Workspace/src/install/ainex_social_robot:/home/hrs2025/Workspace/src/install/servo_service:/home/hrs2025/Workspace/src/install/ainex_description:/opt/ros/jazzy DEBUGINFOD_URLS=https://debuginfod.ubuntu.com PYTHONPATH=/home/hrs2025/Workspace/src/build/ainex_social_robot/prefix_override:/usr/lib/python3/dist-packages/colcon_core/task/python/colcon_distutils_commands:/home/hrs2025/Workspace/src/install/ainex_social_robot/lib/python3.12/site-packages:/home/hrs2025/Workspace/src/build/ainex_motion:/home/hrs2025/Workspace/src/install/ainex_motion/lib/python3.12/site-packages:/home/hrs2025/Workspace/src/install/servo_service/lib/python3.12/site-packages:/home/hrs2025/Workspace/src/build/ainex_vision:/home/hrs2025/Workspace/src/install/ainex_vision/lib/python3.12/site-packages:/home/hrs2025/Workspace/src/build/ainex_controller:/home/hrs2025/Workspace/src/install/ainex_controller/lib/python3.12/site-packages:/home/hrs2025/Workspace/src/build/ainex_social_robot:/home/hrs2025/Workspace/src/install/ainex_social_robot/lib/python3.12/site-packages:/opt/openrobots/lib/python3.12/site-packages:/opt/ros/jazzy/lib/python3.12/site-packages:/home/hrs2025/my_venv/lib/python3.12/site-packages /usr/bin/python3 -W ignore:setup.py install is deprecated -W ignore:easy_install command is deprecated setup.py develop --editable --build-directory /home/hrs2025/Workspace/src/build/ainex_social_robot/build --no-deps symlink_data
[1.463s] running develop
[1.723s] running egg_info
[1.723s] creating ainex_social_robot.egg-info
[1.747s] writing ainex_social_robot.egg-info/PKG-INFO
[1.747s] writing dependency_links to ainex_social_robot.egg-info/dependency_links.txt
[1.747s] writing entry points to ainex_social_robot.egg-info/entry_points.txt
[1.748s] writing requirements to ainex_social_robot.egg-info/requires.txt
[1.748s] writing top-level names to ainex_social_robot.egg-info/top_level.txt
[1.748s] writing manifest file 'ainex_social_robot.egg-info/SOURCES.txt'
[1.795s] reading manifest file 'ainex_social_robot.egg-info/SOURCES.txt'
[1.796s] writing manifest file 'ainex_social_robot.egg-info/SOURCES.txt'
[1.822s] running build_ext
[1.822s] Creating /home/hrs2025/Workspace/src/install/ainex_social_robot/lib/python3.12/site-packages/ainex-social-robot.egg-link (link to .)
[1.823s] Installing combine_node script to /home/hrs2025/Workspace/src/install/ainex_social_robot/lib/ainex_social_robot
[1.823s] Installing shake_head_node script to /home/hrs2025/Workspace/src/install/ainex_social_robot/lib/ainex_social_robot
[1.823s] Installing wave_hand_node script to /home/hrs2025/Workspace/src/install/ainex_social_robot/lib/ainex_social_robot
[1.824s] 
[1.824s] Installed /home/hrs2025/Workspace/src/build/ainex_social_robot
[1.824s] running symlink_data
[1.824s] creating /home/hrs2025/Workspace/src/install/ainex_social_robot/share/ament_index
[1.824s] creating /home/hrs2025/Workspace/src/install/ainex_social_robot/share/ament_index/resource_index
[1.824s] creating /home/hrs2025/Workspace/src/install/ainex_social_robot/share/ament_index/resource_index/packages
[1.824s] symbolically linking /home/hrs2025/Workspace/src/build/ainex_social_robot/resource/ainex_social_robot -> /home/hrs2025/Workspace/src/install/ainex_social_robot/share/ament_index/resource_index/packages
[1.824s] symbolically linking /home/hrs2025/Workspace/src/build/ainex_social_robot/package.xml -> /home/hrs2025/Workspace/src/install/ainex_social_robot/share/ainex_social_robot
[1.825s] creating /home/hrs2025/Workspace/src/install/ainex_social_robot/share/ainex_social_robot/launch
[1.825s] symbolically linking /home/hrs2025/Workspace/src/build/ainex_social_robot/launch/social_pipeline.launch.py -> /home/hrs2025/Workspace/src/install/ainex_social_robot/share/ainex_social_robot/launch
[1.865s] Invoked command in '/home/hrs2025/Workspace/src/build/ainex_social_robot' returned '0': AMENT_PREFIX_PATH=/home/hrs2025/Workspace/src/install/ainex_motion:/home/hrs2025/Workspace/src/install/ainex_vision:/home/hrs2025/Workspace/src/install/ainex_controller:/home/hrs2025/Workspace/src/install/ainex_social_robot:/home/hrs2025/Workspace/src/install/servo_service:/home/hrs2025/Workspace/src/install/ainex_description:/opt/ros/jazzy DEBUGINFOD_URLS=https://debuginfod.ubuntu.com PYTHONPATH=/home/hrs2025/Workspace/src/build/ainex_social_robot/prefix_override:/usr/lib/python3/dist-packages/colcon_core/task/python/colcon_distutils_commands:/home/hrs2025/Workspace/src/install/ainex_social_robot/lib/python3.12/site-packages:/home/hrs2025/Workspace/src/build/ainex_motion:/home/hrs2025/Workspace/src/install/ainex_motion/lib/python3.12/site-packages:/home/hrs2025/Workspace/src/install/servo_service/lib/python3.12/site-packages:/home/hrs2025/Workspace/src/build/ainex_vision:/home/hrs2025/Workspace/src/install/ainex_vision/lib/python3.12/site-packages:/home/hrs2025/Workspace/src/build/ainex_controller:/home/hrs2025/Workspace/src/install/ainex_controller/lib/python3.12/site-packages:/home/hrs2025/Workspace/src/build/ainex_social_robot:/home/hrs2025/Workspace/src/install/ainex_social_robot/lib/python3.12/site-packages:/opt/openrobots/lib/python3.12/site-packages:/opt/ros/jazzy/lib/python3.12/site-packages:/home/hrs2025/my_venv/lib/python3.12/site-packages /usr/bin/python3 -W ignore:setup.py install is deprecated -W ignore:easy_install command is deprecated setup.py develop --editable --build-directory /home/hrs2025/Workspace/src/build/ainex_social_robot/build --no-deps symlink_data
