-- Install configuration: ""
-- Execute custom install script
-- Up-to-date symlink: /home/hrs2025/Workspace/src/install/ainex_description/share/ainex_description/launch/display.launch.py
-- Up-to-date symlink: /home/hrs2025/Workspace/src/install/ainex_description/share/ainex_description/urdf/ainex.urdf
-- Up-to-date symlink: /home/hrs2025/Workspace/src/install/ainex_description/share/ainex_description/urdf/ainex.urdf.xacro
-- Up-to-date symlink: /home/hrs2025/Workspace/src/install/ainex_description/share/ainex_description/urdf/ainex.xacro
-- Up-to-date symlink: /home/hrs2025/Workspace/src/install/ainex_description/share/ainex_description/urdf/gazebo.xacro
-- Up-to-date symlink: /home/hrs2025/Workspace/src/install/ainex_description/share/ainex_description/urdf/materials.xacro
-- Up-to-date symlink: /home/hrs2025/Workspace/src/install/ainex_description/share/ainex_description/urdf/transmissions.xacro
-- Up-to-date symlink: /home/hrs2025/Workspace/src/install/ainex_description/share/ainex_description/meshes/body_link.STL
-- Up-to-date symlink: /home/hrs2025/Workspace/src/install/ainex_description/share/ainex_description/meshes/head_pan_link.STL
-- Up-to-date symlink: /home/hrs2025/Workspace/src/install/ainex_description/share/ainex_description/meshes/head_tilt_link.STL
-- Up-to-date symlink: /home/hrs2025/Workspace/src/install/ainex_description/share/ainex_description/meshes/l_ank_pitch_link.STL
-- Up-to-date symlink: /home/hrs2025/Workspace/src/install/ainex_description/share/ainex_description/meshes/l_ank_roll_link.STL
-- Up-to-date symlink: /home/hrs2025/Workspace/src/install/ainex_description/share/ainex_description/meshes/l_el_pitch_link.STL
-- Up-to-date symlink: /home/hrs2025/Workspace/src/install/ainex_description/share/ainex_description/meshes/l_el_yaw_link.STL
-- Up-to-date symlink: /home/hrs2025/Workspace/src/install/ainex_description/share/ainex_description/meshes/l_gripper_link.STL
-- Up-to-date symlink: /home/hrs2025/Workspace/src/install/ainex_description/share/ainex_description/meshes/l_hip_pitch_link.STL
-- Up-to-date symlink: /home/hrs2025/Workspace/src/install/ainex_description/share/ainex_description/meshes/l_hip_roll_link.STL
-- Up-to-date symlink: /home/hrs2025/Workspace/src/install/ainex_description/share/ainex_description/meshes/l_hip_yaw_link.STL
-- Up-to-date symlink: /home/hrs2025/Workspace/src/install/ainex_description/share/ainex_description/meshes/l_knee_link.STL
-- Up-to-date symlink: /home/hrs2025/Workspace/src/install/ainex_description/share/ainex_description/meshes/l_sho_pitch_link.STL
-- Up-to-date symlink: /home/hrs2025/Workspace/src/install/ainex_description/share/ainex_description/meshes/l_sho_roll_link.STL
-- Up-to-date symlink: /home/hrs2025/Workspace/src/install/ainex_description/share/ainex_description/meshes/r_ank_pitch_link.STL
-- Up-to-date symlink: /home/hrs2025/Workspace/src/install/ainex_description/share/ainex_description/meshes/r_ank_roll_link.STL
-- Up-to-date symlink: /home/hrs2025/Workspace/src/install/ainex_description/share/ainex_description/meshes/r_el_pitch_link.STL
-- Up-to-date symlink: /home/hrs2025/Workspace/src/install/ainex_description/share/ainex_description/meshes/r_el_yaw_link.STL
-- Up-to-date symlink: /home/hrs2025/Workspace/src/install/ainex_description/share/ainex_description/meshes/r_gripper_link.STL
-- Up-to-date symlink: /home/hrs2025/Workspace/src/install/ainex_description/share/ainex_description/meshes/r_hip_pitch_link.STL
-- Up-to-date symlink: /home/hrs2025/Workspace/src/install/ainex_description/share/ainex_description/meshes/r_hip_roll_link.STL
-- Up-to-date symlink: /home/hrs2025/Workspace/src/install/ainex_description/share/ainex_description/meshes/r_hip_yaw_link.STL
-- Up-to-date symlink: /home/hrs2025/Workspace/src/install/ainex_description/share/ainex_description/meshes/r_knee_link.STL
-- Up-to-date symlink: /home/hrs2025/Workspace/src/install/ainex_description/share/ainex_description/meshes/r_sho_pitch_link.STL
-- Up-to-date symlink: /home/hrs2025/Workspace/src/install/ainex_description/share/ainex_description/meshes/r_sho_roll_link.STL
-- Up-to-date symlink: /home/hrs2025/Workspace/src/install/ainex_description/share/ainex_description/rviz/ainex.rviz
-- Up-to-date symlink: /home/hrs2025/Workspace/src/install/ainex_description/share/ament_index/resource_index/package_run_dependencies/ainex_description
-- Up-to-date symlink: /home/hrs2025/Workspace/src/install/ainex_description/share/ament_index/resource_index/parent_prefix_path/ainex_description
-- Up-to-date symlink: /home/hrs2025/Workspace/src/install/ainex_description/share/ainex_description/environment/ament_prefix_path.sh
-- Up-to-date symlink: /home/hrs2025/Workspace/src/install/ainex_description/share/ainex_description/environment/ament_prefix_path.dsv
-- Up-to-date symlink: /home/hrs2025/Workspace/src/install/ainex_description/share/ainex_description/environment/path.sh
-- Up-to-date symlink: /home/hrs2025/Workspace/src/install/ainex_description/share/ainex_description/environment/path.dsv
-- Up-to-date symlink: /home/hrs2025/Workspace/src/install/ainex_description/share/ainex_description/local_setup.bash
-- Up-to-date symlink: /home/hrs2025/Workspace/src/install/ainex_description/share/ainex_description/local_setup.sh
-- Up-to-date symlink: /home/hrs2025/Workspace/src/install/ainex_description/share/ainex_description/local_setup.zsh
-- Up-to-date symlink: /home/hrs2025/Workspace/src/install/ainex_description/share/ainex_description/local_setup.dsv
-- Symlinking: /home/hrs2025/Workspace/src/install/ainex_description/share/ainex_description/package.dsv
-- Up-to-date symlink: /home/hrs2025/Workspace/src/install/ainex_description/share/ament_index/resource_index/packages/ainex_description
-- Up-to-date symlink: /home/hrs2025/Workspace/src/install/ainex_description/share/ainex_description/cmake/ainex_descriptionConfig.cmake
-- Up-to-date symlink: /home/hrs2025/Workspace/src/install/ainex_description/share/ainex_description/cmake/ainex_descriptionConfig-version.cmake
-- Up-to-date symlink: /home/hrs2025/Workspace/src/install/ainex_description/share/ainex_description/package.xml
