[0.149s] DEBUG:colcon:Command line arguments: ['/usr/bin/colcon', 'build', '--symlink-install']
[0.149s] DEBUG:colcon:Parsed command line arguments: Namespace(log_base=None, log_level=None, verb_name='build', build_base='build', install_base='install', merge_install=False, symlink_install=True, test_result_base=None, continue_on_error=False, executor='parallel', parallel_workers=8, event_handlers=None, ignore_user_meta=False, metas=['./colcon.meta'], base_paths=['.'], packages_ignore=None, packages_ignore_regex=None, paths=None, packages_up_to=None, packages_up_to_regex=None, packages_above=None, packages_above_and_dependencies=None, packages_above_depth=None, packages_select_by_dep=None, packages_skip_by_dep=None, packages_skip_up_to=None, packages_select_build_failed=False, packages_skip_build_finished=False, packages_select_test_failures=False, packages_skip_test_passed=False, packages_select=None, packages_skip=None, packages_select_regex=None, packages_skip_regex=None, packages_start=None, packages_end=None, allow_overriding=[], cmake_args=None, cmake_target=None, cmake_target_skip_unavailable=False, cmake_clean_cache=False, cmake_clean_first=False, cmake_force_configure=False, ament_cmake_args=None, catkin_cmake_args=None, catkin_skip_building_tests=False, mixin_files=None, mixin=None, verb_parser=<colcon_mixin.mixin.mixin_argument.MixinArgumentDecorator object at 0x7e5443bab350>, verb_extension=<colcon_core.verb.build.BuildVerb object at 0x7e5443bab0e0>, main=<bound method BuildVerb.main of <colcon_core.verb.build.BuildVerb object at 0x7e5443bab0e0>>, mixin_verb=('build',))
[0.190s] Level 1:colcon.colcon_core.package_discovery:discover_packages(colcon_meta) check parameters
[0.190s] Level 1:colcon.colcon_core.package_discovery:discover_packages(recursive) check parameters
[0.190s] Level 1:colcon.colcon_core.package_discovery:discover_packages(ignore) check parameters
[0.190s] Level 1:colcon.colcon_core.package_discovery:discover_packages(path) check parameters
[0.190s] Level 1:colcon.colcon_core.package_discovery:discover_packages(colcon_meta) discover
[0.190s] Level 1:colcon.colcon_core.package_discovery:discover_packages(recursive) discover
[0.190s] INFO:colcon.colcon_core.package_discovery:Crawling recursively for packages in '/home/hrs2025/20260121'
[0.190s] Level 1:colcon.colcon_core.package_identification:_identify(.) by extensions ['ignore', 'ignore_ament_install']
[0.191s] Level 1:colcon.colcon_core.package_identification:_identify(.) by extension 'ignore'
[0.191s] Level 1:colcon.colcon_core.package_identification:_identify(.) by extension 'ignore_ament_install'
[0.191s] Level 1:colcon.colcon_core.package_identification:_identify(.) by extensions ['colcon_pkg']
[0.191s] Level 1:colcon.colcon_core.package_identification:_identify(.) by extension 'colcon_pkg'
[0.191s] Level 1:colcon.colcon_core.package_identification:_identify(.) by extensions ['colcon_meta']
[0.191s] Level 1:colcon.colcon_core.package_identification:_identify(.) by extension 'colcon_meta'
[0.191s] Level 1:colcon.colcon_core.package_identification:_identify(.) by extensions ['ros']
[0.191s] Level 1:colcon.colcon_core.package_identification:_identify(.) by extension 'ros'
[0.216s] Level 1:colcon.colcon_core.package_identification:_identify(.) by extensions ['cmake', 'python']
[0.216s] Level 1:colcon.colcon_core.package_identification:_identify(.) by extension 'cmake'
[0.216s] Level 1:colcon.colcon_core.package_identification:_identify(.) by extension 'python'
[0.216s] Level 1:colcon.colcon_core.package_identification:_identify(.) by extensions ['python_setup_py']
[0.216s] Level 1:colcon.colcon_core.package_identification:_identify(.) by extension 'python_setup_py'
[0.216s] Level 1:colcon.colcon_core.package_identification:_identify(build) by extensions ['ignore', 'ignore_ament_install']
[0.216s] Level 1:colcon.colcon_core.package_identification:_identify(build) by extension 'ignore'
[0.216s] Level 1:colcon.colcon_core.package_identification:_identify(build) ignored
[0.217s] Level 1:colcon.colcon_core.package_identification:_identify(install) by extensions ['ignore', 'ignore_ament_install']
[0.217s] Level 1:colcon.colcon_core.package_identification:_identify(install) by extension 'ignore'
[0.217s] Level 1:colcon.colcon_core.package_identification:_identify(install) ignored
[0.217s] Level 1:colcon.colcon_core.package_identification:_identify(log) by extensions ['ignore', 'ignore_ament_install']
[0.217s] Level 1:colcon.colcon_core.package_identification:_identify(log) by extension 'ignore'
[0.217s] Level 1:colcon.colcon_core.package_identification:_identify(log) ignored
[0.217s] Level 1:colcon.colcon_core.package_identification:_identify(src) by extensions ['ignore', 'ignore_ament_install']
[0.217s] Level 1:colcon.colcon_core.package_identification:_identify(src) by extension 'ignore'
[0.217s] Level 1:colcon.colcon_core.package_identification:_identify(src) by extension 'ignore_ament_install'
[0.217s] Level 1:colcon.colcon_core.package_identification:_identify(src) by extensions ['colcon_pkg']
[0.218s] Level 1:colcon.colcon_core.package_identification:_identify(src) by extension 'colcon_pkg'
[0.218s] Level 1:colcon.colcon_core.package_identification:_identify(src) by extensions ['colcon_meta']
[0.218s] Level 1:colcon.colcon_core.package_identification:_identify(src) by extension 'colcon_meta'
[0.218s] Level 1:colcon.colcon_core.package_identification:_identify(src) by extensions ['ros']
[0.218s] Level 1:colcon.colcon_core.package_identification:_identify(src) by extension 'ros'
[0.218s] Level 1:colcon.colcon_core.package_identification:_identify(src) by extensions ['cmake', 'python']
[0.218s] Level 1:colcon.colcon_core.package_identification:_identify(src) by extension 'cmake'
[0.218s] Level 1:colcon.colcon_core.package_identification:_identify(src) by extension 'python'
[0.218s] Level 1:colcon.colcon_core.package_identification:_identify(src) by extensions ['python_setup_py']
[0.218s] Level 1:colcon.colcon_core.package_identification:_identify(src) by extension 'python_setup_py'
[0.218s] Level 1:colcon.colcon_core.package_identification:_identify(src/ainex_controller) by extensions ['ignore', 'ignore_ament_install']
[0.218s] Level 1:colcon.colcon_core.package_identification:_identify(src/ainex_controller) by extension 'ignore'
[0.218s] Level 1:colcon.colcon_core.package_identification:_identify(src/ainex_controller) by extension 'ignore_ament_install'
[0.218s] Level 1:colcon.colcon_core.package_identification:_identify(src/ainex_controller) by extensions ['colcon_pkg']
[0.218s] Level 1:colcon.colcon_core.package_identification:_identify(src/ainex_controller) by extension 'colcon_pkg'
[0.218s] Level 1:colcon.colcon_core.package_identification:_identify(src/ainex_controller) by extensions ['colcon_meta']
[0.218s] Level 1:colcon.colcon_core.package_identification:_identify(src/ainex_controller) by extension 'colcon_meta'
[0.218s] Level 1:colcon.colcon_core.package_identification:_identify(src/ainex_controller) by extensions ['ros']
[0.219s] Level 1:colcon.colcon_core.package_identification:_identify(src/ainex_controller) by extension 'ros'
[0.221s] DEBUG:colcon.colcon_core.package_identification:Package 'src/ainex_controller' with type 'ros.ament_python' and name 'ainex_controller'
[0.221s] Level 1:colcon.colcon_core.package_identification:_identify(src/ainex_description) by extensions ['ignore', 'ignore_ament_install']
[0.221s] Level 1:colcon.colcon_core.package_identification:_identify(src/ainex_description) by extension 'ignore'
[0.221s] Level 1:colcon.colcon_core.package_identification:_identify(src/ainex_description) by extension 'ignore_ament_install'
[0.221s] Level 1:colcon.colcon_core.package_identification:_identify(src/ainex_description) by extensions ['colcon_pkg']
[0.221s] Level 1:colcon.colcon_core.package_identification:_identify(src/ainex_description) by extension 'colcon_pkg'
[0.221s] Level 1:colcon.colcon_core.package_identification:_identify(src/ainex_description) by extensions ['colcon_meta']
[0.221s] Level 1:colcon.colcon_core.package_identification:_identify(src/ainex_description) by extension 'colcon_meta'
[0.221s] Level 1:colcon.colcon_core.package_identification:_identify(src/ainex_description) by extensions ['ros']
[0.221s] Level 1:colcon.colcon_core.package_identification:_identify(src/ainex_description) by extension 'ros'
[0.222s] DEBUG:colcon.colcon_core.package_identification:Package 'src/ainex_description' with type 'ros.ament_cmake' and name 'ainex_description'
[0.222s] Level 1:colcon.colcon_core.package_identification:_identify(src/ainex_motion) by extensions ['ignore', 'ignore_ament_install']
[0.222s] Level 1:colcon.colcon_core.package_identification:_identify(src/ainex_motion) by extension 'ignore'
[0.222s] Level 1:colcon.colcon_core.package_identification:_identify(src/ainex_motion) by extension 'ignore_ament_install'
[0.222s] Level 1:colcon.colcon_core.package_identification:_identify(src/ainex_motion) by extensions ['colcon_pkg']
[0.222s] Level 1:colcon.colcon_core.package_identification:_identify(src/ainex_motion) by extension 'colcon_pkg'
[0.222s] Level 1:colcon.colcon_core.package_identification:_identify(src/ainex_motion) by extensions ['colcon_meta']
[0.223s] Level 1:colcon.colcon_core.package_identification:_identify(src/ainex_motion) by extension 'colcon_meta'
[0.223s] Level 1:colcon.colcon_core.package_identification:_identify(src/ainex_motion) by extensions ['ros']
[0.223s] Level 1:colcon.colcon_core.package_identification:_identify(src/ainex_motion) by extension 'ros'
[0.223s] DEBUG:colcon.colcon_core.package_identification:Package 'src/ainex_motion' with type 'ros.ament_python' and name 'ainex_motion'
[0.223s] Level 1:colcon.colcon_core.package_identification:_identify(src/ainex_social_robot) by extensions ['ignore', 'ignore_ament_install']
[0.223s] Level 1:colcon.colcon_core.package_identification:_identify(src/ainex_social_robot) by extension 'ignore'
[0.224s] Level 1:colcon.colcon_core.package_identification:_identify(src/ainex_social_robot) by extension 'ignore_ament_install'
[0.224s] Level 1:colcon.colcon_core.package_identification:_identify(src/ainex_social_robot) by extensions ['colcon_pkg']
[0.224s] Level 1:colcon.colcon_core.package_identification:_identify(src/ainex_social_robot) by extension 'colcon_pkg'
[0.224s] Level 1:colcon.colcon_core.package_identification:_identify(src/ainex_social_robot) by extensions ['colcon_meta']
[0.224s] Level 1:colcon.colcon_core.package_identification:_identify(src/ainex_social_robot) by extension 'colcon_meta'
[0.224s] Level 1:colcon.colcon_core.package_identification:_identify(src/ainex_social_robot) by extensions ['ros']
[0.224s] Level 1:colcon.colcon_core.package_identification:_identify(src/ainex_social_robot) by extension 'ros'
[0.225s] DEBUG:colcon.colcon_core.package_identification:Package 'src/ainex_social_robot' with type 'ros.ament_python' and name 'ainex_social_robot'
[0.225s] Level 1:colcon.colcon_core.package_identification:_identify(src/ainex_vision) by extensions ['ignore', 'ignore_ament_install']
[0.225s] Level 1:colcon.colcon_core.package_identification:_identify(src/ainex_vision) by extension 'ignore'
[0.225s] Level 1:colcon.colcon_core.package_identification:_identify(src/ainex_vision) by extension 'ignore_ament_install'
[0.225s] Level 1:colcon.colcon_core.package_identification:_identify(src/ainex_vision) by extensions ['colcon_pkg']
[0.225s] Level 1:colcon.colcon_core.package_identification:_identify(src/ainex_vision) by extension 'colcon_pkg'
[0.225s] Level 1:colcon.colcon_core.package_identification:_identify(src/ainex_vision) by extensions ['colcon_meta']
[0.225s] Level 1:colcon.colcon_core.package_identification:_identify(src/ainex_vision) by extension 'colcon_meta'
[0.225s] Level 1:colcon.colcon_core.package_identification:_identify(src/ainex_vision) by extensions ['ros']
[0.225s] Level 1:colcon.colcon_core.package_identification:_identify(src/ainex_vision) by extension 'ros'
[0.226s] DEBUG:colcon.colcon_core.package_identification:Package 'src/ainex_vision' with type 'ros.ament_python' and name 'ainex_vision'
[0.226s] Level 1:colcon.colcon_core.package_identification:_identify(src/build) by extensions ['ignore', 'ignore_ament_install']
[0.226s] Level 1:colcon.colcon_core.package_identification:_identify(src/build) by extension 'ignore'
[0.226s] Level 1:colcon.colcon_core.package_identification:_identify(src/build) ignored
[0.226s] Level 1:colcon.colcon_core.package_identification:_identify(src/install) by extensions ['ignore', 'ignore_ament_install']
[0.226s] Level 1:colcon.colcon_core.package_identification:_identify(src/install) by extension 'ignore'
[0.226s] Level 1:colcon.colcon_core.package_identification:_identify(src/install) ignored
[0.226s] Level 1:colcon.colcon_core.package_identification:_identify(src/log) by extensions ['ignore', 'ignore_ament_install']
[0.227s] Level 1:colcon.colcon_core.package_identification:_identify(src/log) by extension 'ignore'
[0.227s] Level 1:colcon.colcon_core.package_identification:_identify(src/log) ignored
[0.227s] Level 1:colcon.colcon_core.package_identification:_identify(src/servo_service) by extensions ['ignore', 'ignore_ament_install']
[0.227s] Level 1:colcon.colcon_core.package_identification:_identify(src/servo_service) by extension 'ignore'
[0.227s] Level 1:colcon.colcon_core.package_identification:_identify(src/servo_service) by extension 'ignore_ament_install'
[0.227s] Level 1:colcon.colcon_core.package_identification:_identify(src/servo_service) by extensions ['colcon_pkg']
[0.227s] Level 1:colcon.colcon_core.package_identification:_identify(src/servo_service) by extension 'colcon_pkg'
[0.227s] Level 1:colcon.colcon_core.package_identification:_identify(src/servo_service) by extensions ['colcon_meta']
[0.227s] Level 1:colcon.colcon_core.package_identification:_identify(src/servo_service) by extension 'colcon_meta'
[0.227s] Level 1:colcon.colcon_core.package_identification:_identify(src/servo_service) by extensions ['ros']
[0.227s] Level 1:colcon.colcon_core.package_identification:_identify(src/servo_service) by extension 'ros'
[0.228s] DEBUG:colcon.colcon_core.package_identification:Package 'src/servo_service' with type 'ros.ament_cmake' and name 'servo_service'
[0.228s] Level 1:colcon.colcon_core.package_discovery:discover_packages(recursive) using defaults
[0.228s] Level 1:colcon.colcon_core.package_discovery:discover_packages(ignore) discover
[0.228s] Level 1:colcon.colcon_core.package_discovery:discover_packages(ignore) using defaults
[0.228s] Level 1:colcon.colcon_core.package_discovery:discover_packages(path) discover
[0.228s] Level 1:colcon.colcon_core.package_discovery:discover_packages(path) using defaults
[0.252s] Level 1:colcon.colcon_core.package_discovery:discover_packages(prefix_path) check parameters
[0.252s] Level 1:colcon.colcon_core.package_discovery:discover_packages(prefix_path) discover
[0.255s] DEBUG:colcon.colcon_installed_package_information.package_discovery:Found 6 installed packages in /home/hrs2025/20260121/install
[0.256s] DEBUG:colcon.colcon_installed_package_information.package_discovery:Found 6 installed packages in /home/hrs2025/Workspace/install
[0.257s] DEBUG:colcon.colcon_installed_package_information.package_discovery:Found 6 installed packages in /home/hrs2025/backup/20260121/install
[0.259s] DEBUG:colcon.colcon_installed_package_information.package_discovery:Found 303 installed packages in /opt/ros/jazzy
[0.261s] Level 1:colcon.colcon_core.package_discovery:discover_packages(prefix_path) using defaults
[0.309s] Level 5:colcon.colcon_core.verb:set package 'ainex_description' build argument 'cmake_args' from command line to 'None'
[0.309s] Level 5:colcon.colcon_core.verb:set package 'ainex_description' build argument 'cmake_target' from command line to 'None'
[0.309s] Level 5:colcon.colcon_core.verb:set package 'ainex_description' build argument 'cmake_target_skip_unavailable' from command line to 'False'
[0.309s] Level 5:colcon.colcon_core.verb:set package 'ainex_description' build argument 'cmake_clean_cache' from command line to 'False'
[0.309s] Level 5:colcon.colcon_core.verb:set package 'ainex_description' build argument 'cmake_clean_first' from command line to 'False'
[0.309s] Level 5:colcon.colcon_core.verb:set package 'ainex_description' build argument 'cmake_force_configure' from command line to 'False'
[0.309s] Level 5:colcon.colcon_core.verb:set package 'ainex_description' build argument 'ament_cmake_args' from command line to 'None'
[0.309s] Level 5:colcon.colcon_core.verb:set package 'ainex_description' build argument 'catkin_cmake_args' from command line to 'None'
[0.309s] Level 5:colcon.colcon_core.verb:set package 'ainex_description' build argument 'catkin_skip_building_tests' from command line to 'False'
[0.309s] DEBUG:colcon.colcon_core.verb:Building package 'ainex_description' with the following arguments: {'ament_cmake_args': None, 'build_base': '/home/hrs2025/20260121/build/ainex_description', 'catkin_cmake_args': None, 'catkin_skip_building_tests': False, 'cmake_args': None, 'cmake_clean_cache': False, 'cmake_clean_first': False, 'cmake_force_configure': False, 'cmake_target': None, 'cmake_target_skip_unavailable': False, 'install_base': '/home/hrs2025/20260121/install/ainex_description', 'merge_install': False, 'path': '/home/hrs2025/20260121/src/ainex_description', 'symlink_install': True, 'test_result_base': None}
[0.309s] Level 5:colcon.colcon_core.verb:set package 'ainex_vision' build argument 'cmake_args' from command line to 'None'
[0.309s] Level 5:colcon.colcon_core.verb:set package 'ainex_vision' build argument 'cmake_target' from command line to 'None'
[0.309s] Level 5:colcon.colcon_core.verb:set package 'ainex_vision' build argument 'cmake_target_skip_unavailable' from command line to 'False'
[0.309s] Level 5:colcon.colcon_core.verb:set package 'ainex_vision' build argument 'cmake_clean_cache' from command line to 'False'
[0.309s] Level 5:colcon.colcon_core.verb:set package 'ainex_vision' build argument 'cmake_clean_first' from command line to 'False'
[0.309s] Level 5:colcon.colcon_core.verb:set package 'ainex_vision' build argument 'cmake_force_configure' from command line to 'False'
[0.309s] Level 5:colcon.colcon_core.verb:set package 'ainex_vision' build argument 'ament_cmake_args' from command line to 'None'
[0.309s] Level 5:colcon.colcon_core.verb:set package 'ainex_vision' build argument 'catkin_cmake_args' from command line to 'None'
[0.309s] Level 5:colcon.colcon_core.verb:set package 'ainex_vision' build argument 'catkin_skip_building_tests' from command line to 'False'
[0.309s] DEBUG:colcon.colcon_core.verb:Building package 'ainex_vision' with the following arguments: {'ament_cmake_args': None, 'build_base': '/home/hrs2025/20260121/build/ainex_vision', 'catkin_cmake_args': None, 'catkin_skip_building_tests': False, 'cmake_args': None, 'cmake_clean_cache': False, 'cmake_clean_first': False, 'cmake_force_configure': False, 'cmake_target': None, 'cmake_target_skip_unavailable': False, 'install_base': '/home/hrs2025/20260121/install/ainex_vision', 'merge_install': False, 'path': '/home/hrs2025/20260121/src/ainex_vision', 'symlink_install': True, 'test_result_base': None}
[0.310s] Level 5:colcon.colcon_core.verb:set package 'servo_service' build argument 'cmake_args' from command line to 'None'
[0.310s] Level 5:colcon.colcon_core.verb:set package 'servo_service' build argument 'cmake_target' from command line to 'None'
[0.310s] Level 5:colcon.colcon_core.verb:set package 'servo_service' build argument 'cmake_target_skip_unavailable' from command line to 'False'
[0.310s] Level 5:colcon.colcon_core.verb:set package 'servo_service' build argument 'cmake_clean_cache' from command line to 'False'
[0.310s] Level 5:colcon.colcon_core.verb:set package 'servo_service' build argument 'cmake_clean_first' from command line to 'False'
[0.310s] Level 5:colcon.colcon_core.verb:set package 'servo_service' build argument 'cmake_force_configure' from command line to 'False'
[0.310s] Level 5:colcon.colcon_core.verb:set package 'servo_service' build argument 'ament_cmake_args' from command line to 'None'
[0.310s] Level 5:colcon.colcon_core.verb:set package 'servo_service' build argument 'catkin_cmake_args' from command line to 'None'
[0.310s] Level 5:colcon.colcon_core.verb:set package 'servo_service' build argument 'catkin_skip_building_tests' from command line to 'False'
[0.310s] DEBUG:colcon.colcon_core.verb:Building package 'servo_service' with the following arguments: {'ament_cmake_args': None, 'build_base': '/home/hrs2025/20260121/build/servo_service', 'catkin_cmake_args': None, 'catkin_skip_building_tests': False, 'cmake_args': None, 'cmake_clean_cache': False, 'cmake_clean_first': False, 'cmake_force_configure': False, 'cmake_target': None, 'cmake_target_skip_unavailable': False, 'install_base': '/home/hrs2025/20260121/install/servo_service', 'merge_install': False, 'path': '/home/hrs2025/20260121/src/servo_service', 'symlink_install': True, 'test_result_base': None}
[0.310s] Level 5:colcon.colcon_core.verb:set package 'ainex_motion' build argument 'cmake_args' from command line to 'None'
[0.310s] Level 5:colcon.colcon_core.verb:set package 'ainex_motion' build argument 'cmake_target' from command line to 'None'
[0.310s] Level 5:colcon.colcon_core.verb:set package 'ainex_motion' build argument 'cmake_target_skip_unavailable' from command line to 'False'
[0.310s] Level 5:colcon.colcon_core.verb:set package 'ainex_motion' build argument 'cmake_clean_cache' from command line to 'False'
[0.310s] Level 5:colcon.colcon_core.verb:set package 'ainex_motion' build argument 'cmake_clean_first' from command line to 'False'
[0.310s] Level 5:colcon.colcon_core.verb:set package 'ainex_motion' build argument 'cmake_force_configure' from command line to 'False'
[0.311s] Level 5:colcon.colcon_core.verb:set package 'ainex_motion' build argument 'ament_cmake_args' from command line to 'None'
[0.311s] Level 5:colcon.colcon_core.verb:set package 'ainex_motion' build argument 'catkin_cmake_args' from command line to 'None'
[0.311s] Level 5:colcon.colcon_core.verb:set package 'ainex_motion' build argument 'catkin_skip_building_tests' from command line to 'False'
[0.311s] DEBUG:colcon.colcon_core.verb:Building package 'ainex_motion' with the following arguments: {'ament_cmake_args': None, 'build_base': '/home/hrs2025/20260121/build/ainex_motion', 'catkin_cmake_args': None, 'catkin_skip_building_tests': False, 'cmake_args': None, 'cmake_clean_cache': False, 'cmake_clean_first': False, 'cmake_force_configure': False, 'cmake_target': None, 'cmake_target_skip_unavailable': False, 'install_base': '/home/hrs2025/20260121/install/ainex_motion', 'merge_install': False, 'path': '/home/hrs2025/20260121/src/ainex_motion', 'symlink_install': True, 'test_result_base': None}
[0.311s] Level 5:colcon.colcon_core.verb:set package 'ainex_social_robot' build argument 'cmake_args' from command line to 'None'
[0.311s] Level 5:colcon.colcon_core.verb:set package 'ainex_social_robot' build argument 'cmake_target' from command line to 'None'
[0.311s] Level 5:colcon.colcon_core.verb:set package 'ainex_social_robot' build argument 'cmake_target_skip_unavailable' from command line to 'False'
[0.311s] Level 5:colcon.colcon_core.verb:set package 'ainex_social_robot' build argument 'cmake_clean_cache' from command line to 'False'
[0.311s] Level 5:colcon.colcon_core.verb:set package 'ainex_social_robot' build argument 'cmake_clean_first' from command line to 'False'
[0.311s] Level 5:colcon.colcon_core.verb:set package 'ainex_social_robot' build argument 'cmake_force_configure' from command line to 'False'
[0.311s] Level 5:colcon.colcon_core.verb:set package 'ainex_social_robot' build argument 'ament_cmake_args' from command line to 'None'
[0.311s] Level 5:colcon.colcon_core.verb:set package 'ainex_social_robot' build argument 'catkin_cmake_args' from command line to 'None'
[0.311s] Level 5:colcon.colcon_core.verb:set package 'ainex_social_robot' build argument 'catkin_skip_building_tests' from command line to 'False'
[0.311s] DEBUG:colcon.colcon_core.verb:Building package 'ainex_social_robot' with the following arguments: {'ament_cmake_args': None, 'build_base': '/home/hrs2025/20260121/build/ainex_social_robot', 'catkin_cmake_args': None, 'catkin_skip_building_tests': False, 'cmake_args': None, 'cmake_clean_cache': False, 'cmake_clean_first': False, 'cmake_force_configure': False, 'cmake_target': None, 'cmake_target_skip_unavailable': False, 'install_base': '/home/hrs2025/20260121/install/ainex_social_robot', 'merge_install': False, 'path': '/home/hrs2025/20260121/src/ainex_social_robot', 'symlink_install': True, 'test_result_base': None}
[0.311s] Level 5:colcon.colcon_core.verb:set package 'ainex_controller' build argument 'cmake_args' from command line to 'None'
[0.311s] Level 5:colcon.colcon_core.verb:set package 'ainex_controller' build argument 'cmake_target' from command line to 'None'
[0.311s] Level 5:colcon.colcon_core.verb:set package 'ainex_controller' build argument 'cmake_target_skip_unavailable' from command line to 'False'
[0.311s] Level 5:colcon.colcon_core.verb:set package 'ainex_controller' build argument 'cmake_clean_cache' from command line to 'False'
[0.311s] Level 5:colcon.colcon_core.verb:set package 'ainex_controller' build argument 'cmake_clean_first' from command line to 'False'
[0.312s] Level 5:colcon.colcon_core.verb:set package 'ainex_controller' build argument 'cmake_force_configure' from command line to 'False'
[0.312s] Level 5:colcon.colcon_core.verb:set package 'ainex_controller' build argument 'ament_cmake_args' from command line to 'None'
[0.312s] Level 5:colcon.colcon_core.verb:set package 'ainex_controller' build argument 'catkin_cmake_args' from command line to 'None'
[0.312s] Level 5:colcon.colcon_core.verb:set package 'ainex_controller' build argument 'catkin_skip_building_tests' from command line to 'False'
[0.312s] DEBUG:colcon.colcon_core.verb:Building package 'ainex_controller' with the following arguments: {'ament_cmake_args': None, 'build_base': '/home/hrs2025/20260121/build/ainex_controller', 'catkin_cmake_args': None, 'catkin_skip_building_tests': False, 'cmake_args': None, 'cmake_clean_cache': False, 'cmake_clean_first': False, 'cmake_force_configure': False, 'cmake_target': None, 'cmake_target_skip_unavailable': False, 'install_base': '/home/hrs2025/20260121/install/ainex_controller', 'merge_install': False, 'path': '/home/hrs2025/20260121/src/ainex_controller', 'symlink_install': True, 'test_result_base': None}
[0.312s] INFO:colcon.colcon_core.executor:Executing jobs using 'parallel' executor
[0.313s] DEBUG:colcon.colcon_parallel_executor.executor.parallel:run_until_complete
[0.313s] INFO:colcon.colcon_ros.task.ament_cmake.build:Building ROS package in '/home/hrs2025/20260121/src/servo_service' with build type 'ament_cmake'
[0.313s] INFO:colcon.colcon_cmake.task.cmake.build:Building CMake package in '/home/hrs2025/20260121/src/servo_service'
[0.317s] INFO:colcon.colcon_core.plugin_system:Skipping extension 'colcon_core.shell.bat': Not used on non-Windows systems
[0.317s] INFO:colcon.colcon_core.shell:Skip shell extension 'powershell' for command environment: Not usable outside of PowerShell
[0.317s] DEBUG:colcon.colcon_core.shell:Skip shell extension 'dsv' for command environment
[0.322s] INFO:colcon.colcon_ros.task.ament_python.build:Building ROS package in '/home/hrs2025/20260121/src/ainex_vision' with build type 'ament_python'
[0.322s] Level 1:colcon.colcon_core.shell:create_environment_hook('ainex_vision', 'ament_prefix_path')
[0.322s] INFO:colcon.colcon_core.shell:Creating environment hook '/home/hrs2025/20260121/install/ainex_vision/share/ainex_vision/hook/ament_prefix_path.ps1'
[0.323s] INFO:colcon.colcon_core.shell:Creating environment descriptor '/home/hrs2025/20260121/install/ainex_vision/share/ainex_vision/hook/ament_prefix_path.dsv'
[0.323s] INFO:colcon.colcon_core.shell:Creating environment hook '/home/hrs2025/20260121/install/ainex_vision/share/ainex_vision/hook/ament_prefix_path.sh'
[0.324s] INFO:colcon.colcon_core.shell:Skip shell extension 'powershell' for command environment: Not usable outside of PowerShell
[0.324s] DEBUG:colcon.colcon_core.shell:Skip shell extension 'dsv' for command environment
[0.330s] INFO:colcon.colcon_ros.task.ament_cmake.build:Building ROS package in '/home/hrs2025/20260121/src/ainex_description' with build type 'ament_cmake'
[0.330s] INFO:colcon.colcon_cmake.task.cmake.build:Building CMake package in '/home/hrs2025/20260121/src/ainex_description'
[0.331s] INFO:colcon.colcon_core.shell:Skip shell extension 'powershell' for command environment: Not usable outside of PowerShell
[0.331s] DEBUG:colcon.colcon_core.shell:Skip shell extension 'dsv' for command environment
[0.340s] DEBUG:colcon.colcon_core.event_handler.log_command:Invoking command in '/home/hrs2025/20260121/build/servo_service': CMAKE_PREFIX_PATH=${CMAKE_PREFIX_PATH}:/home/hrs2025/20260121/install/ainex_controller:/home/hrs2025/20260121/install/ainex_social_robot:/home/hrs2025/20260121/install/ainex_motion:/home/hrs2025/20260121/install/ainex_vision:/home/hrs2025/backup/20260121/install/ainex_controller:/home/hrs2025/backup/20260121/install/ainex_social_robot:/home/hrs2025/backup/20260121/install/ainex_motion:/home/hrs2025/backup/20260121/install/ainex_vision:/home/hrs2025/Workspace/install/ainex_controller:/home/hrs2025/Workspace/install/ainex_social_robot:/home/hrs2025/Workspace/install/ainex_motion:/home/hrs2025/Workspace/install/ainex_vision:/opt/ros/jazzy DEBUGINFOD_URLS=https://debuginfod.ubuntu.com /usr/bin/cmake --build /home/hrs2025/20260121/build/servo_service -- -j8 -l8
[0.589s] INFO:colcon.colcon_core.task.python.build:Building Python package in '/home/hrs2025/20260121/src/ainex_vision'
[0.589s] INFO:colcon.colcon_core.shell:Skip shell extension 'powershell' for command environment: Not usable outside of PowerShell
[0.589s] DEBUG:colcon.colcon_core.shell:Skip shell extension 'dsv' for command environment
[0.597s] DEBUG:colcon.colcon_core.event_handler.log_command:Invoking command in '/home/hrs2025/20260121/build/ainex_description': CMAKE_PREFIX_PATH=${CMAKE_PREFIX_PATH}:/home/hrs2025/20260121/install/ainex_controller:/home/hrs2025/20260121/install/ainex_social_robot:/home/hrs2025/20260121/install/ainex_motion:/home/hrs2025/20260121/install/ainex_vision:/home/hrs2025/backup/20260121/install/ainex_controller:/home/hrs2025/backup/20260121/install/ainex_social_robot:/home/hrs2025/backup/20260121/install/ainex_motion:/home/hrs2025/backup/20260121/install/ainex_vision:/home/hrs2025/Workspace/install/ainex_controller:/home/hrs2025/Workspace/install/ainex_social_robot:/home/hrs2025/Workspace/install/ainex_motion:/home/hrs2025/Workspace/install/ainex_vision:/opt/ros/jazzy DEBUGINFOD_URLS=https://debuginfod.ubuntu.com /usr/bin/cmake --build /home/hrs2025/20260121/build/ainex_description -- -j8 -l8
[0.640s] DEBUG:colcon.colcon_core.event_handler.log_command:Invoked command in '/home/hrs2025/20260121/build/ainex_description' returned '0': CMAKE_PREFIX_PATH=${CMAKE_PREFIX_PATH}:/home/hrs2025/20260121/install/ainex_controller:/home/hrs2025/20260121/install/ainex_social_robot:/home/hrs2025/20260121/install/ainex_motion:/home/hrs2025/20260121/install/ainex_vision:/home/hrs2025/backup/20260121/install/ainex_controller:/home/hrs2025/backup/20260121/install/ainex_social_robot:/home/hrs2025/backup/20260121/install/ainex_motion:/home/hrs2025/backup/20260121/install/ainex_vision:/home/hrs2025/Workspace/install/ainex_controller:/home/hrs2025/Workspace/install/ainex_social_robot:/home/hrs2025/Workspace/install/ainex_motion:/home/hrs2025/Workspace/install/ainex_vision:/opt/ros/jazzy DEBUGINFOD_URLS=https://debuginfod.ubuntu.com /usr/bin/cmake --build /home/hrs2025/20260121/build/ainex_description -- -j8 -l8
[0.652s] DEBUG:colcon.colcon_core.event_handler.log_command:Invoking command in '/home/hrs2025/20260121/build/ainex_description': CMAKE_PREFIX_PATH=${CMAKE_PREFIX_PATH}:/home/hrs2025/20260121/install/ainex_controller:/home/hrs2025/20260121/install/ainex_social_robot:/home/hrs2025/20260121/install/ainex_motion:/home/hrs2025/20260121/install/ainex_vision:/home/hrs2025/backup/20260121/install/ainex_controller:/home/hrs2025/backup/20260121/install/ainex_social_robot:/home/hrs2025/backup/20260121/install/ainex_motion:/home/hrs2025/backup/20260121/install/ainex_vision:/home/hrs2025/Workspace/install/ainex_controller:/home/hrs2025/Workspace/install/ainex_social_robot:/home/hrs2025/Workspace/install/ainex_motion:/home/hrs2025/Workspace/install/ainex_vision:/opt/ros/jazzy DEBUGINFOD_URLS=https://debuginfod.ubuntu.com /usr/bin/cmake --install /home/hrs2025/20260121/build/ainex_description
[0.684s] Level 1:colcon.colcon_core.environment:create_environment_scripts_only(ainex_description)
[0.684s] DEBUG:colcon.colcon_core.event_handler.log_command:Invoked command in '/home/hrs2025/20260121/build/ainex_description' returned '0': CMAKE_PREFIX_PATH=${CMAKE_PREFIX_PATH}:/home/hrs2025/20260121/install/ainex_controller:/home/hrs2025/20260121/install/ainex_social_robot:/home/hrs2025/20260121/install/ainex_motion:/home/hrs2025/20260121/install/ainex_vision:/home/hrs2025/backup/20260121/install/ainex_controller:/home/hrs2025/backup/20260121/install/ainex_social_robot:/home/hrs2025/backup/20260121/install/ainex_motion:/home/hrs2025/backup/20260121/install/ainex_vision:/home/hrs2025/Workspace/install/ainex_controller:/home/hrs2025/Workspace/install/ainex_social_robot:/home/hrs2025/Workspace/install/ainex_motion:/home/hrs2025/Workspace/install/ainex_vision:/opt/ros/jazzy DEBUGINFOD_URLS=https://debuginfod.ubuntu.com /usr/bin/cmake --install /home/hrs2025/20260121/build/ainex_description
[0.689s] Level 1:colcon.colcon_core.environment:checking '/home/hrs2025/20260121/install/ainex_description' for CMake module files
[0.690s] Level 1:colcon.colcon_core.environment:checking '/home/hrs2025/20260121/install/ainex_description' for CMake config files
[0.691s] Level 1:colcon.colcon_core.shell:create_environment_hook('ainex_description', 'cmake_prefix_path')
[0.691s] INFO:colcon.colcon_core.shell:Creating environment hook '/home/hrs2025/20260121/install/ainex_description/share/ainex_description/hook/cmake_prefix_path.ps1'
[0.692s] INFO:colcon.colcon_core.shell:Creating environment descriptor '/home/hrs2025/20260121/install/ainex_description/share/ainex_description/hook/cmake_prefix_path.dsv'
[0.692s] INFO:colcon.colcon_core.shell:Creating environment hook '/home/hrs2025/20260121/install/ainex_description/share/ainex_description/hook/cmake_prefix_path.sh'
[0.693s] Level 1:colcon.colcon_core.environment:checking '/home/hrs2025/20260121/install/ainex_description/bin'
[0.693s] Level 1:colcon.colcon_core.environment:checking '/home/hrs2025/20260121/install/ainex_description/lib/pkgconfig/ainex_description.pc'
[0.693s] Level 1:colcon.colcon_core.environment:checking '/home/hrs2025/20260121/install/ainex_description/lib/python3.12/site-packages'
[0.694s] Level 1:colcon.colcon_core.environment:checking '/home/hrs2025/20260121/install/ainex_description/bin'
[0.694s] INFO:colcon.colcon_core.shell:Creating package script '/home/hrs2025/20260121/install/ainex_description/share/ainex_description/package.ps1'
[0.695s] INFO:colcon.colcon_core.shell:Creating package descriptor '/home/hrs2025/20260121/install/ainex_description/share/ainex_description/package.dsv'
[0.696s] INFO:colcon.colcon_core.shell:Creating package script '/home/hrs2025/20260121/install/ainex_description/share/ainex_description/package.sh'
[0.697s] INFO:colcon.colcon_core.shell:Creating package script '/home/hrs2025/20260121/install/ainex_description/share/ainex_description/package.bash'
[0.698s] INFO:colcon.colcon_core.shell:Creating package script '/home/hrs2025/20260121/install/ainex_description/share/ainex_description/package.zsh'
[0.699s] Level 1:colcon.colcon_core.environment:create_file_with_runtime_dependencies(/home/hrs2025/20260121/install/ainex_description/share/colcon-core/packages/ainex_description)
[0.700s] Level 1:colcon.colcon_core.environment:create_environment_scripts_only(ainex_description)
[0.700s] Level 1:colcon.colcon_core.environment:checking '/home/hrs2025/20260121/install/ainex_description' for CMake module files
[0.700s] Level 1:colcon.colcon_core.environment:checking '/home/hrs2025/20260121/install/ainex_description' for CMake config files
[0.700s] Level 1:colcon.colcon_core.shell:create_environment_hook('ainex_description', 'cmake_prefix_path')
[0.701s] INFO:colcon.colcon_core.shell:Creating environment hook '/home/hrs2025/20260121/install/ainex_description/share/ainex_description/hook/cmake_prefix_path.ps1'
[0.701s] INFO:colcon.colcon_core.shell:Creating environment descriptor '/home/hrs2025/20260121/install/ainex_description/share/ainex_description/hook/cmake_prefix_path.dsv'
[0.701s] INFO:colcon.colcon_core.shell:Creating environment hook '/home/hrs2025/20260121/install/ainex_description/share/ainex_description/hook/cmake_prefix_path.sh'
[0.702s] Level 1:colcon.colcon_core.environment:checking '/home/hrs2025/20260121/install/ainex_description/bin'
[0.702s] Level 1:colcon.colcon_core.environment:checking '/home/hrs2025/20260121/install/ainex_description/lib/pkgconfig/ainex_description.pc'
[0.702s] Level 1:colcon.colcon_core.environment:checking '/home/hrs2025/20260121/install/ainex_description/lib/python3.12/site-packages'
[0.702s] Level 1:colcon.colcon_core.environment:checking '/home/hrs2025/20260121/install/ainex_description/bin'
[0.703s] INFO:colcon.colcon_core.shell:Creating package script '/home/hrs2025/20260121/install/ainex_description/share/ainex_description/package.ps1'
[0.703s] INFO:colcon.colcon_core.shell:Creating package descriptor '/home/hrs2025/20260121/install/ainex_description/share/ainex_description/package.dsv'
[0.704s] INFO:colcon.colcon_core.shell:Creating package script '/home/hrs2025/20260121/install/ainex_description/share/ainex_description/package.sh'
[0.704s] INFO:colcon.colcon_core.shell:Creating package script '/home/hrs2025/20260121/install/ainex_description/share/ainex_description/package.bash'
[0.704s] INFO:colcon.colcon_core.shell:Creating package script '/home/hrs2025/20260121/install/ainex_description/share/ainex_description/package.zsh'
[0.705s] Level 1:colcon.colcon_core.environment:create_file_with_runtime_dependencies(/home/hrs2025/20260121/install/ainex_description/share/colcon-core/packages/ainex_description)
[1.325s] DEBUG:colcon.colcon_core.event_handler.log_command:Invoked command in '/home/hrs2025/20260121/build/servo_service' returned '0': CMAKE_PREFIX_PATH=${CMAKE_PREFIX_PATH}:/home/hrs2025/20260121/install/ainex_controller:/home/hrs2025/20260121/install/ainex_social_robot:/home/hrs2025/20260121/install/ainex_motion:/home/hrs2025/20260121/install/ainex_vision:/home/hrs2025/backup/20260121/install/ainex_controller:/home/hrs2025/backup/20260121/install/ainex_social_robot:/home/hrs2025/backup/20260121/install/ainex_motion:/home/hrs2025/backup/20260121/install/ainex_vision:/home/hrs2025/Workspace/install/ainex_controller:/home/hrs2025/Workspace/install/ainex_social_robot:/home/hrs2025/Workspace/install/ainex_motion:/home/hrs2025/Workspace/install/ainex_vision:/opt/ros/jazzy DEBUGINFOD_URLS=https://debuginfod.ubuntu.com /usr/bin/cmake --build /home/hrs2025/20260121/build/servo_service -- -j8 -l8
[1.327s] DEBUG:colcon.colcon_core.event_handler.log_command:Invoking command in '/home/hrs2025/20260121/build/servo_service': CMAKE_PREFIX_PATH=${CMAKE_PREFIX_PATH}:/home/hrs2025/20260121/install/ainex_controller:/home/hrs2025/20260121/install/ainex_social_robot:/home/hrs2025/20260121/install/ainex_motion:/home/hrs2025/20260121/install/ainex_vision:/home/hrs2025/backup/20260121/install/ainex_controller:/home/hrs2025/backup/20260121/install/ainex_social_robot:/home/hrs2025/backup/20260121/install/ainex_motion:/home/hrs2025/backup/20260121/install/ainex_vision:/home/hrs2025/Workspace/install/ainex_controller:/home/hrs2025/Workspace/install/ainex_social_robot:/home/hrs2025/Workspace/install/ainex_motion:/home/hrs2025/Workspace/install/ainex_vision:/opt/ros/jazzy DEBUGINFOD_URLS=https://debuginfod.ubuntu.com /usr/bin/cmake --install /home/hrs2025/20260121/build/servo_service
[1.501s] Level 1:colcon.colcon_core.environment:create_environment_scripts_only(servo_service)
[1.502s] Level 1:colcon.colcon_core.environment:checking '/home/hrs2025/20260121/install/servo_service' for CMake module files
[1.502s] DEBUG:colcon.colcon_core.event_handler.log_command:Invoked command in '/home/hrs2025/20260121/build/servo_service' returned '0': CMAKE_PREFIX_PATH=${CMAKE_PREFIX_PATH}:/home/hrs2025/20260121/install/ainex_controller:/home/hrs2025/20260121/install/ainex_social_robot:/home/hrs2025/20260121/install/ainex_motion:/home/hrs2025/20260121/install/ainex_vision:/home/hrs2025/backup/20260121/install/ainex_controller:/home/hrs2025/backup/20260121/install/ainex_social_robot:/home/hrs2025/backup/20260121/install/ainex_motion:/home/hrs2025/backup/20260121/install/ainex_vision:/home/hrs2025/Workspace/install/ainex_controller:/home/hrs2025/Workspace/install/ainex_social_robot:/home/hrs2025/Workspace/install/ainex_motion:/home/hrs2025/Workspace/install/ainex_vision:/opt/ros/jazzy DEBUGINFOD_URLS=https://debuginfod.ubuntu.com /usr/bin/cmake --install /home/hrs2025/20260121/build/servo_service
[1.503s] Level 1:colcon.colcon_core.environment:checking '/home/hrs2025/20260121/install/servo_service' for CMake config files
[1.503s] Level 1:colcon.colcon_core.shell:create_environment_hook('servo_service', 'cmake_prefix_path')
[1.504s] INFO:colcon.colcon_core.shell:Creating environment hook '/home/hrs2025/20260121/install/servo_service/share/servo_service/hook/cmake_prefix_path.ps1'
[1.504s] INFO:colcon.colcon_core.shell:Creating environment descriptor '/home/hrs2025/20260121/install/servo_service/share/servo_service/hook/cmake_prefix_path.dsv'
[1.505s] INFO:colcon.colcon_core.shell:Creating environment hook '/home/hrs2025/20260121/install/servo_service/share/servo_service/hook/cmake_prefix_path.sh'
[1.505s] Level 1:colcon.colcon_core.environment:checking '/home/hrs2025/20260121/install/servo_service/lib'
[1.506s] Level 1:colcon.colcon_core.shell:create_environment_hook('servo_service', 'ld_library_path_lib')
[1.506s] INFO:colcon.colcon_core.shell:Creating environment hook '/home/hrs2025/20260121/install/servo_service/share/servo_service/hook/ld_library_path_lib.ps1'
[1.506s] INFO:colcon.colcon_core.shell:Creating environment descriptor '/home/hrs2025/20260121/install/servo_service/share/servo_service/hook/ld_library_path_lib.dsv'
[1.507s] INFO:colcon.colcon_core.shell:Creating environment hook '/home/hrs2025/20260121/install/servo_service/share/servo_service/hook/ld_library_path_lib.sh'
[1.507s] Level 1:colcon.colcon_core.environment:checking '/home/hrs2025/20260121/install/servo_service/bin'
[1.507s] Level 1:colcon.colcon_core.environment:checking '/home/hrs2025/20260121/install/servo_service/lib/pkgconfig/servo_service.pc'
[1.508s] Level 1:colcon.colcon_core.environment:checking '/home/hrs2025/20260121/install/servo_service/lib/python3.12/site-packages'
[1.508s] Level 1:colcon.colcon_core.shell:create_environment_hook('servo_service', 'pythonpath')
[1.508s] INFO:colcon.colcon_core.shell:Creating environment hook '/home/hrs2025/20260121/install/servo_service/share/servo_service/hook/pythonpath.ps1'
[1.508s] INFO:colcon.colcon_core.shell:Creating environment descriptor '/home/hrs2025/20260121/install/servo_service/share/servo_service/hook/pythonpath.dsv'
[1.509s] INFO:colcon.colcon_core.shell:Creating environment hook '/home/hrs2025/20260121/install/servo_service/share/servo_service/hook/pythonpath.sh'
[1.510s] Level 1:colcon.colcon_core.environment:checking '/home/hrs2025/20260121/install/servo_service/bin'
[1.510s] INFO:colcon.colcon_core.shell:Creating package script '/home/hrs2025/20260121/install/servo_service/share/servo_service/package.ps1'
[1.511s] INFO:colcon.colcon_core.shell:Creating package descriptor '/home/hrs2025/20260121/install/servo_service/share/servo_service/package.dsv'
[1.512s] INFO:colcon.colcon_core.shell:Creating package script '/home/hrs2025/20260121/install/servo_service/share/servo_service/package.sh'
[1.512s] INFO:colcon.colcon_core.shell:Creating package script '/home/hrs2025/20260121/install/servo_service/share/servo_service/package.bash'
[1.513s] INFO:colcon.colcon_core.shell:Creating package script '/home/hrs2025/20260121/install/servo_service/share/servo_service/package.zsh'
[1.513s] Level 1:colcon.colcon_core.environment:create_file_with_runtime_dependencies(/home/hrs2025/20260121/install/servo_service/share/colcon-core/packages/servo_service)
[1.514s] Level 1:colcon.colcon_core.environment:create_environment_scripts_only(servo_service)
[1.514s] Level 1:colcon.colcon_core.environment:checking '/home/hrs2025/20260121/install/servo_service' for CMake module files
[1.515s] Level 1:colcon.colcon_core.environment:checking '/home/hrs2025/20260121/install/servo_service' for CMake config files
[1.516s] Level 1:colcon.colcon_core.shell:create_environment_hook('servo_service', 'cmake_prefix_path')
[1.517s] INFO:colcon.colcon_core.shell:Creating environment hook '/home/hrs2025/20260121/install/servo_service/share/servo_service/hook/cmake_prefix_path.ps1'
[1.517s] INFO:colcon.colcon_core.shell:Creating environment descriptor '/home/hrs2025/20260121/install/servo_service/share/servo_service/hook/cmake_prefix_path.dsv'
[1.518s] INFO:colcon.colcon_core.shell:Creating environment hook '/home/hrs2025/20260121/install/servo_service/share/servo_service/hook/cmake_prefix_path.sh'
[1.518s] Level 1:colcon.colcon_core.environment:checking '/home/hrs2025/20260121/install/servo_service/lib'
[1.518s] Level 1:colcon.colcon_core.shell:create_environment_hook('servo_service', 'ld_library_path_lib')
[1.519s] INFO:colcon.colcon_core.shell:Creating environment hook '/home/hrs2025/20260121/install/servo_service/share/servo_service/hook/ld_library_path_lib.ps1'
[1.519s] INFO:colcon.colcon_core.shell:Creating environment descriptor '/home/hrs2025/20260121/install/servo_service/share/servo_service/hook/ld_library_path_lib.dsv'
[1.519s] INFO:colcon.colcon_core.shell:Creating environment hook '/home/hrs2025/20260121/install/servo_service/share/servo_service/hook/ld_library_path_lib.sh'
[1.520s] Level 1:colcon.colcon_core.environment:checking '/home/hrs2025/20260121/install/servo_service/bin'
[1.520s] Level 1:colcon.colcon_core.environment:checking '/home/hrs2025/20260121/install/servo_service/lib/pkgconfig/servo_service.pc'
[1.520s] Level 1:colcon.colcon_core.environment:checking '/home/hrs2025/20260121/install/servo_service/lib/python3.12/site-packages'
[1.520s] Level 1:colcon.colcon_core.shell:create_environment_hook('servo_service', 'pythonpath')
[1.521s] INFO:colcon.colcon_core.shell:Creating environment hook '/home/hrs2025/20260121/install/servo_service/share/servo_service/hook/pythonpath.ps1'
[1.521s] INFO:colcon.colcon_core.shell:Creating environment descriptor '/home/hrs2025/20260121/install/servo_service/share/servo_service/hook/pythonpath.dsv'
[1.521s] INFO:colcon.colcon_core.shell:Creating environment hook '/home/hrs2025/20260121/install/servo_service/share/servo_service/hook/pythonpath.sh'
[1.522s] Level 1:colcon.colcon_core.environment:checking '/home/hrs2025/20260121/install/servo_service/bin'
[1.522s] INFO:colcon.colcon_core.shell:Creating package script '/home/hrs2025/20260121/install/servo_service/share/servo_service/package.ps1'
[1.523s] INFO:colcon.colcon_core.shell:Creating package descriptor '/home/hrs2025/20260121/install/servo_service/share/servo_service/package.dsv'
[1.524s] INFO:colcon.colcon_core.shell:Creating package script '/home/hrs2025/20260121/install/servo_service/share/servo_service/package.sh'
[1.525s] INFO:colcon.colcon_core.shell:Creating package script '/home/hrs2025/20260121/install/servo_service/share/servo_service/package.bash'
[1.525s] INFO:colcon.colcon_core.shell:Creating package script '/home/hrs2025/20260121/install/servo_service/share/servo_service/package.zsh'
[1.526s] Level 1:colcon.colcon_core.environment:create_file_with_runtime_dependencies(/home/hrs2025/20260121/install/servo_service/share/colcon-core/packages/servo_service)
[1.526s] INFO:colcon.colcon_ros.task.ament_python.build:Building ROS package in '/home/hrs2025/20260121/src/ainex_motion' with build type 'ament_python'
[1.526s] Level 1:colcon.colcon_core.shell:create_environment_hook('ainex_motion', 'ament_prefix_path')
[1.527s] INFO:colcon.colcon_core.shell:Creating environment hook '/home/hrs2025/20260121/install/ainex_motion/share/ainex_motion/hook/ament_prefix_path.ps1'
[1.528s] INFO:colcon.colcon_core.shell:Creating environment descriptor '/home/hrs2025/20260121/install/ainex_motion/share/ainex_motion/hook/ament_prefix_path.dsv'
[1.528s] INFO:colcon.colcon_core.shell:Creating environment hook '/home/hrs2025/20260121/install/ainex_motion/share/ainex_motion/hook/ament_prefix_path.sh'
[1.529s] INFO:colcon.colcon_core.shell:Skip shell extension 'powershell' for command environment: Not usable outside of PowerShell
[1.529s] DEBUG:colcon.colcon_core.shell:Skip shell extension 'dsv' for command environment
[1.881s] INFO:colcon.colcon_core.task.python.build:Building Python package in '/home/hrs2025/20260121/src/ainex_motion'
[1.881s] INFO:colcon.colcon_core.shell:Skip shell extension 'powershell' for command environment: Not usable outside of PowerShell
[1.881s] DEBUG:colcon.colcon_core.shell:Skip shell extension 'dsv' for command environment
[1.888s] DEBUG:colcon.colcon_core.event_handler.log_command:Invoking command in '/home/hrs2025/20260121/build/ainex_vision': DEBUGINFOD_URLS=https://debuginfod.ubuntu.com PYTHONPATH=/home/hrs2025/20260121/build/ainex_vision/prefix_override:/usr/lib/python3/dist-packages/colcon_core/task/python/colcon_distutils_commands:/home/hrs2025/20260121/install/ainex_vision/lib/python3.12/site-packages:${PYTHONPATH} /usr/bin/python3 -W ignore:setup.py install is deprecated -W ignore:easy_install command is deprecated setup.py develop --editable --build-directory /home/hrs2025/20260121/build/ainex_vision/build --no-deps symlink_data
[2.768s] DEBUG:colcon.colcon_core.event_handler.log_command:Invoking command in '/home/hrs2025/20260121/build/ainex_motion': DEBUGINFOD_URLS=https://debuginfod.ubuntu.com PYTHONPATH=/home/hrs2025/20260121/build/ainex_motion/prefix_override:/usr/lib/python3/dist-packages/colcon_core/task/python/colcon_distutils_commands:/home/hrs2025/20260121/install/ainex_motion/lib/python3.12/site-packages:/home/hrs2025/20260121/install/servo_service/lib/python3.12/site-packages:/home/hrs2025/20260121/build/ainex_controller:/home/hrs2025/20260121/install/ainex_controller/lib/python3.12/site-packages:/home/hrs2025/20260121/build/ainex_social_robot:/home/hrs2025/20260121/install/ainex_social_robot/lib/python3.12/site-packages:/home/hrs2025/20260121/build/ainex_motion:/home/hrs2025/20260121/install/ainex_motion/lib/python3.12/site-packages:/home/hrs2025/20260121/build/ainex_vision:/home/hrs2025/20260121/install/ainex_vision/lib/python3.12/site-packages:/home/hrs2025/backup/20260121/install/ainex_controller/lib/python3.12/site-packages:/home/hrs2025/backup/20260121/install/ainex_social_robot/lib/python3.12/site-packages:/home/hrs2025/backup/20260121/install/ainex_motion/lib/python3.12/site-packages:/home/hrs2025/backup/20260121/install/servo_service/lib/python3.12/site-packages:/home/hrs2025/backup/20260121/install/ainex_vision/lib/python3.12/site-packages:/home/hrs2025/Workspace/build/ainex_controller:/home/hrs2025/Workspace/install/ainex_controller/lib/python3.12/site-packages:/home/hrs2025/Workspace/build/ainex_social_robot:/home/hrs2025/Workspace/install/ainex_social_robot/lib/python3.12/site-packages:/home/hrs2025/Workspace/build/ainex_motion:/home/hrs2025/Workspace/install/ainex_motion/lib/python3.12/site-packages:/home/hrs2025/Workspace/install/servo_service/lib/python3.12/site-packages:/home/hrs2025/Workspace/build/ainex_vision:/home/hrs2025/Workspace/install/ainex_vision/lib/python3.12/site-packages:/opt/openrobots/lib/python3.12/site-packages:/opt/ros/jazzy/lib/python3.12/site-packages:/home/hrs2025/my_venv/lib/python3.12/site-packages /usr/bin/python3 -W ignore:setup.py install is deprecated -W ignore:easy_install command is deprecated setup.py develop --editable --build-directory /home/hrs2025/20260121/build/ainex_motion/build --no-deps symlink_data
[2.922s] Level 1:colcon.colcon_core.shell:create_environment_hook('ainex_vision', 'pythonpath_develop')
[2.923s] INFO:colcon.colcon_core.shell:Creating environment hook '/home/hrs2025/20260121/build/ainex_vision/share/ainex_vision/hook/pythonpath_develop.ps1'
[2.923s] DEBUG:colcon.colcon_core.event_handler.log_command:Invoked command in '/home/hrs2025/20260121/build/ainex_vision' returned '0': DEBUGINFOD_URLS=https://debuginfod.ubuntu.com PYTHONPATH=/home/hrs2025/20260121/build/ainex_vision/prefix_override:/usr/lib/python3/dist-packages/colcon_core/task/python/colcon_distutils_commands:/home/hrs2025/20260121/install/ainex_vision/lib/python3.12/site-packages:${PYTHONPATH} /usr/bin/python3 -W ignore:setup.py install is deprecated -W ignore:easy_install command is deprecated setup.py develop --editable --build-directory /home/hrs2025/20260121/build/ainex_vision/build --no-deps symlink_data
[2.924s] INFO:colcon.colcon_core.shell:Creating environment descriptor '/home/hrs2025/20260121/build/ainex_vision/share/ainex_vision/hook/pythonpath_develop.dsv'
[2.924s] INFO:colcon.colcon_core.shell:Creating environment hook '/home/hrs2025/20260121/build/ainex_vision/share/ainex_vision/hook/pythonpath_develop.sh'
[2.925s] Level 1:colcon.colcon_core.environment:checking '/home/hrs2025/20260121/install/ainex_vision' for CMake module files
[2.925s] Level 1:colcon.colcon_core.environment:checking '/home/hrs2025/20260121/install/ainex_vision' for CMake config files
[2.926s] Level 1:colcon.colcon_core.environment:checking '/home/hrs2025/20260121/install/ainex_vision/lib'
[2.926s] Level 1:colcon.colcon_core.environment:checking '/home/hrs2025/20260121/install/ainex_vision/bin'
[2.926s] Level 1:colcon.colcon_core.environment:checking '/home/hrs2025/20260121/install/ainex_vision/lib/pkgconfig/ainex_vision.pc'
[2.926s] Level 1:colcon.colcon_core.environment:checking '/home/hrs2025/20260121/install/ainex_vision/lib/python3.12/site-packages'
[2.927s] Level 1:colcon.colcon_core.shell:create_environment_hook('ainex_vision', 'pythonpath')
[2.927s] INFO:colcon.colcon_core.shell:Creating environment hook '/home/hrs2025/20260121/install/ainex_vision/share/ainex_vision/hook/pythonpath.ps1'
[2.927s] INFO:colcon.colcon_core.shell:Creating environment descriptor '/home/hrs2025/20260121/install/ainex_vision/share/ainex_vision/hook/pythonpath.dsv'
[2.928s] INFO:colcon.colcon_core.shell:Creating environment hook '/home/hrs2025/20260121/install/ainex_vision/share/ainex_vision/hook/pythonpath.sh'
[2.928s] Level 1:colcon.colcon_core.environment:checking '/home/hrs2025/20260121/install/ainex_vision/bin'
[2.928s] Level 1:colcon.colcon_core.environment:create_environment_scripts_only(ainex_vision)
[2.928s] INFO:colcon.colcon_core.shell:Creating package script '/home/hrs2025/20260121/install/ainex_vision/share/ainex_vision/package.ps1'
[2.929s] INFO:colcon.colcon_core.shell:Creating package descriptor '/home/hrs2025/20260121/install/ainex_vision/share/ainex_vision/package.dsv'
[2.929s] INFO:colcon.colcon_core.shell:Creating package script '/home/hrs2025/20260121/install/ainex_vision/share/ainex_vision/package.sh'
[2.930s] INFO:colcon.colcon_core.shell:Creating package script '/home/hrs2025/20260121/install/ainex_vision/share/ainex_vision/package.bash'
[2.930s] INFO:colcon.colcon_core.shell:Creating package script '/home/hrs2025/20260121/install/ainex_vision/share/ainex_vision/package.zsh'
[2.930s] Level 1:colcon.colcon_core.environment:create_file_with_runtime_dependencies(/home/hrs2025/20260121/install/ainex_vision/share/colcon-core/packages/ainex_vision)
[3.710s] Level 1:colcon.colcon_core.shell:create_environment_hook('ainex_motion', 'pythonpath_develop')
[3.711s] INFO:colcon.colcon_core.shell:Creating environment hook '/home/hrs2025/20260121/build/ainex_motion/share/ainex_motion/hook/pythonpath_develop.ps1'
[3.711s] DEBUG:colcon.colcon_core.event_handler.log_command:Invoked command in '/home/hrs2025/20260121/build/ainex_motion' returned '0': DEBUGINFOD_URLS=https://debuginfod.ubuntu.com PYTHONPATH=/home/hrs2025/20260121/build/ainex_motion/prefix_override:/usr/lib/python3/dist-packages/colcon_core/task/python/colcon_distutils_commands:/home/hrs2025/20260121/install/ainex_motion/lib/python3.12/site-packages:/home/hrs2025/20260121/install/servo_service/lib/python3.12/site-packages:/home/hrs2025/20260121/build/ainex_controller:/home/hrs2025/20260121/install/ainex_controller/lib/python3.12/site-packages:/home/hrs2025/20260121/build/ainex_social_robot:/home/hrs2025/20260121/install/ainex_social_robot/lib/python3.12/site-packages:/home/hrs2025/20260121/build/ainex_motion:/home/hrs2025/20260121/install/ainex_motion/lib/python3.12/site-packages:/home/hrs2025/20260121/build/ainex_vision:/home/hrs2025/20260121/install/ainex_vision/lib/python3.12/site-packages:/home/hrs2025/backup/20260121/install/ainex_controller/lib/python3.12/site-packages:/home/hrs2025/backup/20260121/install/ainex_social_robot/lib/python3.12/site-packages:/home/hrs2025/backup/20260121/install/ainex_motion/lib/python3.12/site-packages:/home/hrs2025/backup/20260121/install/servo_service/lib/python3.12/site-packages:/home/hrs2025/backup/20260121/install/ainex_vision/lib/python3.12/site-packages:/home/hrs2025/Workspace/build/ainex_controller:/home/hrs2025/Workspace/install/ainex_controller/lib/python3.12/site-packages:/home/hrs2025/Workspace/build/ainex_social_robot:/home/hrs2025/Workspace/install/ainex_social_robot/lib/python3.12/site-packages:/home/hrs2025/Workspace/build/ainex_motion:/home/hrs2025/Workspace/install/ainex_motion/lib/python3.12/site-packages:/home/hrs2025/Workspace/install/servo_service/lib/python3.12/site-packages:/home/hrs2025/Workspace/build/ainex_vision:/home/hrs2025/Workspace/install/ainex_vision/lib/python3.12/site-packages:/opt/openrobots/lib/python3.12/site-packages:/opt/ros/jazzy/lib/python3.12/site-packages:/home/hrs2025/my_venv/lib/python3.12/site-packages /usr/bin/python3 -W ignore:setup.py install is deprecated -W ignore:easy_install command is deprecated setup.py develop --editable --build-directory /home/hrs2025/20260121/build/ainex_motion/build --no-deps symlink_data
[3.711s] INFO:colcon.colcon_core.shell:Creating environment descriptor '/home/hrs2025/20260121/build/ainex_motion/share/ainex_motion/hook/pythonpath_develop.dsv'
[3.712s] INFO:colcon.colcon_core.shell:Creating environment hook '/home/hrs2025/20260121/build/ainex_motion/share/ainex_motion/hook/pythonpath_develop.sh'
[3.713s] Level 1:colcon.colcon_core.environment:checking '/home/hrs2025/20260121/install/ainex_motion' for CMake module files
[3.713s] Level 1:colcon.colcon_core.environment:checking '/home/hrs2025/20260121/install/ainex_motion' for CMake config files
[3.714s] Level 1:colcon.colcon_core.environment:checking '/home/hrs2025/20260121/install/ainex_motion/lib'
[3.714s] Level 1:colcon.colcon_core.environment:checking '/home/hrs2025/20260121/install/ainex_motion/bin'
[3.714s] Level 1:colcon.colcon_core.environment:checking '/home/hrs2025/20260121/install/ainex_motion/lib/pkgconfig/ainex_motion.pc'
[3.714s] Level 1:colcon.colcon_core.environment:checking '/home/hrs2025/20260121/install/ainex_motion/lib/python3.12/site-packages'
[3.715s] Level 1:colcon.colcon_core.shell:create_environment_hook('ainex_motion', 'pythonpath')
[3.715s] INFO:colcon.colcon_core.shell:Creating environment hook '/home/hrs2025/20260121/install/ainex_motion/share/ainex_motion/hook/pythonpath.ps1'
[3.715s] INFO:colcon.colcon_core.shell:Creating environment descriptor '/home/hrs2025/20260121/install/ainex_motion/share/ainex_motion/hook/pythonpath.dsv'
[3.716s] INFO:colcon.colcon_core.shell:Creating environment hook '/home/hrs2025/20260121/install/ainex_motion/share/ainex_motion/hook/pythonpath.sh'
[3.717s] Level 1:colcon.colcon_core.environment:checking '/home/hrs2025/20260121/install/ainex_motion/bin'
[3.717s] Level 1:colcon.colcon_core.environment:create_environment_scripts_only(ainex_motion)
[3.717s] INFO:colcon.colcon_core.shell:Creating package script '/home/hrs2025/20260121/install/ainex_motion/share/ainex_motion/package.ps1'
[3.718s] INFO:colcon.colcon_core.shell:Creating package descriptor '/home/hrs2025/20260121/install/ainex_motion/share/ainex_motion/package.dsv'
[3.719s] INFO:colcon.colcon_core.shell:Creating package script '/home/hrs2025/20260121/install/ainex_motion/share/ainex_motion/package.sh'
[3.719s] INFO:colcon.colcon_core.shell:Creating package script '/home/hrs2025/20260121/install/ainex_motion/share/ainex_motion/package.bash'
[3.720s] INFO:colcon.colcon_core.shell:Creating package script '/home/hrs2025/20260121/install/ainex_motion/share/ainex_motion/package.zsh'
[3.720s] Level 1:colcon.colcon_core.environment:create_file_with_runtime_dependencies(/home/hrs2025/20260121/install/ainex_motion/share/colcon-core/packages/ainex_motion)
[3.720s] INFO:colcon.colcon_ros.task.ament_python.build:Building ROS package in '/home/hrs2025/20260121/src/ainex_social_robot' with build type 'ament_python'
[3.721s] Level 1:colcon.colcon_core.shell:create_environment_hook('ainex_social_robot', 'ament_prefix_path')
[3.721s] INFO:colcon.colcon_core.shell:Creating environment hook '/home/hrs2025/20260121/install/ainex_social_robot/share/ainex_social_robot/hook/ament_prefix_path.ps1'
[3.722s] INFO:colcon.colcon_core.shell:Creating environment descriptor '/home/hrs2025/20260121/install/ainex_social_robot/share/ainex_social_robot/hook/ament_prefix_path.dsv'
[3.722s] INFO:colcon.colcon_core.shell:Creating environment hook '/home/hrs2025/20260121/install/ainex_social_robot/share/ainex_social_robot/hook/ament_prefix_path.sh'
[3.723s] INFO:colcon.colcon_core.shell:Skip shell extension 'powershell' for command environment: Not usable outside of PowerShell
[3.723s] DEBUG:colcon.colcon_core.shell:Skip shell extension 'dsv' for command environment
[3.974s] INFO:colcon.colcon_core.task.python.build:Building Python package in '/home/hrs2025/20260121/src/ainex_social_robot'
[3.974s] INFO:colcon.colcon_core.shell:Skip shell extension 'powershell' for command environment: Not usable outside of PowerShell
[3.974s] DEBUG:colcon.colcon_core.shell:Skip shell extension 'dsv' for command environment
[4.641s] DEBUG:colcon.colcon_core.event_handler.log_command:Invoking command in '/home/hrs2025/20260121/build/ainex_social_robot': AMENT_PREFIX_PATH=/home/hrs2025/20260121/install/ainex_motion:/home/hrs2025/20260121/install/ainex_vision:/home/hrs2025/20260121/install/ainex_controller:/home/hrs2025/20260121/install/ainex_social_robot:/home/hrs2025/20260121/install/servo_service:/home/hrs2025/20260121/install/ainex_description:/home/hrs2025/backup/20260121/install/ainex_controller:/home/hrs2025/backup/20260121/install/ainex_social_robot:/home/hrs2025/backup/20260121/install/ainex_motion:/home/hrs2025/backup/20260121/install/servo_service:/home/hrs2025/backup/20260121/install/ainex_vision:/home/hrs2025/backup/20260121/install/ainex_description:/home/hrs2025/Workspace/install/ainex_controller:/home/hrs2025/Workspace/install/ainex_social_robot:/home/hrs2025/Workspace/install/ainex_motion:/home/hrs2025/Workspace/install/servo_service:/home/hrs2025/Workspace/install/ainex_vision:/home/hrs2025/Workspace/install/ainex_description:/opt/ros/jazzy DEBUGINFOD_URLS=https://debuginfod.ubuntu.com PYTHONPATH=/home/hrs2025/20260121/build/ainex_social_robot/prefix_override:/usr/lib/python3/dist-packages/colcon_core/task/python/colcon_distutils_commands:/home/hrs2025/20260121/install/ainex_social_robot/lib/python3.12/site-packages:/home/hrs2025/20260121/build/ainex_motion:/home/hrs2025/20260121/install/ainex_motion/lib/python3.12/site-packages:/home/hrs2025/20260121/install/servo_service/lib/python3.12/site-packages:/home/hrs2025/20260121/build/ainex_vision:/home/hrs2025/20260121/install/ainex_vision/lib/python3.12/site-packages:/home/hrs2025/20260121/build/ainex_controller:/home/hrs2025/20260121/install/ainex_controller/lib/python3.12/site-packages:/home/hrs2025/20260121/build/ainex_social_robot:/home/hrs2025/20260121/install/ainex_social_robot/lib/python3.12/site-packages:/home/hrs2025/backup/20260121/install/ainex_controller/lib/python3.12/site-packages:/home/hrs2025/backup/20260121/install/ainex_social_robot/lib/python3.12/site-packages:/home/hrs2025/backup/20260121/install/ainex_motion/lib/python3.12/site-packages:/home/hrs2025/backup/20260121/install/servo_service/lib/python3.12/site-packages:/home/hrs2025/backup/20260121/install/ainex_vision/lib/python3.12/site-packages:/home/hrs2025/Workspace/build/ainex_controller:/home/hrs2025/Workspace/install/ainex_controller/lib/python3.12/site-packages:/home/hrs2025/Workspace/build/ainex_social_robot:/home/hrs2025/Workspace/install/ainex_social_robot/lib/python3.12/site-packages:/home/hrs2025/Workspace/build/ainex_motion:/home/hrs2025/Workspace/install/ainex_motion/lib/python3.12/site-packages:/home/hrs2025/Workspace/install/servo_service/lib/python3.12/site-packages:/home/hrs2025/Workspace/build/ainex_vision:/home/hrs2025/Workspace/install/ainex_vision/lib/python3.12/site-packages:/opt/openrobots/lib/python3.12/site-packages:/opt/ros/jazzy/lib/python3.12/site-packages:/home/hrs2025/my_venv/lib/python3.12/site-packages /usr/bin/python3 -W ignore:setup.py install is deprecated -W ignore:easy_install command is deprecated setup.py develop --editable --build-directory /home/hrs2025/20260121/build/ainex_social_robot/build --no-deps symlink_data
[5.392s] Level 1:colcon.colcon_core.shell:create_environment_hook('ainex_social_robot', 'pythonpath_develop')
[5.392s] INFO:colcon.colcon_core.shell:Creating environment hook '/home/hrs2025/20260121/build/ainex_social_robot/share/ainex_social_robot/hook/pythonpath_develop.ps1'
[5.392s] DEBUG:colcon.colcon_core.event_handler.log_command:Invoked command in '/home/hrs2025/20260121/build/ainex_social_robot' returned '0': AMENT_PREFIX_PATH=/home/hrs2025/20260121/install/ainex_motion:/home/hrs2025/20260121/install/ainex_vision:/home/hrs2025/20260121/install/ainex_controller:/home/hrs2025/20260121/install/ainex_social_robot:/home/hrs2025/20260121/install/servo_service:/home/hrs2025/20260121/install/ainex_description:/home/hrs2025/backup/20260121/install/ainex_controller:/home/hrs2025/backup/20260121/install/ainex_social_robot:/home/hrs2025/backup/20260121/install/ainex_motion:/home/hrs2025/backup/20260121/install/servo_service:/home/hrs2025/backup/20260121/install/ainex_vision:/home/hrs2025/backup/20260121/install/ainex_description:/home/hrs2025/Workspace/install/ainex_controller:/home/hrs2025/Workspace/install/ainex_social_robot:/home/hrs2025/Workspace/install/ainex_motion:/home/hrs2025/Workspace/install/servo_service:/home/hrs2025/Workspace/install/ainex_vision:/home/hrs2025/Workspace/install/ainex_description:/opt/ros/jazzy DEBUGINFOD_URLS=https://debuginfod.ubuntu.com PYTHONPATH=/home/hrs2025/20260121/build/ainex_social_robot/prefix_override:/usr/lib/python3/dist-packages/colcon_core/task/python/colcon_distutils_commands:/home/hrs2025/20260121/install/ainex_social_robot/lib/python3.12/site-packages:/home/hrs2025/20260121/build/ainex_motion:/home/hrs2025/20260121/install/ainex_motion/lib/python3.12/site-packages:/home/hrs2025/20260121/install/servo_service/lib/python3.12/site-packages:/home/hrs2025/20260121/build/ainex_vision:/home/hrs2025/20260121/install/ainex_vision/lib/python3.12/site-packages:/home/hrs2025/20260121/build/ainex_controller:/home/hrs2025/20260121/install/ainex_controller/lib/python3.12/site-packages:/home/hrs2025/20260121/build/ainex_social_robot:/home/hrs2025/20260121/install/ainex_social_robot/lib/python3.12/site-packages:/home/hrs2025/backup/20260121/install/ainex_controller/lib/python3.12/site-packages:/home/hrs2025/backup/20260121/install/ainex_social_robot/lib/python3.12/site-packages:/home/hrs2025/backup/20260121/install/ainex_motion/lib/python3.12/site-packages:/home/hrs2025/backup/20260121/install/servo_service/lib/python3.12/site-packages:/home/hrs2025/backup/20260121/install/ainex_vision/lib/python3.12/site-packages:/home/hrs2025/Workspace/build/ainex_controller:/home/hrs2025/Workspace/install/ainex_controller/lib/python3.12/site-packages:/home/hrs2025/Workspace/build/ainex_social_robot:/home/hrs2025/Workspace/install/ainex_social_robot/lib/python3.12/site-packages:/home/hrs2025/Workspace/build/ainex_motion:/home/hrs2025/Workspace/install/ainex_motion/lib/python3.12/site-packages:/home/hrs2025/Workspace/install/servo_service/lib/python3.12/site-packages:/home/hrs2025/Workspace/build/ainex_vision:/home/hrs2025/Workspace/install/ainex_vision/lib/python3.12/site-packages:/opt/openrobots/lib/python3.12/site-packages:/opt/ros/jazzy/lib/python3.12/site-packages:/home/hrs2025/my_venv/lib/python3.12/site-packages /usr/bin/python3 -W ignore:setup.py install is deprecated -W ignore:easy_install command is deprecated setup.py develop --editable --build-directory /home/hrs2025/20260121/build/ainex_social_robot/build --no-deps symlink_data
[5.393s] INFO:colcon.colcon_core.shell:Creating environment descriptor '/home/hrs2025/20260121/build/ainex_social_robot/share/ainex_social_robot/hook/pythonpath_develop.dsv'
[5.393s] INFO:colcon.colcon_core.shell:Creating environment hook '/home/hrs2025/20260121/build/ainex_social_robot/share/ainex_social_robot/hook/pythonpath_develop.sh'
[5.394s] Level 1:colcon.colcon_core.environment:checking '/home/hrs2025/20260121/install/ainex_social_robot' for CMake module files
[5.395s] Level 1:colcon.colcon_core.environment:checking '/home/hrs2025/20260121/install/ainex_social_robot' for CMake config files
[5.395s] Level 1:colcon.colcon_core.environment:checking '/home/hrs2025/20260121/install/ainex_social_robot/lib'
[5.396s] Level 1:colcon.colcon_core.environment:checking '/home/hrs2025/20260121/install/ainex_social_robot/bin'
[5.396s] Level 1:colcon.colcon_core.environment:checking '/home/hrs2025/20260121/install/ainex_social_robot/lib/pkgconfig/ainex_social_robot.pc'
[5.396s] Level 1:colcon.colcon_core.environment:checking '/home/hrs2025/20260121/install/ainex_social_robot/lib/python3.12/site-packages'
[5.396s] Level 1:colcon.colcon_core.shell:create_environment_hook('ainex_social_robot', 'pythonpath')
[5.396s] INFO:colcon.colcon_core.shell:Creating environment hook '/home/hrs2025/20260121/install/ainex_social_robot/share/ainex_social_robot/hook/pythonpath.ps1'
[5.397s] INFO:colcon.colcon_core.shell:Creating environment descriptor '/home/hrs2025/20260121/install/ainex_social_robot/share/ainex_social_robot/hook/pythonpath.dsv'
[5.397s] INFO:colcon.colcon_core.shell:Creating environment hook '/home/hrs2025/20260121/install/ainex_social_robot/share/ainex_social_robot/hook/pythonpath.sh'
[5.398s] Level 1:colcon.colcon_core.environment:checking '/home/hrs2025/20260121/install/ainex_social_robot/bin'
[5.398s] Level 1:colcon.colcon_core.environment:create_environment_scripts_only(ainex_social_robot)
[5.398s] INFO:colcon.colcon_core.shell:Creating package script '/home/hrs2025/20260121/install/ainex_social_robot/share/ainex_social_robot/package.ps1'
[5.399s] INFO:colcon.colcon_core.shell:Creating package descriptor '/home/hrs2025/20260121/install/ainex_social_robot/share/ainex_social_robot/package.dsv'
[5.400s] INFO:colcon.colcon_core.shell:Creating package script '/home/hrs2025/20260121/install/ainex_social_robot/share/ainex_social_robot/package.sh'
[5.400s] INFO:colcon.colcon_core.shell:Creating package script '/home/hrs2025/20260121/install/ainex_social_robot/share/ainex_social_robot/package.bash'
[5.401s] INFO:colcon.colcon_core.shell:Creating package script '/home/hrs2025/20260121/install/ainex_social_robot/share/ainex_social_robot/package.zsh'
[5.401s] Level 1:colcon.colcon_core.environment:create_file_with_runtime_dependencies(/home/hrs2025/20260121/install/ainex_social_robot/share/colcon-core/packages/ainex_social_robot)
[5.402s] INFO:colcon.colcon_ros.task.ament_python.build:Building ROS package in '/home/hrs2025/20260121/src/ainex_controller' with build type 'ament_python'
[5.402s] Level 1:colcon.colcon_core.shell:create_environment_hook('ainex_controller', 'ament_prefix_path')
[5.402s] INFO:colcon.colcon_core.shell:Creating environment hook '/home/hrs2025/20260121/install/ainex_controller/share/ainex_controller/hook/ament_prefix_path.ps1'
[5.403s] INFO:colcon.colcon_core.shell:Creating environment descriptor '/home/hrs2025/20260121/install/ainex_controller/share/ainex_controller/hook/ament_prefix_path.dsv'
[5.404s] INFO:colcon.colcon_core.shell:Creating environment hook '/home/hrs2025/20260121/install/ainex_controller/share/ainex_controller/hook/ament_prefix_path.sh'
[5.404s] INFO:colcon.colcon_core.shell:Skip shell extension 'powershell' for command environment: Not usable outside of PowerShell
[5.404s] DEBUG:colcon.colcon_core.shell:Skip shell extension 'dsv' for command environment
[5.661s] INFO:colcon.colcon_core.task.python.build:Building Python package in '/home/hrs2025/20260121/src/ainex_controller'
[5.661s] INFO:colcon.colcon_core.shell:Skip shell extension 'powershell' for command environment: Not usable outside of PowerShell
[5.661s] DEBUG:colcon.colcon_core.shell:Skip shell extension 'dsv' for command environment
[6.334s] DEBUG:colcon.colcon_core.event_handler.log_command:Invoking command in '/home/hrs2025/20260121/build/ainex_controller': AMENT_PREFIX_PATH=/home/hrs2025/20260121/install/ainex_social_robot:/home/hrs2025/20260121/install/ainex_motion:/home/hrs2025/20260121/install/ainex_vision:/home/hrs2025/20260121/install/ainex_controller:/home/hrs2025/20260121/install/servo_service:/home/hrs2025/20260121/install/ainex_description:/home/hrs2025/backup/20260121/install/ainex_controller:/home/hrs2025/backup/20260121/install/ainex_social_robot:/home/hrs2025/backup/20260121/install/ainex_motion:/home/hrs2025/backup/20260121/install/servo_service:/home/hrs2025/backup/20260121/install/ainex_vision:/home/hrs2025/backup/20260121/install/ainex_description:/home/hrs2025/Workspace/install/ainex_controller:/home/hrs2025/Workspace/install/ainex_social_robot:/home/hrs2025/Workspace/install/ainex_motion:/home/hrs2025/Workspace/install/servo_service:/home/hrs2025/Workspace/install/ainex_vision:/home/hrs2025/Workspace/install/ainex_description:/opt/ros/jazzy DEBUGINFOD_URLS=https://debuginfod.ubuntu.com PYTHONPATH=/home/hrs2025/20260121/build/ainex_controller/prefix_override:/usr/lib/python3/dist-packages/colcon_core/task/python/colcon_distutils_commands:/home/hrs2025/20260121/install/ainex_controller/lib/python3.12/site-packages:/home/hrs2025/20260121/build/ainex_social_robot:/home/hrs2025/20260121/install/ainex_social_robot/lib/python3.12/site-packages:/home/hrs2025/20260121/build/ainex_motion:/home/hrs2025/20260121/install/ainex_motion/lib/python3.12/site-packages:/home/hrs2025/20260121/install/servo_service/lib/python3.12/site-packages:/home/hrs2025/20260121/build/ainex_vision:/home/hrs2025/20260121/install/ainex_vision/lib/python3.12/site-packages:/home/hrs2025/20260121/build/ainex_controller:/home/hrs2025/20260121/install/ainex_controller/lib/python3.12/site-packages:/home/hrs2025/backup/20260121/install/ainex_controller/lib/python3.12/site-packages:/home/hrs2025/backup/20260121/install/ainex_social_robot/lib/python3.12/site-packages:/home/hrs2025/backup/20260121/install/ainex_motion/lib/python3.12/site-packages:/home/hrs2025/backup/20260121/install/servo_service/lib/python3.12/site-packages:/home/hrs2025/backup/20260121/install/ainex_vision/lib/python3.12/site-packages:/home/hrs2025/Workspace/build/ainex_controller:/home/hrs2025/Workspace/install/ainex_controller/lib/python3.12/site-packages:/home/hrs2025/Workspace/build/ainex_social_robot:/home/hrs2025/Workspace/install/ainex_social_robot/lib/python3.12/site-packages:/home/hrs2025/Workspace/build/ainex_motion:/home/hrs2025/Workspace/install/ainex_motion/lib/python3.12/site-packages:/home/hrs2025/Workspace/install/servo_service/lib/python3.12/site-packages:/home/hrs2025/Workspace/build/ainex_vision:/home/hrs2025/Workspace/install/ainex_vision/lib/python3.12/site-packages:/opt/openrobots/lib/python3.12/site-packages:/opt/ros/jazzy/lib/python3.12/site-packages:/home/hrs2025/my_venv/lib/python3.12/site-packages /usr/bin/python3 -W ignore:setup.py install is deprecated -W ignore:easy_install command is deprecated setup.py develop --editable --build-directory /home/hrs2025/20260121/build/ainex_controller/build --no-deps symlink_data
[7.091s] Level 1:colcon.colcon_core.shell:create_environment_hook('ainex_controller', 'pythonpath_develop')
[7.091s] INFO:colcon.colcon_core.shell:Creating environment hook '/home/hrs2025/20260121/build/ainex_controller/share/ainex_controller/hook/pythonpath_develop.ps1'
[7.092s] DEBUG:colcon.colcon_core.event_handler.log_command:Invoked command in '/home/hrs2025/20260121/build/ainex_controller' returned '0': AMENT_PREFIX_PATH=/home/hrs2025/20260121/install/ainex_social_robot:/home/hrs2025/20260121/install/ainex_motion:/home/hrs2025/20260121/install/ainex_vision:/home/hrs2025/20260121/install/ainex_controller:/home/hrs2025/20260121/install/servo_service:/home/hrs2025/20260121/install/ainex_description:/home/hrs2025/backup/20260121/install/ainex_controller:/home/hrs2025/backup/20260121/install/ainex_social_robot:/home/hrs2025/backup/20260121/install/ainex_motion:/home/hrs2025/backup/20260121/install/servo_service:/home/hrs2025/backup/20260121/install/ainex_vision:/home/hrs2025/backup/20260121/install/ainex_description:/home/hrs2025/Workspace/install/ainex_controller:/home/hrs2025/Workspace/install/ainex_social_robot:/home/hrs2025/Workspace/install/ainex_motion:/home/hrs2025/Workspace/install/servo_service:/home/hrs2025/Workspace/install/ainex_vision:/home/hrs2025/Workspace/install/ainex_description:/opt/ros/jazzy DEBUGINFOD_URLS=https://debuginfod.ubuntu.com PYTHONPATH=/home/hrs2025/20260121/build/ainex_controller/prefix_override:/usr/lib/python3/dist-packages/colcon_core/task/python/colcon_distutils_commands:/home/hrs2025/20260121/install/ainex_controller/lib/python3.12/site-packages:/home/hrs2025/20260121/build/ainex_social_robot:/home/hrs2025/20260121/install/ainex_social_robot/lib/python3.12/site-packages:/home/hrs2025/20260121/build/ainex_motion:/home/hrs2025/20260121/install/ainex_motion/lib/python3.12/site-packages:/home/hrs2025/20260121/install/servo_service/lib/python3.12/site-packages:/home/hrs2025/20260121/build/ainex_vision:/home/hrs2025/20260121/install/ainex_vision/lib/python3.12/site-packages:/home/hrs2025/20260121/build/ainex_controller:/home/hrs2025/20260121/install/ainex_controller/lib/python3.12/site-packages:/home/hrs2025/backup/20260121/install/ainex_controller/lib/python3.12/site-packages:/home/hrs2025/backup/20260121/install/ainex_social_robot/lib/python3.12/site-packages:/home/hrs2025/backup/20260121/install/ainex_motion/lib/python3.12/site-packages:/home/hrs2025/backup/20260121/install/servo_service/lib/python3.12/site-packages:/home/hrs2025/backup/20260121/install/ainex_vision/lib/python3.12/site-packages:/home/hrs2025/Workspace/build/ainex_controller:/home/hrs2025/Workspace/install/ainex_controller/lib/python3.12/site-packages:/home/hrs2025/Workspace/build/ainex_social_robot:/home/hrs2025/Workspace/install/ainex_social_robot/lib/python3.12/site-packages:/home/hrs2025/Workspace/build/ainex_motion:/home/hrs2025/Workspace/install/ainex_motion/lib/python3.12/site-packages:/home/hrs2025/Workspace/install/servo_service/lib/python3.12/site-packages:/home/hrs2025/Workspace/build/ainex_vision:/home/hrs2025/Workspace/install/ainex_vision/lib/python3.12/site-packages:/opt/openrobots/lib/python3.12/site-packages:/opt/ros/jazzy/lib/python3.12/site-packages:/home/hrs2025/my_venv/lib/python3.12/site-packages /usr/bin/python3 -W ignore:setup.py install is deprecated -W ignore:easy_install command is deprecated setup.py develop --editable --build-directory /home/hrs2025/20260121/build/ainex_controller/build --no-deps symlink_data
[7.092s] INFO:colcon.colcon_core.shell:Creating environment descriptor '/home/hrs2025/20260121/build/ainex_controller/share/ainex_controller/hook/pythonpath_develop.dsv'
[7.093s] INFO:colcon.colcon_core.shell:Creating environment hook '/home/hrs2025/20260121/build/ainex_controller/share/ainex_controller/hook/pythonpath_develop.sh'
[7.093s] Level 1:colcon.colcon_core.environment:checking '/home/hrs2025/20260121/install/ainex_controller' for CMake module files
[7.094s] Level 1:colcon.colcon_core.environment:checking '/home/hrs2025/20260121/install/ainex_controller' for CMake config files
[7.095s] Level 1:colcon.colcon_core.environment:checking '/home/hrs2025/20260121/install/ainex_controller/lib'
[7.095s] Level 1:colcon.colcon_core.environment:checking '/home/hrs2025/20260121/install/ainex_controller/bin'
[7.095s] Level 1:colcon.colcon_core.environment:checking '/home/hrs2025/20260121/install/ainex_controller/lib/pkgconfig/ainex_controller.pc'
[7.095s] Level 1:colcon.colcon_core.environment:checking '/home/hrs2025/20260121/install/ainex_controller/lib/python3.12/site-packages'
[7.095s] Level 1:colcon.colcon_core.shell:create_environment_hook('ainex_controller', 'pythonpath')
[7.096s] INFO:colcon.colcon_core.shell:Creating environment hook '/home/hrs2025/20260121/install/ainex_controller/share/ainex_controller/hook/pythonpath.ps1'
[7.096s] INFO:colcon.colcon_core.shell:Creating environment descriptor '/home/hrs2025/20260121/install/ainex_controller/share/ainex_controller/hook/pythonpath.dsv'
[7.097s] INFO:colcon.colcon_core.shell:Creating environment hook '/home/hrs2025/20260121/install/ainex_controller/share/ainex_controller/hook/pythonpath.sh'
[7.097s] Level 1:colcon.colcon_core.environment:checking '/home/hrs2025/20260121/install/ainex_controller/bin'
[7.097s] Level 1:colcon.colcon_core.environment:create_environment_scripts_only(ainex_controller)
[7.098s] INFO:colcon.colcon_core.shell:Creating package script '/home/hrs2025/20260121/install/ainex_controller/share/ainex_controller/package.ps1'
[7.098s] INFO:colcon.colcon_core.shell:Creating package descriptor '/home/hrs2025/20260121/install/ainex_controller/share/ainex_controller/package.dsv'
[7.099s] INFO:colcon.colcon_core.shell:Creating package script '/home/hrs2025/20260121/install/ainex_controller/share/ainex_controller/package.sh'
[7.100s] INFO:colcon.colcon_core.shell:Creating package script '/home/hrs2025/20260121/install/ainex_controller/share/ainex_controller/package.bash'
[7.100s] INFO:colcon.colcon_core.shell:Creating package script '/home/hrs2025/20260121/install/ainex_controller/share/ainex_controller/package.zsh'
[7.101s] Level 1:colcon.colcon_core.environment:create_file_with_runtime_dependencies(/home/hrs2025/20260121/install/ainex_controller/share/colcon-core/packages/ainex_controller)
[7.101s] DEBUG:colcon.colcon_parallel_executor.executor.parallel:closing loop
[7.101s] DEBUG:colcon.colcon_parallel_executor.executor.parallel:loop closed
[7.101s] DEBUG:colcon.colcon_parallel_executor.executor.parallel:run_until_complete finished with '0'
[7.101s] DEBUG:colcon.colcon_core.event_reactor:joining thread
[7.109s] INFO:colcon.colcon_core.plugin_system:Skipping extension 'colcon_notification.desktop_notification.terminal_notifier': Not used on non-Darwin systems
[7.109s] INFO:colcon.colcon_core.plugin_system:Skipping extension 'colcon_notification.desktop_notification.win32': Not used on non-Windows systems
[7.109s] INFO:colcon.colcon_notification.desktop_notification:Sending desktop notification using 'notify2'
[7.134s] DEBUG:colcon.colcon_core.event_reactor:joined thread
[7.134s] INFO:colcon.colcon_core.shell:Creating prefix script '/home/hrs2025/20260121/install/local_setup.ps1'
[7.136s] INFO:colcon.colcon_core.shell:Creating prefix util module '/home/hrs2025/20260121/install/_local_setup_util_ps1.py'
[7.137s] INFO:colcon.colcon_core.shell:Creating prefix chain script '/home/hrs2025/20260121/install/setup.ps1'
[7.139s] INFO:colcon.colcon_core.shell:Creating prefix script '/home/hrs2025/20260121/install/local_setup.sh'
[7.140s] INFO:colcon.colcon_core.shell:Creating prefix util module '/home/hrs2025/20260121/install/_local_setup_util_sh.py'
[7.141s] INFO:colcon.colcon_core.shell:Creating prefix chain script '/home/hrs2025/20260121/install/setup.sh'
[7.143s] INFO:colcon.colcon_core.shell:Creating prefix script '/home/hrs2025/20260121/install/local_setup.bash'
[7.144s] INFO:colcon.colcon_core.shell:Creating prefix chain script '/home/hrs2025/20260121/install/setup.bash'
[7.146s] INFO:colcon.colcon_core.shell:Creating prefix script '/home/hrs2025/20260121/install/local_setup.zsh'
[7.147s] INFO:colcon.colcon_core.shell:Creating prefix chain script '/home/hrs2025/20260121/install/setup.zsh'
