[0.841s] Invoking command in '/home/hrs2025/Workspace/src/ainex_vision/build/ainex_vision': DEBUGINFOD_URLS=https://debuginfod.ubuntu.com PYTHONPATH=/home/hrs2025/Workspace/src/ainex_vision/build/ainex_vision/prefix_override:/usr/lib/python3/dist-packages/colcon_core/task/python/colcon_distutils_commands:/home/hrs2025/Workspace/src/ainex_vision/install/ainex_vision/lib/python3.12/site-packages:${PYTHONPATH} /usr/bin/python3 -W ignore:setup.py install is deprecated -W ignore:easy_install command is deprecated setup.py develop --editable --build-directory /home/hrs2025/Workspace/src/ainex_vision/build/ainex_vision/build --no-deps symlink_data
[1.181s] running develop
[1.411s] running egg_info
[1.434s] writing ainex_vision.egg-info/PKG-INFO
[1.434s] writing dependency_links to ainex_vision.egg-info/dependency_links.txt
[1.434s] writing entry points to ainex_vision.egg-info/entry_points.txt
[1.435s] writing requirements to ainex_vision.egg-info/requires.txt
[1.435s] writing top-level names to ainex_vision.egg-info/top_level.txt
[1.479s] reading manifest file 'ainex_vision.egg-info/SOURCES.txt'
[1.480s] writing manifest file 'ainex_vision.egg-info/SOURCES.txt'
[1.503s] running build_ext
[1.503s] Creating /home/hrs2025/Workspace/src/ainex_vision/install/ainex_vision/lib/python3.12/site-packages/ainex-vision.egg-link (link to .)
[1.504s] Installing aruco_detector script to /home/hrs2025/Workspace/src/ainex_vision/install/ainex_vision/lib/ainex_vision
[1.505s] Installing calibrate_camera script to /home/hrs2025/Workspace/src/ainex_vision/install/ainex_vision/lib/ainex_vision
[1.505s] Installing calibration script to /home/hrs2025/Workspace/src/ainex_vision/install/ainex_vision/lib/ainex_vision
[1.505s] Installing camera_sub script to /home/hrs2025/Workspace/src/ainex_vision/install/ainex_vision/lib/ainex_vision
[1.505s] Installing face_detection_node script to /home/hrs2025/Workspace/src/ainex_vision/install/ainex_vision/lib/ainex_vision
[1.505s] Installing tutorial_2 script to /home/hrs2025/Workspace/src/ainex_vision/install/ainex_vision/lib/ainex_vision
[1.506s] Installing tutorial_3 script to /home/hrs2025/Workspace/src/ainex_vision/install/ainex_vision/lib/ainex_vision
[1.506s] Installing tutorial_4 script to /home/hrs2025/Workspace/src/ainex_vision/install/ainex_vision/lib/ainex_vision
[1.506s] Installing undistort_node script to /home/hrs2025/Workspace/src/ainex_vision/install/ainex_vision/lib/ainex_vision
[1.506s] 
[1.506s] Installed /home/hrs2025/Workspace/src/ainex_vision/build/ainex_vision
[1.507s] running symlink_data
[1.535s] Invoked command in '/home/hrs2025/Workspace/src/ainex_vision/build/ainex_vision' returned '0': DEBUGINFOD_URLS=https://debuginfod.ubuntu.com PYTHONPATH=/home/hrs2025/Workspace/src/ainex_vision/build/ainex_vision/prefix_override:/usr/lib/python3/dist-packages/colcon_core/task/python/colcon_distutils_commands:/home/hrs2025/Workspace/src/ainex_vision/install/ainex_vision/lib/python3.12/site-packages:${PYTHONPATH} /usr/bin/python3 -W ignore:setup.py install is deprecated -W ignore:easy_install command is deprecated setup.py develop --editable --build-directory /home/hrs2025/Workspace/src/ainex_vision/build/ainex_vision/build --no-deps symlink_data
