[0.919s] Invoking command in '/home/hrs2025/20260121/build/ainex_motion': DEBUGINFOD_URLS=https://debuginfod.ubuntu.com PYTHONPATH=/home/hrs2025/20260121/build/ainex_motion/prefix_override:/usr/lib/python3/dist-packages/colcon_core/task/python/colcon_distutils_commands:/home/hrs2025/20260121/install/ainex_motion/lib/python3.12/site-packages:/home/hrs2025/20260121/install/servo_service/lib/python3.12/site-packages:/home/hrs2025/20260121/build/ainex_controller:/home/hrs2025/20260121/install/ainex_controller/lib/python3.12/site-packages:/home/hrs2025/20260121/build/ainex_social_robot:/home/hrs2025/20260121/install/ainex_social_robot/lib/python3.12/site-packages:/home/hrs2025/20260121/build/ainex_motion:/home/hrs2025/20260121/install/ainex_motion/lib/python3.12/site-packages:/home/hrs2025/20260121/build/ainex_vision:/home/hrs2025/20260121/install/ainex_vision/lib/python3.12/site-packages:/home/hrs2025/backup/20260121/install/ainex_controller/lib/python3.12/site-packages:/home/hrs2025/backup/20260121/install/ainex_social_robot/lib/python3.12/site-packages:/home/hrs2025/backup/20260121/install/ainex_motion/lib/python3.12/site-packages:/home/hrs2025/backup/20260121/install/servo_service/lib/python3.12/site-packages:/home/hrs2025/backup/20260121/install/ainex_vision/lib/python3.12/site-packages:/home/hrs2025/Workspace/build/ainex_controller:/home/hrs2025/Workspace/install/ainex_controller/lib/python3.12/site-packages:/home/hrs2025/Workspace/build/ainex_social_robot:/home/hrs2025/Workspace/install/ainex_social_robot/lib/python3.12/site-packages:/home/hrs2025/Workspace/build/ainex_motion:/home/hrs2025/Workspace/install/ainex_motion/lib/python3.12/site-packages:/home/hrs2025/Workspace/install/servo_service/lib/python3.12/site-packages:/home/hrs2025/Workspace/build/ainex_vision:/home/hrs2025/Workspace/install/ainex_vision/lib/python3.12/site-packages:/opt/openrobots/lib/python3.12/site-packages:/opt/ros/jazzy/lib/python3.12/site-packages:/home/hrs2025/my_venv/lib/python3.12/site-packages /usr/bin/python3 -W ignore:setup.py install is deprecated -W ignore:easy_install command is deprecated setup.py develop --editable --build-directory /home/hrs2025/20260121/build/ainex_motion/build --no-deps symlink_data
[1.291s] running develop
[1.533s] running egg_info
[1.555s] writing ainex_motion.egg-info/PKG-INFO
[1.556s] writing dependency_links to ainex_motion.egg-info/dependency_links.txt
[1.556s] writing entry points to ainex_motion.egg-info/entry_points.txt
[1.556s] writing requirements to ainex_motion.egg-info/requires.txt
[1.556s] writing top-level names to ainex_motion.egg-info/top_level.txt
[1.602s] reading manifest file 'ainex_motion.egg-info/SOURCES.txt'
[1.602s] writing manifest file 'ainex_motion.egg-info/SOURCES.txt'
[1.626s] running build_ext
[1.626s] Creating /home/hrs2025/20260121/install/ainex_motion/lib/python3.12/site-packages/ainex-motion.egg-link (link to .)
[1.627s] Installing aruco_follower_node script to /home/hrs2025/20260121/install/ainex_motion/lib/ainex_motion
[1.627s] Installing joint_controller script to /home/hrs2025/20260121/install/ainex_motion/lib/ainex_motion
[1.627s] Installing joint_visualization_node script to /home/hrs2025/20260121/install/ainex_motion/lib/ainex_motion
[1.627s] Installing walking_keyboard_node script to /home/hrs2025/20260121/install/ainex_motion/lib/ainex_motion
[1.628s] 
[1.628s] Installed /home/hrs2025/20260121/build/ainex_motion
[1.628s] running symlink_data
[1.655s] Invoked command in '/home/hrs2025/20260121/build/ainex_motion' returned '0': DEBUGINFOD_URLS=https://debuginfod.ubuntu.com PYTHONPATH=/home/hrs2025/20260121/build/ainex_motion/prefix_override:/usr/lib/python3/dist-packages/colcon_core/task/python/colcon_distutils_commands:/home/hrs2025/20260121/install/ainex_motion/lib/python3.12/site-packages:/home/hrs2025/20260121/install/servo_service/lib/python3.12/site-packages:/home/hrs2025/20260121/build/ainex_controller:/home/hrs2025/20260121/install/ainex_controller/lib/python3.12/site-packages:/home/hrs2025/20260121/build/ainex_social_robot:/home/hrs2025/20260121/install/ainex_social_robot/lib/python3.12/site-packages:/home/hrs2025/20260121/build/ainex_motion:/home/hrs2025/20260121/install/ainex_motion/lib/python3.12/site-packages:/home/hrs2025/20260121/build/ainex_vision:/home/hrs2025/20260121/install/ainex_vision/lib/python3.12/site-packages:/home/hrs2025/backup/20260121/install/ainex_controller/lib/python3.12/site-packages:/home/hrs2025/backup/20260121/install/ainex_social_robot/lib/python3.12/site-packages:/home/hrs2025/backup/20260121/install/ainex_motion/lib/python3.12/site-packages:/home/hrs2025/backup/20260121/install/servo_service/lib/python3.12/site-packages:/home/hrs2025/backup/20260121/install/ainex_vision/lib/python3.12/site-packages:/home/hrs2025/Workspace/build/ainex_controller:/home/hrs2025/Workspace/install/ainex_controller/lib/python3.12/site-packages:/home/hrs2025/Workspace/build/ainex_social_robot:/home/hrs2025/Workspace/install/ainex_social_robot/lib/python3.12/site-packages:/home/hrs2025/Workspace/build/ainex_motion:/home/hrs2025/Workspace/install/ainex_motion/lib/python3.12/site-packages:/home/hrs2025/Workspace/install/servo_service/lib/python3.12/site-packages:/home/hrs2025/Workspace/build/ainex_vision:/home/hrs2025/Workspace/install/ainex_vision/lib/python3.12/site-packages:/opt/openrobots/lib/python3.12/site-packages:/opt/ros/jazzy/lib/python3.12/site-packages:/home/hrs2025/my_venv/lib/python3.12/site-packages /usr/bin/python3 -W ignore:setup.py install is deprecated -W ignore:easy_install command is deprecated setup.py develop --editable --build-directory /home/hrs2025/20260121/build/ainex_motion/build --no-deps symlink_data
