[0.115s] DEBUG:colcon:Command line arguments: ['/usr/bin/colcon', 'build', '--symlink-install']
[0.115s] DEBUG:colcon:Parsed command line arguments: Namespace(log_base=None, log_level=None, verb_name='build', build_base='build', install_base='install', merge_install=False, symlink_install=True, test_result_base=None, continue_on_error=False, executor='parallel', parallel_workers=8, event_handlers=None, ignore_user_meta=False, metas=['./colcon.meta'], base_paths=['.'], packages_ignore=None, packages_ignore_regex=None, paths=None, packages_up_to=None, packages_up_to_regex=None, packages_above=None, packages_above_and_dependencies=None, packages_above_depth=None, packages_select_by_dep=None, packages_skip_by_dep=None, packages_skip_up_to=None, packages_select_build_failed=False, packages_skip_build_finished=False, packages_select_test_failures=False, packages_skip_test_passed=False, packages_select=None, packages_skip=None, packages_select_regex=None, packages_skip_regex=None, packages_start=None, packages_end=None, allow_overriding=[], cmake_args=None, cmake_target=None, cmake_target_skip_unavailable=False, cmake_clean_cache=False, cmake_clean_first=False, cmake_force_configure=False, ament_cmake_args=None, catkin_cmake_args=None, catkin_skip_building_tests=False, mixin_files=None, mixin=None, verb_parser=<colcon_mixin.mixin.mixin_argument.MixinArgumentDecorator object at 0x70512c3ab680>, verb_extension=<colcon_core.verb.build.BuildVerb object at 0x70512c3ab350>, main=<bound method BuildVerb.main of <colcon_core.verb.build.BuildVerb object at 0x70512c3ab350>>, mixin_verb=('build',))
[0.154s] Level 1:colcon.colcon_core.package_discovery:discover_packages(colcon_meta) check parameters
[0.154s] Level 1:colcon.colcon_core.package_discovery:discover_packages(recursive) check parameters
[0.154s] Level 1:colcon.colcon_core.package_discovery:discover_packages(ignore) check parameters
[0.154s] Level 1:colcon.colcon_core.package_discovery:discover_packages(path) check parameters
[0.154s] Level 1:colcon.colcon_core.package_discovery:discover_packages(colcon_meta) discover
[0.155s] Level 1:colcon.colcon_core.package_discovery:discover_packages(recursive) discover
[0.155s] INFO:colcon.colcon_core.package_discovery:Crawling recursively for packages in '/home/hrs2025/20260121'
[0.155s] Level 1:colcon.colcon_core.package_identification:_identify(.) by extensions ['ignore', 'ignore_ament_install']
[0.155s] Level 1:colcon.colcon_core.package_identification:_identify(.) by extension 'ignore'
[0.155s] Level 1:colcon.colcon_core.package_identification:_identify(.) by extension 'ignore_ament_install'
[0.155s] Level 1:colcon.colcon_core.package_identification:_identify(.) by extensions ['colcon_pkg']
[0.155s] Level 1:colcon.colcon_core.package_identification:_identify(.) by extension 'colcon_pkg'
[0.155s] Level 1:colcon.colcon_core.package_identification:_identify(.) by extensions ['colcon_meta']
[0.155s] Level 1:colcon.colcon_core.package_identification:_identify(.) by extension 'colcon_meta'
[0.155s] Level 1:colcon.colcon_core.package_identification:_identify(.) by extensions ['ros']
[0.155s] Level 1:colcon.colcon_core.package_identification:_identify(.) by extension 'ros'
[0.179s] Level 1:colcon.colcon_core.package_identification:_identify(.) by extensions ['cmake', 'python']
[0.180s] Level 1:colcon.colcon_core.package_identification:_identify(.) by extension 'cmake'
[0.180s] Level 1:colcon.colcon_core.package_identification:_identify(.) by extension 'python'
[0.180s] Level 1:colcon.colcon_core.package_identification:_identify(.) by extensions ['python_setup_py']
[0.180s] Level 1:colcon.colcon_core.package_identification:_identify(.) by extension 'python_setup_py'
[0.180s] Level 1:colcon.colcon_core.package_identification:_identify(build) by extensions ['ignore', 'ignore_ament_install']
[0.180s] Level 1:colcon.colcon_core.package_identification:_identify(build) by extension 'ignore'
[0.180s] Level 1:colcon.colcon_core.package_identification:_identify(build) ignored
[0.180s] Level 1:colcon.colcon_core.package_identification:_identify(install) by extensions ['ignore', 'ignore_ament_install']
[0.180s] Level 1:colcon.colcon_core.package_identification:_identify(install) by extension 'ignore'
[0.180s] Level 1:colcon.colcon_core.package_identification:_identify(install) ignored
[0.180s] Level 1:colcon.colcon_core.package_identification:_identify(log) by extensions ['ignore', 'ignore_ament_install']
[0.180s] Level 1:colcon.colcon_core.package_identification:_identify(log) by extension 'ignore'
[0.180s] Level 1:colcon.colcon_core.package_identification:_identify(log) ignored
[0.180s] Level 1:colcon.colcon_core.package_identification:_identify(src) by extensions ['ignore', 'ignore_ament_install']
[0.181s] Level 1:colcon.colcon_core.package_identification:_identify(src) by extension 'ignore'
[0.181s] Level 1:colcon.colcon_core.package_identification:_identify(src) by extension 'ignore_ament_install'
[0.181s] Level 1:colcon.colcon_core.package_identification:_identify(src) by extensions ['colcon_pkg']
[0.181s] Level 1:colcon.colcon_core.package_identification:_identify(src) by extension 'colcon_pkg'
[0.181s] Level 1:colcon.colcon_core.package_identification:_identify(src) by extensions ['colcon_meta']
[0.181s] Level 1:colcon.colcon_core.package_identification:_identify(src) by extension 'colcon_meta'
[0.181s] Level 1:colcon.colcon_core.package_identification:_identify(src) by extensions ['ros']
[0.181s] Level 1:colcon.colcon_core.package_identification:_identify(src) by extension 'ros'
[0.181s] Level 1:colcon.colcon_core.package_identification:_identify(src) by extensions ['cmake', 'python']
[0.181s] Level 1:colcon.colcon_core.package_identification:_identify(src) by extension 'cmake'
[0.181s] Level 1:colcon.colcon_core.package_identification:_identify(src) by extension 'python'
[0.181s] Level 1:colcon.colcon_core.package_identification:_identify(src) by extensions ['python_setup_py']
[0.181s] Level 1:colcon.colcon_core.package_identification:_identify(src) by extension 'python_setup_py'
[0.181s] Level 1:colcon.colcon_core.package_identification:_identify(src/ainex_controller) by extensions ['ignore', 'ignore_ament_install']
[0.181s] Level 1:colcon.colcon_core.package_identification:_identify(src/ainex_controller) by extension 'ignore'
[0.181s] Level 1:colcon.colcon_core.package_identification:_identify(src/ainex_controller) by extension 'ignore_ament_install'
[0.181s] Level 1:colcon.colcon_core.package_identification:_identify(src/ainex_controller) by extensions ['colcon_pkg']
[0.181s] Level 1:colcon.colcon_core.package_identification:_identify(src/ainex_controller) by extension 'colcon_pkg'
[0.181s] Level 1:colcon.colcon_core.package_identification:_identify(src/ainex_controller) by extensions ['colcon_meta']
[0.181s] Level 1:colcon.colcon_core.package_identification:_identify(src/ainex_controller) by extension 'colcon_meta'
[0.181s] Level 1:colcon.colcon_core.package_identification:_identify(src/ainex_controller) by extensions ['ros']
[0.181s] Level 1:colcon.colcon_core.package_identification:_identify(src/ainex_controller) by extension 'ros'
[0.184s] DEBUG:colcon.colcon_core.package_identification:Package 'src/ainex_controller' with type 'ros.ament_python' and name 'ainex_controller'
[0.184s] Level 1:colcon.colcon_core.package_identification:_identify(src/ainex_description) by extensions ['ignore', 'ignore_ament_install']
[0.184s] Level 1:colcon.colcon_core.package_identification:_identify(src/ainex_description) by extension 'ignore'
[0.184s] Level 1:colcon.colcon_core.package_identification:_identify(src/ainex_description) by extension 'ignore_ament_install'
[0.184s] Level 1:colcon.colcon_core.package_identification:_identify(src/ainex_description) by extensions ['colcon_pkg']
[0.184s] Level 1:colcon.colcon_core.package_identification:_identify(src/ainex_description) by extension 'colcon_pkg'
[0.184s] Level 1:colcon.colcon_core.package_identification:_identify(src/ainex_description) by extensions ['colcon_meta']
[0.184s] Level 1:colcon.colcon_core.package_identification:_identify(src/ainex_description) by extension 'colcon_meta'
[0.184s] Level 1:colcon.colcon_core.package_identification:_identify(src/ainex_description) by extensions ['ros']
[0.184s] Level 1:colcon.colcon_core.package_identification:_identify(src/ainex_description) by extension 'ros'
[0.185s] DEBUG:colcon.colcon_core.package_identification:Package 'src/ainex_description' with type 'ros.ament_cmake' and name 'ainex_description'
[0.185s] Level 1:colcon.colcon_core.package_identification:_identify(src/ainex_motion) by extensions ['ignore', 'ignore_ament_install']
[0.185s] Level 1:colcon.colcon_core.package_identification:_identify(src/ainex_motion) by extension 'ignore'
[0.185s] Level 1:colcon.colcon_core.package_identification:_identify(src/ainex_motion) by extension 'ignore_ament_install'
[0.185s] Level 1:colcon.colcon_core.package_identification:_identify(src/ainex_motion) by extensions ['colcon_pkg']
[0.185s] Level 1:colcon.colcon_core.package_identification:_identify(src/ainex_motion) by extension 'colcon_pkg'
[0.185s] Level 1:colcon.colcon_core.package_identification:_identify(src/ainex_motion) by extensions ['colcon_meta']
[0.185s] Level 1:colcon.colcon_core.package_identification:_identify(src/ainex_motion) by extension 'colcon_meta'
[0.185s] Level 1:colcon.colcon_core.package_identification:_identify(src/ainex_motion) by extensions ['ros']
[0.185s] Level 1:colcon.colcon_core.package_identification:_identify(src/ainex_motion) by extension 'ros'
[0.186s] DEBUG:colcon.colcon_core.package_identification:Package 'src/ainex_motion' with type 'ros.ament_python' and name 'ainex_motion'
[0.186s] Level 1:colcon.colcon_core.package_identification:_identify(src/ainex_social_robot) by extensions ['ignore', 'ignore_ament_install']
[0.186s] Level 1:colcon.colcon_core.package_identification:_identify(src/ainex_social_robot) by extension 'ignore'
[0.186s] Level 1:colcon.colcon_core.package_identification:_identify(src/ainex_social_robot) by extension 'ignore_ament_install'
[0.186s] Level 1:colcon.colcon_core.package_identification:_identify(src/ainex_social_robot) by extensions ['colcon_pkg']
[0.186s] Level 1:colcon.colcon_core.package_identification:_identify(src/ainex_social_robot) by extension 'colcon_pkg'
[0.186s] Level 1:colcon.colcon_core.package_identification:_identify(src/ainex_social_robot) by extensions ['colcon_meta']
[0.186s] Level 1:colcon.colcon_core.package_identification:_identify(src/ainex_social_robot) by extension 'colcon_meta'
[0.186s] Level 1:colcon.colcon_core.package_identification:_identify(src/ainex_social_robot) by extensions ['ros']
[0.186s] Level 1:colcon.colcon_core.package_identification:_identify(src/ainex_social_robot) by extension 'ros'
[0.187s] DEBUG:colcon.colcon_core.package_identification:Package 'src/ainex_social_robot' with type 'ros.ament_python' and name 'ainex_social_robot'
[0.187s] Level 1:colcon.colcon_core.package_identification:_identify(src/ainex_vision) by extensions ['ignore', 'ignore_ament_install']
[0.187s] Level 1:colcon.colcon_core.package_identification:_identify(src/ainex_vision) by extension 'ignore'
[0.187s] Level 1:colcon.colcon_core.package_identification:_identify(src/ainex_vision) by extension 'ignore_ament_install'
[0.187s] Level 1:colcon.colcon_core.package_identification:_identify(src/ainex_vision) by extensions ['colcon_pkg']
[0.187s] Level 1:colcon.colcon_core.package_identification:_identify(src/ainex_vision) by extension 'colcon_pkg'
[0.187s] Level 1:colcon.colcon_core.package_identification:_identify(src/ainex_vision) by extensions ['colcon_meta']
[0.187s] Level 1:colcon.colcon_core.package_identification:_identify(src/ainex_vision) by extension 'colcon_meta'
[0.187s] Level 1:colcon.colcon_core.package_identification:_identify(src/ainex_vision) by extensions ['ros']
[0.187s] Level 1:colcon.colcon_core.package_identification:_identify(src/ainex_vision) by extension 'ros'
[0.188s] DEBUG:colcon.colcon_core.package_identification:Package 'src/ainex_vision' with type 'ros.ament_python' and name 'ainex_vision'
[0.188s] Level 1:colcon.colcon_core.package_identification:_identify(src/build) by extensions ['ignore', 'ignore_ament_install']
[0.188s] Level 1:colcon.colcon_core.package_identification:_identify(src/build) by extension 'ignore'
[0.188s] Level 1:colcon.colcon_core.package_identification:_identify(src/build) ignored
[0.188s] Level 1:colcon.colcon_core.package_identification:_identify(src/install) by extensions ['ignore', 'ignore_ament_install']
[0.188s] Level 1:colcon.colcon_core.package_identification:_identify(src/install) by extension 'ignore'
[0.188s] Level 1:colcon.colcon_core.package_identification:_identify(src/install) ignored
[0.188s] Level 1:colcon.colcon_core.package_identification:_identify(src/log) by extensions ['ignore', 'ignore_ament_install']
[0.188s] Level 1:colcon.colcon_core.package_identification:_identify(src/log) by extension 'ignore'
[0.188s] Level 1:colcon.colcon_core.package_identification:_identify(src/log) ignored
[0.189s] Level 1:colcon.colcon_core.package_identification:_identify(src/servo_service) by extensions ['ignore', 'ignore_ament_install']
[0.189s] Level 1:colcon.colcon_core.package_identification:_identify(src/servo_service) by extension 'ignore'
[0.189s] Level 1:colcon.colcon_core.package_identification:_identify(src/servo_service) by extension 'ignore_ament_install'
[0.189s] Level 1:colcon.colcon_core.package_identification:_identify(src/servo_service) by extensions ['colcon_pkg']
[0.189s] Level 1:colcon.colcon_core.package_identification:_identify(src/servo_service) by extension 'colcon_pkg'
[0.189s] Level 1:colcon.colcon_core.package_identification:_identify(src/servo_service) by extensions ['colcon_meta']
[0.189s] Level 1:colcon.colcon_core.package_identification:_identify(src/servo_service) by extension 'colcon_meta'
[0.189s] Level 1:colcon.colcon_core.package_identification:_identify(src/servo_service) by extensions ['ros']
[0.189s] Level 1:colcon.colcon_core.package_identification:_identify(src/servo_service) by extension 'ros'
[0.189s] DEBUG:colcon.colcon_core.package_identification:Package 'src/servo_service' with type 'ros.ament_cmake' and name 'servo_service'
[0.189s] Level 1:colcon.colcon_core.package_discovery:discover_packages(recursive) using defaults
[0.189s] Level 1:colcon.colcon_core.package_discovery:discover_packages(ignore) discover
[0.189s] Level 1:colcon.colcon_core.package_discovery:discover_packages(ignore) using defaults
[0.190s] Level 1:colcon.colcon_core.package_discovery:discover_packages(path) discover
[0.190s] Level 1:colcon.colcon_core.package_discovery:discover_packages(path) using defaults
[0.209s] Level 1:colcon.colcon_core.package_discovery:discover_packages(prefix_path) check parameters
[0.209s] Level 1:colcon.colcon_core.package_discovery:discover_packages(prefix_path) discover
[0.211s] DEBUG:colcon.colcon_installed_package_information.package_discovery:Found 6 installed packages in /home/hrs2025/20260121/install
[0.212s] DEBUG:colcon.colcon_installed_package_information.package_discovery:Found 6 installed packages in /home/hrs2025/Workspace/install
[0.212s] DEBUG:colcon.colcon_installed_package_information.package_discovery:Found 6 installed packages in /home/hrs2025/backup/20260121/install
[0.214s] DEBUG:colcon.colcon_installed_package_information.package_discovery:Found 303 installed packages in /opt/ros/jazzy
[0.216s] Level 1:colcon.colcon_core.package_discovery:discover_packages(prefix_path) using defaults
[0.262s] Level 5:colcon.colcon_core.verb:set package 'ainex_description' build argument 'cmake_args' from command line to 'None'
[0.262s] Level 5:colcon.colcon_core.verb:set package 'ainex_description' build argument 'cmake_target' from command line to 'None'
[0.262s] Level 5:colcon.colcon_core.verb:set package 'ainex_description' build argument 'cmake_target_skip_unavailable' from command line to 'False'
[0.262s] Level 5:colcon.colcon_core.verb:set package 'ainex_description' build argument 'cmake_clean_cache' from command line to 'False'
[0.262s] Level 5:colcon.colcon_core.verb:set package 'ainex_description' build argument 'cmake_clean_first' from command line to 'False'
[0.262s] Level 5:colcon.colcon_core.verb:set package 'ainex_description' build argument 'cmake_force_configure' from command line to 'False'
[0.262s] Level 5:colcon.colcon_core.verb:set package 'ainex_description' build argument 'ament_cmake_args' from command line to 'None'
[0.262s] Level 5:colcon.colcon_core.verb:set package 'ainex_description' build argument 'catkin_cmake_args' from command line to 'None'
[0.262s] Level 5:colcon.colcon_core.verb:set package 'ainex_description' build argument 'catkin_skip_building_tests' from command line to 'False'
[0.262s] DEBUG:colcon.colcon_core.verb:Building package 'ainex_description' with the following arguments: {'ament_cmake_args': None, 'build_base': '/home/hrs2025/20260121/build/ainex_description', 'catkin_cmake_args': None, 'catkin_skip_building_tests': False, 'cmake_args': None, 'cmake_clean_cache': False, 'cmake_clean_first': False, 'cmake_force_configure': False, 'cmake_target': None, 'cmake_target_skip_unavailable': False, 'install_base': '/home/hrs2025/20260121/install/ainex_description', 'merge_install': False, 'path': '/home/hrs2025/20260121/src/ainex_description', 'symlink_install': True, 'test_result_base': None}
[0.262s] Level 5:colcon.colcon_core.verb:set package 'ainex_vision' build argument 'cmake_args' from command line to 'None'
[0.262s] Level 5:colcon.colcon_core.verb:set package 'ainex_vision' build argument 'cmake_target' from command line to 'None'
[0.263s] Level 5:colcon.colcon_core.verb:set package 'ainex_vision' build argument 'cmake_target_skip_unavailable' from command line to 'False'
[0.263s] Level 5:colcon.colcon_core.verb:set package 'ainex_vision' build argument 'cmake_clean_cache' from command line to 'False'
[0.263s] Level 5:colcon.colcon_core.verb:set package 'ainex_vision' build argument 'cmake_clean_first' from command line to 'False'
[0.263s] Level 5:colcon.colcon_core.verb:set package 'ainex_vision' build argument 'cmake_force_configure' from command line to 'False'
[0.263s] Level 5:colcon.colcon_core.verb:set package 'ainex_vision' build argument 'ament_cmake_args' from command line to 'None'
[0.263s] Level 5:colcon.colcon_core.verb:set package 'ainex_vision' build argument 'catkin_cmake_args' from command line to 'None'
[0.263s] Level 5:colcon.colcon_core.verb:set package 'ainex_vision' build argument 'catkin_skip_building_tests' from command line to 'False'
[0.263s] DEBUG:colcon.colcon_core.verb:Building package 'ainex_vision' with the following arguments: {'ament_cmake_args': None, 'build_base': '/home/hrs2025/20260121/build/ainex_vision', 'catkin_cmake_args': None, 'catkin_skip_building_tests': False, 'cmake_args': None, 'cmake_clean_cache': False, 'cmake_clean_first': False, 'cmake_force_configure': False, 'cmake_target': None, 'cmake_target_skip_unavailable': False, 'install_base': '/home/hrs2025/20260121/install/ainex_vision', 'merge_install': False, 'path': '/home/hrs2025/20260121/src/ainex_vision', 'symlink_install': True, 'test_result_base': None}
[0.263s] Level 5:colcon.colcon_core.verb:set package 'servo_service' build argument 'cmake_args' from command line to 'None'
[0.263s] Level 5:colcon.colcon_core.verb:set package 'servo_service' build argument 'cmake_target' from command line to 'None'
[0.263s] Level 5:colcon.colcon_core.verb:set package 'servo_service' build argument 'cmake_target_skip_unavailable' from command line to 'False'
[0.263s] Level 5:colcon.colcon_core.verb:set package 'servo_service' build argument 'cmake_clean_cache' from command line to 'False'
[0.263s] Level 5:colcon.colcon_core.verb:set package 'servo_service' build argument 'cmake_clean_first' from command line to 'False'
[0.263s] Level 5:colcon.colcon_core.verb:set package 'servo_service' build argument 'cmake_force_configure' from command line to 'False'
[0.263s] Level 5:colcon.colcon_core.verb:set package 'servo_service' build argument 'ament_cmake_args' from command line to 'None'
[0.263s] Level 5:colcon.colcon_core.verb:set package 'servo_service' build argument 'catkin_cmake_args' from command line to 'None'
[0.263s] Level 5:colcon.colcon_core.verb:set package 'servo_service' build argument 'catkin_skip_building_tests' from command line to 'False'
[0.263s] DEBUG:colcon.colcon_core.verb:Building package 'servo_service' with the following arguments: {'ament_cmake_args': None, 'build_base': '/home/hrs2025/20260121/build/servo_service', 'catkin_cmake_args': None, 'catkin_skip_building_tests': False, 'cmake_args': None, 'cmake_clean_cache': False, 'cmake_clean_first': False, 'cmake_force_configure': False, 'cmake_target': None, 'cmake_target_skip_unavailable': False, 'install_base': '/home/hrs2025/20260121/install/servo_service', 'merge_install': False, 'path': '/home/hrs2025/20260121/src/servo_service', 'symlink_install': True, 'test_result_base': None}
[0.263s] Level 5:colcon.colcon_core.verb:set package 'ainex_motion' build argument 'cmake_args' from command line to 'None'
[0.263s] Level 5:colcon.colcon_core.verb:set package 'ainex_motion' build argument 'cmake_target' from command line to 'None'
[0.263s] Level 5:colcon.colcon_core.verb:set package 'ainex_motion' build argument 'cmake_target_skip_unavailable' from command line to 'False'
[0.263s] Level 5:colcon.colcon_core.verb:set package 'ainex_motion' build argument 'cmake_clean_cache' from command line to 'False'
[0.263s] Level 5:colcon.colcon_core.verb:set package 'ainex_motion' build argument 'cmake_clean_first' from command line to 'False'
[0.263s] Level 5:colcon.colcon_core.verb:set package 'ainex_motion' build argument 'cmake_force_configure' from command line to 'False'
[0.263s] Level 5:colcon.colcon_core.verb:set package 'ainex_motion' build argument 'ament_cmake_args' from command line to 'None'
[0.263s] Level 5:colcon.colcon_core.verb:set package 'ainex_motion' build argument 'catkin_cmake_args' from command line to 'None'
[0.263s] Level 5:colcon.colcon_core.verb:set package 'ainex_motion' build argument 'catkin_skip_building_tests' from command line to 'False'
[0.263s] DEBUG:colcon.colcon_core.verb:Building package 'ainex_motion' with the following arguments: {'ament_cmake_args': None, 'build_base': '/home/hrs2025/20260121/build/ainex_motion', 'catkin_cmake_args': None, 'catkin_skip_building_tests': False, 'cmake_args': None, 'cmake_clean_cache': False, 'cmake_clean_first': False, 'cmake_force_configure': False, 'cmake_target': None, 'cmake_target_skip_unavailable': False, 'install_base': '/home/hrs2025/20260121/install/ainex_motion', 'merge_install': False, 'path': '/home/hrs2025/20260121/src/ainex_motion', 'symlink_install': True, 'test_result_base': None}
[0.264s] Level 5:colcon.colcon_core.verb:set package 'ainex_social_robot' build argument 'cmake_args' from command line to 'None'
[0.264s] Level 5:colcon.colcon_core.verb:set package 'ainex_social_robot' build argument 'cmake_target' from command line to 'None'
[0.264s] Level 5:colcon.colcon_core.verb:set package 'ainex_social_robot' build argument 'cmake_target_skip_unavailable' from command line to 'False'
[0.264s] Level 5:colcon.colcon_core.verb:set package 'ainex_social_robot' build argument 'cmake_clean_cache' from command line to 'False'
[0.264s] Level 5:colcon.colcon_core.verb:set package 'ainex_social_robot' build argument 'cmake_clean_first' from command line to 'False'
[0.264s] Level 5:colcon.colcon_core.verb:set package 'ainex_social_robot' build argument 'cmake_force_configure' from command line to 'False'
[0.264s] Level 5:colcon.colcon_core.verb:set package 'ainex_social_robot' build argument 'ament_cmake_args' from command line to 'None'
[0.264s] Level 5:colcon.colcon_core.verb:set package 'ainex_social_robot' build argument 'catkin_cmake_args' from command line to 'None'
[0.264s] Level 5:colcon.colcon_core.verb:set package 'ainex_social_robot' build argument 'catkin_skip_building_tests' from command line to 'False'
[0.264s] DEBUG:colcon.colcon_core.verb:Building package 'ainex_social_robot' with the following arguments: {'ament_cmake_args': None, 'build_base': '/home/hrs2025/20260121/build/ainex_social_robot', 'catkin_cmake_args': None, 'catkin_skip_building_tests': False, 'cmake_args': None, 'cmake_clean_cache': False, 'cmake_clean_first': False, 'cmake_force_configure': False, 'cmake_target': None, 'cmake_target_skip_unavailable': False, 'install_base': '/home/hrs2025/20260121/install/ainex_social_robot', 'merge_install': False, 'path': '/home/hrs2025/20260121/src/ainex_social_robot', 'symlink_install': True, 'test_result_base': None}
[0.264s] Level 5:colcon.colcon_core.verb:set package 'ainex_controller' build argument 'cmake_args' from command line to 'None'
[0.264s] Level 5:colcon.colcon_core.verb:set package 'ainex_controller' build argument 'cmake_target' from command line to 'None'
[0.264s] Level 5:colcon.colcon_core.verb:set package 'ainex_controller' build argument 'cmake_target_skip_unavailable' from command line to 'False'
[0.264s] Level 5:colcon.colcon_core.verb:set package 'ainex_controller' build argument 'cmake_clean_cache' from command line to 'False'
[0.264s] Level 5:colcon.colcon_core.verb:set package 'ainex_controller' build argument 'cmake_clean_first' from command line to 'False'
[0.264s] Level 5:colcon.colcon_core.verb:set package 'ainex_controller' build argument 'cmake_force_configure' from command line to 'False'
[0.264s] Level 5:colcon.colcon_core.verb:set package 'ainex_controller' build argument 'ament_cmake_args' from command line to 'None'
[0.264s] Level 5:colcon.colcon_core.verb:set package 'ainex_controller' build argument 'catkin_cmake_args' from command line to 'None'
[0.264s] Level 5:colcon.colcon_core.verb:set package 'ainex_controller' build argument 'catkin_skip_building_tests' from command line to 'False'
[0.264s] DEBUG:colcon.colcon_core.verb:Building package 'ainex_controller' with the following arguments: {'ament_cmake_args': None, 'build_base': '/home/hrs2025/20260121/build/ainex_controller', 'catkin_cmake_args': None, 'catkin_skip_building_tests': False, 'cmake_args': None, 'cmake_clean_cache': False, 'cmake_clean_first': False, 'cmake_force_configure': False, 'cmake_target': None, 'cmake_target_skip_unavailable': False, 'install_base': '/home/hrs2025/20260121/install/ainex_controller', 'merge_install': False, 'path': '/home/hrs2025/20260121/src/ainex_controller', 'symlink_install': True, 'test_result_base': None}
[0.264s] INFO:colcon.colcon_core.executor:Executing jobs using 'parallel' executor
[0.265s] DEBUG:colcon.colcon_parallel_executor.executor.parallel:run_until_complete
[0.265s] INFO:colcon.colcon_ros.task.ament_cmake.build:Building ROS package in '/home/hrs2025/20260121/src/servo_service' with build type 'ament_cmake'
[0.265s] INFO:colcon.colcon_cmake.task.cmake.build:Building CMake package in '/home/hrs2025/20260121/src/servo_service'
[0.268s] INFO:colcon.colcon_core.plugin_system:Skipping extension 'colcon_core.shell.bat': Not used on non-Windows systems
[0.268s] INFO:colcon.colcon_core.shell:Skip shell extension 'powershell' for command environment: Not usable outside of PowerShell
[0.268s] DEBUG:colcon.colcon_core.shell:Skip shell extension 'dsv' for command environment
[0.273s] INFO:colcon.colcon_ros.task.ament_python.build:Building ROS package in '/home/hrs2025/20260121/src/ainex_vision' with build type 'ament_python'
[0.273s] Level 1:colcon.colcon_core.shell:create_environment_hook('ainex_vision', 'ament_prefix_path')
[0.273s] INFO:colcon.colcon_core.shell:Creating environment hook '/home/hrs2025/20260121/install/ainex_vision/share/ainex_vision/hook/ament_prefix_path.ps1'
[0.274s] INFO:colcon.colcon_core.shell:Creating environment descriptor '/home/hrs2025/20260121/install/ainex_vision/share/ainex_vision/hook/ament_prefix_path.dsv'
[0.275s] INFO:colcon.colcon_core.shell:Creating environment hook '/home/hrs2025/20260121/install/ainex_vision/share/ainex_vision/hook/ament_prefix_path.sh'
[0.275s] INFO:colcon.colcon_core.shell:Skip shell extension 'powershell' for command environment: Not usable outside of PowerShell
[0.275s] DEBUG:colcon.colcon_core.shell:Skip shell extension 'dsv' for command environment
[0.280s] INFO:colcon.colcon_ros.task.ament_cmake.build:Building ROS package in '/home/hrs2025/20260121/src/ainex_description' with build type 'ament_cmake'
[0.280s] INFO:colcon.colcon_cmake.task.cmake.build:Building CMake package in '/home/hrs2025/20260121/src/ainex_description'
[0.280s] INFO:colcon.colcon_core.shell:Skip shell extension 'powershell' for command environment: Not usable outside of PowerShell
[0.280s] DEBUG:colcon.colcon_core.shell:Skip shell extension 'dsv' for command environment
[0.289s] DEBUG:colcon.colcon_core.event_handler.log_command:Invoking command in '/home/hrs2025/20260121/build/servo_service': CMAKE_PREFIX_PATH=${CMAKE_PREFIX_PATH}:/home/hrs2025/20260121/install/ainex_controller:/home/hrs2025/20260121/install/ainex_social_robot:/home/hrs2025/20260121/install/ainex_motion:/home/hrs2025/20260121/install/ainex_vision:/home/hrs2025/backup/20260121/install/ainex_controller:/home/hrs2025/backup/20260121/install/ainex_social_robot:/home/hrs2025/backup/20260121/install/ainex_motion:/home/hrs2025/backup/20260121/install/ainex_vision:/home/hrs2025/Workspace/install/ainex_controller:/home/hrs2025/Workspace/install/ainex_social_robot:/home/hrs2025/Workspace/install/ainex_motion:/home/hrs2025/Workspace/install/ainex_vision:/opt/ros/jazzy DEBUGINFOD_URLS=https://debuginfod.ubuntu.com /usr/bin/cmake --build /home/hrs2025/20260121/build/servo_service -- -j8 -l8
[0.541s] INFO:colcon.colcon_core.task.python.build:Building Python package in '/home/hrs2025/20260121/src/ainex_vision'
[0.541s] INFO:colcon.colcon_core.shell:Skip shell extension 'powershell' for command environment: Not usable outside of PowerShell
[0.541s] DEBUG:colcon.colcon_core.shell:Skip shell extension 'dsv' for command environment
[0.550s] DEBUG:colcon.colcon_core.event_handler.log_command:Invoking command in '/home/hrs2025/20260121/build/ainex_description': CMAKE_PREFIX_PATH=${CMAKE_PREFIX_PATH}:/home/hrs2025/20260121/install/ainex_controller:/home/hrs2025/20260121/install/ainex_social_robot:/home/hrs2025/20260121/install/ainex_motion:/home/hrs2025/20260121/install/ainex_vision:/home/hrs2025/backup/20260121/install/ainex_controller:/home/hrs2025/backup/20260121/install/ainex_social_robot:/home/hrs2025/backup/20260121/install/ainex_motion:/home/hrs2025/backup/20260121/install/ainex_vision:/home/hrs2025/Workspace/install/ainex_controller:/home/hrs2025/Workspace/install/ainex_social_robot:/home/hrs2025/Workspace/install/ainex_motion:/home/hrs2025/Workspace/install/ainex_vision:/opt/ros/jazzy DEBUGINFOD_URLS=https://debuginfod.ubuntu.com /usr/bin/cmake --build /home/hrs2025/20260121/build/ainex_description -- -j8 -l8
[0.592s] DEBUG:colcon.colcon_core.event_handler.log_command:Invoked command in '/home/hrs2025/20260121/build/ainex_description' returned '0': CMAKE_PREFIX_PATH=${CMAKE_PREFIX_PATH}:/home/hrs2025/20260121/install/ainex_controller:/home/hrs2025/20260121/install/ainex_social_robot:/home/hrs2025/20260121/install/ainex_motion:/home/hrs2025/20260121/install/ainex_vision:/home/hrs2025/backup/20260121/install/ainex_controller:/home/hrs2025/backup/20260121/install/ainex_social_robot:/home/hrs2025/backup/20260121/install/ainex_motion:/home/hrs2025/backup/20260121/install/ainex_vision:/home/hrs2025/Workspace/install/ainex_controller:/home/hrs2025/Workspace/install/ainex_social_robot:/home/hrs2025/Workspace/install/ainex_motion:/home/hrs2025/Workspace/install/ainex_vision:/opt/ros/jazzy DEBUGINFOD_URLS=https://debuginfod.ubuntu.com /usr/bin/cmake --build /home/hrs2025/20260121/build/ainex_description -- -j8 -l8
[0.602s] DEBUG:colcon.colcon_core.event_handler.log_command:Invoking command in '/home/hrs2025/20260121/build/ainex_description': CMAKE_PREFIX_PATH=${CMAKE_PREFIX_PATH}:/home/hrs2025/20260121/install/ainex_controller:/home/hrs2025/20260121/install/ainex_social_robot:/home/hrs2025/20260121/install/ainex_motion:/home/hrs2025/20260121/install/ainex_vision:/home/hrs2025/backup/20260121/install/ainex_controller:/home/hrs2025/backup/20260121/install/ainex_social_robot:/home/hrs2025/backup/20260121/install/ainex_motion:/home/hrs2025/backup/20260121/install/ainex_vision:/home/hrs2025/Workspace/install/ainex_controller:/home/hrs2025/Workspace/install/ainex_social_robot:/home/hrs2025/Workspace/install/ainex_motion:/home/hrs2025/Workspace/install/ainex_vision:/opt/ros/jazzy DEBUGINFOD_URLS=https://debuginfod.ubuntu.com /usr/bin/cmake --install /home/hrs2025/20260121/build/ainex_description
[0.631s] Level 1:colcon.colcon_core.environment:create_environment_scripts_only(ainex_description)
[0.631s] DEBUG:colcon.colcon_core.event_handler.log_command:Invoked command in '/home/hrs2025/20260121/build/ainex_description' returned '0': CMAKE_PREFIX_PATH=${CMAKE_PREFIX_PATH}:/home/hrs2025/20260121/install/ainex_controller:/home/hrs2025/20260121/install/ainex_social_robot:/home/hrs2025/20260121/install/ainex_motion:/home/hrs2025/20260121/install/ainex_vision:/home/hrs2025/backup/20260121/install/ainex_controller:/home/hrs2025/backup/20260121/install/ainex_social_robot:/home/hrs2025/backup/20260121/install/ainex_motion:/home/hrs2025/backup/20260121/install/ainex_vision:/home/hrs2025/Workspace/install/ainex_controller:/home/hrs2025/Workspace/install/ainex_social_robot:/home/hrs2025/Workspace/install/ainex_motion:/home/hrs2025/Workspace/install/ainex_vision:/opt/ros/jazzy DEBUGINFOD_URLS=https://debuginfod.ubuntu.com /usr/bin/cmake --install /home/hrs2025/20260121/build/ainex_description
[0.635s] Level 1:colcon.colcon_core.environment:checking '/home/hrs2025/20260121/install/ainex_description' for CMake module files
[0.635s] Level 1:colcon.colcon_core.environment:checking '/home/hrs2025/20260121/install/ainex_description' for CMake config files
[0.635s] Level 1:colcon.colcon_core.shell:create_environment_hook('ainex_description', 'cmake_prefix_path')
[0.636s] INFO:colcon.colcon_core.shell:Creating environment hook '/home/hrs2025/20260121/install/ainex_description/share/ainex_description/hook/cmake_prefix_path.ps1'
[0.636s] INFO:colcon.colcon_core.shell:Creating environment descriptor '/home/hrs2025/20260121/install/ainex_description/share/ainex_description/hook/cmake_prefix_path.dsv'
[0.636s] INFO:colcon.colcon_core.shell:Creating environment hook '/home/hrs2025/20260121/install/ainex_description/share/ainex_description/hook/cmake_prefix_path.sh'
[0.637s] Level 1:colcon.colcon_core.environment:checking '/home/hrs2025/20260121/install/ainex_description/bin'
[0.637s] Level 1:colcon.colcon_core.environment:checking '/home/hrs2025/20260121/install/ainex_description/lib/pkgconfig/ainex_description.pc'
[0.637s] Level 1:colcon.colcon_core.environment:checking '/home/hrs2025/20260121/install/ainex_description/lib/python3.12/site-packages'
[0.638s] Level 1:colcon.colcon_core.environment:checking '/home/hrs2025/20260121/install/ainex_description/bin'
[0.638s] INFO:colcon.colcon_core.shell:Creating package script '/home/hrs2025/20260121/install/ainex_description/share/ainex_description/package.ps1'
[0.638s] INFO:colcon.colcon_core.shell:Creating package descriptor '/home/hrs2025/20260121/install/ainex_description/share/ainex_description/package.dsv'
[0.639s] INFO:colcon.colcon_core.shell:Creating package script '/home/hrs2025/20260121/install/ainex_description/share/ainex_description/package.sh'
[0.639s] INFO:colcon.colcon_core.shell:Creating package script '/home/hrs2025/20260121/install/ainex_description/share/ainex_description/package.bash'
[0.640s] INFO:colcon.colcon_core.shell:Creating package script '/home/hrs2025/20260121/install/ainex_description/share/ainex_description/package.zsh'
[0.640s] Level 1:colcon.colcon_core.environment:create_file_with_runtime_dependencies(/home/hrs2025/20260121/install/ainex_description/share/colcon-core/packages/ainex_description)
[0.641s] Level 1:colcon.colcon_core.environment:create_environment_scripts_only(ainex_description)
[0.641s] Level 1:colcon.colcon_core.environment:checking '/home/hrs2025/20260121/install/ainex_description' for CMake module files
[0.642s] Level 1:colcon.colcon_core.environment:checking '/home/hrs2025/20260121/install/ainex_description' for CMake config files
[0.642s] Level 1:colcon.colcon_core.shell:create_environment_hook('ainex_description', 'cmake_prefix_path')
[0.642s] INFO:colcon.colcon_core.shell:Creating environment hook '/home/hrs2025/20260121/install/ainex_description/share/ainex_description/hook/cmake_prefix_path.ps1'
[0.642s] INFO:colcon.colcon_core.shell:Creating environment descriptor '/home/hrs2025/20260121/install/ainex_description/share/ainex_description/hook/cmake_prefix_path.dsv'
[0.643s] INFO:colcon.colcon_core.shell:Creating environment hook '/home/hrs2025/20260121/install/ainex_description/share/ainex_description/hook/cmake_prefix_path.sh'
[0.643s] Level 1:colcon.colcon_core.environment:checking '/home/hrs2025/20260121/install/ainex_description/bin'
[0.643s] Level 1:colcon.colcon_core.environment:checking '/home/hrs2025/20260121/install/ainex_description/lib/pkgconfig/ainex_description.pc'
[0.643s] Level 1:colcon.colcon_core.environment:checking '/home/hrs2025/20260121/install/ainex_description/lib/python3.12/site-packages'
[0.644s] Level 1:colcon.colcon_core.environment:checking '/home/hrs2025/20260121/install/ainex_description/bin'
[0.644s] INFO:colcon.colcon_core.shell:Creating package script '/home/hrs2025/20260121/install/ainex_description/share/ainex_description/package.ps1'
[0.644s] INFO:colcon.colcon_core.shell:Creating package descriptor '/home/hrs2025/20260121/install/ainex_description/share/ainex_description/package.dsv'
[0.645s] INFO:colcon.colcon_core.shell:Creating package script '/home/hrs2025/20260121/install/ainex_description/share/ainex_description/package.sh'
[0.645s] INFO:colcon.colcon_core.shell:Creating package script '/home/hrs2025/20260121/install/ainex_description/share/ainex_description/package.bash'
[0.645s] INFO:colcon.colcon_core.shell:Creating package script '/home/hrs2025/20260121/install/ainex_description/share/ainex_description/package.zsh'
[0.646s] Level 1:colcon.colcon_core.environment:create_file_with_runtime_dependencies(/home/hrs2025/20260121/install/ainex_description/share/colcon-core/packages/ainex_description)
[1.179s] DEBUG:colcon.colcon_core.event_handler.log_command:Invoked command in '/home/hrs2025/20260121/build/servo_service' returned '0': CMAKE_PREFIX_PATH=${CMAKE_PREFIX_PATH}:/home/hrs2025/20260121/install/ainex_controller:/home/hrs2025/20260121/install/ainex_social_robot:/home/hrs2025/20260121/install/ainex_motion:/home/hrs2025/20260121/install/ainex_vision:/home/hrs2025/backup/20260121/install/ainex_controller:/home/hrs2025/backup/20260121/install/ainex_social_robot:/home/hrs2025/backup/20260121/install/ainex_motion:/home/hrs2025/backup/20260121/install/ainex_vision:/home/hrs2025/Workspace/install/ainex_controller:/home/hrs2025/Workspace/install/ainex_social_robot:/home/hrs2025/Workspace/install/ainex_motion:/home/hrs2025/Workspace/install/ainex_vision:/opt/ros/jazzy DEBUGINFOD_URLS=https://debuginfod.ubuntu.com /usr/bin/cmake --build /home/hrs2025/20260121/build/servo_service -- -j8 -l8
[1.180s] DEBUG:colcon.colcon_core.event_handler.log_command:Invoking command in '/home/hrs2025/20260121/build/servo_service': CMAKE_PREFIX_PATH=${CMAKE_PREFIX_PATH}:/home/hrs2025/20260121/install/ainex_controller:/home/hrs2025/20260121/install/ainex_social_robot:/home/hrs2025/20260121/install/ainex_motion:/home/hrs2025/20260121/install/ainex_vision:/home/hrs2025/backup/20260121/install/ainex_controller:/home/hrs2025/backup/20260121/install/ainex_social_robot:/home/hrs2025/backup/20260121/install/ainex_motion:/home/hrs2025/backup/20260121/install/ainex_vision:/home/hrs2025/Workspace/install/ainex_controller:/home/hrs2025/Workspace/install/ainex_social_robot:/home/hrs2025/Workspace/install/ainex_motion:/home/hrs2025/Workspace/install/ainex_vision:/opt/ros/jazzy DEBUGINFOD_URLS=https://debuginfod.ubuntu.com /usr/bin/cmake --install /home/hrs2025/20260121/build/servo_service
[1.274s] DEBUG:colcon.colcon_core.event_handler.log_command:Invoking command in '/home/hrs2025/20260121/build/ainex_vision': DEBUGINFOD_URLS=https://debuginfod.ubuntu.com PYTHONPATH=/home/hrs2025/20260121/build/ainex_vision/prefix_override:/usr/lib/python3/dist-packages/colcon_core/task/python/colcon_distutils_commands:/home/hrs2025/20260121/install/ainex_vision/lib/python3.12/site-packages:${PYTHONPATH} /usr/bin/python3 -W ignore:setup.py install is deprecated -W ignore:easy_install command is deprecated setup.py develop --editable --build-directory /home/hrs2025/20260121/build/ainex_vision/build --no-deps symlink_data
[1.342s] Level 1:colcon.colcon_core.environment:create_environment_scripts_only(servo_service)
[1.342s] Level 1:colcon.colcon_core.environment:checking '/home/hrs2025/20260121/install/servo_service' for CMake module files
[1.343s] DEBUG:colcon.colcon_core.event_handler.log_command:Invoked command in '/home/hrs2025/20260121/build/servo_service' returned '0': CMAKE_PREFIX_PATH=${CMAKE_PREFIX_PATH}:/home/hrs2025/20260121/install/ainex_controller:/home/hrs2025/20260121/install/ainex_social_robot:/home/hrs2025/20260121/install/ainex_motion:/home/hrs2025/20260121/install/ainex_vision:/home/hrs2025/backup/20260121/install/ainex_controller:/home/hrs2025/backup/20260121/install/ainex_social_robot:/home/hrs2025/backup/20260121/install/ainex_motion:/home/hrs2025/backup/20260121/install/ainex_vision:/home/hrs2025/Workspace/install/ainex_controller:/home/hrs2025/Workspace/install/ainex_social_robot:/home/hrs2025/Workspace/install/ainex_motion:/home/hrs2025/Workspace/install/ainex_vision:/opt/ros/jazzy DEBUGINFOD_URLS=https://debuginfod.ubuntu.com /usr/bin/cmake --install /home/hrs2025/20260121/build/servo_service
[1.343s] Level 1:colcon.colcon_core.environment:checking '/home/hrs2025/20260121/install/servo_service' for CMake config files
[1.344s] Level 1:colcon.colcon_core.shell:create_environment_hook('servo_service', 'cmake_prefix_path')
[1.344s] INFO:colcon.colcon_core.shell:Creating environment hook '/home/hrs2025/20260121/install/servo_service/share/servo_service/hook/cmake_prefix_path.ps1'
[1.345s] INFO:colcon.colcon_core.shell:Creating environment descriptor '/home/hrs2025/20260121/install/servo_service/share/servo_service/hook/cmake_prefix_path.dsv'
[1.345s] INFO:colcon.colcon_core.shell:Creating environment hook '/home/hrs2025/20260121/install/servo_service/share/servo_service/hook/cmake_prefix_path.sh'
[1.345s] Level 1:colcon.colcon_core.environment:checking '/home/hrs2025/20260121/install/servo_service/lib'
[1.346s] Level 1:colcon.colcon_core.shell:create_environment_hook('servo_service', 'ld_library_path_lib')
[1.346s] INFO:colcon.colcon_core.shell:Creating environment hook '/home/hrs2025/20260121/install/servo_service/share/servo_service/hook/ld_library_path_lib.ps1'
[1.346s] INFO:colcon.colcon_core.shell:Creating environment descriptor '/home/hrs2025/20260121/install/servo_service/share/servo_service/hook/ld_library_path_lib.dsv'
[1.346s] INFO:colcon.colcon_core.shell:Creating environment hook '/home/hrs2025/20260121/install/servo_service/share/servo_service/hook/ld_library_path_lib.sh'
[1.347s] Level 1:colcon.colcon_core.environment:checking '/home/hrs2025/20260121/install/servo_service/bin'
[1.347s] Level 1:colcon.colcon_core.environment:checking '/home/hrs2025/20260121/install/servo_service/lib/pkgconfig/servo_service.pc'
[1.347s] Level 1:colcon.colcon_core.environment:checking '/home/hrs2025/20260121/install/servo_service/lib/python3.12/site-packages'
[1.347s] Level 1:colcon.colcon_core.shell:create_environment_hook('servo_service', 'pythonpath')
[1.347s] INFO:colcon.colcon_core.shell:Creating environment hook '/home/hrs2025/20260121/install/servo_service/share/servo_service/hook/pythonpath.ps1'
[1.348s] INFO:colcon.colcon_core.shell:Creating environment descriptor '/home/hrs2025/20260121/install/servo_service/share/servo_service/hook/pythonpath.dsv'
[1.348s] INFO:colcon.colcon_core.shell:Creating environment hook '/home/hrs2025/20260121/install/servo_service/share/servo_service/hook/pythonpath.sh'
[1.349s] Level 1:colcon.colcon_core.environment:checking '/home/hrs2025/20260121/install/servo_service/bin'
[1.349s] INFO:colcon.colcon_core.shell:Creating package script '/home/hrs2025/20260121/install/servo_service/share/servo_service/package.ps1'
[1.350s] INFO:colcon.colcon_core.shell:Creating package descriptor '/home/hrs2025/20260121/install/servo_service/share/servo_service/package.dsv'
[1.350s] INFO:colcon.colcon_core.shell:Creating package script '/home/hrs2025/20260121/install/servo_service/share/servo_service/package.sh'
[1.351s] INFO:colcon.colcon_core.shell:Creating package script '/home/hrs2025/20260121/install/servo_service/share/servo_service/package.bash'
[1.351s] INFO:colcon.colcon_core.shell:Creating package script '/home/hrs2025/20260121/install/servo_service/share/servo_service/package.zsh'
[1.351s] Level 1:colcon.colcon_core.environment:create_file_with_runtime_dependencies(/home/hrs2025/20260121/install/servo_service/share/colcon-core/packages/servo_service)
[1.352s] Level 1:colcon.colcon_core.environment:create_environment_scripts_only(servo_service)
[1.352s] Level 1:colcon.colcon_core.environment:checking '/home/hrs2025/20260121/install/servo_service' for CMake module files
[1.353s] Level 1:colcon.colcon_core.environment:checking '/home/hrs2025/20260121/install/servo_service' for CMake config files
[1.353s] Level 1:colcon.colcon_core.shell:create_environment_hook('servo_service', 'cmake_prefix_path')
[1.353s] INFO:colcon.colcon_core.shell:Creating environment hook '/home/hrs2025/20260121/install/servo_service/share/servo_service/hook/cmake_prefix_path.ps1'
[1.354s] INFO:colcon.colcon_core.shell:Creating environment descriptor '/home/hrs2025/20260121/install/servo_service/share/servo_service/hook/cmake_prefix_path.dsv'
[1.354s] INFO:colcon.colcon_core.shell:Creating environment hook '/home/hrs2025/20260121/install/servo_service/share/servo_service/hook/cmake_prefix_path.sh'
[1.355s] Level 1:colcon.colcon_core.environment:checking '/home/hrs2025/20260121/install/servo_service/lib'
[1.355s] Level 1:colcon.colcon_core.shell:create_environment_hook('servo_service', 'ld_library_path_lib')
[1.355s] INFO:colcon.colcon_core.shell:Creating environment hook '/home/hrs2025/20260121/install/servo_service/share/servo_service/hook/ld_library_path_lib.ps1'
[1.355s] INFO:colcon.colcon_core.shell:Creating environment descriptor '/home/hrs2025/20260121/install/servo_service/share/servo_service/hook/ld_library_path_lib.dsv'
[1.355s] INFO:colcon.colcon_core.shell:Creating environment hook '/home/hrs2025/20260121/install/servo_service/share/servo_service/hook/ld_library_path_lib.sh'
[1.356s] Level 1:colcon.colcon_core.environment:checking '/home/hrs2025/20260121/install/servo_service/bin'
[1.356s] Level 1:colcon.colcon_core.environment:checking '/home/hrs2025/20260121/install/servo_service/lib/pkgconfig/servo_service.pc'
[1.356s] Level 1:colcon.colcon_core.environment:checking '/home/hrs2025/20260121/install/servo_service/lib/python3.12/site-packages'
[1.356s] Level 1:colcon.colcon_core.shell:create_environment_hook('servo_service', 'pythonpath')
[1.356s] INFO:colcon.colcon_core.shell:Creating environment hook '/home/hrs2025/20260121/install/servo_service/share/servo_service/hook/pythonpath.ps1'
[1.357s] INFO:colcon.colcon_core.shell:Creating environment descriptor '/home/hrs2025/20260121/install/servo_service/share/servo_service/hook/pythonpath.dsv'
[1.357s] INFO:colcon.colcon_core.shell:Creating environment hook '/home/hrs2025/20260121/install/servo_service/share/servo_service/hook/pythonpath.sh'
[1.358s] Level 1:colcon.colcon_core.environment:checking '/home/hrs2025/20260121/install/servo_service/bin'
[1.358s] INFO:colcon.colcon_core.shell:Creating package script '/home/hrs2025/20260121/install/servo_service/share/servo_service/package.ps1'
[1.358s] INFO:colcon.colcon_core.shell:Creating package descriptor '/home/hrs2025/20260121/install/servo_service/share/servo_service/package.dsv'
[1.359s] INFO:colcon.colcon_core.shell:Creating package script '/home/hrs2025/20260121/install/servo_service/share/servo_service/package.sh'
[1.359s] INFO:colcon.colcon_core.shell:Creating package script '/home/hrs2025/20260121/install/servo_service/share/servo_service/package.bash'
[1.360s] INFO:colcon.colcon_core.shell:Creating package script '/home/hrs2025/20260121/install/servo_service/share/servo_service/package.zsh'
[1.360s] Level 1:colcon.colcon_core.environment:create_file_with_runtime_dependencies(/home/hrs2025/20260121/install/servo_service/share/colcon-core/packages/servo_service)
[1.360s] INFO:colcon.colcon_ros.task.ament_python.build:Building ROS package in '/home/hrs2025/20260121/src/ainex_motion' with build type 'ament_python'
[1.360s] Level 1:colcon.colcon_core.shell:create_environment_hook('ainex_motion', 'ament_prefix_path')
[1.361s] INFO:colcon.colcon_core.shell:Creating environment hook '/home/hrs2025/20260121/install/ainex_motion/share/ainex_motion/hook/ament_prefix_path.ps1'
[1.361s] INFO:colcon.colcon_core.shell:Creating environment descriptor '/home/hrs2025/20260121/install/ainex_motion/share/ainex_motion/hook/ament_prefix_path.dsv'
[1.362s] INFO:colcon.colcon_core.shell:Creating environment hook '/home/hrs2025/20260121/install/ainex_motion/share/ainex_motion/hook/ament_prefix_path.sh'
[1.362s] INFO:colcon.colcon_core.shell:Skip shell extension 'powershell' for command environment: Not usable outside of PowerShell
[1.362s] DEBUG:colcon.colcon_core.shell:Skip shell extension 'dsv' for command environment
[1.616s] INFO:colcon.colcon_core.task.python.build:Building Python package in '/home/hrs2025/20260121/src/ainex_motion'
[1.616s] INFO:colcon.colcon_core.shell:Skip shell extension 'powershell' for command environment: Not usable outside of PowerShell
[1.616s] DEBUG:colcon.colcon_core.shell:Skip shell extension 'dsv' for command environment
[2.059s] Level 1:colcon.colcon_core.shell:create_environment_hook('ainex_vision', 'pythonpath_develop')
[2.059s] INFO:colcon.colcon_core.shell:Creating environment hook '/home/hrs2025/20260121/build/ainex_vision/share/ainex_vision/hook/pythonpath_develop.ps1'
[2.060s] DEBUG:colcon.colcon_core.event_handler.log_command:Invoked command in '/home/hrs2025/20260121/build/ainex_vision' returned '0': DEBUGINFOD_URLS=https://debuginfod.ubuntu.com PYTHONPATH=/home/hrs2025/20260121/build/ainex_vision/prefix_override:/usr/lib/python3/dist-packages/colcon_core/task/python/colcon_distutils_commands:/home/hrs2025/20260121/install/ainex_vision/lib/python3.12/site-packages:${PYTHONPATH} /usr/bin/python3 -W ignore:setup.py install is deprecated -W ignore:easy_install command is deprecated setup.py develop --editable --build-directory /home/hrs2025/20260121/build/ainex_vision/build --no-deps symlink_data
[2.060s] INFO:colcon.colcon_core.shell:Creating environment descriptor '/home/hrs2025/20260121/build/ainex_vision/share/ainex_vision/hook/pythonpath_develop.dsv'
[2.061s] INFO:colcon.colcon_core.shell:Creating environment hook '/home/hrs2025/20260121/build/ainex_vision/share/ainex_vision/hook/pythonpath_develop.sh'
[2.061s] Level 1:colcon.colcon_core.environment:checking '/home/hrs2025/20260121/install/ainex_vision' for CMake module files
[2.062s] Level 1:colcon.colcon_core.environment:checking '/home/hrs2025/20260121/install/ainex_vision' for CMake config files
[2.062s] Level 1:colcon.colcon_core.environment:checking '/home/hrs2025/20260121/install/ainex_vision/lib'
[2.062s] Level 1:colcon.colcon_core.environment:checking '/home/hrs2025/20260121/install/ainex_vision/bin'
[2.062s] Level 1:colcon.colcon_core.environment:checking '/home/hrs2025/20260121/install/ainex_vision/lib/pkgconfig/ainex_vision.pc'
[2.062s] Level 1:colcon.colcon_core.environment:checking '/home/hrs2025/20260121/install/ainex_vision/lib/python3.12/site-packages'
[2.063s] Level 1:colcon.colcon_core.shell:create_environment_hook('ainex_vision', 'pythonpath')
[2.063s] INFO:colcon.colcon_core.shell:Creating environment hook '/home/hrs2025/20260121/install/ainex_vision/share/ainex_vision/hook/pythonpath.ps1'
[2.063s] INFO:colcon.colcon_core.shell:Creating environment descriptor '/home/hrs2025/20260121/install/ainex_vision/share/ainex_vision/hook/pythonpath.dsv'
[2.063s] INFO:colcon.colcon_core.shell:Creating environment hook '/home/hrs2025/20260121/install/ainex_vision/share/ainex_vision/hook/pythonpath.sh'
[2.064s] Level 1:colcon.colcon_core.environment:checking '/home/hrs2025/20260121/install/ainex_vision/bin'
[2.064s] Level 1:colcon.colcon_core.environment:create_environment_scripts_only(ainex_vision)
[2.064s] INFO:colcon.colcon_core.shell:Creating package script '/home/hrs2025/20260121/install/ainex_vision/share/ainex_vision/package.ps1'
[2.065s] INFO:colcon.colcon_core.shell:Creating package descriptor '/home/hrs2025/20260121/install/ainex_vision/share/ainex_vision/package.dsv'
[2.065s] INFO:colcon.colcon_core.shell:Creating package script '/home/hrs2025/20260121/install/ainex_vision/share/ainex_vision/package.sh'
[2.065s] INFO:colcon.colcon_core.shell:Creating package script '/home/hrs2025/20260121/install/ainex_vision/share/ainex_vision/package.bash'
[2.066s] INFO:colcon.colcon_core.shell:Creating package script '/home/hrs2025/20260121/install/ainex_vision/share/ainex_vision/package.zsh'
[2.066s] Level 1:colcon.colcon_core.environment:create_file_with_runtime_dependencies(/home/hrs2025/20260121/install/ainex_vision/share/colcon-core/packages/ainex_vision)
[2.293s] DEBUG:colcon.colcon_core.event_handler.log_command:Invoking command in '/home/hrs2025/20260121/build/ainex_motion': DEBUGINFOD_URLS=https://debuginfod.ubuntu.com PYTHONPATH=/home/hrs2025/20260121/build/ainex_motion/prefix_override:/usr/lib/python3/dist-packages/colcon_core/task/python/colcon_distutils_commands:/home/hrs2025/20260121/install/ainex_motion/lib/python3.12/site-packages:/home/hrs2025/20260121/install/servo_service/lib/python3.12/site-packages:/home/hrs2025/20260121/build/ainex_controller:/home/hrs2025/20260121/install/ainex_controller/lib/python3.12/site-packages:/home/hrs2025/20260121/build/ainex_social_robot:/home/hrs2025/20260121/install/ainex_social_robot/lib/python3.12/site-packages:/home/hrs2025/20260121/build/ainex_motion:/home/hrs2025/20260121/install/ainex_motion/lib/python3.12/site-packages:/home/hrs2025/20260121/build/ainex_vision:/home/hrs2025/20260121/install/ainex_vision/lib/python3.12/site-packages:/home/hrs2025/backup/20260121/install/ainex_controller/lib/python3.12/site-packages:/home/hrs2025/backup/20260121/install/ainex_social_robot/lib/python3.12/site-packages:/home/hrs2025/backup/20260121/install/ainex_motion/lib/python3.12/site-packages:/home/hrs2025/backup/20260121/install/servo_service/lib/python3.12/site-packages:/home/hrs2025/backup/20260121/install/ainex_vision/lib/python3.12/site-packages:/home/hrs2025/Workspace/build/ainex_controller:/home/hrs2025/Workspace/install/ainex_controller/lib/python3.12/site-packages:/home/hrs2025/Workspace/build/ainex_social_robot:/home/hrs2025/Workspace/install/ainex_social_robot/lib/python3.12/site-packages:/home/hrs2025/Workspace/build/ainex_motion:/home/hrs2025/Workspace/install/ainex_motion/lib/python3.12/site-packages:/home/hrs2025/Workspace/install/servo_service/lib/python3.12/site-packages:/home/hrs2025/Workspace/build/ainex_vision:/home/hrs2025/Workspace/install/ainex_vision/lib/python3.12/site-packages:/opt/openrobots/lib/python3.12/site-packages:/opt/ros/jazzy/lib/python3.12/site-packages:/home/hrs2025/my_venv/lib/python3.12/site-packages /usr/bin/python3 -W ignore:setup.py install is deprecated -W ignore:easy_install command is deprecated setup.py develop --editable --build-directory /home/hrs2025/20260121/build/ainex_motion/build --no-deps symlink_data
[3.030s] Level 1:colcon.colcon_core.shell:create_environment_hook('ainex_motion', 'pythonpath_develop')
[3.030s] INFO:colcon.colcon_core.shell:Creating environment hook '/home/hrs2025/20260121/build/ainex_motion/share/ainex_motion/hook/pythonpath_develop.ps1'
[3.031s] DEBUG:colcon.colcon_core.event_handler.log_command:Invoked command in '/home/hrs2025/20260121/build/ainex_motion' returned '0': DEBUGINFOD_URLS=https://debuginfod.ubuntu.com PYTHONPATH=/home/hrs2025/20260121/build/ainex_motion/prefix_override:/usr/lib/python3/dist-packages/colcon_core/task/python/colcon_distutils_commands:/home/hrs2025/20260121/install/ainex_motion/lib/python3.12/site-packages:/home/hrs2025/20260121/install/servo_service/lib/python3.12/site-packages:/home/hrs2025/20260121/build/ainex_controller:/home/hrs2025/20260121/install/ainex_controller/lib/python3.12/site-packages:/home/hrs2025/20260121/build/ainex_social_robot:/home/hrs2025/20260121/install/ainex_social_robot/lib/python3.12/site-packages:/home/hrs2025/20260121/build/ainex_motion:/home/hrs2025/20260121/install/ainex_motion/lib/python3.12/site-packages:/home/hrs2025/20260121/build/ainex_vision:/home/hrs2025/20260121/install/ainex_vision/lib/python3.12/site-packages:/home/hrs2025/backup/20260121/install/ainex_controller/lib/python3.12/site-packages:/home/hrs2025/backup/20260121/install/ainex_social_robot/lib/python3.12/site-packages:/home/hrs2025/backup/20260121/install/ainex_motion/lib/python3.12/site-packages:/home/hrs2025/backup/20260121/install/servo_service/lib/python3.12/site-packages:/home/hrs2025/backup/20260121/install/ainex_vision/lib/python3.12/site-packages:/home/hrs2025/Workspace/build/ainex_controller:/home/hrs2025/Workspace/install/ainex_controller/lib/python3.12/site-packages:/home/hrs2025/Workspace/build/ainex_social_robot:/home/hrs2025/Workspace/install/ainex_social_robot/lib/python3.12/site-packages:/home/hrs2025/Workspace/build/ainex_motion:/home/hrs2025/Workspace/install/ainex_motion/lib/python3.12/site-packages:/home/hrs2025/Workspace/install/servo_service/lib/python3.12/site-packages:/home/hrs2025/Workspace/build/ainex_vision:/home/hrs2025/Workspace/install/ainex_vision/lib/python3.12/site-packages:/opt/openrobots/lib/python3.12/site-packages:/opt/ros/jazzy/lib/python3.12/site-packages:/home/hrs2025/my_venv/lib/python3.12/site-packages /usr/bin/python3 -W ignore:setup.py install is deprecated -W ignore:easy_install command is deprecated setup.py develop --editable --build-directory /home/hrs2025/20260121/build/ainex_motion/build --no-deps symlink_data
[3.031s] INFO:colcon.colcon_core.shell:Creating environment descriptor '/home/hrs2025/20260121/build/ainex_motion/share/ainex_motion/hook/pythonpath_develop.dsv'
[3.032s] INFO:colcon.colcon_core.shell:Creating environment hook '/home/hrs2025/20260121/build/ainex_motion/share/ainex_motion/hook/pythonpath_develop.sh'
[3.032s] Level 1:colcon.colcon_core.environment:checking '/home/hrs2025/20260121/install/ainex_motion' for CMake module files
[3.033s] Level 1:colcon.colcon_core.environment:checking '/home/hrs2025/20260121/install/ainex_motion' for CMake config files
[3.033s] Level 1:colcon.colcon_core.environment:checking '/home/hrs2025/20260121/install/ainex_motion/lib'
[3.033s] Level 1:colcon.colcon_core.environment:checking '/home/hrs2025/20260121/install/ainex_motion/bin'
[3.033s] Level 1:colcon.colcon_core.environment:checking '/home/hrs2025/20260121/install/ainex_motion/lib/pkgconfig/ainex_motion.pc'
[3.034s] Level 1:colcon.colcon_core.environment:checking '/home/hrs2025/20260121/install/ainex_motion/lib/python3.12/site-packages'
[3.034s] Level 1:colcon.colcon_core.shell:create_environment_hook('ainex_motion', 'pythonpath')
[3.034s] INFO:colcon.colcon_core.shell:Creating environment hook '/home/hrs2025/20260121/install/ainex_motion/share/ainex_motion/hook/pythonpath.ps1'
[3.034s] INFO:colcon.colcon_core.shell:Creating environment descriptor '/home/hrs2025/20260121/install/ainex_motion/share/ainex_motion/hook/pythonpath.dsv'
[3.034s] INFO:colcon.colcon_core.shell:Creating environment hook '/home/hrs2025/20260121/install/ainex_motion/share/ainex_motion/hook/pythonpath.sh'
[3.035s] Level 1:colcon.colcon_core.environment:checking '/home/hrs2025/20260121/install/ainex_motion/bin'
[3.035s] Level 1:colcon.colcon_core.environment:create_environment_scripts_only(ainex_motion)
[3.035s] INFO:colcon.colcon_core.shell:Creating package script '/home/hrs2025/20260121/install/ainex_motion/share/ainex_motion/package.ps1'
[3.036s] INFO:colcon.colcon_core.shell:Creating package descriptor '/home/hrs2025/20260121/install/ainex_motion/share/ainex_motion/package.dsv'
[3.036s] INFO:colcon.colcon_core.shell:Creating package script '/home/hrs2025/20260121/install/ainex_motion/share/ainex_motion/package.sh'
[3.037s] INFO:colcon.colcon_core.shell:Creating package script '/home/hrs2025/20260121/install/ainex_motion/share/ainex_motion/package.bash'
[3.037s] INFO:colcon.colcon_core.shell:Creating package script '/home/hrs2025/20260121/install/ainex_motion/share/ainex_motion/package.zsh'
[3.037s] Level 1:colcon.colcon_core.environment:create_file_with_runtime_dependencies(/home/hrs2025/20260121/install/ainex_motion/share/colcon-core/packages/ainex_motion)
[3.038s] INFO:colcon.colcon_ros.task.ament_python.build:Building ROS package in '/home/hrs2025/20260121/src/ainex_social_robot' with build type 'ament_python'
[3.038s] Level 1:colcon.colcon_core.shell:create_environment_hook('ainex_social_robot', 'ament_prefix_path')
[3.038s] INFO:colcon.colcon_core.shell:Creating environment hook '/home/hrs2025/20260121/install/ainex_social_robot/share/ainex_social_robot/hook/ament_prefix_path.ps1'
[3.039s] INFO:colcon.colcon_core.shell:Creating environment descriptor '/home/hrs2025/20260121/install/ainex_social_robot/share/ainex_social_robot/hook/ament_prefix_path.dsv'
[3.039s] INFO:colcon.colcon_core.shell:Creating environment hook '/home/hrs2025/20260121/install/ainex_social_robot/share/ainex_social_robot/hook/ament_prefix_path.sh'
[3.040s] INFO:colcon.colcon_core.shell:Skip shell extension 'powershell' for command environment: Not usable outside of PowerShell
[3.040s] DEBUG:colcon.colcon_core.shell:Skip shell extension 'dsv' for command environment
[3.284s] INFO:colcon.colcon_core.task.python.build:Building Python package in '/home/hrs2025/20260121/src/ainex_social_robot'
[3.285s] INFO:colcon.colcon_core.shell:Skip shell extension 'powershell' for command environment: Not usable outside of PowerShell
[3.285s] DEBUG:colcon.colcon_core.shell:Skip shell extension 'dsv' for command environment
[3.944s] DEBUG:colcon.colcon_core.event_handler.log_command:Invoking command in '/home/hrs2025/20260121/build/ainex_social_robot': AMENT_PREFIX_PATH=/home/hrs2025/20260121/install/ainex_motion:/home/hrs2025/20260121/install/ainex_vision:/home/hrs2025/20260121/install/ainex_controller:/home/hrs2025/20260121/install/ainex_social_robot:/home/hrs2025/20260121/install/servo_service:/home/hrs2025/20260121/install/ainex_description:/home/hrs2025/backup/20260121/install/ainex_controller:/home/hrs2025/backup/20260121/install/ainex_social_robot:/home/hrs2025/backup/20260121/install/ainex_motion:/home/hrs2025/backup/20260121/install/servo_service:/home/hrs2025/backup/20260121/install/ainex_vision:/home/hrs2025/backup/20260121/install/ainex_description:/home/hrs2025/Workspace/install/ainex_controller:/home/hrs2025/Workspace/install/ainex_social_robot:/home/hrs2025/Workspace/install/ainex_motion:/home/hrs2025/Workspace/install/servo_service:/home/hrs2025/Workspace/install/ainex_vision:/home/hrs2025/Workspace/install/ainex_description:/opt/ros/jazzy DEBUGINFOD_URLS=https://debuginfod.ubuntu.com PYTHONPATH=/home/hrs2025/20260121/build/ainex_social_robot/prefix_override:/usr/lib/python3/dist-packages/colcon_core/task/python/colcon_distutils_commands:/home/hrs2025/20260121/install/ainex_social_robot/lib/python3.12/site-packages:/home/hrs2025/20260121/build/ainex_motion:/home/hrs2025/20260121/install/ainex_motion/lib/python3.12/site-packages:/home/hrs2025/20260121/install/servo_service/lib/python3.12/site-packages:/home/hrs2025/20260121/build/ainex_vision:/home/hrs2025/20260121/install/ainex_vision/lib/python3.12/site-packages:/home/hrs2025/20260121/build/ainex_controller:/home/hrs2025/20260121/install/ainex_controller/lib/python3.12/site-packages:/home/hrs2025/20260121/build/ainex_social_robot:/home/hrs2025/20260121/install/ainex_social_robot/lib/python3.12/site-packages:/home/hrs2025/backup/20260121/install/ainex_controller/lib/python3.12/site-packages:/home/hrs2025/backup/20260121/install/ainex_social_robot/lib/python3.12/site-packages:/home/hrs2025/backup/20260121/install/ainex_motion/lib/python3.12/site-packages:/home/hrs2025/backup/20260121/install/servo_service/lib/python3.12/site-packages:/home/hrs2025/backup/20260121/install/ainex_vision/lib/python3.12/site-packages:/home/hrs2025/Workspace/build/ainex_controller:/home/hrs2025/Workspace/install/ainex_controller/lib/python3.12/site-packages:/home/hrs2025/Workspace/build/ainex_social_robot:/home/hrs2025/Workspace/install/ainex_social_robot/lib/python3.12/site-packages:/home/hrs2025/Workspace/build/ainex_motion:/home/hrs2025/Workspace/install/ainex_motion/lib/python3.12/site-packages:/home/hrs2025/Workspace/install/servo_service/lib/python3.12/site-packages:/home/hrs2025/Workspace/build/ainex_vision:/home/hrs2025/Workspace/install/ainex_vision/lib/python3.12/site-packages:/opt/openrobots/lib/python3.12/site-packages:/opt/ros/jazzy/lib/python3.12/site-packages:/home/hrs2025/my_venv/lib/python3.12/site-packages /usr/bin/python3 -W ignore:setup.py install is deprecated -W ignore:easy_install command is deprecated setup.py develop --editable --build-directory /home/hrs2025/20260121/build/ainex_social_robot/build --no-deps symlink_data
[4.669s] Level 1:colcon.colcon_core.shell:create_environment_hook('ainex_social_robot', 'pythonpath_develop')
[4.670s] INFO:colcon.colcon_core.shell:Creating environment hook '/home/hrs2025/20260121/build/ainex_social_robot/share/ainex_social_robot/hook/pythonpath_develop.ps1'
[4.670s] DEBUG:colcon.colcon_core.event_handler.log_command:Invoked command in '/home/hrs2025/20260121/build/ainex_social_robot' returned '0': AMENT_PREFIX_PATH=/home/hrs2025/20260121/install/ainex_motion:/home/hrs2025/20260121/install/ainex_vision:/home/hrs2025/20260121/install/ainex_controller:/home/hrs2025/20260121/install/ainex_social_robot:/home/hrs2025/20260121/install/servo_service:/home/hrs2025/20260121/install/ainex_description:/home/hrs2025/backup/20260121/install/ainex_controller:/home/hrs2025/backup/20260121/install/ainex_social_robot:/home/hrs2025/backup/20260121/install/ainex_motion:/home/hrs2025/backup/20260121/install/servo_service:/home/hrs2025/backup/20260121/install/ainex_vision:/home/hrs2025/backup/20260121/install/ainex_description:/home/hrs2025/Workspace/install/ainex_controller:/home/hrs2025/Workspace/install/ainex_social_robot:/home/hrs2025/Workspace/install/ainex_motion:/home/hrs2025/Workspace/install/servo_service:/home/hrs2025/Workspace/install/ainex_vision:/home/hrs2025/Workspace/install/ainex_description:/opt/ros/jazzy DEBUGINFOD_URLS=https://debuginfod.ubuntu.com PYTHONPATH=/home/hrs2025/20260121/build/ainex_social_robot/prefix_override:/usr/lib/python3/dist-packages/colcon_core/task/python/colcon_distutils_commands:/home/hrs2025/20260121/install/ainex_social_robot/lib/python3.12/site-packages:/home/hrs2025/20260121/build/ainex_motion:/home/hrs2025/20260121/install/ainex_motion/lib/python3.12/site-packages:/home/hrs2025/20260121/install/servo_service/lib/python3.12/site-packages:/home/hrs2025/20260121/build/ainex_vision:/home/hrs2025/20260121/install/ainex_vision/lib/python3.12/site-packages:/home/hrs2025/20260121/build/ainex_controller:/home/hrs2025/20260121/install/ainex_controller/lib/python3.12/site-packages:/home/hrs2025/20260121/build/ainex_social_robot:/home/hrs2025/20260121/install/ainex_social_robot/lib/python3.12/site-packages:/home/hrs2025/backup/20260121/install/ainex_controller/lib/python3.12/site-packages:/home/hrs2025/backup/20260121/install/ainex_social_robot/lib/python3.12/site-packages:/home/hrs2025/backup/20260121/install/ainex_motion/lib/python3.12/site-packages:/home/hrs2025/backup/20260121/install/servo_service/lib/python3.12/site-packages:/home/hrs2025/backup/20260121/install/ainex_vision/lib/python3.12/site-packages:/home/hrs2025/Workspace/build/ainex_controller:/home/hrs2025/Workspace/install/ainex_controller/lib/python3.12/site-packages:/home/hrs2025/Workspace/build/ainex_social_robot:/home/hrs2025/Workspace/install/ainex_social_robot/lib/python3.12/site-packages:/home/hrs2025/Workspace/build/ainex_motion:/home/hrs2025/Workspace/install/ainex_motion/lib/python3.12/site-packages:/home/hrs2025/Workspace/install/servo_service/lib/python3.12/site-packages:/home/hrs2025/Workspace/build/ainex_vision:/home/hrs2025/Workspace/install/ainex_vision/lib/python3.12/site-packages:/opt/openrobots/lib/python3.12/site-packages:/opt/ros/jazzy/lib/python3.12/site-packages:/home/hrs2025/my_venv/lib/python3.12/site-packages /usr/bin/python3 -W ignore:setup.py install is deprecated -W ignore:easy_install command is deprecated setup.py develop --editable --build-directory /home/hrs2025/20260121/build/ainex_social_robot/build --no-deps symlink_data
[4.670s] INFO:colcon.colcon_core.shell:Creating environment descriptor '/home/hrs2025/20260121/build/ainex_social_robot/share/ainex_social_robot/hook/pythonpath_develop.dsv'
[4.671s] INFO:colcon.colcon_core.shell:Creating environment hook '/home/hrs2025/20260121/build/ainex_social_robot/share/ainex_social_robot/hook/pythonpath_develop.sh'
[4.671s] Level 1:colcon.colcon_core.environment:checking '/home/hrs2025/20260121/install/ainex_social_robot' for CMake module files
[4.671s] Level 1:colcon.colcon_core.environment:checking '/home/hrs2025/20260121/install/ainex_social_robot' for CMake config files
[4.672s] Level 1:colcon.colcon_core.environment:checking '/home/hrs2025/20260121/install/ainex_social_robot/lib'
[4.672s] Level 1:colcon.colcon_core.environment:checking '/home/hrs2025/20260121/install/ainex_social_robot/bin'
[4.672s] Level 1:colcon.colcon_core.environment:checking '/home/hrs2025/20260121/install/ainex_social_robot/lib/pkgconfig/ainex_social_robot.pc'
[4.672s] Level 1:colcon.colcon_core.environment:checking '/home/hrs2025/20260121/install/ainex_social_robot/lib/python3.12/site-packages'
[4.672s] Level 1:colcon.colcon_core.shell:create_environment_hook('ainex_social_robot', 'pythonpath')
[4.673s] INFO:colcon.colcon_core.shell:Creating environment hook '/home/hrs2025/20260121/install/ainex_social_robot/share/ainex_social_robot/hook/pythonpath.ps1'
[4.673s] INFO:colcon.colcon_core.shell:Creating environment descriptor '/home/hrs2025/20260121/install/ainex_social_robot/share/ainex_social_robot/hook/pythonpath.dsv'
[4.673s] INFO:colcon.colcon_core.shell:Creating environment hook '/home/hrs2025/20260121/install/ainex_social_robot/share/ainex_social_robot/hook/pythonpath.sh'
[4.674s] Level 1:colcon.colcon_core.environment:checking '/home/hrs2025/20260121/install/ainex_social_robot/bin'
[4.674s] Level 1:colcon.colcon_core.environment:create_environment_scripts_only(ainex_social_robot)
[4.675s] INFO:colcon.colcon_core.shell:Creating package script '/home/hrs2025/20260121/install/ainex_social_robot/share/ainex_social_robot/package.ps1'
[4.676s] INFO:colcon.colcon_core.shell:Creating package descriptor '/home/hrs2025/20260121/install/ainex_social_robot/share/ainex_social_robot/package.dsv'
[4.676s] INFO:colcon.colcon_core.shell:Creating package script '/home/hrs2025/20260121/install/ainex_social_robot/share/ainex_social_robot/package.sh'
[4.677s] INFO:colcon.colcon_core.shell:Creating package script '/home/hrs2025/20260121/install/ainex_social_robot/share/ainex_social_robot/package.bash'
[4.677s] INFO:colcon.colcon_core.shell:Creating package script '/home/hrs2025/20260121/install/ainex_social_robot/share/ainex_social_robot/package.zsh'
[4.678s] Level 1:colcon.colcon_core.environment:create_file_with_runtime_dependencies(/home/hrs2025/20260121/install/ainex_social_robot/share/colcon-core/packages/ainex_social_robot)
[4.678s] INFO:colcon.colcon_ros.task.ament_python.build:Building ROS package in '/home/hrs2025/20260121/src/ainex_controller' with build type 'ament_python'
[4.678s] Level 1:colcon.colcon_core.shell:create_environment_hook('ainex_controller', 'ament_prefix_path')
[4.678s] INFO:colcon.colcon_core.shell:Creating environment hook '/home/hrs2025/20260121/install/ainex_controller/share/ainex_controller/hook/ament_prefix_path.ps1'
[4.679s] INFO:colcon.colcon_core.shell:Creating environment descriptor '/home/hrs2025/20260121/install/ainex_controller/share/ainex_controller/hook/ament_prefix_path.dsv'
[4.680s] INFO:colcon.colcon_core.shell:Creating environment hook '/home/hrs2025/20260121/install/ainex_controller/share/ainex_controller/hook/ament_prefix_path.sh'
[4.680s] INFO:colcon.colcon_core.shell:Skip shell extension 'powershell' for command environment: Not usable outside of PowerShell
[4.680s] DEBUG:colcon.colcon_core.shell:Skip shell extension 'dsv' for command environment
[4.925s] INFO:colcon.colcon_core.task.python.build:Building Python package in '/home/hrs2025/20260121/src/ainex_controller'
[4.926s] INFO:colcon.colcon_core.shell:Skip shell extension 'powershell' for command environment: Not usable outside of PowerShell
[4.926s] DEBUG:colcon.colcon_core.shell:Skip shell extension 'dsv' for command environment
[5.600s] DEBUG:colcon.colcon_core.event_handler.log_command:Invoking command in '/home/hrs2025/20260121/build/ainex_controller': AMENT_PREFIX_PATH=/home/hrs2025/20260121/install/ainex_social_robot:/home/hrs2025/20260121/install/ainex_motion:/home/hrs2025/20260121/install/ainex_vision:/home/hrs2025/20260121/install/ainex_controller:/home/hrs2025/20260121/install/servo_service:/home/hrs2025/20260121/install/ainex_description:/home/hrs2025/backup/20260121/install/ainex_controller:/home/hrs2025/backup/20260121/install/ainex_social_robot:/home/hrs2025/backup/20260121/install/ainex_motion:/home/hrs2025/backup/20260121/install/servo_service:/home/hrs2025/backup/20260121/install/ainex_vision:/home/hrs2025/backup/20260121/install/ainex_description:/home/hrs2025/Workspace/install/ainex_controller:/home/hrs2025/Workspace/install/ainex_social_robot:/home/hrs2025/Workspace/install/ainex_motion:/home/hrs2025/Workspace/install/servo_service:/home/hrs2025/Workspace/install/ainex_vision:/home/hrs2025/Workspace/install/ainex_description:/opt/ros/jazzy DEBUGINFOD_URLS=https://debuginfod.ubuntu.com PYTHONPATH=/home/hrs2025/20260121/build/ainex_controller/prefix_override:/usr/lib/python3/dist-packages/colcon_core/task/python/colcon_distutils_commands:/home/hrs2025/20260121/install/ainex_controller/lib/python3.12/site-packages:/home/hrs2025/20260121/build/ainex_social_robot:/home/hrs2025/20260121/install/ainex_social_robot/lib/python3.12/site-packages:/home/hrs2025/20260121/build/ainex_motion:/home/hrs2025/20260121/install/ainex_motion/lib/python3.12/site-packages:/home/hrs2025/20260121/install/servo_service/lib/python3.12/site-packages:/home/hrs2025/20260121/build/ainex_vision:/home/hrs2025/20260121/install/ainex_vision/lib/python3.12/site-packages:/home/hrs2025/20260121/build/ainex_controller:/home/hrs2025/20260121/install/ainex_controller/lib/python3.12/site-packages:/home/hrs2025/backup/20260121/install/ainex_controller/lib/python3.12/site-packages:/home/hrs2025/backup/20260121/install/ainex_social_robot/lib/python3.12/site-packages:/home/hrs2025/backup/20260121/install/ainex_motion/lib/python3.12/site-packages:/home/hrs2025/backup/20260121/install/servo_service/lib/python3.12/site-packages:/home/hrs2025/backup/20260121/install/ainex_vision/lib/python3.12/site-packages:/home/hrs2025/Workspace/build/ainex_controller:/home/hrs2025/Workspace/install/ainex_controller/lib/python3.12/site-packages:/home/hrs2025/Workspace/build/ainex_social_robot:/home/hrs2025/Workspace/install/ainex_social_robot/lib/python3.12/site-packages:/home/hrs2025/Workspace/build/ainex_motion:/home/hrs2025/Workspace/install/ainex_motion/lib/python3.12/site-packages:/home/hrs2025/Workspace/install/servo_service/lib/python3.12/site-packages:/home/hrs2025/Workspace/build/ainex_vision:/home/hrs2025/Workspace/install/ainex_vision/lib/python3.12/site-packages:/opt/openrobots/lib/python3.12/site-packages:/opt/ros/jazzy/lib/python3.12/site-packages:/home/hrs2025/my_venv/lib/python3.12/site-packages /usr/bin/python3 -W ignore:setup.py install is deprecated -W ignore:easy_install command is deprecated setup.py develop --editable --build-directory /home/hrs2025/20260121/build/ainex_controller/build --no-deps symlink_data
[6.347s] Level 1:colcon.colcon_core.shell:create_environment_hook('ainex_controller', 'pythonpath_develop')
[6.347s] INFO:colcon.colcon_core.shell:Creating environment hook '/home/hrs2025/20260121/build/ainex_controller/share/ainex_controller/hook/pythonpath_develop.ps1'
[6.348s] DEBUG:colcon.colcon_core.event_handler.log_command:Invoked command in '/home/hrs2025/20260121/build/ainex_controller' returned '0': AMENT_PREFIX_PATH=/home/hrs2025/20260121/install/ainex_social_robot:/home/hrs2025/20260121/install/ainex_motion:/home/hrs2025/20260121/install/ainex_vision:/home/hrs2025/20260121/install/ainex_controller:/home/hrs2025/20260121/install/servo_service:/home/hrs2025/20260121/install/ainex_description:/home/hrs2025/backup/20260121/install/ainex_controller:/home/hrs2025/backup/20260121/install/ainex_social_robot:/home/hrs2025/backup/20260121/install/ainex_motion:/home/hrs2025/backup/20260121/install/servo_service:/home/hrs2025/backup/20260121/install/ainex_vision:/home/hrs2025/backup/20260121/install/ainex_description:/home/hrs2025/Workspace/install/ainex_controller:/home/hrs2025/Workspace/install/ainex_social_robot:/home/hrs2025/Workspace/install/ainex_motion:/home/hrs2025/Workspace/install/servo_service:/home/hrs2025/Workspace/install/ainex_vision:/home/hrs2025/Workspace/install/ainex_description:/opt/ros/jazzy DEBUGINFOD_URLS=https://debuginfod.ubuntu.com PYTHONPATH=/home/hrs2025/20260121/build/ainex_controller/prefix_override:/usr/lib/python3/dist-packages/colcon_core/task/python/colcon_distutils_commands:/home/hrs2025/20260121/install/ainex_controller/lib/python3.12/site-packages:/home/hrs2025/20260121/build/ainex_social_robot:/home/hrs2025/20260121/install/ainex_social_robot/lib/python3.12/site-packages:/home/hrs2025/20260121/build/ainex_motion:/home/hrs2025/20260121/install/ainex_motion/lib/python3.12/site-packages:/home/hrs2025/20260121/install/servo_service/lib/python3.12/site-packages:/home/hrs2025/20260121/build/ainex_vision:/home/hrs2025/20260121/install/ainex_vision/lib/python3.12/site-packages:/home/hrs2025/20260121/build/ainex_controller:/home/hrs2025/20260121/install/ainex_controller/lib/python3.12/site-packages:/home/hrs2025/backup/20260121/install/ainex_controller/lib/python3.12/site-packages:/home/hrs2025/backup/20260121/install/ainex_social_robot/lib/python3.12/site-packages:/home/hrs2025/backup/20260121/install/ainex_motion/lib/python3.12/site-packages:/home/hrs2025/backup/20260121/install/servo_service/lib/python3.12/site-packages:/home/hrs2025/backup/20260121/install/ainex_vision/lib/python3.12/site-packages:/home/hrs2025/Workspace/build/ainex_controller:/home/hrs2025/Workspace/install/ainex_controller/lib/python3.12/site-packages:/home/hrs2025/Workspace/build/ainex_social_robot:/home/hrs2025/Workspace/install/ainex_social_robot/lib/python3.12/site-packages:/home/hrs2025/Workspace/build/ainex_motion:/home/hrs2025/Workspace/install/ainex_motion/lib/python3.12/site-packages:/home/hrs2025/Workspace/install/servo_service/lib/python3.12/site-packages:/home/hrs2025/Workspace/build/ainex_vision:/home/hrs2025/Workspace/install/ainex_vision/lib/python3.12/site-packages:/opt/openrobots/lib/python3.12/site-packages:/opt/ros/jazzy/lib/python3.12/site-packages:/home/hrs2025/my_venv/lib/python3.12/site-packages /usr/bin/python3 -W ignore:setup.py install is deprecated -W ignore:easy_install command is deprecated setup.py develop --editable --build-directory /home/hrs2025/20260121/build/ainex_controller/build --no-deps symlink_data
[6.348s] INFO:colcon.colcon_core.shell:Creating environment descriptor '/home/hrs2025/20260121/build/ainex_controller/share/ainex_controller/hook/pythonpath_develop.dsv'
[6.348s] INFO:colcon.colcon_core.shell:Creating environment hook '/home/hrs2025/20260121/build/ainex_controller/share/ainex_controller/hook/pythonpath_develop.sh'
[6.349s] Level 1:colcon.colcon_core.environment:checking '/home/hrs2025/20260121/install/ainex_controller' for CMake module files
[6.349s] Level 1:colcon.colcon_core.environment:checking '/home/hrs2025/20260121/install/ainex_controller' for CMake config files
[6.350s] Level 1:colcon.colcon_core.environment:checking '/home/hrs2025/20260121/install/ainex_controller/lib'
[6.350s] Level 1:colcon.colcon_core.environment:checking '/home/hrs2025/20260121/install/ainex_controller/bin'
[6.350s] Level 1:colcon.colcon_core.environment:checking '/home/hrs2025/20260121/install/ainex_controller/lib/pkgconfig/ainex_controller.pc'
[6.350s] Level 1:colcon.colcon_core.environment:checking '/home/hrs2025/20260121/install/ainex_controller/lib/python3.12/site-packages'
[6.350s] Level 1:colcon.colcon_core.shell:create_environment_hook('ainex_controller', 'pythonpath')
[6.350s] INFO:colcon.colcon_core.shell:Creating environment hook '/home/hrs2025/20260121/install/ainex_controller/share/ainex_controller/hook/pythonpath.ps1'
[6.351s] INFO:colcon.colcon_core.shell:Creating environment descriptor '/home/hrs2025/20260121/install/ainex_controller/share/ainex_controller/hook/pythonpath.dsv'
[6.351s] INFO:colcon.colcon_core.shell:Creating environment hook '/home/hrs2025/20260121/install/ainex_controller/share/ainex_controller/hook/pythonpath.sh'
[6.352s] Level 1:colcon.colcon_core.environment:checking '/home/hrs2025/20260121/install/ainex_controller/bin'
[6.352s] Level 1:colcon.colcon_core.environment:create_environment_scripts_only(ainex_controller)
[6.352s] INFO:colcon.colcon_core.shell:Creating package script '/home/hrs2025/20260121/install/ainex_controller/share/ainex_controller/package.ps1'
[6.352s] INFO:colcon.colcon_core.shell:Creating package descriptor '/home/hrs2025/20260121/install/ainex_controller/share/ainex_controller/package.dsv'
[6.353s] INFO:colcon.colcon_core.shell:Creating package script '/home/hrs2025/20260121/install/ainex_controller/share/ainex_controller/package.sh'
[6.353s] INFO:colcon.colcon_core.shell:Creating package script '/home/hrs2025/20260121/install/ainex_controller/share/ainex_controller/package.bash'
[6.354s] INFO:colcon.colcon_core.shell:Creating package script '/home/hrs2025/20260121/install/ainex_controller/share/ainex_controller/package.zsh'
[6.354s] Level 1:colcon.colcon_core.environment:create_file_with_runtime_dependencies(/home/hrs2025/20260121/install/ainex_controller/share/colcon-core/packages/ainex_controller)
[6.354s] DEBUG:colcon.colcon_parallel_executor.executor.parallel:closing loop
[6.354s] DEBUG:colcon.colcon_parallel_executor.executor.parallel:loop closed
[6.355s] DEBUG:colcon.colcon_parallel_executor.executor.parallel:run_until_complete finished with '0'
[6.355s] DEBUG:colcon.colcon_core.event_reactor:joining thread
[6.361s] INFO:colcon.colcon_core.plugin_system:Skipping extension 'colcon_notification.desktop_notification.terminal_notifier': Not used on non-Darwin systems
[6.361s] INFO:colcon.colcon_core.plugin_system:Skipping extension 'colcon_notification.desktop_notification.win32': Not used on non-Windows systems
[6.361s] INFO:colcon.colcon_notification.desktop_notification:Sending desktop notification using 'notify2'
[6.388s] DEBUG:colcon.colcon_core.event_reactor:joined thread
[6.388s] INFO:colcon.colcon_core.shell:Creating prefix script '/home/hrs2025/20260121/install/local_setup.ps1'
[6.389s] INFO:colcon.colcon_core.shell:Creating prefix util module '/home/hrs2025/20260121/install/_local_setup_util_ps1.py'
[6.390s] INFO:colcon.colcon_core.shell:Creating prefix chain script '/home/hrs2025/20260121/install/setup.ps1'
[6.392s] INFO:colcon.colcon_core.shell:Creating prefix script '/home/hrs2025/20260121/install/local_setup.sh'
[6.392s] INFO:colcon.colcon_core.shell:Creating prefix util module '/home/hrs2025/20260121/install/_local_setup_util_sh.py'
[6.393s] INFO:colcon.colcon_core.shell:Creating prefix chain script '/home/hrs2025/20260121/install/setup.sh'
[6.395s] INFO:colcon.colcon_core.shell:Creating prefix script '/home/hrs2025/20260121/install/local_setup.bash'
[6.395s] INFO:colcon.colcon_core.shell:Creating prefix chain script '/home/hrs2025/20260121/install/setup.bash'
[6.397s] INFO:colcon.colcon_core.shell:Creating prefix script '/home/hrs2025/20260121/install/local_setup.zsh'
[6.397s] INFO:colcon.colcon_core.shell:Creating prefix chain script '/home/hrs2025/20260121/install/setup.zsh'
