[1.240s] Invoking command in '/home/hrs2025/20260121/build/ainex_motion': DEBUGINFOD_URLS=https://debuginfod.ubuntu.com PYTHONPATH=/home/hrs2025/20260121/build/ainex_motion/prefix_override:/usr/lib/python3/dist-packages/colcon_core/task/python/colcon_distutils_commands:/home/hrs2025/20260121/install/ainex_motion/lib/python3.12/site-packages:/home/hrs2025/20260121/install/servo_service/lib/python3.12/site-packages:/home/hrs2025/20260121/build/ainex_controller:/home/hrs2025/20260121/install/ainex_controller/lib/python3.12/site-packages:/home/hrs2025/20260121/build/ainex_social_robot:/home/hrs2025/20260121/install/ainex_social_robot/lib/python3.12/site-packages:/home/hrs2025/20260121/build/ainex_motion:/home/hrs2025/20260121/install/ainex_motion/lib/python3.12/site-packages:/home/hrs2025/20260121/build/ainex_vision:/home/hrs2025/20260121/install/ainex_vision/lib/python3.12/site-packages:/home/hrs2025/backup/20260121/install/ainex_controller/lib/python3.12/site-packages:/home/hrs2025/backup/20260121/install/ainex_social_robot/lib/python3.12/site-packages:/home/hrs2025/backup/20260121/install/ainex_motion/lib/python3.12/site-packages:/home/hrs2025/backup/20260121/install/servo_service/lib/python3.12/site-packages:/home/hrs2025/backup/20260121/install/ainex_vision/lib/python3.12/site-packages:/home/hrs2025/Workspace/build/ainex_controller:/home/hrs2025/Workspace/install/ainex_controller/lib/python3.12/site-packages:/home/hrs2025/Workspace/build/ainex_social_robot:/home/hrs2025/Workspace/install/ainex_social_robot/lib/python3.12/site-packages:/home/hrs2025/Workspace/build/ainex_motion:/home/hrs2025/Workspace/install/ainex_motion/lib/python3.12/site-packages:/home/hrs2025/Workspace/install/servo_service/lib/python3.12/site-packages:/home/hrs2025/Workspace/build/ainex_vision:/home/hrs2025/Workspace/install/ainex_vision/lib/python3.12/site-packages:/opt/openrobots/lib/python3.12/site-packages:/opt/ros/jazzy/lib/python3.12/site-packages:/home/hrs2025/my_venv/lib/python3.12/site-packages /usr/bin/python3 -W ignore:setup.py install is deprecated -W ignore:easy_install command is deprecated setup.py develop --editable --build-directory /home/hrs2025/20260121/build/ainex_motion/build --no-deps symlink_data
[1.767s] running develop
[2.057s] running egg_info
[2.080s] writing ainex_motion.egg-info/PKG-INFO
[2.081s] writing dependency_links to ainex_motion.egg-info/dependency_links.txt
[2.081s] writing entry points to ainex_motion.egg-info/entry_points.txt
[2.081s] writing requirements to ainex_motion.egg-info/requires.txt
[2.081s] writing top-level names to ainex_motion.egg-info/top_level.txt
[2.128s] reading manifest file 'ainex_motion.egg-info/SOURCES.txt'
[2.129s] writing manifest file 'ainex_motion.egg-info/SOURCES.txt'
[2.153s] running build_ext
[2.153s] Creating /home/hrs2025/20260121/install/ainex_motion/lib/python3.12/site-packages/ainex-motion.egg-link (link to .)
[2.154s] Installing aruco_follower_node script to /home/hrs2025/20260121/install/ainex_motion/lib/ainex_motion
[2.154s] Installing joint_controller script to /home/hrs2025/20260121/install/ainex_motion/lib/ainex_motion
[2.155s] Installing joint_visualization_node script to /home/hrs2025/20260121/install/ainex_motion/lib/ainex_motion
[2.155s] Installing walking_keyboard_node script to /home/hrs2025/20260121/install/ainex_motion/lib/ainex_motion
[2.155s] 
[2.155s] Installed /home/hrs2025/20260121/build/ainex_motion
[2.155s] running symlink_data
[2.183s] Invoked command in '/home/hrs2025/20260121/build/ainex_motion' returned '0': DEBUGINFOD_URLS=https://debuginfod.ubuntu.com PYTHONPATH=/home/hrs2025/20260121/build/ainex_motion/prefix_override:/usr/lib/python3/dist-packages/colcon_core/task/python/colcon_distutils_commands:/home/hrs2025/20260121/install/ainex_motion/lib/python3.12/site-packages:/home/hrs2025/20260121/install/servo_service/lib/python3.12/site-packages:/home/hrs2025/20260121/build/ainex_controller:/home/hrs2025/20260121/install/ainex_controller/lib/python3.12/site-packages:/home/hrs2025/20260121/build/ainex_social_robot:/home/hrs2025/20260121/install/ainex_social_robot/lib/python3.12/site-packages:/home/hrs2025/20260121/build/ainex_motion:/home/hrs2025/20260121/install/ainex_motion/lib/python3.12/site-packages:/home/hrs2025/20260121/build/ainex_vision:/home/hrs2025/20260121/install/ainex_vision/lib/python3.12/site-packages:/home/hrs2025/backup/20260121/install/ainex_controller/lib/python3.12/site-packages:/home/hrs2025/backup/20260121/install/ainex_social_robot/lib/python3.12/site-packages:/home/hrs2025/backup/20260121/install/ainex_motion/lib/python3.12/site-packages:/home/hrs2025/backup/20260121/install/servo_service/lib/python3.12/site-packages:/home/hrs2025/backup/20260121/install/ainex_vision/lib/python3.12/site-packages:/home/hrs2025/Workspace/build/ainex_controller:/home/hrs2025/Workspace/install/ainex_controller/lib/python3.12/site-packages:/home/hrs2025/Workspace/build/ainex_social_robot:/home/hrs2025/Workspace/install/ainex_social_robot/lib/python3.12/site-packages:/home/hrs2025/Workspace/build/ainex_motion:/home/hrs2025/Workspace/install/ainex_motion/lib/python3.12/site-packages:/home/hrs2025/Workspace/install/servo_service/lib/python3.12/site-packages:/home/hrs2025/Workspace/build/ainex_vision:/home/hrs2025/Workspace/install/ainex_vision/lib/python3.12/site-packages:/opt/openrobots/lib/python3.12/site-packages:/opt/ros/jazzy/lib/python3.12/site-packages:/home/hrs2025/my_venv/lib/python3.12/site-packages /usr/bin/python3 -W ignore:setup.py install is deprecated -W ignore:easy_install command is deprecated setup.py develop --editable --build-directory /home/hrs2025/20260121/build/ainex_motion/build --no-deps symlink_data
