[1.065s] Invoking command in '/home/hrs2025/Workspace/src/build/ainex_vision': DEBUGINFOD_URLS=https://debuginfod.ubuntu.com PYTHONPATH=/home/hrs2025/Workspace/src/build/ainex_vision/prefix_override:/usr/lib/python3/dist-packages/colcon_core/task/python/colcon_distutils_commands:/home/hrs2025/Workspace/src/install/ainex_vision/lib/python3.12/site-packages:${PYTHONPATH} /usr/bin/python3 -W ignore:setup.py install is deprecated -W ignore:easy_install command is deprecated setup.py develop --editable --build-directory /home/hrs2025/Workspace/src/build/ainex_vision/build --no-deps symlink_data
[1.432s] running develop
[1.680s] running egg_info
[1.705s] writing ainex_vision.egg-info/PKG-INFO
[1.705s] writing dependency_links to ainex_vision.egg-info/dependency_links.txt
[1.705s] writing entry points to ainex_vision.egg-info/entry_points.txt
[1.705s] writing requirements to ainex_vision.egg-info/requires.txt
[1.705s] writing top-level names to ainex_vision.egg-info/top_level.txt
[1.752s] reading manifest file 'ainex_vision.egg-info/SOURCES.txt'
[1.752s] writing manifest file 'ainex_vision.egg-info/SOURCES.txt'
[1.776s] running build_ext
[1.776s] Creating /home/hrs2025/Workspace/src/install/ainex_vision/lib/python3.12/site-packages/ainex-vision.egg-link (link to .)
[1.777s] Installing aruco_detector script to /home/hrs2025/Workspace/src/install/ainex_vision/lib/ainex_vision
[1.777s] Installing calibrate_camera script to /home/hrs2025/Workspace/src/install/ainex_vision/lib/ainex_vision
[1.777s] Installing calibration script to /home/hrs2025/Workspace/src/install/ainex_vision/lib/ainex_vision
[1.778s] Installing camera_sub script to /home/hrs2025/Workspace/src/install/ainex_vision/lib/ainex_vision
[1.778s] Installing face_detection_node script to /home/hrs2025/Workspace/src/install/ainex_vision/lib/ainex_vision
[1.778s] Installing tutorial_2 script to /home/hrs2025/Workspace/src/install/ainex_vision/lib/ainex_vision
[1.778s] Installing tutorial_3 script to /home/hrs2025/Workspace/src/install/ainex_vision/lib/ainex_vision
[1.778s] Installing tutorial_4 script to /home/hrs2025/Workspace/src/install/ainex_vision/lib/ainex_vision
[1.778s] Installing undistort_node script to /home/hrs2025/Workspace/src/install/ainex_vision/lib/ainex_vision
[1.779s] 
[1.779s] Installed /home/hrs2025/Workspace/src/build/ainex_vision
[1.779s] running symlink_data
[1.811s] Invoked command in '/home/hrs2025/Workspace/src/build/ainex_vision' returned '0': DEBUGINFOD_URLS=https://debuginfod.ubuntu.com PYTHONPATH=/home/hrs2025/Workspace/src/build/ainex_vision/prefix_override:/usr/lib/python3/dist-packages/colcon_core/task/python/colcon_distutils_commands:/home/hrs2025/Workspace/src/install/ainex_vision/lib/python3.12/site-packages:${PYTHONPATH} /usr/bin/python3 -W ignore:setup.py install is deprecated -W ignore:easy_install command is deprecated setup.py develop --editable --build-directory /home/hrs2025/Workspace/src/build/ainex_vision/build --no-deps symlink_data
